Dm_00007095-RA	AT2G16250.1	N/A	56.009	857	337	13	41	892	32	853	0.0	880
Dm_00016349-RA	AT1G10020.1	N/A	45.349	516	187	17	1	482	1	455	7.90e-120	359
Dm_00006887-RA	AT1G33540.1	N/A	44.770	478	221	7	15	486	19	459	1.18e-140	412
Dm_00007897-RA	AT4G14550.1	N/A	48.230	226	68	7	1	182	1	221	4.67e-59	184
Dm_00008809-RA	AT5G18170.1	N/A	87.348	411	52	0	1	411	1	411	0.0	761
Dm_00008420-RA	AT3G57830.1	N/A	58.706	649	241	13	23	657	25	660	0.0	705
Dm_00015104-RA	AT3G14470.1	N/A	30.638	940	554	28	36	932	40	924	7.36e-110	365
Dm_00019600-RA	AT4G23160.1	N/A	46.596	661	313	14	49	703	56	682	0.0	567
Dm_00019581-RA	AT5G47870.1	N/A	74.483	145	26	2	71	204	55	199	5.36e-73	219
Dm_00010043-RA	AT4G09750.1	N/A	72.000	325	86	1	89	413	1	320	0.0	508
Dm_00011431-RA	AT3G05680.1	N/A	59.400	500	183	5	49	529	682	1180	5.92e-176	580
Dm_00002759-RA	AT5G66920.1	N/A	68.946	541	144	1	22	562	30	546	0.0	798
Dm_00018179-RA	AT3G03690.1	N/A	74.667	300	67	4	64	360	54	347	2.66e-161	459
Dm_00018071-RA	AT3G08820.1	N/A	34.690	565	341	10	23	579	29	573	1.02e-111	352
Dm_00002620-RA	AT3G57660.2	N/A	48.953	1720	772	28	1	1692	1	1642	0.0	1555
Dm_00002777-RA	AT1G68360.1	N/A	38.783	263	108	11	1	231	1	242	3.12e-33	120
Dm_00007921-RA	AT4G33640.1	N/A	78.205	78	17	0	1	78	1	78	5.74e-41	130
Dm_00012381-RA	AT5G46910.1	N/A	58.420	772	258	16	13	763	2	731	0.0	848
Dm_00021056-RA	AT5G46800.1	N/A	74.333	300	71	2	1	294	1	300	1.46e-161	451
Dm_00009028-RA	AT1G65230.1	N/A	67.323	254	77	3	16	269	39	286	3.38e-124	355
Dm_00020951-RA	AT3G20770.1	N/A	60.364	550	182	14	1	546	2	519	0.0	604
Dm_00017591-RA	AT1G29690.1	N/A	65.841	565	179	5	25	588	10	561	0.0	760
Dm_00005014-RA	AT3G51130.1	N/A	81.186	388	70	1	2	389	11	395	0.0	677
Dm_00010003-RA	AT5G21170.1	N/A	54.783	230	87	3	42	268	66	281	5.77e-89	266
Dm_00013849-RA	AT5G01520.1	N/A	40.217	276	125	2	74	349	2	237	2.07e-68	215
Dm_00003237-RA	AT2G46510.1	N/A	40.480	583	230	17	5	514	6	544	7.98e-116	353
Dm_00016461-RA	AT2G44060.2	N/A	71.975	314	74	1	13	312	3	316	7.75e-163	457
Dm_00015468-RA	AT2G39210.1	N/A	66.607	563	177	4	14	572	10	565	0.0	762
Dm_00014261-RA	AT5G48340.1	N/A	46.199	513	255	7	37	538	1	503	1.43e-141	419
Dm_00013957-RA	AT5G65730.1	N/A	65.517	290	86	1	11	300	15	290	9.26e-148	417
Dm_00015132-RA	AT5G13570.1	N/A	58.871	372	96	4	4	318	2	373	9.24e-155	438
Dm_00008528-RA	AT4G16430.1	N/A	43.849	504	240	13	1	498	1	467	1.60e-130	387
Dm_00010659-RA	AT1G11700.1	N/A	45.690	232	84	10	1	221	1	201	3.63e-37	129
Dm_00010959-RA	AT1G16080.1	N/A	83.268	257	43	0	64	320	56	312	1.25e-163	458
Dm_00006483-RA	AT1G52590.1	N/A	61.688	154	18	1	8	161	60	172	1.38e-59	182
Dm_00012187-RA	AT3G21420.1	N/A	66.391	363	119	3	1	361	1	362	0.0	509
Dm_00018933-RA	AT5G10460.1	N/A	68.874	302	93	1	14	315	6	306	1.14e-157	442
Dm_00013860-RA	AT2G14750.1	N/A	81.679	131	23	1	25	155	111	240	5.38e-74	223
Dm_00016184-RA	AT5G47070.1	N/A	63.231	359	124	5	7	364	23	374	1.28e-154	441
Dm_00009477-RA	AT5G59700.1	N/A	52.415	828	322	17	68	850	27	827	0.0	775
Dm_00010742-RA	AT1G23870.1	N/A	67.460	882	265	4	1	876	1	866	0.0	1244
Dm_00011220-RA	AT4G04920.3	N/A	71.919	1136	274	15	25	1136	106	1220	0.0	1565
Dm_00017407-RA	AT5G62150.1	N/A	76.786	56	13	0	90	145	40	95	1.12e-29	104
Dm_00003543-RA	AT1G58230.2	N/A	62.447	2378	822	19	2	2359	278	2604	0.0	3015
Dm_00003312-RA	AT1G25450.1	N/A	56.795	493	207	4	12	503	5	492	0.0	598
Dm_00020511-RA	AT1G67580.1	N/A	59.898	788	262	15	1	770	1	752	0.0	829
Dm_00020562-RA	AT3G47430.1	N/A	67.686	229	59	4	3	221	4	227	6.35e-100	290
Dm_00016887-RA	AT2G42310.1	N/A	75.410	61	12	1	28	85	54	114	7.79e-28	97.4
Dm_00012251-RA	AT5G50100.1	N/A	64.088	181	57	3	56	235	41	214	1.59e-82	245
Dm_00012350-RA	AT4G26790.2	N/A	66.163	331	112	0	21	351	20	350	2.49e-168	473
Dm_00016246-RA	AT2G42010.2	N/A	64.621	1108	269	19	82	1137	72	1108	0.0	1367
Dm_00010126-RA	AT5G40780.1	N/A	81.364	440	80	1	3	440	7	446	0.0	752
Dm_00008480-RA	AT3G13340.2	N/A	66.416	399	132	2	55	452	50	447	0.0	577
Dm_00008555-RA	AT1G22380.1	N/A	55.208	480	202	7	15	491	13	482	0.0	547
Dm_00006351-RA	AT3G44190.1	N/A	61.944	360	135	2	7	366	8	365	8.23e-161	455
Dm_00003627-RA	AT5G08050.1	N/A	73.228	127	33	1	17	142	30	156	2.27e-49	155
Dm_00003258-RA	AT5G07290.1	N/A	56.563	320	116	5	389	702	561	863	1.62e-103	339
Dm_00003264-RA	AT5G61820.2	N/A	55.504	427	163	7	18	431	9	421	6.15e-165	474
Dm_00014187-RA	AT2G40000.1	N/A	51.168	471	189	6	1	468	1	433	2.59e-161	464
Dm_00014543-RA	AT5G03040.2	N/A	37.121	528	224	14	1	513	1	435	2.02e-79	256
Dm_00012498-RA	AT5G61960.9	N/A	45.660	887	362	27	66	933	73	858	0.0	566
Dm_00003178-RA	AT1G69260.1	N/A	38.987	395	147	10	42	416	19	339	2.96e-63	207
Dm_00002904-RA	AT1G61210.1	N/A	73.750	160	41	1	4	163	9	167	6.65e-77	265
Dm_00013120-RA	AT1G73650.3	N/A	70.405	321	66	1	1	321	1	292	1.69e-153	432
Dm_00013263-RA	AT2G35140.1	N/A	63.014	146	52	2	8	151	12	157	6.66e-50	191
Dm_00005149-RA	AT3G62550.1	N/A	54.730	148	49	3	3	150	5	134	6.49e-47	150
Dm_00013710-RA	AT2G14825.1	N/A	50.980	153	41	2	36	188	28	146	2.37e-48	155
Dm_00006863-RA	AT1G54130.1	N/A	62.450	743	216	16	7	728	15	715	0.0	834
Dm_00018910-RA	AT5G43860.1	N/A	53.526	312	137	3	9	313	5	315	9.12e-116	337
Dm_00014456-RA	AT3G07220.1	N/A	63.288	365	76	5	1	352	1	320	5.99e-149	423
Dm_00002855-RA	AT1G70140.1	N/A	51.008	496	202	10	368	862	292	747	4.14e-161	489
Dm_00009812-RA	AT4G14040.1	N/A	74.194	310	79	1	6	315	2	310	2.15e-178	502
Dm_00015874-RA	AT2G45720.2	N/A	56.441	590	216	14	1	586	1	553	0.0	621
Dm_00000832-RA	AT3G20600.1	N/A	35.961	203	120	4	6	208	2	194	1.94e-37	130
Dm_00000603-RA	AT5G47910.1	N/A	61.356	929	320	16	16	930	18	921	0.0	1164
Dm_00004330-RA	AT2G21530.1	N/A	61.739	115	44	0	80	194	85	199	1.25e-47	156
Dm_00003552-RA	AT1G08800.3	N/A	42.258	310	138	8	541	847	771	1042	1.92e-52	200
Dm_00003557-RA	AT5G28650.1	N/A	48.286	350	141	13	14	351	4	325	1.46e-79	248
Dm_00004413-RA	AT1G71010.1	N/A	54.101	1146	421	23	1	1102	564	1648	0.0	1116
Dm_00001234-RA	AT1G20190.1	N/A	76.050	238	56	1	227	464	16	252	3.51e-136	392
Dm_00001247-RA	AT2G47730.1	N/A	48.585	212	106	2	7	218	54	262	5.31e-66	205
Dm_00000623-RA	AT1G15520.1	N/A	67.336	1445	448	3	1	1443	1	1423	0.0	2081
Dm_00015419-RA	AT5G41760.2	N/A	38.095	252	145	4	27	269	18	267	4.48e-45	155
Dm_00015134-RA	AT4G02280.1	N/A	82.099	486	86	1	1	485	78	563	0.0	845
Dm_00001629-RA	AT4G25800.2	N/A	29.593	713	349	17	3	685	1	590	5.14e-78	261
Dm_00004972-RA	AT5G42400.8	N/A	61.639	305	80	6	1021	1317	1107	1382	8.46e-102	357
Dm_00003585-RA	AT2G05160.3	N/A	52.103	428	166	13	1	422	1	395	6.19e-133	395
Dm_00003591-RA	AT4G26670.1	N/A	61.856	194	62	3	13	198	17	206	8.93e-75	224
Dm_00002159-RA	AT5G54830.1	N/A	61.591	880	321	9	1	877	42	907	0.0	1107
Dm_00001819-RA	AT3G17100.1	N/A	46.203	158	79	3	39	190	49	206	2.44e-34	122
Dm_00008277-RA	AT3G47710.1	N/A	81.132	53	10	0	11	63	39	91	3.92e-24	86.3
Dm_00014513-RA	AT1G64390.1	N/A	73.058	605	140	2	20	603	17	619	0.0	929
Dm_00010528-RA	AT5G04930.1	N/A	67.931	1160	335	6	67	1226	14	1136	0.0	1640
Dm_00001498-RA	AT5G56240.2	N/A	33.777	376	195	13	85	445	37	373	1.03e-36	151
Dm_00001919-RA	AT5G28740.1	N/A	72.235	886	225	7	3	868	7	891	0.0	1301
Dm_00001602-RA	AT1G15080.1	N/A	68.836	292	84	2	1	287	1	290	3.17e-145	411
Dm_00010333-RA	AT5G45340.1	N/A	70.551	472	114	5	3	464	6	462	0.0	684
Dm_00010382-RA	AT2G36830.1	N/A	80.478	251	49	0	1	251	1	251	2.75e-148	414
Dm_00011123-RA	AT4G35230.1	N/A	87.281	456	56	1	49	504	55	508	0.0	848
Dm_00017167-RA	AT2G33490.3	N/A	44.729	664	263	22	1	621	1	603	4.15e-146	437
Dm_00017526-RA	AT5G09360.1	N/A	47.648	489	241	8	4	489	93	569	1.61e-167	486
Dm_00016865-RA	AT3G22370.1	N/A	79.343	213	37	1	34	239	142	354	3.51e-124	356
Dm_00001309-RA	AT3G19830.4	N/A	59.885	693	212	13	58	725	42	693	0.0	742
Dm_00008636-RA	AT5G06860.1	N/A	58.333	312	125	4	25	334	21	329	3.73e-120	349
Dm_00009478-RA	AT2G37980.1	N/A	76.906	446	99	3	22	465	195	638	0.0	725
Dm_00004299-RA	AT5G24740.5	N/A	35.385	1495	864	25	92	1544	842	2276	0.0	805
Dm_00005048-RA	AT1G15520.1	N/A	69.959	1448	405	7	4	1448	3	1423	0.0	2146
Dm_00003477-RA	AT4G34760.1	N/A	71.963	107	27	2	1	107	1	104	1.02e-52	161
Dm_00001759-RA	AT1G05070.1	N/A	58.152	184	62	2	12	187	6	182	6.80e-71	213
Dm_00007196-RA	AT1G32470.1	N/A	64.737	190	43	1	16	205	1	166	3.81e-79	234
Dm_00008686-RA	AT5G26742.3	N/A	66.102	118	36	1	104	221	31	144	2.72e-39	145
Dm_00007652-RA	AT1G34320.1	N/A	64.444	675	208	12	1	661	1	657	0.0	847
Dm_00011711-RA	AT4G09980.1	N/A	56.398	805	233	17	499	1250	175	914	0.0	756
Dm_00001587-RA	AT3G08860.2	N/A	77.354	446	101	0	37	482	23	468	0.0	744
Dm_00017488-RA	AT1G22150.4	N/A	69.243	634	195	0	30	663	22	655	0.0	867
Dm_00012786-RA	AT5G25390.2	N/A	51.174	213	73	3	2	214	1	182	3.71e-69	210
Dm_00013980-RA	AT3G46510.1	N/A	60.610	688	225	5	1	683	1	647	0.0	810
Dm_00005879-RA	AT1G15960.1	N/A	71.023	528	113	4	1	528	32	519	0.0	743
Dm_00009307-RA	AT1G64280.1	N/A	48.542	583	262	9	5	576	8	563	0.0	539
Dm_00008368-RA	AT4G13710.1	N/A	78.820	373	79	0	14	386	98	470	0.0	651
Dm_00010905-RA	AT4G03250.1	N/A	50.385	260	105	2	71	325	3	243	2.07e-68	235
Dm_00001330-RA	AT2G30970.2	N/A	81.010	416	69	1	19	434	25	430	0.0	731
Dm_00002000-RA	AT2G02960.4	N/A	76.471	221	45	4	49	266	33	249	2.04e-105	311
Dm_00018865-RA	AT5G41761.1	N/A	56.579	76	33	0	5	80	21	96	1.21e-28	99.4
Dm_00018651-RA	AT5G19820.1	N/A	77.538	1064	238	1	1	1063	1	1064	0.0	1703
Dm_00001157-RA	AT3G50700.1	N/A	46.016	502	199	14	9	501	2	440	9.70e-121	362
Dm_00000737-RA	AT4G25910.1	N/A	69.524	210	61	3	34	241	28	236	7.07e-93	273
Dm_00000756-RA	AT3G13080.1	N/A	66.779	1490	474	11	29	1505	31	1512	0.0	1971
Dm_00001366-RA	AT1G30755.1	N/A	49.515	618	268	14	1	606	1	586	0.0	529
Dm_00001873-RA	AT5G63770.2	N/A	68.247	696	215	5	22	716	22	712	0.0	986
Dm_00018264-RA	AT2G30540.1	N/A	66.667	99	33	0	1	99	1	99	9.88e-50	153
Dm_00004567-RA	AT4G00800.1	N/A	51.932	1837	778	27	195	1991	104	1875	0.0	1757
Dm_00008933-RA	AT3G59770.1	N/A	73.869	199	52	0	8	206	7	205	6.93e-99	316
Dm_00006067-RA	AT1G26480.1	N/A	73.191	235	35	3	1	207	29	263	1.42e-119	341
Dm_00008955-RA	AT5G54270.1	N/A	84.791	263	40	0	4	266	3	265	2.91e-169	468
Dm_00001389-RA	AT3G52720.3	N/A	44.841	252	133	4	17	264	16	265	4.46e-71	220
Dm_00018382-RA	AT2G05940.1	N/A	60.836	383	139	4	5	379	4	383	1.54e-164	472
Dm_00003855-RA	AT4G33050.2	N/A	56.396	555	200	8	38	583	2	523	0.0	575
Dm_00004454-RA	AT1G03920.1	N/A	75.319	470	98	2	35	486	58	527	0.0	741
Dm_00003526-RA	AT2G29510.1	N/A	31.068	927	492	27	34	936	36	839	3.99e-82	283
Dm_00004350-RA	AT5G67385.1	N/A	61.646	644	191	11	36	663	1	604	0.0	771
Dm_00004034-RA	AT1G09970.1	N/A	59.938	971	369	9	7	972	1	956	0.0	1116
Dm_00011120-RA	AT4G11270.2	N/A	46.653	1434	630	30	2	1416	59	1376	0.0	1189
Dm_00003242-RA	AT1G60950.1	N/A	61.438	153	48	5	1	148	1	147	1.46e-56	174
Dm_00004725-RA	AT3G23410.1	N/A	60.069	581	221	4	120	691	167	745	0.0	684
Dm_00000296-RA	AT4G24900.1	N/A	43.510	416	162	13	6	351	2	414	3.89e-95	293
Dm_00007689-RA	AT5G60040.1	N/A	60.387	1136	354	13	8	1086	7	1103	0.0	1328
Dm_00007743-RA	AT1G67120.1	N/A	37.895	2470	1206	59	17	2403	3159	5383	0.0	1344
Dm_00007744-RA	AT1G67120.1	N/A	45.273	899	410	15	954	1782	1909	2795	0.0	702
Dm_00000118-RA	AT1G20190.1	N/A	75.949	237	57	0	530	766	16	252	1.30e-132	394
Dm_00000137-RA	AT5G42250.1	N/A	70.725	386	109	3	3	384	4	389	0.0	569
Dm_00007129-RA	AT5G04760.1	N/A	68.391	174	44	3	19	192	5	167	4.14e-73	222
Dm_00006324-RA	AT5G63080.1	N/A	60.000	70	28	0	10	79	3	72	6.87e-26	99.8
Dm_00013393-RA	AT3G14470.1	N/A	30.503	954	547	31	38	956	40	912	3.60e-103	347
Dm_00018080-RA	AT5G67480.1	N/A	61.186	371	134	2	5	375	6	366	1.74e-168	476
Dm_00003948-RA	AT2G27690.1	N/A	60.465	473	168	5	39	502	32	494	0.0	582
Dm_00012969-RA	AT3G59570.3	N/A	49.452	639	237	11	1	578	46	659	0.0	562
Dm_00016470-RA	AT5G62350.1	N/A	46.369	179	93	2	25	200	21	199	8.35e-54	171
Dm_00016891-RA	AT3G12620.1	N/A	71.538	390	94	4	3	391	4	377	0.0	573
Dm_00016567-RA	AT4G09810.1	N/A	69.912	339	87	2	49	387	6	329	2.32e-173	487
Dm_00000816-RA	AT3G22840.1	N/A	70.701	157	39	2	44	197	43	195	7.06e-64	196
Dm_00000810-RA	AT2G36145.1	N/A	66.129	124	39	2	89	211	64	185	1.71e-52	167
Dm_00000925-RA	AT2G32720.1	N/A	72.727	121	33	0	1	121	1	121	4.87e-67	199
Dm_00001118-RA	AT3G07400.1	N/A	58.264	484	167	13	3	471	1	464	4.96e-172	525
Dm_00019713-RA	AT1G04240.1	N/A	55.367	177	62	3	12	188	5	164	1.58e-62	192
