Dm_00007086-RA	sp|P16180.1|	RecName: Full=30S ribosomal protein S17, chloroplastic; AltName: Full=CS17; Flags: Precursor [Arabidopsis thaliana]	65.693	137	38	3	31	162	17	149	1.54e-48	156
Dm_00007085-RA	sp|P22179.1|	RecName: Full=Photosystem I reaction center subunit VI, chloroplastic; Short=PSI-H; AltName: Full=Light-harvesting complex I 11 kDa protein; Flags: Precursor [Spinacia oleracea]	74.324	148	34	1	1	148	1	144	1.26e-74	221
Dm_00006505-RA	sp|Q8VYR0.1|	RecName: Full=Calcium uniporter protein 5, mitochondrial; Flags: Precursor [Arabidopsis thaliana]	55.882	170	62	3	22	185	124	286	4.33e-58	186
Dm_00006673-RA	sp|Q9XGN4.1|	RecName: Full=Galactinol synthase 1; Short=ArGolS1; Short=GolS-1 [Ajuga reptans]	78.299	341	66	4	1	341	1	333	0.0	567
Dm_00006146-RA	sp|Q9S7M0.1|	RecName: Full=Chlorophyll a-b binding protein 3, chloroplastic; AltName: Full=Light-harvesting chlorophyll B-binding protein 3; Short=LHCB3*1; Short=Lhcb3; Flags: Precursor [Arabidopsis thaliana]	78.169	284	30	2	8	289	2	255	1.44e-153	453
Dm_00009382-RA	sp|Q9FWX7.1|	RecName: Full=ABC transporter B family member 11; Short=ABC transporter ABCB.11; Short=AtABCB11; AltName: Full=Multidrug resistance protein 8; AltName: Full=P-glycoprotein 11 [Arabidopsis thaliana]	71.371	1247	348	4	42	1286	39	1278	0.0	1808
Dm_00008447-RA	sp|P0DKG8.1|	RecName: Full=Putative GTP diphosphokinase RSH1, chloroplastic; AltName: Full=RelA/SpoT homolog 1; Short=AtRSH1; AltName: Full=ppGpp synthetase RSH1; Flags: Precursor [Arabidopsis thaliana]	60.000	820	252	12	1	758	1	806	0.0	959
Dm_00008211-RA	sp|Q5Z9S8.1|	RecName: Full=ABC transporter G family member 42; Short=OsABCG42; AltName: Full=Pleiotropic drug resistance protein 12; Short=OsPDR12 [Oryza sativa Japonica Group]	70.584	1268	325	9	1577	2803	240	1500	0.0	1845
Dm_00020975-RA	sp|Q949Y5.1|	RecName: Full=Probable zinc metalloprotease EGY1, chloroplastic; AltName: Full=Protein AMMONIUM OVERLY SENSITIVE 1; AltName: Full=Protein ETHYLENE-DEPENDENT GRAVITROPISM-DEFICIENT AND YELLOW-GREEN 1; Short=AtEGY1; Flags: Precursor [Arabidopsis thaliana]	68.609	532	124	7	74	573	24	544	0.0	702
Dm_00018445-RA	sp|Q9M7K4.1|	RecName: Full=Potassium transporter 5; Short=AtHAK1; Short=AtHAK5; Short=AtPOT5 [Arabidopsis thaliana]	50.759	593	246	6	1	551	197	785	0.0	601
Dm_00007238-RA	sp|Q9FJF9.1|	RecName: Full=Auxin-responsive protein SAUR21; AltName: Full=Protein SMALL AUXIN UP RNA 21 [Arabidopsis thaliana]	52.703	74	35	0	98	171	13	86	1.15e-25	97.1
Dm_00007240-RA	sp|Q9FJB5.1|	RecName: Full=Disease resistance RPP8-like protein 3 [Arabidopsis thaliana]	34.657	554	299	14	1	540	350	854	2.29e-75	259
Dm_00008253-RA	sp|O64882.1|	RecName: Full=Beta-glucosidase 17; Short=AtBGLU17; Flags: Precursor [Arabidopsis thaliana]	62.457	293	109	1	3	295	93	384	1.71e-135	396
Dm_00007158-RA	sp|Q9MUK5.1|	RecName: Full=Translocon at the outer membrane of chloroplasts 64 [Pisum sativum]	64.646	594	204	2	1	594	4	591	0.0	725
Dm_00007894-RA	sp|Q6TBX7.1|	RecName: Full=Carotene epsilon-monooxygenase, chloroplastic; AltName: Full=Cytochrome P450 97C1; AltName: Full=Protein LUTEIN DEFICIENT 1; Flags: Precursor [Arabidopsis thaliana]	77.432	514	106	3	27	539	35	539	0.0	833
Dm_00007885-RA	sp|Q9SR70.1|	RecName: Full=Peptidyl-prolyl cis-trans isomerase FKBP16-4, chloroplastic; Short=PPIase FKBP16-4; AltName: Full=FK506-binding protein 16-4; Short=AtFKBP16-4; AltName: Full=Immunophilin FKBP16-4; AltName: Full=Rotamase; Flags: Precursor [Arabidopsis thaliana]	72.043	186	51	1	4	189	24	208	6.82e-87	258
Dm_00016121-RA	sp|Q9CAV6.1|	RecName: Full=Serine/threonine-protein kinase WNK1; Short=AtWNK1; AltName: Full=Protein kinase with no lysine 1 [Arabidopsis thaliana]	62.367	566	165	14	1	535	4	552	0.0	677
Dm_00016345-RA	sp|Q8VX13.1|	RecName: Full=Protein disulfide isomerase-like 1-3; Short=AtPDIL1-3; AltName: Full=Protein disulfide isomerase 1; Short=AtPDI1; AltName: Full=Protein disulfide isomerase-like 2-1; Short=AtPDIL2-1; Flags: Precursor [Arabidopsis thaliana]	64.240	467	159	3	76	541	94	553	0.0	627
Dm_00020965-RA	sp|P55229.3|	RecName: Full=Glucose-1-phosphate adenylyltransferase large subunit 1, chloroplastic; AltName: Full=ADP-glucose pyrophosphorylase; AltName: Full=ADP-glucose synthase; AltName: Full=AGPase S; AltName: Full=Alpha-D-glucose-1-phosphate adenyl transferase; Flags: Precursor [Arabidopsis thaliana]	61.022	372	85	7	1	366	1	318	2.43e-144	421
Dm_00020742-RA	sp|Q9XIF0.1|	RecName: Full=Putative disease resistance protein At1g59780 [Arabidopsis thaliana]	34.296	277	128	10	91	314	571	846	5.30e-26	112
Dm_00003396-RA	sp|O82777.1|	RecName: Full=Subtilisin-like protease SBT3; AltName: Full=LeSBT3; AltName: Full=SlSBT3; AltName: Full=Subtilase 3; Flags: Precursor [Solanum lycopersicum]	44.929	779	374	17	1	778	31	755	0.0	617
Dm_00003843-RA	sp|Q9STF2.1|	RecName: Full=Protein PLASTID TRANSCRIPTIONALLY ACTIVE 16, chloroplastic; Short=pTAC16; Flags: Precursor [Arabidopsis thaliana]	53.552	549	202	12	12	549	4	510	2.60e-164	479
Dm_00018776-RA	sp|Q9XF89.1|	RecName: Full=Chlorophyll a-b binding protein CP26, chloroplastic; AltName: Full=LHCB5; AltName: Full=LHCIIc; AltName: Full=Light-harvesting complex II protein 5; Flags: Precursor [Arabidopsis thaliana]	80.565	283	50	3	12	293	2	280	1.06e-147	418
Dm_00019031-RA	sp|P29344.1|	RecName: Full=30S ribosomal protein S1, chloroplastic; AltName: Full=CS1; AltName: Full=Chloroplastic small ribosomal subunit protein bS1c; Flags: Precursor [Spinacia oleracea]	74.580	417	92	6	1	417	1	403	0.0	615
Dm_00019008-RA	sp|Q682S0.2|	RecName: Full=Root phototropism protein 2; AltName: Full=BTB/POZ domain-containing protein RPT2 [Arabidopsis thaliana]	64.636	591	191	6	57	633	7	593	0.0	758
Dm_00012510-RA	sp|Q9C664.1|	RecName: Full=Inorganic pyrophosphatase TTM2; AltName: Full=Triphosphate tunnel metalloenzyme 2; Short=AtTTM2 [Arabidopsis thaliana]	70.250	679	174	7	1	657	1	673	0.0	949
Dm_00012748-RA	sp|O49621.1|	RecName: Full=MLO-like protein 1; Short=AtMlo1; AltName: Full=MLO protein homolog 1; Short=AtMlo-H1 [Arabidopsis thaliana]	62.474	485	142	7	5	456	4	481	0.0	588
Dm_00013133-RA	sp|Q9M5J9.1|	RecName: Full=Polygalacturonase inhibitor 1; AltName: Full=Polygalacturonase-inhibiting protein 1; Short=PGIP-1; Flags: Precursor [Arabidopsis thaliana]	45.048	313	161	6	41	350	25	329	1.41e-72	234
Dm_00010817-RA	sp|Q9XF88.1|	RecName: Full=Chlorophyll a-b binding protein CP29.2, chloroplastic; AltName: Full=LHCB4.2; AltName: Full=LHCII protein 4.2; Flags: Precursor [Arabidopsis thaliana]	79.094	287	57	2	1	287	1	284	7.13e-162	454
Dm_00002750-RA	sp|A0A096VHX1.1|	RecName: Full=Probable caffeine synthase MTL2; AltName: Full=Methyltransferase-like 2; Short=CcMTL2 [Coffea canephora]	38.325	394	183	9	4	352	1	379	1.06e-83	261
Dm_00002784-RA	sp|Q75GK3.1|	RecName: Full=Sec-independent protein translocase protein TATA, chloroplastic; AltName: Full=Protein THYLAKOID ASSEMBLY 4; AltName: Full=Protein TWIN-ARGININE TRANSLOCATION A; Flags: Precursor [Oryza sativa Japonica Group]	87.234	47	6	0	165	211	79	125	3.82e-21	89.0
Dm_00002999-RA	sp|Q9LI74.1|	RecName: Full=Protein CHUP1, chloroplastic; AltName: Full=Protein CHLOROPLAST UNUSUAL POSITIONING 1 [Arabidopsis thaliana]	36.638	464	241	12	15	462	2	428	1.66e-66	238
Dm_00015757-RA	sp|Q94A08.2|	RecName: Full=Probable galactinol--sucrose galactosyltransferase 2; AltName: Full=Protein SEED IMBIBITION 2; AltName: Full=Raffinose synthase 2 [Arabidopsis thaliana]	75.800	781	181	5	1	781	1	773	0.0	1258
Dm_00012414-RA	sp|B9I3X5.1|	RecName: Full=CASP-like protein 1F2; Short=PtCASPL1F2 [Populus trichocarpa]	42.466	146	81	1	6	151	38	180	1.06e-32	117
Dm_00011639-RA	sp|P49107.2|	RecName: Full=Photosystem I reaction center subunit N, chloroplastic; Short=PSI-N; Flags: Precursor [Arabidopsis thaliana]	62.791	172	59	3	1	169	1	170	1.77e-71	216
Dm_00011625-RA	sp|P42620.1|	RecName: Full=Glutathionyl-hydroquinone reductase YqjG; Short=GS-HQR [Escherichia coli K-12]	41.003	339	163	8	84	407	8	324	3.09e-72	233
Dm_00008689-RA	sp|Q94JY0.1|	RecName: Full=Protein IN CHLOROPLAST ATPASE BIOGENESIS, chloroplastic; Flags: Precursor [Arabidopsis thaliana]	58.974	390	83	4	23	412	11	323	4.47e-155	445
Dm_00008693-RA	sp|Q2V6J9.1|	RecName: Full=UDP-glucose flavonoid 3-O-glucosyltransferase 7; AltName: Full=Flavonol 3-O-glucosyltransferase 7; Short=FaGT7 [Fragaria x ananassa]	51.373	510	200	11	1	506	1	466	6.91e-168	487
Dm_00009099-RA	sp|F4I6V0.1|	RecName: Full=Beta-arabinofuranosyltransferase RAY1; AltName: Full=Protein REDUCED ARABINOSE YARIV 1 [Arabidopsis thaliana]	56.284	549	224	8	225	769	1	537	0.0	600
Dm_00008762-RA	sp|B9DFK5.1|	RecName: Full=Protein RETICULATA, chloroplastic; AltName: Full=Protein LOWER CELL DENSITY 1; Flags: Precursor [Arabidopsis thaliana]	65.337	326	79	2	202	527	141	432	1.56e-147	433
Dm_00002867-RA	sp|Q8RWG1.1|	RecName: Full=Protein ACTIVITY OF BC1 COMPLEX KINASE 1, chloroplastic; Short=ABC1-LIKE KINASE 1; AltName: Full=Protein ABC1-LIKE KINASE RELATED TO CHLOROPHYLL DEGRADATION AND OXIDATIVE STRESS 1; Short=AtACDO1; AltName: Full=Protein BLEACHING AND DWARF IN RED LIGHT 1; AltName: Full=Protein PROTON GRADIENT REGULATION 6; Flags: Precursor [Arabidopsis thaliana]	89.941	338	33	1	128	465	91	427	0.0	635
Dm_00017910-RA	sp|Q9SLV0.1|	RecName: Full=Protein DETOXIFICATION 48; Short=AtDTX48; AltName: Full=Multidrug and toxic compound extrusion protein 48; Short=MATE protein 48; AltName: Full=Protein ABNORMAL SHOOT 4; AltName: Full=Protein BUSH-AND-CHLOROTIC-DWARF 1; Short=Protein BCD1; AltName: Full=Protein ZRIZI [Arabidopsis thaliana]	72.016	511	135	3	13	515	17	527	0.0	708
Dm_00010587-RA	sp|P93111.1|	RecName: Full=Glutamyl-tRNA reductase 1, chloroplastic; Short=GluTR; Flags: Precursor [Cucumis sativus]	76.460	565	119	3	1	564	1	552	0.0	863
Dm_00015633-RA	sp|O49954.1|	RecName: Full=Glycine dehydrogenase (decarboxylating), mitochondrial; AltName: Full=Glycine cleavage system P protein; AltName: Full=Glycine decarboxylase; AltName: Full=Glycine dehydrogenase (aminomethyl-transferring); Flags: Precursor [Solanum tuberosum]	84.645	1042	153	3	1	1042	1	1035	0.0	1816
Dm_00015851-RA	sp|O22870.2|	RecName: Full=Peptidyl-prolyl cis-trans isomerase FKBP16-3, chloroplastic; Short=PPIase FKBP16-3; AltName: Full=FK506-binding protein 16-3; Short=AtFKBP16-3; AltName: Full=Immunophilin FKBP16-3; AltName: Full=Rotamase; Flags: Precursor [Arabidopsis thaliana]	78.977	176	36	1	48	223	49	223	1.38e-91	271
Dm_00002827-RA	sp|F4HXY7.1|	RecName: Full=CDP-diacylglycerol--serine O-phosphatidyltransferase 1; AltName: Full=Phosphatidylserine synthase 1 [Arabidopsis thaliana]	77.017	409	84	2	24	423	18	425	0.0	655
Dm_00002744-RA	sp|Q9FUW6.1|	RecName: Full=Phenylcoumaran benzylic ether reductase Betv6; AltName: Full=Minor pollen allergen Bet v 6; AltName: Allergen=Bet v 6 [Betula pendula]	73.226	310	81	1	1	310	1	308	3.44e-169	474
Dm_00019141-RA	sp|Q9S7P9.1|	RecName: Full=SNAP25 homologous protein SNAP33; Short=AtSNAP33; AltName: Full=Snap25a; AltName: Full=Synaptosomal-associated protein SNAP25-like 1; Short=SNAP-25-like protein 1 [Arabidopsis thaliana]	56.272	279	104	6	1	273	1	267	4.93e-92	277
Dm_00017683-RA	sp|Q8GT75.2|	RecName: Full=NEP1-interacting protein 1; AltName: Full=RING-H2 finger protein ATL26 [Arabidopsis thaliana]	72.845	232	63	0	7	238	5	236	1.16e-124	355
Dm_00018197-RA	sp|P25857.2|	RecName: Full=Glyceraldehyde-3-phosphate dehydrogenase GAPB, chloroplastic; AltName: Full=NADP-dependent glyceraldehydephosphate dehydrogenase B; Flags: Precursor [Arabidopsis thaliana]	89.153	378	40	1	26	403	71	447	0.0	673
Dm_00006278-RA	sp|P27522.1|	RecName: Full=Chlorophyll a-b binding protein 8, chloroplastic; AltName: Full=LHCI type III CAB-8; Flags: Precursor [Solanum lycopersicum]	81.919	271	35	1	17	287	17	273	3.01e-163	457
Dm_00005180-RA	sp|Q8VWN6.1|	RecName: Full=Galactinol--sucrose galactosyltransferase; AltName: Full=Raffinose synthase [Pisum sativum]	66.195	778	246	6	33	800	28	798	0.0	1078
Dm_00012900-RA	sp|O64640.1|	RecName: Full=Probable carboxylesterase 8; AltName: Full=AtCXE8 [Arabidopsis thaliana]	56.402	328	128	5	2	325	9	325	4.00e-127	369
Dm_00012979-RA	sp|F4IUW3.1|	RecName: Full=Amino acid transporter AVT1C; Short=AtAvt1C [Arabidopsis thaliana]	66.007	556	158	7	8	543	6	550	0.0	724
Dm_00006411-RA	sp|Q9C9A6.1|	RecName: Full=U-box domain-containing protein 10; AltName: Full=Plant U-box protein 10; AltName: Full=RING-type E3 ubiquitin transferase PUB10 [Arabidopsis thaliana]	60.559	644	216	9	19	656	9	620	0.0	718
Dm_00006866-RA	sp|Q8W496.1|	RecName: Full=Protochlorophyllide-dependent translocon component 52, chloroplastic; AltName: Full=ACD1-like protein; AltName: Full=Protein TIC 55-IV; AltName: Full=Translocon at the inner envelope membrane of chloroplasts 55-IV; Flags: Precursor [Arabidopsis thaliana]	58.057	422	116	4	69	432	67	485	8.92e-178	512
Dm_00006867-RA	sp|Q8W496.1|	RecName: Full=Protochlorophyllide-dependent translocon component 52, chloroplastic; AltName: Full=ACD1-like protein; AltName: Full=Protein TIC 55-IV; AltName: Full=Translocon at the inner envelope membrane of chloroplasts 55-IV; Flags: Precursor [Arabidopsis thaliana]	57.143	84	36	0	2	85	475	558	1.47e-30	115
Dm_00018593-RA	sp|Q9SRQ1.1|	RecName: Full=Cytochrome P450 89A9 [Arabidopsis thaliana]	47.705	501	228	15	51	539	31	509	1.98e-144	428
Dm_00014872-RA	sp|P35684.2|	RecName: Full=60S ribosomal protein L3 [Oryza sativa Japonica Group]	84.833	389	59	0	1	389	1	389	0.0	702
Dm_00015327-RA	sp|O23160.1|	RecName: Full=Transcription factor MYB73; AltName: Full=Myb-related protein 73; Short=AtMYB73 [Arabidopsis thaliana]	49.346	306	106	9	15	305	6	277	3.94e-85	262
Dm_00007117-RA	sp|Q9SM44.1|	RecName: Full=Monogalactosyldiacylglycerol synthase, chloroplastic; Short=SoMGD1; AltName: Full=MGDG synthase type A; Flags: Precursor [Spinacia oleracea]	74.145	468	98	7	1	465	1	448	0.0	665
Dm_00012405-RA	sp|P50433.1|	RecName: Full=Serine hydroxymethyltransferase, mitochondrial; Short=SHMT; AltName: Full=Glycine hydroxymethyltransferase; AltName: Full=Serine methylase; Flags: Precursor [Solanum tuberosum]	88.417	518	54	2	1	512	1	518	0.0	954
Dm_00010805-RA	sp|Q96558.1|	RecName: Full=UDP-glucose 6-dehydrogenase 1; Short=UDP-Glc dehydrogenase 1; Short=UDP-GlcDH 1; Short=UDPGDH 1; AltName: Full=Gm-UGD1 [Glycine max]	92.083	480	38	0	41	520	1	480	0.0	930
Dm_00021056-RA	sp|Q93XM7.1|	RecName: Full=Mitochondrial carnitine/acylcarnitine carrier-like protein; AltName: Full=Carnitine/acylcarnitine translocase-like protein; Short=CAC-like protein; AltName: Full=Protein A BOUT DE SOUFFLE [Arabidopsis thaliana]	74.333	300	71	2	1	294	1	300	1.28e-160	451
Dm_00009027-RA	sp|O81332.1|	RecName: Full=Thioredoxin F-type, chloroplastic; Short=Trx-F; Flags: Precursor [Mesembryanthemum crystallinum]	45.833	120	47	5	1	108	1	114	6.49e-21	86.3
Dm_00008185-RA	sp|P29790.1|	RecName: Full=ATP synthase gamma chain, chloroplastic; AltName: Full=F-ATPase gamma subunit; Flags: Precursor [Nicotiana tabacum]	75.000	360	86	1	19	378	21	376	0.0	556
Dm_00009134-RA	sp|P37219.1|	RecName: Full=Abscisic stress-ripening protein 2 [Solanum lycopersicum]	76.316	76	17	1	17	91	18	93	7.42e-25	93.2
Dm_00005010-RA	sp|Q42600.1|	RecName: Full=Cytochrome P450 84A1; AltName: Full=Ferulate-5-hydroxylase; Short=F5H [Arabidopsis thaliana]	70.192	520	142	4	3	512	4	520	0.0	726
Dm_00016975-RA	sp|Q8RXK8.1|	RecName: Full=Isoleucine--tRNA ligase, chloroplastic/mitochondrial; AltName: Full=Isoleucyl-tRNA synthetase; Short=IleRS; AltName: Full=Protein OVULE ABORTION 2; Flags: Precursor [Arabidopsis thaliana]	72.656	512	136	1	2	509	566	1077	0.0	804
Dm_00014699-RA	sp|Q7PC80.1|	RecName: Full=ABC transporter G family member 34; Short=OsABCG34; AltName: Full=Pleiotropic drug resistance protein 10; Short=OsPDR10 [Oryza sativa Japonica Group]	52.529	257	48	8	12	194	985	1241	4.53e-67	225
Dm_00009111-RA	sp|Q43157.1|	RecName: Full=Ribulose-phosphate 3-epimerase, chloroplastic; AltName: Full=Pentose-5-phosphate 3-epimerase; Short=PPE; AltName: Full=R5P3E; Short=RPE; Flags: Precursor [Spinacia oleracea]	86.063	287	37	3	1	287	1	284	4.54e-179	497
Dm_00009113-RA	sp|P27880.1|	RecName: Full=18.2 kDa class I heat shock protein [Medicago sativa]	36.757	185	74	9	1	169	1	158	8.87e-21	86.3
Dm_00019152-RA	sp|P0C8S1.1|	RecName: Full=Probable disease resistance RPP8-like protein 2 [Arabidopsis thaliana]	35.852	569	291	20	1	553	351	861	6.71e-65	231
Dm_00019151-RA	sp|Q9SX38.2|	RecName: Full=Putative disease resistance protein At1g50180 [Arabidopsis thaliana]	34.930	355	203	10	1	351	1	331	1.88e-49	181
Dm_00004609-RA	sp|Q8GXJ4.2|	RecName: Full=Glutamate receptor 3.4; Short=AtGLR3.4; AltName: Full=Glutamate receptor-like protein 3.4; AltName: Full=Ligand-gated ion channel 3.4; Flags: Precursor [Arabidopsis thaliana]	62.316	881	323	6	47	924	58	932	0.0	1160
Dm_00005437-RA	sp|Q56YA5.2|	RecName: Full=Serine--glyoxylate aminotransferase; AltName: Full=Alanine--glyoxylate aminotransferase; Short=AGT; AltName: Full=Asparagine aminotransferase; AltName: Full=Serine--pyruvate aminotransferase [Arabidopsis thaliana]	87.781	401	49	0	1	401	1	401	0.0	747
Dm_00018379-RA	sp|Q9LTG0.1|	RecName: Full=Beta-carotene 3-hydroxylase 2, chloroplastic; Short=AtB2; Flags: Precursor [Arabidopsis thaliana]	70.485	227	67	0	36	262	30	256	1.75e-116	339
Dm_00011322-RA	sp|Q8LE59.3|	RecName: Full=Fe(2+) transport protein 3, chloroplastic; AltName: Full=Fe(II) transport protein 3; AltName: Full=Iron-regulated transporter 3; Flags: Precursor [Arabidopsis thaliana]	64.508	386	130	4	218	598	42	425	5.26e-157	459
Dm_00008142-RA	sp|Q94AP3.1|	RecName: Full=Protein WALLS ARE THIN 1 [Arabidopsis thaliana]	58.228	158	61	1	30	182	115	272	1.49e-59	195
Dm_00015165-RA	sp|Q944G9.2|	RecName: Full=Fructose-bisphosphate aldolase 2, chloroplastic; Short=AtFBA2; Flags: Precursor [Arabidopsis thaliana]	82.195	410	56	3	5	411	3	398	0.0	679
Dm_00016904-RA	sp|Q38908.2|	RecName: Full=Probable xyloglucan endotransglucosylase/hydrolase protein 30; Short=At-XTH30; Short=XTH-30; Flags: Precursor [Arabidopsis thaliana]	63.245	302	109	1	23	324	12	311	4.65e-148	424
Dm_00003301-RA	sp|Q9XH75.1|	RecName: Full=Sec-independent protein translocase protein TATB, chloroplastic; AltName: Full=Protein HIGH CHLOROPHYLL FLUORESCENCE 106; AltName: Full=Protein TWIN-ARGININE TRANSLOCATION B; Flags: Precursor [Arabidopsis thaliana]	67.939	131	42	0	48	178	33	163	5.16e-57	183
Dm_00003094-RA	sp|Q84TB5.1|	RecName: Full=APETALA2-like protein 2; AltName: Full=Protein INDETERMINATE SPIKELET 1; Short=OsIDS1 [Oryza sativa Japonica Group]	49.527	317	123	8	140	436	92	391	7.75e-85	271
Dm_00008887-RA	sp|P80470.2|	RecName: Full=Photosystem II core complex proteins psbY, chloroplastic; AltName: Full=L-arginine-metabolizing enzyme; Short=L-AME; Contains: RecName: Full=Photosystem II protein psbY-1, chloroplastic; AltName: Full=psbY-A1; Contains: RecName: Full=Photosystem II protein psbY-2, chloroplastic; AltName: Full=psbY-A2; Flags: Precursor [Spinacia oleracea]	55.610	205	70	7	10	209	11	199	3.75e-60	189
Dm_00010241-RA	sp|Q9SJL9.1|	RecName: Full=Probable xyloglucan endotransglucosylase/hydrolase protein 32; Short=At-XTH32; Short=XTH-32; Flags: Precursor [Arabidopsis thaliana]	66.894	293	96	1	11	303	6	297	1.62e-143	409
Dm_00002650-RA	sp|O81360.1|	RecName: Full=Zeaxanthin epoxidase, chloroplastic; AltName: Full=PA-ZE; Flags: Precursor [Prunus armeniaca]	74.940	419	99	2	5	423	249	661	0.0	660
Dm_00002472-RA	sp|O82268.1|	RecName: Full=Protein LIGHT-DEPENDENT SHORT HYPOCOTYLS 3; AltName: Full=Protein ORGAN BOUNDARY 1 [Arabidopsis thaliana]	76.506	166	33	1	40	199	19	184	1.34e-80	243
Dm_00010010-RA	sp|B7FKW7.1|	RecName: Full=Cyanate hydratase; Short=Cyanase; AltName: Full=Cyanate hydrolase; AltName: Full=Cyanate lyase [Medicago truncatula]	80.745	161	31	0	1	161	1	161	1.27e-98	284
Dm_00009515-RA	sp|Q9LW86.1|	RecName: Full=Probable sulfate transporter 3.4 [Arabidopsis thaliana]	74.525	526	134	0	14	539	124	649	0.0	827
Dm_00009516-RA	sp|Q9LW86.1|	RecName: Full=Probable sulfate transporter 3.4 [Arabidopsis thaliana]	60.000	85	34	0	62	146	25	109	6.35e-31	120
Dm_00016416-RA	sp|Q8RXX9.2|	RecName: Full=E3 ubiquitin-protein ligase ATL6; AltName: Full=RING-H2 finger protein ATL6; AltName: Full=RING-type E3 ubiquitin transferase ATL6; Flags: Precursor [Arabidopsis thaliana]	40.617	389	163	11	55	440	15	338	2.36e-74	241
Dm_00016261-RA	sp|Q9MAP3.1|	RecName: Full=50S ribosomal protein L11, chloroplastic; AltName: Full=CL11; Flags: Precursor [Arabidopsis thaliana]	82.123	179	27	1	61	239	45	218	1.24e-101	297
Dm_00014262-RA	sp|Q6UNT2.1|	RecName: Full=60S ribosomal protein L5 [Cucumis sativus]	74.085	328	48	1	130	457	1	291	2.43e-177	501
Dm_00010156-RA	sp|Q8VWZ7.1|	RecName: Full=Geraniol 8-hydroxylase; AltName: Full=Cytochrome P450 76B6; AltName: Full=Geraniol 10-hydroxylase; Short=CrG10H [Catharanthus roseus]	48.606	502	240	7	9	510	7	490	1.54e-168	488
Dm_00003322-RA	sp|P52178.1|	RecName: Full=Triose phosphate/phosphate translocator, non-green plastid, chloroplastic; Short=CTPT; Flags: Precursor [Brassica oleracea var. botrytis]	69.617	418	102	6	1	409	1	402	0.0	530
Dm_00003672-RA	sp|P49599.2|	RecName: Full=Protein phosphatase 2C 57; Short=AtPP2C57; AltName: Full=Protein phosphatase 2C PPH1; Short=PP2C PPH1; AltName: Full=Thylakoid-associated phosphatase of 38 kDa [Arabidopsis thaliana]	64.205	352	120	3	54	404	41	387	6.58e-162	463
Dm_00003151-RA	sp|F4J7A7.1|	RecName: Full=PsbP domain-containing protein 7, chloroplastic; AltName: Full=Photosystem II reaction center PsbP family protein; Flags: Precursor [Arabidopsis thaliana]	52.381	294	105	5	1	273	1	280	1.76e-100	297
Dm_00010980-RA	sp|O22881.2|	RecName: Full=Potassium transporter 2; Short=AtKT2; Short=AtKUP2; Short=AtPOT2 [Arabidopsis thaliana]	46.491	798	311	21	36	735	15	794	0.0	599
Dm_00014903-RA	sp|Q9SSA5.1|	RecName: Full=Peptidyl-prolyl cis-trans isomerase CYP38, chloroplastic; Short=PPIase CYP38; AltName: Full=Rotamase CYP38; AltName: Full=Thylakoid lumen PPIase; Flags: Precursor [Arabidopsis thaliana]	74.580	417	100	4	92	505	24	437	0.0	642
Dm_00005800-RA	sp|O22227.1|	RecName: Full=Protein MIZU-KUSSEI 1 [Arabidopsis thaliana]	62.637	182	51	5	104	279	127	297	2.63e-68	216
Dm_00006899-RA	sp|Q9SGP6.1|	RecName: Full=Glutaredoxin-C9; Short=AtGrxC9; AltName: Full=Protein ROXY 19 [Arabidopsis thaliana]	66.667	108	33	1	49	156	33	137	1.26e-45	148
Dm_00005539-RA	sp|Q8GT75.2|	RecName: Full=NEP1-interacting protein 1; AltName: Full=RING-H2 finger protein ATL26 [Arabidopsis thaliana]	73.128	227	59	1	13	239	12	236	1.06e-122	350
Dm_00006483-RA	sp|Q9SSR1.1|	RecName: Full=DCC family protein At1g52590, chloroplastic; Flags: Precursor [Arabidopsis thaliana]	61.688	154	18	1	8	161	60	172	1.20e-58	182
Dm_00014704-RA	sp|Q9SJJ3.1|	RecName: Full=BEL1-like homeodomain protein 8; Short=BEL1-like protein 8; AltName: Full=Protein POUND-FOOLISH [Arabidopsis thaliana]	47.445	274	130	3	280	553	252	511	5.13e-68	235
Dm_00012801-RA	sp|Q9SL05.1|	RecName: Full=Protein PROTON GRADIENT REGULATION 5, chloroplastic; Flags: Precursor [Arabidopsis thaliana]	66.165	133	40	3	1	128	1	133	4.56e-53	166
Dm_00014858-RA	sp|Q9LU63.1|	RecName: Full=Probable pterin-4-alpha-carbinolamine dehydratase, chloroplastic; AltName: Full=4-alpha-hydroxy-tetrahydropterin dehydratase; AltName: Full=PCD/DCoH-like protein 1; AltName: Full=Protein AIRP2 TARGET PROTEIN 1; AltName: Full=Protein SDIR1-INTERACTING PROTEIN 1; Flags: Precursor [Arabidopsis thaliana]	65.644	163	55	1	45	206	58	220	2.04e-77	234
Dm_00013023-RA	sp|Q67UF5.1|	RecName: Full=Protein disulfide isomerase-like 2-3; Short=OsPDIL2-3; AltName: Full=Protein disulfide isomerase-like 5-1; Short=OsPDIL5-1; Flags: Precursor [Oryza sativa Japonica Group]	74.852	338	77	1	5	334	104	441	0.0	528
Dm_00010722-RA	sp|Q94AU9.1|	RecName: Full=Chaperonin-like RBCX protein 1, chloroplastic; Short=AtRBCX1; Flags: Precursor [Arabidopsis thaliana]	80.488	123	24	0	46	168	45	167	1.56e-69	211
Dm_00009700-RA	sp|P55243.1|	RecName: Full=Glucose-1-phosphate adenylyltransferase large subunit 3, chloroplastic/amyloplastic; AltName: Full=ADP-glucose pyrophosphorylase; AltName: Full=ADP-glucose synthase; AltName: Full=AGPase S; AltName: Full=Alpha-D-glucose-1-phosphate adenyl transferase; Flags: Precursor [Solanum tuberosum]	76.126	222	41	1	5	226	274	483	2.59e-123	360
Dm_00002371-RA	sp|Q8GXG1.2|	RecName: Full=Probable isoaspartyl peptidase/L-asparaginase 2; AltName: Full=L-asparagine amidohydrolase 2; Contains: RecName: Full=Isoaspartyl peptidase/L-asparaginase 2 subunit alpha; Contains: RecName: Full=Isoaspartyl peptidase/L-asparaginase 2 subunit beta; Flags: Precursor [Arabidopsis thaliana]	80.368	326	63	1	1	326	1	325	0.0	541
Dm_00003190-RA	sp|P17407.1|	RecName: Full=21 kDa protein; AltName: Full=1.2 protein; Flags: Precursor [Daucus carota]	33.171	205	116	3	10	214	8	191	1.84e-31	116
Dm_00003191-RA	sp|P17407.1|	RecName: Full=21 kDa protein; AltName: Full=1.2 protein; Flags: Precursor [Daucus carota]	33.171	205	116	3	10	214	8	191	1.84e-31	116
Dm_00006286-RA	sp|Q9SUG3.2|	RecName: Full=Inositol-tetrakisphosphate 1-kinase 3; AltName: Full=Inositol 1,3,4-trisphosphate 5/6-kinase 3; Short=AtItpk-3; Short=Inositol-triphosphate 5/6-kinase 3; Short=Ins(1,3,4)P(3) 5/6-kinase 3 [Arabidopsis thaliana]	75.000	284	70	1	49	332	39	321	1.08e-144	415
Dm_00005725-RA	sp|Q945B7.1|	RecName: Full=Magnesium-protoporphyrin IX monomethyl ester [oxidative] cyclase, chloroplastic; Short=Mg-protoporphyrin IX monomethyl ester oxidative cyclase; Flags: Precursor [Euphorbia esula]	84.108	409	43	3	1	391	1	405	0.0	702
Dm_00005870-RA	sp|Q6X5Y6.1|	RecName: Full=Ethylene-responsive transcription factor WRI1; AltName: Full=Protein ACTIVATOR OF SPORAMIN::LUC 1; AltName: Full=Protein WRINKLED 1 [Arabidopsis thaliana]	69.886	176	47	3	80	250	53	227	1.60e-76	241
Dm_00011661-RA	sp|Q9SYL9.1|	RecName: Full=50S ribosomal protein L13, chloroplastic; AltName: Full=CL13; AltName: Full=Protein EMBRYO DEFECTIVE 1473; Flags: Precursor [Arabidopsis thaliana]	67.521	234	53	3	30	258	25	240	1.95e-105	308
Dm_00013145-RA	sp|O22174.1|	RecName: Full=Ethylene-responsive transcription factor ERF008 [Arabidopsis thaliana]	61.392	158	45	4	6	155	20	169	3.36e-52	166
Dm_00011920-RA	sp|Q9SKX0.3|	RecName: Full=ABC transporter C family member 13; Short=ABC transporter ABCC.13; Short=AtABCC13; AltName: Full=ATP-energized glutathione S-conjugate pump 11; AltName: Full=Glutathione S-conjugate-transporting ATPase 11; AltName: Full=Multidrug resistance-associated protein 11 [Arabidopsis thaliana]	61.084	1015	319	8	1	994	441	1400	0.0	1192
Dm_00005842-RA	sp|Q93Y08.1|	RecName: Full=Protein ACTIVITY OF BC1 COMPLEX KINASE 8, chloroplastic; Short=ABC1-LIKE KINASE 8; AltName: Full=ABC2 homolog protein 13; Short=AtATH13; AltName: Full=Oxidative stress-related ABC1-like protein 1, chloroplastic; Short=AtOSA1; Flags: Precursor [Arabidopsis thaliana]	71.353	761	152	9	19	772	23	724	0.0	1027
Dm_00006504-RA	sp|Q8GWQ2.1|	RecName: Full=AT-hook motif nuclear-localized protein 20 [Arabidopsis thaliana]	45.748	341	120	9	1	337	1	280	7.01e-66	212
Dm_00005621-RA	sp|Q9SFB3.1|	RecName: Full=Protein TAB2 homolog, chloroplastic; AltName: Full=Protein ATAB2; Flags: Precursor [Arabidopsis thaliana]	69.010	384	107	3	1	382	1	374	0.0	548
Dm_00012435-RA	sp|A0A2P1GIW7.1|	RecName: Full=Stemmadenine O-acetyltransferase; Short=CrSAT [Catharanthus roseus]	31.818	440	242	19	6	428	5	403	5.80e-48	172
Dm_00013978-RA	sp|Q9SRY4.1|	RecName: Full=Protein LOW PSII ACCUMULATION 1, chloroplastic; Flags: Precursor [Arabidopsis thaliana]	30.189	265	164	3	11	254	187	451	7.43e-26	108
Dm_00013911-RA	sp|Q9M158.2|	RecName: Full=Rhodanese-like domain-containing protein 4, chloroplastic; AltName: Full=Protein THYLAKOID RHODANESE-LIKE; AltName: Full=Sulfurtransferase 4; Short=AtStr4; Flags: Precursor [Arabidopsis thaliana]	53.404	470	166	8	456	886	1	456	2.18e-131	405
Dm_00013613-RA	sp|P82191.2|	RecName: Full=50S ribosomal protein L3, chloroplastic; AltName: Full=Chloroplastic large ribosomal subunit protein uL3c; Flags: Precursor [Spinacia oleracea]	71.061	311	83	3	1	310	1	305	4.91e-149	423
Dm_00016295-RA	sp|Q93ZH2.2|	RecName: Full=Nuclear transcription factor Y subunit A-3; Short=AtNF-YA-3; AltName: Full=Transcriptional activator HAP2C [Arabidopsis thaliana]	40.068	292	143	10	24	305	41	310	1.28e-47	166
Dm_00010603-RA	sp|Q9XF89.1|	RecName: Full=Chlorophyll a-b binding protein CP26, chloroplastic; AltName: Full=LHCB5; AltName: Full=LHCIIc; AltName: Full=Light-harvesting complex II protein 5; Flags: Precursor [Arabidopsis thaliana]	82.042	284	45	3	11	293	2	280	2.98e-147	419
Dm_00012495-RA	sp|Q8W469.1|	RecName: Full=Signal peptide peptidase-like 2; Short=AtSPPL2; Flags: Precursor [Arabidopsis thaliana]	57.651	562	122	7	26	522	25	535	0.0	592
Dm_00011869-RA	sp|P19866.2|	RecName: Full=Glyceraldehyde-3-phosphate dehydrogenase A, chloroplastic; AltName: Full=NADP-dependent glyceraldehydephosphate dehydrogenase subunit A; Flags: Precursor [Spinacia oleracea]	78.920	389	68	4	430	818	9	383	0.0	598
Dm_00011981-RA	sp|Q9LM71.2|	RecName: Full=Peptidyl-prolyl cis-trans isomerase FKBP18, chloroplastic; Short=PPIase FKBP18; AltName: Full=FK506-binding protein 18; Short=AtFKBP18; AltName: Full=Immunophilin FKBP18; AltName: Full=Rotamase; Flags: Precursor [Arabidopsis thaliana]	66.142	127	30	1	18	131	105	231	6.35e-45	149
Dm_00003660-RA	sp|Q8H1Z0.1|	RecName: Full=Very-long-chain aldehyde decarbonylase CER3; AltName: Full=Protein ECERIFERUM 3; AltName: Full=Protein FACELESS POLLEN 1; AltName: Full=Protein WAX2; AltName: Full=Protein YORE-YORE [Arabidopsis thaliana]	64.434	627	217	3	5	625	3	629	0.0	869
Dm_00003666-RA	sp|Q1PDI2.1|	RecName: Full=Diacylglycerol kinase 4; Short=AtDGK4; Short=DAG kinase 4; AltName: Full=Diglyceride kinase 4; Short=DGK 4 [Arabidopsis thaliana]	60.377	318	118	5	1	311	1	317	1.92e-132	388
Dm_00003750-RA	sp|Q9SIV3.2|	RecName: Full=Transcription activator GLK1; AltName: Full=GBF'S PRO-RICH REGION-INTERACTING factor 1; AltName: Full=Golden2-like protein 1; Short=AtGLK1 [Arabidopsis thaliana]	40.959	459	144	15	72	497	56	420	4.98e-74	243
Dm_00020520-RA	sp|P82024.2|	RecName: Full=30S ribosomal protein S21, chloroplastic; AltName: Full=Chloroplastic small ribosomal subunit protein bS21c; Flags: Precursor [Spinacia oleracea]	68.235	85	25	1	82	164	57	141	2.91e-36	127
Dm_00018559-RA	sp|P13443.1|	RecName: Full=Glycerate dehydrogenase; Short=GDH; AltName: Full=NADH-dependent hydroxypyruvate reductase; Short=HPR [Cucumis sativus]	88.512	383	39	2	3	385	2	379	0.0	684
Dm_00020562-RA	sp|Q01IH3.1|	RecName: Full=Peroxisomal membrane protein 11-4; AltName: Full=OsPEX11-4; AltName: Full=Peroxin-11-4 [Oryza sativa Indica Group]	72.197	223	53	4	3	221	5	222	6.96e-110	317
Dm_00007375-RA	sp|B3EWI4.1|	RecName: Full=Photosystem II 5 kDa protein, chloroplastic; Flags: Precursor [Petunia x hybrida]	56.881	109	40	5	1	105	1	106	4.72e-25	93.2
Dm_00007706-RA	sp|Q9LD95.1|	RecName: Full=RNA polymerase sigma factor sigF, chloroplastic; Short=Sigma factor F; Short=Sigma-F; AltName: Full=Protein SINGLET OXYGEN-LINKED DEATH ACTIVATOR 8; AltName: Full=RNA polymerase sigma factor sig6; Short=Atsig6; Short=Sigma factor 6; Flags: Precursor [Arabidopsis thaliana]	40.533	375	197	5	79	450	34	385	8.61e-67	232
Dm_00013232-RA	sp|O04905.1|	RecName: Full=UMP-CMP kinase 3; AltName: Full=Deoxycytidylate kinase; Short=CK; Short=dCMP kinase; AltName: Full=Uridine monophosphate/cytidine monophosphate kinase; Short=UMP/CMP kinase; Short=UMP/CMPK [Arabidopsis thaliana]	87.342	158	20	0	1	158	22	179	2.02e-100	290
Dm_00005108-RA	sp|Q69S39.1|	RecName: Full=Cytochrome b6-f complex iron-sulfur subunit, chloroplastic; AltName: Full=Plastohydroquinone:plastocyanin oxidoreductase iron-sulfur protein; AltName: Full=Rieske iron-sulfur protein; Short=ISP; Short=RISP; Flags: Precursor [Oryza sativa Japonica Group]	71.245	233	54	5	1	228	1	225	3.21e-114	328
Dm_00005062-RA	sp|Q9LIG0.1|	RecName: Full=Clavaminate synthase-like protein At3g21360 [Arabidopsis thaliana]	58.333	96	40	0	4	99	211	306	2.26e-37	130
Dm_00016253-RA	sp|Q9SZE7.1|	RecName: Full=Peroxidase 51; Short=Atperox P51; AltName: Full=ATP37; Flags: Precursor [Arabidopsis thaliana]	54.062	320	123	4	26	334	23	329	5.30e-118	346
Dm_00016254-RA	sp|Q66GP0.2|	RecName: Full=BTB/POZ domain-containing protein SR1IP1; AltName: Full=Protein ATSR1-INTERACTION PROTEIN 1 [Arabidopsis thaliana]	60.835	623	207	8	46	650	1	604	0.0	732
Dm_00016508-RA	sp|A0A1P8B590.1|	RecName: Full=Protein IQ-DOMAIN 19; Short=AtIQD19; AltName: Full=Protein FURCA 3 [Arabidopsis thaliana]	44.681	470	149	17	10	464	60	433	6.67e-99	310
Dm_00013580-RA	sp|Q9FPQ8.1|	RecName: Full=Homeobox protein knotted-1-like 7; AltName: Full=Protein IRREGULAR XYLEM 11; AltName: Full=Protein KNAT7 [Arabidopsis thaliana]	66.667	93	21	3	3	91	8	94	3.76e-32	116
Dm_00004091-RA	sp|P82658.2|	RecName: Full=Thylakoid lumenal 19 kDa protein, chloroplastic; AltName: Full=P19; Flags: Precursor [Arabidopsis thaliana]	77.841	176	35	2	89	264	58	229	2.43e-99	292
Dm_00005382-RA	sp|Q5KS41.1|	RecName: Full=Wax ester synthase/diacylglycerol acyltransferase 11; Short=WS/DGAT 11; AltName: Full=Diacylglycerol O-acyltransferase WSD11; AltName: Full=Long-chain-alcohol O-fatty-acyltransferase WSD11; AltName: Full=Protein FOLDED PETALS 1 [Arabidopsis thaliana]	31.881	505	300	10	1	493	1	473	6.96e-77	252
Dm_00008472-RA	sp|Q38914.2|	RecName: Full=AP2-like ethylene-responsive transcription factor ANT; AltName: Full=Complementing a protein kinase C mutant protein 1; AltName: Full=Protein AINTEGUMENTA; AltName: Full=Protein DRAGON; AltName: Full=Protein OVULE MUTANT [Arabidopsis thaliana]	51.901	526	157	15	1	489	1	467	1.84e-150	450
Dm_00003262-RA	sp|O23344.1|	RecName: Full=Ferredoxin C 1, chloroplastic; Short=AtFdC1; Flags: Precursor [Arabidopsis thaliana]	65.354	127	40	1	37	159	28	154	8.50e-55	172
Dm_00020412-RA	sp|Q9FNJ9.1|	RecName: Full=Probable 2-carboxy-D-arabinitol-1-phosphatase; Flags: Precursor [Arabidopsis thaliana]	64.381	452	138	5	74	516	44	481	0.0	581
Dm_00003448-RA	sp|Q8VZ74.1|	RecName: Full=GTPase ERA-like, chloroplastic; AltName: Full=GTP-binding protein Era-like; Flags: Precursor [Arabidopsis thaliana]	72.727	319	67	1	2	320	129	427	1.34e-173	490
Dm_00014071-RA	sp|F4J3G5.1|	RecName: Full=Carboxyl-terminal-processing peptidase 3, chloroplastic; AltName: Full=D1 C-terminal processing protease 3; AltName: Full=Photosystem II D1 protein processing peptidase 3; Flags: Precursor [Arabidopsis thaliana]	69.488	449	121	4	3	436	71	518	0.0	649
Dm_00013737-RA	sp|P0AAD4.1|	RecName: Full=Tyrosine-specific transport system; AltName: Full=Tyrosine permease; AltName: Full=Tyrosine:H(+) symporter [Escherichia coli K-12]	31.646	395	221	14	106	474	8	379	4.50e-37	143
Dm_00020641-RA	sp|Q9M9W1.1|	RecName: Full=60S ribosomal protein L22-2 [Arabidopsis thaliana]	81.301	123	19	2	1	123	1	119	6.10e-55	170
Dm_00019023-RA	sp|Q680C0.1|	RecName: Full=GDSL esterase/lipase At4g10955 [Arabidopsis thaliana]	29.859	355	201	11	39	362	9	346	1.85e-39	146
Dm_00005418-RA	sp|P10708.1|	RecName: Full=Chlorophyll a-b binding protein 7, chloroplastic; AltName: Full=LHCI type II CAB-7; Flags: Precursor [Solanum lycopersicum]	83.019	265	36	1	1	256	1	265	6.45e-162	452
Dm_00004907-RA	sp|Q8LPH6.1|	RecName: Full=Transcription factor MYB86; AltName: Full=Myb homolog 4; Short=AtMyb4; AltName: Full=Myb-related protein 86; Short=AtMYB86 [Arabidopsis thaliana]	52.190	274	123	3	1	266	1	274	3.64e-89	276
Dm_00005170-RA	sp|P54260.1|	RecName: Full=Aminomethyltransferase, mitochondrial; AltName: Full=Glycine cleavage system T protein; Short=GCVT; Flags: Precursor [Solanum tuberosum]	89.655	406	42	0	5	410	1	406	0.0	765
Dm_00005267-RA	sp|O64730.2|	RecName: Full=Probable protein phosphatase 2C 26; Short=AtPP2C26 [Arabidopsis thaliana]	63.241	253	78	1	17	269	59	296	2.12e-118	343
Dm_00007915-RA	sp|Q944G9.2|	RecName: Full=Fructose-bisphosphate aldolase 2, chloroplastic; Short=AtFBA2; Flags: Precursor [Arabidopsis thaliana]	85.464	399	56	2	1	398	1	398	0.0	702
Dm_00006747-RA	sp|Q8W593.1|	RecName: Full=Probable lactoylglutathione lyase, chloroplastic; AltName: Full=Glyoxalase I; Flags: Precursor [Arabidopsis thaliana]	88.068	176	21	0	10	185	168	343	1.65e-111	325
Dm_00006748-RA	sp|Q8W593.1|	RecName: Full=Probable lactoylglutathione lyase, chloroplastic; AltName: Full=Glyoxalase I; Flags: Precursor [Arabidopsis thaliana]	75.385	130	28	2	49	177	41	167	3.80e-63	202
Dm_00015745-RA	sp|Q8H112.1|	RecName: Full=PGR5-like protein 1A, chloroplastic; AltName: Full=Ferredoxin-plastoquinone reductase 1; Flags: Precursor [Arabidopsis thaliana]	66.990	309	95	2	1	309	1	302	2.47e-146	417
Dm_00015778-RA	sp|Q949Q5.1|	RecName: Full=Photosystem I subunit O; Short=PSI-O; Flags: Precursor [Arabidopsis thaliana]	82.474	97	11	1	8	104	50	140	1.22e-52	164
Dm_00009231-RA	sp|Q9FNB0.1|	RecName: Full=Magnesium-chelatase subunit ChlH, chloroplastic; Short=Mg-chelatase subunit H; AltName: Full=ABA-binding protein; AltName: Full=Mg-protoporphyrin IX chelatase subunit ChlH; AltName: Full=Protein CONDITIONAL CHLORINA; AltName: Full=Protein GENOMES UNCOUPLED 5; AltName: Full=Protein RAPID TRANSPIRATION IN DETACHED LEAVES 1; Flags: Precursor [Arabidopsis thaliana]	85.489	1392	185	8	1	1386	1	1381	0.0	2471
Dm_00002400-RA	sp|P0DKC3.1|	RecName: Full=Phosphoglycolate phosphatase 1A, chloroplastic; Flags: Precursor [Arabidopsis thaliana]	77.534	365	71	5	8	368	4	361	0.0	545
Dm_00002404-RA	sp|Q93V61.1|	RecName: Full=Phospholipase A(1) LCAT3; AltName: Full=Lecithin-cholesterol acyltransferase-like 3 [Arabidopsis thaliana]	68.161	446	134	3	146	589	6	445	0.0	619
Dm_00002248-RA	sp|P81748.2|	RecName: Full=Macrophage migration inhibitory factor homolog; Short=MIF; AltName: Full=L-dopachrome isomerase; AltName: Full=L-dopachrome tautomerase; AltName: Full=Phenylpyruvate tautomerase [Trichuris trichiura]	42.982	114	64	1	1	114	1	113	2.68e-23	89.7
Dm_00013424-RA	sp|O24648.1|	RecName: Full=Gibberellin 3-beta-dioxygenase 1; AltName: Full=GA 3-oxidase 1; AltName: Full=Gibberellin 3 beta-hydroxylase 1 [Pisum sativum]	57.939	359	147	2	13	370	16	371	9.40e-150	430
Dm_00013432-RA	sp|Q05085.1|	RecName: Full=Protein NRT1/ PTR FAMILY 6.3; Short=AtNPF6.3; AltName: Full=Nitrate transporter 1.1; Short=AtNRT1; AltName: Full=Nitrate/chlorate transporter; AltName: Full=Protein CHLORINA 1 [Arabidopsis thaliana]	64.094	596	200	8	1	588	1	590	0.0	753
Dm_00014549-RA	sp|P80470.2|	RecName: Full=Photosystem II core complex proteins psbY, chloroplastic; AltName: Full=L-arginine-metabolizing enzyme; Short=L-AME; Contains: RecName: Full=Photosystem II protein psbY-1, chloroplastic; AltName: Full=psbY-A1; Contains: RecName: Full=Photosystem II protein psbY-2, chloroplastic; AltName: Full=psbY-A2; Flags: Precursor [Spinacia oleracea]	61.039	154	45	6	54	202	56	199	4.17e-51	166
Dm_00004151-RA	sp|Q2QY10.1|	RecName: Full=Calcium-binding protein CBP; Short=OsCBP [Oryza sativa Japonica Group]	61.957	184	67	3	94	274	109	292	9.21e-78	240
Dm_00004916-RA	sp|P06183.1|	RecName: Full=Photosystem II 10 kDa polypeptide, chloroplastic; AltName: Full=Light-inducible tissue-specific ST-LS1 protein; Flags: Precursor [Solanum tuberosum]	75.362	138	25	3	4	135	3	137	8.18e-66	199
Dm_00006073-RA	sp|O04616.1|	RecName: Full=Protein CURVATURE THYLAKOID 1A, chloroplastic; Flags: Precursor [Arabidopsis thaliana]	64.458	166	56	1	6	171	2	164	3.77e-68	207
Dm_00004378-RA	sp|Q39108.2|	RecName: Full=Heterodimeric geranylgeranyl pyrophosphate synthase small subunit, chloroplastic; Flags: Precursor [Arabidopsis thaliana]	70.667	300	71	4	43	339	39	324	1.96e-141	405
Dm_00011902-RA	sp|Q9SQ64.1|	RecName: Full=Non-functional NADPH-dependent codeinone reductase 2 [Papaver somniferum]	59.748	318	127	1	14	331	5	321	9.21e-145	414
Dm_00013634-RA	sp|Q9SU58.2|	RecName: Full=ATPase 4, plasma membrane-type; AltName: Full=Proton pump 4 [Arabidopsis thaliana]	78.897	526	93	4	226	734	435	959	0.0	862
Dm_00013869-RA	sp|Q9C5M1.1|	RecName: Full=Large ribosomal RNA subunit accumulation protein YCED homolog 2, chloroplastic; AltName: Full=Protein DUF177B; Flags: Precursor [Arabidopsis thaliana]	55.396	139	60	2	6	144	50	186	6.35e-51	164
Dm_00018090-RA	sp|Q0DJV6.1|	RecName: Full=Probable calcium-binding protein CML18; AltName: Full=Calmodulin-like protein 18 [Oryza sativa Japonica Group]	55.333	150	56	2	16	159	3	147	3.27e-49	158
Dm_00008043-RA	sp|A0MFS9.1|	RecName: Full=Anoctamin-like protein At1g73020 [Arabidopsis thaliana]	64.769	650	225	3	1	649	1	647	0.0	860
Dm_00006537-RA	sp|Q9ZT96.1|	RecName: Full=Transcription termination factor MTERF4, chloroplastic; AltName: Full=Mitochondrial transcription termination factor 4; AltName: Full=Protein BELAYA SMERT'; AltName: Full=Protein RUGOSA2; Flags: Precursor [Arabidopsis thaliana]	71.734	421	117	2	27	446	98	517	0.0	624
Dm_00007934-RA	sp|Q8LPR5.1|	RecName: Full=Transcription factor TCP4; AltName: Full=Protein MATERNAL EFFECT EMBRYO ARREST 35 [Arabidopsis thaliana]	43.373	415	177	16	12	389	23	416	9.42e-74	238
Dm_00007385-RA	sp|B3H5Q1.2|	RecName: Full=Beta-glucosidase 11; Short=AtBGLU11; Flags: Precursor [Arabidopsis thaliana]	54.867	452	154	3	15	442	86	511	0.0	519
Dm_00014413-RA	sp|Q8LC83.2|	RecName: Full=40S ribosomal protein S24-2 [Arabidopsis thaliana]	83.333	132	22	0	1	132	1	132	1.13e-77	228
Dm_00016921-RA	sp|Q05145.1|	RecName: Full=Malate dehydrogenase [NADP], chloroplastic; AltName: Full=NADP-MDH; Flags: Precursor [Mesembryanthemum crystallinum]	80.132	453	73	5	1	448	1	441	0.0	726
Dm_00019482-RA	sp|Q08935.1|	RecName: Full=29 kDa ribonucleoprotein A, chloroplastic; AltName: Full=CP29A; Flags: Precursor [Nicotiana sylvestris]	42.553	188	96	2	73	248	66	253	2.51e-40	143
Dm_00018909-RA	sp|P93338.1|	RecName: Full=NADP-dependent glyceraldehyde-3-phosphate dehydrogenase; AltName: Full=Glyceraldehyde-3-phosphate dehydrogenase [NADP(+)]; AltName: Full=Non-phosphorylating glyceraldehyde 3-phosphate dehydrogenase; AltName: Full=Triosephosphate dehydrogenase [Nicotiana plumbaginifolia]	91.129	496	44	0	1	496	1	496	0.0	942
Dm_00018215-RA	sp|Q8L883.1|	RecName: Full=Auxin transporter-like protein 5; AltName: Full=AUX1-like protein 5; AltName: Full=MtLAX5 [Medicago truncatula]	78.244	524	68	5	5	521	2	486	0.0	834
Dm_00018737-RA	sp|O49169.1|	RecName: Full=Elongation factor 1-alpha; Short=EF-1-alpha [Manihot esculenta]	96.214	449	17	0	1	449	1	449	0.0	894
Dm_00017791-RA	sp|Q9M0X5.1|	RecName: Full=Cysteine-rich receptor-like protein kinase 25; Short=Cysteine-rich RLK25; Flags: Precursor [Arabidopsis thaliana]	46.995	649	305	13	47	685	15	634	0.0	570
Dm_00017752-RA	sp|Q9ZPW3.3|	RecName: Full=Transcription factor HBI1; AltName: Full=Basic helix-loop-helix protein 64; Short=AtbHLH64; Short=bHLH 64; AltName: Full=Protein HOMOLOG OF BEE2 INTERACTING WITH IBH1; AltName: Full=Transcription factor EN 79; AltName: Full=bHLH transcription factor bHLH064 [Arabidopsis thaliana]	48.261	230	75	6	267	485	74	270	4.89e-52	185
Dm_00010415-RA	sp|P49293.1|	RecName: Full=Phytoene synthase, chloroplastic; AltName: Full=MEL5; Flags: Precursor [Cucumis melo]	84.308	325	49	2	76	399	77	400	0.0	572
Dm_00009220-RA	sp|Q7X9A0.1|	RecName: Full=Ribulose bisphosphate carboxylase/oxygenase activase 1, chloroplastic; Short=RA 1; Short=RuBisCO activase 1; AltName: Full=RuBisCO activase alpha form; Flags: Precursor [Larrea tridentata]	81.818	462	80	4	9	467	16	476	0.0	792
Dm_00011375-RA	sp|Q8LPR5.1|	RecName: Full=Transcription factor TCP4; AltName: Full=Protein MATERNAL EFFECT EMBRYO ARREST 35 [Arabidopsis thaliana]	45.140	463	196	17	150	597	1	420	4.86e-82	266
Dm_00012808-RA	sp|U3U992.1|	RecName: Full=7-deoxyloganetic acid glucosyltransferase; AltName: Full=UDP-glucose glucosyltransferase 8; Short=CrUGT8; AltName: Full=UDP-glycosyltransferase 709C2 [Catharanthus roseus]	52.525	495	209	3	8	499	9	480	0.0	542
Dm_00013328-RA	sp|Q8LG89.2|	RecName: Full=Basic blue protein; AltName: Full=Plantacyanin; Flags: Precursor [Arabidopsis thaliana]	58.268	127	50	2	4	128	3	128	1.15e-48	154
Dm_00012642-RA	sp|P05414.1|	RecName: Full=Glycolate oxidase; Short=GAO; Short=GOX; AltName: Full=Short chain alpha-hydroxy acid oxidase [Spinacia oleracea]	91.599	369	31	0	1	369	1	369	0.0	687
Dm_00012162-RA	sp|Q9FY93.1|	RecName: Full=NAC domain-containing protein 83; Short=ANAC083; AltName: Full=Protein VND-INTERACTING 2 [Arabidopsis thaliana]	52.288	153	65	2	15	161	12	162	7.70e-48	160
Dm_00011000-RA	sp|P32980.1|	RecName: Full=ATP synthase delta chain, chloroplastic; AltName: Full=F-ATPase delta chain; Flags: Precursor [Nicotiana tabacum]	53.696	257	109	3	1	256	1	248	3.09e-87	262
Dm_00010990-RA	sp|P26302.1|	RecName: Full=Phosphoribulokinase, chloroplastic; Short=PRK; Short=PRKase; AltName: Full=Phosphopentokinase; Flags: Precursor [Triticum aestivum]	79.227	414	68	3	1	406	1	404	0.0	679
Dm_00008193-RA	sp|Q8RWG2.1|	RecName: Full=Protein high chlorophyll fluorescent 107; Flags: Precursor [Arabidopsis thaliana]	59.011	627	214	8	31	624	22	638	0.0	711
Dm_00002414-RA	sp|Q9SD53.1|	RecName: Full=UPF0481 protein At3g47200 [Arabidopsis thaliana]	31.778	450	252	17	74	503	40	454	5.45e-52	193
Dm_00002515-RA	sp|F4HZK4.1|	RecName: Full=Protein REDUCED CHLOROPLAST COVERAGE 3 [Arabidopsis thaliana]	53.641	1236	403	29	12	1233	49	1128	0.0	1189
Dm_00002514-RA	sp|F4HZK4.1|	RecName: Full=Protein REDUCED CHLOROPLAST COVERAGE 3 [Arabidopsis thaliana]	53.165	79	37	0	1	79	1	79	6.57e-21	90.1
Dm_00002536-RA	sp|Q9C5R8.3|	RecName: Full=2-Cys peroxiredoxin BAS1-like, chloroplastic; Short=2-Cys Prx B; Short=2-Cys peroxiredoxin B; AltName: Full=Thiol-specific antioxidant protein B; AltName: Full=Thioredoxin-dependent peroxiredoxin BAS1-like; Flags: Precursor [Arabidopsis thaliana]	82.301	226	32	1	67	292	56	273	8.47e-137	390
Dm_00002270-RA	sp|Q84W41.1|	RecName: Full=Glutamate receptor 3.6; AltName: Full=Ligand-gated ion channel 3.6; Flags: Precursor [Arabidopsis thaliana]	53.398	927	401	8	11	935	3	900	0.0	1048
Dm_00002274-RA	sp|Q0DXZ1.1|	RecName: Full=Cellulose synthase-like protein E2; AltName: Full=OsCslE2 [Oryza sativa Japonica Group]	50.345	145	51	4	9	132	18	162	1.04e-36	137
Dm_00002278-RA	sp|P00072.1|	RecName: Full=Cytochrome c [Fagopyrum esculentum]	92.793	111	8	0	2	112	1	111	1.03e-75	221
Dm_00007664-RA	sp|Q9FMY1.1|	RecName: Full=Cytochrome P450 86B1 [Arabidopsis thaliana]	48.544	515	249	6	16	529	36	535	1.72e-177	515
Dm_00007433-RA	sp|P00455.1|	RecName: Full=Ferredoxin--NADP reductase, chloroplastic; Short=FNR; Flags: Precursor [Spinacia oleracea]	82.114	369	60	1	1	363	1	369	0.0	620
Dm_00011295-RA	sp|P16016.2|	RecName: Full=Carbonic anhydrase, chloroplastic; AltName: Full=Carbonate dehydratase; Flags: Precursor [Spinacia oleracea]	76.446	242	50	1	1	235	78	319	6.61e-135	385
Dm_00007628-RA	sp|Q9LK94.1|	RecName: Full=Monodehydroascorbate reductase 4, peroxisomal; Short=AtMDAR4 [Arabidopsis thaliana]	82.278	237	42	0	1	237	1	237	2.67e-134	389
Dm_00007627-RA	sp|Q9LK94.1|	RecName: Full=Monodehydroascorbate reductase 4, peroxisomal; Short=AtMDAR4 [Arabidopsis thaliana]	61.074	298	109	4	17	312	195	487	5.56e-109	328
Dm_00007767-RA	sp|P49211.2|	RecName: Full=60S ribosomal protein L32-1 [Arabidopsis thaliana]	82.540	126	22	0	1	126	1	126	1.72e-74	220
Dm_00007945-RA	sp|P12360.1|	RecName: Full=Chlorophyll a-b binding protein 6A, chloroplastic; AltName: Full=LHCI type I CAB-6A; AltName: Full=Light-harvesting complex I 26 kDa protein; Flags: Precursor [Solanum lycopersicum]	79.200	250	44	2	5	253	3	245	9.71e-144	405
Dm_00015176-RA	sp|B9HQZ6.1|	RecName: Full=Alanine--tRNA ligase, chloroplastic/mitochondrial; AltName: Full=Alanyl-tRNA synthetase; Short=AlaRS; Flags: Precursor [Populus trichocarpa]	78.463	924	195	2	164	1087	75	994	0.0	1493
Dm_00000834-RA	sp|F6H7K5.1|	RecName: Full=Thiamine thiazole synthase 2, chloroplastic; AltName: Full=Thiazole biosynthetic enzyme 2; Flags: Precursor [Vitis vinifera]	77.686	363	70	6	65	424	1	355	0.0	562
Dm_00000619-RA	sp|Q8LD26.1|	RecName: Full=Dormancy-associated protein homolog 3; AltName: Full=DRM1 homolog 3 [Arabidopsis thaliana]	67.500	120	30	3	1	111	1	120	2.83e-41	136
Dm_00001139-RA	sp|P82278.2|	RecName: Full=30S ribosomal protein S9, chloroplastic; AltName: Full=Chloroplastic small ribosomal subunit protein uS9c; Flags: Precursor [Spinacia oleracea]	68.493	219	57	3	1	219	1	207	5.71e-103	299
Dm_00003377-RA	sp|Q10S70.1|	RecName: Full=Expansin-like A1; AltName: Full=OsEXLA1; AltName: Full=OsEXPL1; AltName: Full=OsaEXPb2.1; Flags: Precursor [Oryza sativa Japonica Group]	46.209	277	117	4	17	291	33	279	4.64e-83	254
Dm_00000442-RA	sp|Q94A65.1|	RecName: Full=Rhodanese-like domain-containing protein 14, chloroplastic; AltName: Full=Sulfurtransferase 14; Short=AtStr14; Flags: Precursor [Arabidopsis thaliana]	81.379	145	27	0	6	150	74	218	2.56e-88	259
Dm_00000464-RA	sp|Q9FGM0.1|	RecName: Full=ATP-dependent zinc metalloprotease FTSH 11, chloroplastic/mitochondrial; Short=AtFTSH11; Flags: Precursor [Arabidopsis thaliana]	65.531	734	217	8	67	770	59	786	0.0	927
Dm_00001242-RA	sp|Q9SGS4.1|	RecName: Full=Thioredoxin-like protein CDSP32, chloroplastic; AltName: Full=Chloroplastic drought-induced stress protein of 32 KDa; Short=AtCDSP32; Flags: Precursor [Arabidopsis thaliana]	60.000	320	103	4	1	320	8	302	2.22e-131	379
Dm_00001267-RA	sp|P49317.1|	RecName: Full=Catalase isozyme 3 [Nicotiana plumbaginifolia]	90.428	491	47	0	1	491	1	491	0.0	937
Dm_00000623-RA	sp|H6WS94.1|	RecName: Full=Pleiotropic drug resistance protein 1; AltName: Full=ABC transporter G family PDR1; AltName: Full=Strigolactone transporter [Petunia x hybrida]	72.195	1453	393	3	1	1443	1	1452	0.0	2240
Dm_00011885-RA	sp|Q8LPQ6.1|	RecName: Full=ABC transporter B family member 28; Short=ABC transporter ABCB.28; Short=AtABCB28; AltName: Full=Non-intrinsic ABC protein 8; AltName: Full=TAP-related protein 1 [Arabidopsis thaliana]	66.810	699	197	9	22	709	40	714	0.0	923
Dm_00011808-RA	sp|Q9C7Y4.1|	RecName: Full=Ferredoxin C 2, chloroplastic; Short=AtFdC2; Flags: Precursor [Arabidopsis thaliana]	60.638	188	58	5	7	190	6	181	5.43e-66	203
Dm_00011681-RA	sp|O65090.1|	RecName: Full=Ribosomal RNA small subunit methyltransferase, chloroplastic; AltName: Full=Dimethyladenosine transferase 1C; AltName: Full=Protein PALEFACE 1; Flags: Precursor [Arabidopsis thaliana]	62.805	328	118	1	16	343	19	342	5.59e-147	422
Dm_00012696-RA	sp|C0Z2L5.1|	RecName: Full=bZIP transcription factor 44; Short=AtbZIP44 [Arabidopsis thaliana]	55.147	136	58	2	10	144	9	142	7.32e-41	139
Dm_00012028-RA	sp|Q8VY09.1|	RecName: Full=Protein DJ-1 homolog C; Short=AtDJ1C; Flags: Precursor [Arabidopsis thaliana]	60.345	406	146	3	79	482	79	471	3.36e-171	493
Dm_00016456-RA	sp|P12355.1|	RecName: Full=Photosystem I reaction center subunit III, chloroplastic; AltName: Full=Light-harvesting complex I 17 kDa protein; AltName: Full=PSI-F; Flags: Precursor [Spinacia oleracea]	71.186	236	59	2	1	233	1	230	2.46e-114	329
Dm_00002179-RA	sp|Q9C793.1|	RecName: Full=Protein argonaute 7; AltName: Full=Protein ZIPPY [Arabidopsis thaliana]	66.929	889	249	12	30	918	147	990	0.0	1207
Dm_00004890-RA	sp|F4IFC5.1|	RecName: Full=Threonine--tRNA ligase, chloroplastic/mitochondrial 2; AltName: Full=Protein EMBRYO DEFECTIVE 2761; AltName: Full=Threonyl-tRNA synthetase; Short=ThrRS; Flags: Precursor [Arabidopsis thaliana]	82.305	616	105	2	54	669	39	650	0.0	1083
Dm_00016619-RA	sp|Q9FJ95.1|	RecName: Full=Sorbitol dehydrogenase; Short=SDH; AltName: Full=Polyol dehydrogenase; AltName: Full=Ribitol dehydrogenase; Short=RDH; AltName: Full=Xylitol dehydrogenase; Short=XDH [Arabidopsis thaliana]	82.418	364	60	1	134	493	1	364	0.0	629
Dm_00011171-RA	sp|Q93XX8.2|	RecName: Full=H/ACA ribonucleoprotein complex subunit 3-like protein; AltName: Full=Nucleolar protein 10 [Arabidopsis thaliana]	55.435	92	6	2	1	92	1	57	7.88e-23	86.3
Dm_00010495-RA	sp|Q8LCA1.2|	RecName: Full=Protein CURVATURE THYLAKOID 1B, chloroplastic; AltName: Full=Photosystem I protein P; AltName: Full=Thylakoid membrane phosphoprotein 14 kDa; Flags: Precursor [Arabidopsis thaliana]	50.000	114	47	3	34	142	35	143	2.84e-22	90.5
Dm_00011427-RA	sp|Q93ZF5.1|	RecName: Full=Phosphate transporter PHO1 homolog 1; AltName: Full=Protein PHO1 homolog 1; Short=AtPHO1;H1 [Arabidopsis thaliana]	70.640	797	217	9	1	793	1	784	0.0	1103
Dm_00019784-RA	sp|P0DKI6.1|	RecName: Full=Probable receptor-like protein kinase At1g33260 [Arabidopsis thaliana]	52.978	319	124	9	54	350	28	342	6.61e-104	312
Dm_00019538-RA	sp|A0A061DM17.1|	RecName: Full=Probable methyltransferase TCM_000336 [Theobroma cacao]	55.914	93	38	1	8	100	85	174	1.71e-30	113
Dm_00004715-RA	sp|Q04127.1|	RecName: Full=Oxygen-evolving enhancer protein 2-3, chloroplastic; Short=OEE2; AltName: Full=23 kDa subunit of oxygen evolving system of photosystem II; AltName: Full=23 kDa thylakoid membrane protein; AltName: Full=OEC 23 kDa subunit; Flags: Precursor [Nicotiana tabacum]	75.646	271	61	4	1	271	1	266	4.41e-144	407
Dm_00004045-RA	sp|O22768.2|	RecName: Full=Transcription factor UNE12; AltName: Full=Basic helix-loop-helix protein 59; Short=AtbHLH59; Short=bHLH 59; AltName: Full=Protein UNFERTILIZED EMBRYO SAC 12; AltName: Full=Transcription factor EN 93; AltName: Full=bHLH transcription factor bHLH059 [Arabidopsis thaliana]	56.908	304	104	9	16	305	17	307	3.50e-86	264
Dm_00003925-RA	sp|K4BW79.1|	RecName: Full=2-methylene-furan-3-one reductase; AltName: Full=Enone oxidoreductase; Short=SlEO; Flags: Precursor [Solanum lycopersicum]	78.322	143	31	0	1	143	246	388	1.29e-75	232
Dm_00001208-RA	sp|O80796.1|	RecName: Full=Membrane-associated protein VIPP1, chloroplastic; AltName: Full=Protein VESICLE-INDUCING PROTEIN IN PLASTIDS 1; Flags: Precursor [Arabidopsis thaliana]	71.131	336	86	5	1	331	1	330	1.03e-163	462
Dm_00001217-RA	sp|P23993.1|	RecName: Full=Photosystem I reaction center subunit XI, chloroplastic; Short=PSI-L; AltName: Full=PSI subunit V; Flags: Precursor [Hordeum vulgare]	66.524	233	54	3	1	233	1	209	7.67e-92	273
Dm_00002319-RA	sp|Q42485.1|	RecName: Full=Zinc finger protein 1; Short=AtZFP1 [Arabidopsis thaliana]	39.320	206	77	11	89	286	63	228	1.31e-24	101
Dm_00003584-RA	sp|Q9M4Y3.1|	RecName: Full=30S ribosomal protein S10, chloroplastic; Flags: Precursor [Mesembryanthemum crystallinum]	64.677	201	59	2	1	193	1	197	5.53e-78	234
Dm_00020362-RA	sp|Q9SV07.1|	RecName: Full=Acyl-CoA--sterol O-acyltransferase 1; AltName: Full=Sterol O-acyltransferase 1 [Arabidopsis thaliana]	48.718	351	168	5	8	357	1	340	1.73e-105	316
Dm_00001470-RA	sp|O80874.1|	RecName: Full=Internal alternative NAD(P)H-ubiquinone oxidoreductase A2, mitochondrial; AltName: Full=Internal alternative NADH dehydrogenase NDA2; AltName: Full=NADH:ubiquinone reductase (non-electrogenic) NDA2; Flags: Precursor [Arabidopsis thaliana]	66.805	482	157	3	41	520	28	508	0.0	658
Dm_00002086-RA	sp|Q8LPF8.1|	RecName: Full=O-fucosyltransferase 29; Short=O-FucT-29; AltName: Full=O-fucosyltransferase family protein [Arabidopsis thaliana]	75.304	494	118	2	49	541	41	531	0.0	751
Dm_00001802-RA	sp|P38661.1|	RecName: Full=Probable protein disulfide-isomerase A6; AltName: Full=P5; Flags: Precursor [Medicago sativa]	70.360	361	107	0	1	361	3	363	0.0	524
Dm_00009633-RA	sp|P82411.1|	RecName: Full=50S ribosomal protein 6, chloroplastic; AltName: Full=CL25; AltName: Full=Chloroplastic large ribosomal subunit protein cL38; AltName: Full=Plastid-specific 50S ribosomal protein 6; Short=PSRP-6; Flags: Precursor [Spinacia oleracea]	53.191	94	42	1	1	92	1	94	3.77e-28	102
Dm_00009791-RA	sp|Q8VZR6.1|	RecName: Full=Inositol transporter 1 [Arabidopsis thaliana]	77.433	483	109	0	1	483	3	485	0.0	741
Dm_00012472-RA	sp|Q0WMJ8.1|	RecName: Full=Signal peptide peptidase-like 4; Short=AtSPPL4; Flags: Precursor [Arabidopsis thaliana]	72.472	534	135	5	20	546	12	540	0.0	783
Dm_00000466-RA	sp|Q8LAD0.1|	RecName: Full=Probable pyridoxal 5'-phosphate synthase subunit PDX2; Short=AtPDX2; AltName: Full=Protein EMBRYO DEFECTIVE 2407; AltName: Full=Pyridoxal 5'-phosphate synthase glutaminase subunit [Arabidopsis thaliana]	71.103	263	61	5	1	257	1	254	4.81e-128	366
Dm_00014939-RA	sp|Q9FME3.1|	RecName: Full=Transcription factor TCP5 [Arabidopsis thaliana]	87.952	83	10	0	57	139	47	129	1.03e-44	160
Dm_00013870-RA	sp|P82190.2|	RecName: Full=50S ribosomal protein L27, chloroplastic; AltName: Full=CL27; AltName: Full=Chloroplastic large ribosomal subunit protein bL27c; Flags: Precursor [Spinacia oleracea]	70.968	186	45	4	2	183	3	183	1.60e-78	235
Dm_00010527-RA	sp|Q5JLR7.1|	RecName: Full=Dof zinc finger protein 5; Short=OsDof5 [Oryza sativa Japonica Group]	85.714	49	7	0	210	258	109	157	2.25e-24	103
Dm_00009225-RA	sp|P48384.1|	RecName: Full=Thioredoxin M-type, chloroplastic; Short=Trx-M; Flags: Precursor [Pisum sativum]	71.287	101	29	0	75	175	72	172	5.92e-54	171
Dm_00001082-RA	sp|P26320.1|	RecName: Full=Oxygen-evolving enhancer protein 1, chloroplastic; Short=OEE1; AltName: Full=33 kDa subunit of oxygen evolving system of photosystem II; AltName: Full=33 kDa thylakoid membrane protein; AltName: Full=OEC 33 kDa subunit; Flags: Precursor [Solanum tuberosum]	80.702	342	54	6	2	341	1	332	0.0	533
Dm_00000696-RA	sp|O22436.1|	RecName: Full=Magnesium-chelatase subunit ChlI, chloroplastic; Short=Mg-chelatase subunit I-1; AltName: Full=Mg-protoporphyrin IX chelatase subunit ChlI; Flags: Precursor [Nicotiana tabacum]	83.463	387	63	1	23	408	37	423	0.0	644
Dm_00000687-RA	sp|P82244.1|	RecName: Full=50S ribosomal protein L34, chloroplastic; AltName: Full=CL34; AltName: Full=Chloroplastic large ribosomal subunit protein bL34c; Flags: Precursor [Spinacia oleracea]	75.294	85	15	1	7	91	70	148	8.33e-35	119
Dm_00000700-RA	sp|Q8LGN0.3|	RecName: Full=Glutamate receptor 2.7; AltName: Full=Ligand-gated ion channel 2.7; Flags: Precursor [Arabidopsis thaliana]	30.435	851	502	22	11	814	3	810	1.45e-121	392
Dm_00001824-RA	sp|Q9SA52.1|	RecName: Full=Chloroplast stem-loop binding protein of 41 kDa b, chloroplastic; Short=CSP41-b; AltName: Full=Heteroglycan-interacting protein 1.3; AltName: Full=Protein CHLOROPLAST RNA BINDING; AltName: Full=Protein Gb5f; Flags: Precursor [Arabidopsis thaliana]	83.481	339	56	0	37	375	34	372	0.0	607
Dm_00001816-RA	sp|Q8VZ10.1|	RecName: Full=Protein SUPPRESSOR OF QUENCHING 1, chloroplastic; Flags: Precursor [Arabidopsis thaliana]	67.554	601	168	5	1	583	1	592	0.0	827
Dm_00001817-RA	sp|Q8VZ10.1|	RecName: Full=Protein SUPPRESSOR OF QUENCHING 1, chloroplastic; Flags: Precursor [Arabidopsis thaliana]	56.294	286	82	2	53	337	759	1002	6.86e-99	318
Dm_00009796-RA	sp|Q2V9B0.1|	RecName: Full=Transcription factor MYB1R1; AltName: Full=Myb-related protein R1; Short=StMYB1R-1 [Solanum tuberosum]	48.658	298	110	9	10	280	16	297	1.74e-58	191
Dm_00010564-RA	sp|Q9FGS0.1|	RecName: Full=RNA-binding protein CP31B, chloroplastic; Flags: Precursor [Arabidopsis thaliana]	37.576	165	96	3	102	265	115	273	5.17e-27	108
Dm_00011945-RA	sp|Q9S7E9.1|	RecName: Full=Glutamate--glyoxylate aminotransferase 2; Short=AtGGT2; AltName: Full=Alanine aminotransferase GGT2; AltName: Full=Alanine--glyoxylate aminotransferase GGT2; AltName: Full=Alanine-2-oxoglutarate aminotransferase 2 [Arabidopsis thaliana]	83.576	481	70	1	2	473	1	481	0.0	838
Dm_00011031-RA	sp|F4IW47.1|	RecName: Full=Transketolase-2, chloroplastic; Short=TK; Flags: Precursor [Arabidopsis thaliana]	80.514	739	136	3	1	732	1	738	0.0	1250
Dm_00009153-RA	sp|Q9LYA9.1|	RecName: Full=Chloroplast stem-loop binding protein of 41 kDa a, chloroplastic; Short=CSP41-a; Flags: Precursor [Arabidopsis thaliana]	76.724	348	81	0	69	416	59	406	0.0	567
Dm_00010773-RA	sp|Q43847.3|	RecName: Full=Granule-bound starch synthase 2, chloroplastic/amyloplastic; AltName: Full=Granule-bound starch synthase II; Short=GBSS-II; Short=SS II; Flags: Precursor [Solanum tuberosum]	64.453	768	242	11	66	820	18	767	0.0	968
Dm_00001175-RA	sp|F4J2K2.1|	RecName: Full=Folylpolyglutamate synthase; AltName: Full=DHFS-FPGS homolog C; AltName: Full=Folylpoly-gamma-glutamate synthetase; Short=FPGS; AltName: Full=Tetrahydrofolylpolyglutamate synthase; Short=Tetrahydrofolate synthase [Arabidopsis thaliana]	60.356	449	159	4	92	530	51	490	0.0	545
Dm_00001182-RA	sp|O22213.1|	RecName: Full=Cytokinin dehydrogenase 1; AltName: Full=Cytokinin oxidase 1; Short=AtCKX1; Short=CKO 1; Flags: Precursor [Arabidopsis thaliana]	57.034	526	180	8	1	485	22	542	0.0	603
Dm_00003870-RA	sp|Q9T029.1|	RecName: Full=40S ribosomal protein S25-4 [Arabidopsis thaliana]	73.770	122	18	1	1	122	1	108	4.21e-44	142
Dm_00004014-RA	sp|Q93YQ7.1|	RecName: Full=Endoglucanase 24; AltName: Full=Endo-1,4-beta glucanase 24; Flags: Precursor [Arabidopsis thaliana]	72.093	473	132	0	23	495	22	494	0.0	722
Dm_00004052-RA	sp|Q0WVX5.1|	RecName: Full=Probable starch synthase 4, chloroplastic/amyloplastic; Short=AtSS4; AltName: Full=Soluble starch synthase IV; Short=SSIV; Flags: Precursor [Arabidopsis thaliana]	61.843	1009	304	9	7	949	43	1036	0.0	1224
Dm_00004053-RA	sp|P07369.1|	RecName: Full=Chlorophyll a-b binding protein 3C, chloroplastic; AltName: Full=LHCII type I CAB-3C; Short=LHCP; Flags: Precursor [Solanum lycopersicum]	88.060	268	31	1	1	268	1	267	1.19e-176	489
Dm_00001895-RA	sp|Q8VYB2.1|	RecName: Full=Uridine kinase-like protein 3; Includes: RecName: Full=Uridine kinase; Short=UK; Includes: RecName: Full=Putative uracil phosphoribosyltransferase; Short=UPRTase; AltName: Full=UMP pyrophosphorylase [Arabidopsis thaliana]	82.863	461	73	2	4	463	1	456	0.0	795
Dm_00001315-RA	sp|O81832.4|	RecName: Full=G-type lectin S-receptor-like serine/threonine-protein kinase At4g27290; Flags: Precursor [Arabidopsis thaliana]	50.543	829	349	10	116	936	1	776	0.0	809
Dm_00005187-RA	sp|K4CF70.1|	RecName: Full=Fatty acid hydroperoxide lyase, chloroplastic; Short=LeHPL; AltName: Full=Cytochrome P450 74B [Solanum lycopersicum]	60.417	480	166	5	53	531	19	475	0.0	598
Dm_00005584-RA	sp|Q8H1Q1.1|	RecName: Full=Thylakoid lumenal protein TL20.3, chloroplastic; Flags: Precursor [Arabidopsis thaliana]	81.633	196	26	1	22	207	85	280	2.65e-113	327
Dm_00009642-RA	sp|Q9XSC3.1|	RecName: Full=WD repeat-containing protein 44; AltName: Full=Rab11-binding protein; AltName: Full=Rabphilin-11 [Bos taurus]	31.239	573	300	19	257	792	345	860	1.23e-61	229
Dm_00006682-RA	sp|Q8W469.1|	RecName: Full=Signal peptide peptidase-like 2; Short=AtSPPL2; Flags: Precursor [Arabidopsis thaliana]	73.855	524	110	3	26	540	25	530	0.0	786
Dm_00005229-RA	sp|P49293.1|	RecName: Full=Phytoene synthase, chloroplastic; AltName: Full=MEL5; Flags: Precursor [Cucumis melo]	86.127	346	46	2	77	421	78	422	0.0	626
Dm_00005399-RA	sp|P29602.3|	RecName: Full=Cucumber peeling cupredoxin; Short=CPC; AltName: Full=Stellacyanin [Cucumis sativus]	45.794	107	55	3	29	132	3	109	2.45e-24	96.7
Dm_00003965-RA	sp|Q55720.1|	RecName: Full=Ycf49-like protein [Synechocystis sp. PCC 6803 substr. Kazusa]	59.701	67	27	0	98	164	2	68	2.10e-24	94.0
Dm_00001698-RA	sp|A0A068Q721.1|	RecName: Full=Cytochrome P450 71AP13 [Prunus mume]	71.784	482	132	4	24	504	35	513	0.0	707
Dm_00018940-RA	sp|P51119.1|	RecName: Full=Glutamine synthetase cytosolic isozyme 2; AltName: Full=Glutamate--ammonia ligase [Vitis vinifera]	89.326	356	38	0	1	356	1	356	0.0	671
Dm_00020586-RA	sp|Q43147.1|	RecName: Full=Cytochrome P450 85A1; AltName: Full=C6-oxidase; AltName: Full=Dwarf protein [Solanum lycopersicum]	74.686	478	104	2	53	530	1	461	0.0	761
Dm_00020618-RA	sp|Q76CU2.1|	RecName: Full=Pleiotropic drug resistance protein 1; AltName: Full=NtPDR1 [Nicotiana tabacum]	62.602	615	187	3	181	785	549	1130	0.0	798
Dm_00012674-RA	sp|Q42649.2|	RecName: Full=Fructose-1,6-bisphosphatase, cytosolic; Short=FBPase; AltName: Full=D-fructose-1,6-bisphosphate 1-phosphohydrolase [Beta vulgaris]	87.847	288	35	0	61	348	53	340	0.0	536
Dm_00012675-RA	sp|Q9MA79.1|	RecName: Full=Fructose-1,6-bisphosphatase, cytosolic; Short=FBPase; AltName: Full=D-fructose-1,6-bisphosphate 1-phosphohydrolase; AltName: Full=Protein FRUCTOSE INSENSITIVE 1 [Arabidopsis thaliana]	96.226	53	2	0	1	53	1	53	1.03e-30	112
Dm_00012202-RA	sp|Q9FN15.1|	RecName: Full=Protein CONSERVED IN THE GREEN LINEAGE AND DIATOMS 27, chloroplastic; Flags: Precursor [Arabidopsis thaliana]	73.171	287	70	4	37	319	44	327	1.83e-136	392
Dm_00007196-RA	sp|Q39732.1|	RecName: Full=Glycine cleavage system H protein, mitochondrial; Flags: Precursor [Flaveria anomala]	67.539	191	32	3	16	205	1	162	6.01e-82	243
Dm_00008452-RA	sp|Q6E593.1|	RecName: Full=Benzyl alcohol O-benzoyltransferase; Short=PhBEBT1; AltName: Full=Acetyl CoA:3-hydroxybenzyl alcohol acetyltransferase; AltName: Full=Acetyl CoA:benzyl alcohol acetyltransferase; AltName: Full=Acetyl CoA:geraniol acetyltransferase; AltName: Full=Benzoyl coenzyme A:benzyl alcohol benzoyl transferase; Short=Benzyl CoA:benzyl alcohol/phenylethanol benzoyltransferase; Short=PhBPBT; AltName: Full=Benzyl CoA:(3Z)-hex-3-en-1-ol benzoyltransferase; AltName: Full=Benzyl CoA:2-phenylethanol benzoyltransferase; AltName: Full=Benzyl CoA:3-hydroxybenzyl alcohol benzoyltransferase; AltName: Full=Benzyl CoA:butanol benzoyltransferase; AltName: Full=Benzyl CoA:geraniol benzoyltransferase; AltName: Full=Benzyl CoA:octan-1-ol benzoyltransferase [Petunia x hybrida]	59.100	489	151	7	12	498	5	446	0.0	553
Dm_00008454-RA	sp|O80452.2|	RecName: Full=AMP deaminase; Short=AtAMPD; AltName: Full=Protein EMBRYONIC FACTOR 1 [Arabidopsis thaliana]	65.261	498	155	7	48	538	1	487	0.0	611
Dm_00012066-RA	sp|Q9XHS0.1|	RecName: Full=40S ribosomal protein S12 [Hordeum vulgare]	79.208	101	21	0	1	101	24	124	9.89e-54	167
Dm_00011459-RA	sp|Q9LR64.1|	RecName: Full=Photosystem II repair protein PSB27-H1, chloroplastic; Short=Psb27-H1; AltName: Full=Thylakoid lumenal protein PSB27-H1; Flags: Precursor [Arabidopsis thaliana]	66.423	137	41	1	42	173	38	174	7.28e-60	186
Dm_00009021-RA	sp|Q9SVG3.1|	RecName: Full=Berberine bridge enzyme-like 21; Short=AtBBE-like 21; Flags: Precursor [Arabidopsis thaliana]	56.548	504	211	5	55	553	35	535	0.0	554
Dm_00010084-RA	sp|O82413.1|	RecName: Full=Histidine--tRNA ligase, chloroplastic/mitochondrial; AltName: Full=Histidyl-tRNA synthetase; Short=HisRS; AltName: Full=Histidyl-tRNA synthetase 1; Short=AtHRS1; Flags: Precursor [Arabidopsis thaliana]	71.800	461	102	2	73	505	26	486	0.0	663
Dm_00009533-RA	sp|Q9XGX0.1|	RecName: Full=Protein SHORT INTERNODES [Arabidopsis thaliana]	41.337	404	154	15	1	394	1	331	7.91e-71	228
Dm_00001416-RA	sp|Q8VYG9.1|	RecName: Full=Plant intracellular Ras-group-related LRR protein 9 [Arabidopsis thaliana]	54.682	534	204	8	2	535	4	499	0.0	521
Dm_00001435-RA	sp|Q5VST6.1|	RecName: Full=Alpha/beta hydrolase domain-containing protein 17B; Short=Abhydrolase domain-containing protein 17B [Homo sapiens]	45.247	263	115	7	8	243	22	282	1.55e-66	214
Dm_00001479-RA	sp|Q9SU44.1|	RecName: Full=Growth-regulating factor 8; Short=AtGRF8; AltName: Full=Transcription activator GRF8 [Arabidopsis thaliana]	36.579	380	155	16	21	360	143	476	1.84e-43	161
Dm_00001482-RA	sp|R4HZ96.1|	RecName: Full=Beta-carotene isomerase D27, chloroplastic; AltName: Full=Protein DWARF-27; Flags: Precursor [Medicago truncatula]	39.130	207	114	4	53	256	53	250	4.32e-48	162
Dm_00001492-RA	sp|P82413.2|	RecName: Full=50S ribosomal protein L19, chloroplastic; AltName: Full=CL19; AltName: Full=Chloroplastic large ribosomal subunit protein bL19c; Flags: Precursor [Spinacia oleracea]	53.361	238	98	4	1	232	1	231	1.26e-72	224
Dm_00018876-RA	sp|Q9SUI5.2|	RecName: Full=Photosystem I reaction center subunit psaK, chloroplastic; AltName: Full=PSI-K; AltName: Full=Photosystem I subunit X; Flags: Precursor [Arabidopsis thaliana]	89.189	74	8	0	1	74	57	130	1.23e-40	132
Dm_00013090-RA	sp|Q84KG5.1|	RecName: Full=Carotenoid 9,10(9',10')-cleavage dioxygenase; AltName: Full=CsCCD [Crocus sativus]	73.404	564	119	5	16	574	5	542	0.0	847
Dm_00011101-RA	sp|P38365.2|	RecName: Full=Ferredoxin-thioredoxin reductase, variable chain, chloroplastic; Short=FTR-V; AltName: Full=Ferredoxin-thioredoxin reductase subunit A; Short=FTR-A; Flags: Precursor [Spinacia oleracea]	68.235	85	26	1	104	187	88	172	1.35e-35	125
Dm_00011949-RA	sp|Q8LFP7.2|	RecName: Full=Aquaporin NIP1-2; AltName: Full=NOD26-like intrinsic protein 1-2; Short=AtNIP1;2; AltName: Full=Nodulin-26-like major intrinsic protein 2; Short=NodLikeMip2; Short=Protein NLM2 [Arabidopsis thaliana]	61.728	243	84	2	1	236	54	294	3.26e-103	303
Dm_00012786-RA	sp|Q3E958.1|	RecName: Full=Ethylene-responsive transcription factor SHINE 3 [Arabidopsis thaliana]	51.174	213	73	3	2	214	1	182	3.23e-68	210
Dm_00011166-RA	sp|O82279.1|	RecName: Full=Protein CONSERVED ONLY IN THE GREEN LINEAGE 160, chloroplastic; Short=AtCGL160; Flags: Precursor [Arabidopsis thaliana]	50.716	349	126	7	97	415	1	333	2.34e-107	323
Dm_00013877-RA	sp|Q39836.1|	RecName: Full=Guanine nucleotide-binding protein subunit beta-like protein [Glycine max]	83.030	330	43	1	7	336	3	319	0.0	566
Dm_00007334-RA	sp|F4K0E8.1|	RecName: Full=4-hydroxy-3-methylbut-2-en-1-yl diphosphate synthase (ferredoxin), chloroplastic; AltName: Full=1-hydroxy-2-methyl-2-(E)-butenyl 4-diphosphate synthase; AltName: Full=Protein CHLOROPLAST BIOGENESIS 4; AltName: Full=Protein CONSTITUTIVE SUBTILISIN 3; Flags: Precursor [Arabidopsis thaliana]	83.401	741	122	1	10	750	1	740	0.0	1303
Dm_00018436-RA	sp|Q9ZS34.1|	RecName: Full=Geranylgeranyl diphosphate reductase, chloroplastic; AltName: Full=Geranylgeranyl reductase; Flags: Precursor [Nicotiana tabacum]	82.543	464	79	2	1	464	1	462	0.0	761
Dm_00007308-RA	sp|Q9M8R4.1|	RecName: Full=Protein DJ-1 homolog D; Short=AtDJ1D; AltName: Full=Lactoylglutathione lyase DJ1D [Arabidopsis thaliana]	74.870	386	96	1	1	385	1	386	0.0	609
Dm_00006702-RA	sp|Q41228.1|	RecName: Full=Photosystem I reaction center subunit IV A, chloroplastic; Short=PSI-E A; Contains: RecName: Full=Photosystem I reaction center subunit IV A isoform 2; Flags: Precursor [Nicotiana sylvestris]	66.892	148	41	4	1	147	1	141	2.80e-49	157
Dm_00008368-RA	sp|Q944R1.1|	RecName: Full=Probable pectate lyase 15; AltName: Full=Pectate lyase A11; Flags: Precursor [Arabidopsis thaliana]	78.820	373	79	0	14	386	98	470	0.0	651
Dm_00005318-RA	sp|K4B6C9.1|	RecName: Full=Protein EXPRESSION OF TERPENOIDS 1; Short=SlEOT1 [Solanum lycopersicum]	43.602	422	152	14	1	409	1	349	9.79e-82	257
Dm_00001342-RA	sp|Q67Y83.2|	RecName: Full=Serine carboxypeptidase-like 51; Flags: Precursor [Arabidopsis thaliana]	64.269	431	150	2	33	459	29	459	0.0	573
Dm_00011425-RA	sp|Q6NLC1.1|	RecName: Full=ABC transporter D family member 2, chloroplastic; Short=ABC transporter ABCD.2; Short=AtABCD2; Flags: Precursor [Arabidopsis thaliana]	65.217	552	159	9	1	548	160	682	0.0	698
Dm_00015583-RA	sp|Q93VH2.1|	RecName: Full=Bifunctional nuclease 2; Short=AtBBD2 [Arabidopsis thaliana]	52.786	341	120	4	1	318	1	323	9.85e-124	360
Dm_00014623-RA	sp|P23326.1|	RecName: Full=50S ribosomal protein L35, chloroplastic; AltName: Full=CL35; AltName: Full=Chloroplastic large ribosomal subunit protein bL35c; Flags: Precursor [Spinacia oleracea]	88.889	54	6	0	95	148	82	135	1.09e-25	98.2
Dm_00020120-RA	sp|A0A2R6S148.1|	RecName: Full=Transcription factor MYB1; AltName: Full=Myb-related protein 1 [Actinidia chinensis var. chinensis]	78.049	82	18	0	29	110	3	84	2.53e-42	141
Dm_00018692-RA	sp|O49453.1|	RecName: Full=Uncharacterized protein At4g28440 [Arabidopsis thaliana]	68.889	135	36	2	6	134	15	149	2.07e-62	191
Dm_00001147-RA	sp|O64823.1|	RecName: Full=Calcium uniporter protein 2, mitochondrial; Flags: Precursor [Arabidopsis thaliana]	46.863	271	121	5	87	349	72	327	7.16e-75	238
Dm_00001156-RA	sp|Q9LPV8.1|	RecName: Full=Eukaryotic peptide chain release factor subunit 1-2; Short=Eukaryotic release factor 1-2; Short=eRF1-2; AltName: Full=Omnipotent suppressor protein 1 homolog 2; Short=SUP1 homolog 2 [Arabidopsis thaliana]	86.636	434	57	1	34	467	2	434	0.0	795
Dm_00000732-RA	sp|Q9C9W0.1|	RecName: Full=ABC transporter I family member 17; Short=ABC transporter ABCI.17; Short=AtABCI17; AltName: Full=MRP-related protein 1; AltName: Full=Non-intrinsic ABC protein 3 [Arabidopsis thaliana]	70.455	264	64	3	3	266	14	263	3.54e-129	369
Dm_00000737-RA	sp|Q84RQ7.1|	RecName: Full=NifU-like protein 3, chloroplastic; Short=AtCNfu3; Short=AtCnfU-IVa; Flags: Precursor [Arabidopsis thaliana]	69.524	210	61	3	34	241	28	236	6.17e-92	273
Dm_00000193-RA	sp|Q43609.1|	RecName: Full=Caffeic acid 3-O-methyltransferase; Short=CAOMT; Short=COMT; AltName: Full=S-adenosysl-L-methionine:caffeic acid 3-O-methyltransferase [Prunus dulcis]	74.387	367	90	2	1	367	1	363	0.0	578
Dm_00001869-RA	sp|Q9MA92.2|	RecName: Full=Filament-like plant protein 3; Short=AtFPP3; AltName: Full=Protein VESICLE TETHERING 1 [Arabidopsis thaliana]	41.988	674	283	9	1	626	1	614	5.96e-132	403
Dm_00001677-RA	sp|Q94K71.1|	RecName: Full=CBBY-like protein; Short=AtCbby; Flags: Precursor [Arabidopsis thaliana]	71.724	290	65	4	56	332	34	319	3.01e-136	392
Dm_00020345-RA	sp|Q8LD49.2|	RecName: Full=Thioredoxin X, chloroplastic; Short=AtTrxx; Flags: Precursor [Arabidopsis thaliana]	71.552	116	32	1	80	194	66	181	9.57e-57	179
Dm_00018931-RA	sp|Q93ZB6.2|	RecName: Full=Uroporphyrinogen decarboxylase 1, chloroplastic; Short=UPD1; Short=URO-D1; Flags: Precursor [Arabidopsis thaliana]	79.027	329	63	1	1	323	78	406	0.0	554
Dm_00005781-RA	sp|Q944I4.2|	RecName: Full=D-glycerate 3-kinase, chloroplastic; Short=AtGLYK; Flags: Precursor [Arabidopsis thaliana]	68.074	379	117	3	131	508	81	456	0.0	550
Dm_00003992-RA	sp|O49856.1|	RecName: Full=Ferredoxin-thioredoxin reductase catalytic chain, chloroplastic; Short=FTR-C; AltName: Full=Ferredoxin-thioredoxin reductase subunit B; Short=FTR-B; Flags: Precursor [Glycine max]	68.041	97	8	1	1	97	42	115	4.74e-41	134
Dm_00007339-RA	sp|Q54MZ4.1|	RecName: Full=Mitochondrial substrate carrier family protein B [Dictyostelium discoideum]	45.000	240	116	5	88	323	196	423	6.45e-57	194
Dm_00001029-RA	sp|Q54UF8.1|	RecName: Full=Probable serine incorporator [Dictyostelium discoideum]	28.042	378	217	9	69	410	59	417	1.71e-31	127
Dm_00000950-RA	sp|Q9SW18.1|	RecName: Full=Magnesium protoporphyrin IX methyltransferase, chloroplastic; Flags: Precursor [Arabidopsis thaliana]	70.199	302	72	4	28	321	19	310	1.41e-148	424
Dm_00000980-RA	sp|Q9SMP0.1|	RecName: Full=Nuclear transcription factor Y subunit C-1; Short=AtNF-YC-1; AltName: Full=Transcriptional activator HAP5A [Arabidopsis thaliana]	78.505	214	35	5	815	1028	31	233	5.01e-90	290
Dm_00000978-RA	sp|Q9FYA2.1|	RecName: Full=Probable WRKY transcription factor 75; AltName: Full=WRKY DNA-binding protein 75 [Arabidopsis thaliana]	81.111	90	17	0	97	186	53	142	8.25e-51	163
Dm_00006798-RA	sp|Q8GZQ3.1|	RecName: Full=Polyribonucleotide nucleotidyltransferase 1, chloroplastic; Short=AtcpPNPase; AltName: Full=Polynucleotide phosphorylase 1; Short=PNPase 1; AltName: Full=Protein PIGMENT DEFECTIVE 326; AltName: Full=Protein RESISTANT TO INHIBITION WITH FSM 10; Flags: Precursor [Arabidopsis thaliana]	77.318	604	135	1	70	673	74	675	0.0	927
Dm_00005708-RA	sp|P93343.1|	RecName: Full=14-3-3-like protein C; AltName: Full=14-3-3-like protein B [Nicotiana tabacum]	88.583	254	29	0	1	254	3	256	1.19e-167	466
Dm_00006226-RA	sp|O64738.1|	RecName: Full=Zinc transporter 6, chloroplastic; AltName: Full=ZRT/IRT-like protein 6; Flags: Precursor [Arabidopsis thaliana]	61.394	373	104	5	1	365	1	341	2.13e-149	427
Dm_00008955-RA	sp|P27489.1|	RecName: Full=Chlorophyll a-b binding protein 13, chloroplastic; AltName: Full=LHCII type III CAB-13; Flags: Precursor [Solanum lycopersicum]	85.660	265	36	1	2	266	3	265	2.02e-168	468
Dm_00010473-RA	sp|P12062.1|	RecName: Full=Chlorophyll a-b binding protein 37, chloroplastic; AltName: Full=LHCII type I CAB-37; Short=LHCP; Flags: Precursor [Petunia sp.]	87.640	267	31	1	1	267	1	265	1.37e-173	482
Dm_00015291-RA	sp|Q8RXE8.1|	RecName: Full=Probable sodium/metabolite cotransporter BASS3, chloroplastic; AltName: Full=Bile acid transporter 3; AltName: Full=Bile acid-sodium symporter family protein 3; Flags: Precursor [Arabidopsis thaliana]	73.699	365	91	1	72	436	72	431	0.0	530
Dm_00014822-RA	sp|Q8LPR5.1|	RecName: Full=Transcription factor TCP4; AltName: Full=Protein MATERNAL EFFECT EMBRYO ARREST 35 [Arabidopsis thaliana]	49.762	420	165	15	104	501	25	420	5.03e-95	297
Dm_00013762-RA	sp|Q9SD53.1|	RecName: Full=UPF0481 protein At3g47200 [Arabidopsis thaliana]	27.644	416	270	8	29	417	46	457	2.78e-46	169
Dm_00020630-RA	sp|A0NDG6.1|	RecName: Full=O-glucosyltransferase rumi homolog; Flags: Precursor [Anopheles gambiae]	28.125	352	214	11	87	423	61	388	1.41e-25	111
Dm_00003863-RA	sp|Q54Y26.1|	RecName: Full=Probable serine/threonine-protein kinase ndrA; AltName: Full=Nuclear DBF2-related kinase A [Dictyostelium discoideum]	45.909	440	206	4	11	439	22	440	8.65e-129	387
Dm_00011342-RA	sp|Q9S9Q9.2|	RecName: Full=BTB/POZ domain-containing protein At1g30440 [Arabidopsis thaliana]	65.574	671	190	14	1	647	4	657	0.0	838
Dm_00010526-RA	sp|O48786.1|	RecName: Full=Cytochrome P450 734A1; AltName: Full=Protein PHYB ACTIVATION-TAGGED SUPPRESSOR 1 [Arabidopsis thaliana]	62.357	526	171	6	19	543	16	515	0.0	675
Dm_00000523-RA	sp|Q9FV46.1|	RecName: Full=Zeta-carotene desaturase, chloroplastic/chromoplastic; AltName: Full=9,9'-di-cis-zeta-carotene desaturase; AltName: Full=Carotene 7,8-desaturase; Flags: Precursor [Tagetes erecta]	81.432	447	80	1	6	452	13	456	0.0	762
Dm_00000546-RA	sp|B9DHD7.1|	RecName: Full=Vesicle-associated protein 2-2; AltName: Full=Plant VAP homolog 22; Short=AtPVA22; AltName: Full=VAMP-associated protein 2-2; AltName: Full=Vesicle-associated protein 27-2 [Arabidopsis thaliana]	36.308	325	170	11	67	361	68	385	8.72e-48	169
Dm_00018757-RA	sp|Q5QNI2.1|	RecName: Full=Sodium/calcium exchanger NCL1; AltName: Full=Na(+)/Ca(2+)-exchange protein NCL1; AltName: Full=OsEFCAX1; AltName: Full=Protein NCX-like 1; Short=OsNCL1 [Oryza sativa Japonica Group]	50.202	247	118	3	62	307	261	503	2.08e-73	240
Dm_00006157-RA	sp|Q9C646.1|	RecName: Full=Probable disease resistance protein RXW24L [Arabidopsis thaliana]	33.546	942	520	27	15	946	15	860	3.19e-129	415
Dm_00000941-RA	sp|Q9SVU0.1|	RecName: Full=Probable indole-3-pyruvate monooxygenase YUCCA8; AltName: Full=Flavin-containing monooxygenase YUCCA8 [Arabidopsis thaliana]	69.877	405	114	3	8	411	10	407	0.0	611
Dm_00000354-RA	sp|P04782.1|	RecName: Full=Chlorophyll a-b binding protein 25, chloroplastic; AltName: Full=LHCII type I CAB-25; Short=LHCP; Flags: Precursor [Petunia sp.]	87.594	266	33	0	1	266	1	266	2.94e-174	483
Dm_00000345-RA	sp|P51418.2|	RecName: Full=60S ribosomal protein L18a-2 [Arabidopsis thaliana]	89.888	178	16	1	1	176	1	178	6.89e-114	332
Dm_00000347-RA	sp|Q8H124.1|	RecName: Full=Uncharacterized protein At2g34460, chloroplastic; Flags: Precursor [Arabidopsis thaliana]	71.774	248	64	4	1	246	35	278	5.95e-126	361
Dm_00000349-RA	sp|P51373.1|	RecName: Full=Uncharacterized protein ycf23 [Porphyra purpurea]	36.596	235	148	1	88	321	10	244	5.76e-57	188
Dm_00019259-RA	sp|P82538.1|	RecName: Full=PsbP-like protein 1, chloroplastic; AltName: Full=OEC23-like protein 4; AltName: Full=PsbP-related thylakoid lumenal protein 2; Flags: Precursor [Arabidopsis thaliana]	65.385	208	71	1	8	215	22	228	4.06e-95	280
Dm_00011199-RA	sp|Q94CJ5.1|	RecName: Full=Protein RETICULATA-RELATED 4, chloroplastic; Flags: Precursor [Arabidopsis thaliana]	73.519	287	76	0	106	392	98	384	1.16e-156	449
Dm_00012902-RA	sp|Q8S9M1.2|	RecName: Full=Probable plastid-lipid-associated protein 13, chloroplastic; AltName: Full=Fibrillin-7b; Short=AtPGL30; Flags: Precursor [Arabidopsis thaliana]	58.261	230	72	3	203	428	43	252	1.51e-82	258
Dm_00013384-RA	sp|Q9FL44.1|	RecName: Full=Protein MAINTENANCE OF PSII UNDER HIGH LIGHT 1 [Arabidopsis thaliana]	74.359	78	19	1	50	126	103	180	4.45e-29	109
Dm_00013288-RA	sp|Q9M2U2.1|	RecName: Full=Very-long-chain enoyl-CoA reductase; AltName: Full=Enoyl-CoA reductase; Short=AtECR; AltName: Full=Protein ECERIFERUM 10; AltName: Full=Synaptic glycoprotein SC2-like protein [Arabidopsis thaliana]	84.672	274	42	0	7	280	37	310	1.31e-180	502
Dm_00012032-RA	sp|O48529.1|	RecName: Full=Rhodanese-like domain-containing protein 9, chloroplastic; AltName: Full=Sulfurtransferase 9; Short=AtStr9; Flags: Precursor [Arabidopsis thaliana]	74.396	207	40	2	59	265	38	231	5.15e-107	312
Dm_00004350-RA	sp|Q66GP0.2|	RecName: Full=BTB/POZ domain-containing protein SR1IP1; AltName: Full=Protein ATSR1-INTERACTION PROTEIN 1 [Arabidopsis thaliana]	61.646	644	191	11	36	663	1	604	0.0	771
Dm_00012941-RA	sp|P27525.1|	RecName: Full=Chlorophyll a-b binding protein CP24 10B, chloroplastic; Short=CAB-10B; Short=LHCP; Flags: Precursor [Solanum lycopersicum]	78.707	263	46	3	5	266	3	256	3.32e-141	399
Dm_00003242-RA	sp|Q43517.1|	RecName: Full=Ferredoxin-1, chloroplastic; AltName: Full=Ferredoxin I; Flags: Precursor [Solanum lycopersicum]	59.333	150	49	4	5	149	1	143	2.67e-56	175
Dm_00003345-RA	sp|Q8W469.1|	RecName: Full=Signal peptide peptidase-like 2; Short=AtSPPL2; Flags: Precursor [Arabidopsis thaliana]	67.665	501	128	5	16	499	25	508	0.0	673
Dm_00004723-RA	sp|Q9LMK2.1|	RecName: Full=Protein LIGHT-DEPENDENT SHORT HYPOCOTYLS 6; AltName: Full=Protein ORGAN BOUNDARY 6 [Arabidopsis thaliana]	75.940	133	32	0	71	203	29	161	3.33e-77	233
Dm_00004490-RA	sp|Q94CD1.1|	RecName: Full=Omega-hydroxypalmitate O-feruloyl transferase; AltName: Full=Omega-hydroxyacid hydroxycinnamoyltransferase; AltName: Full=Protein ALIPHATIC SUBERIN FERULOYL TRANSFERASE [Arabidopsis thaliana]	29.605	456	273	12	29	475	41	457	3.02e-55	194
Dm_00005138-RA	sp|A1A6M1.1|	RecName: Full=Protein disulfide isomerase pTAC5, chloroplastic; AltName: Full=Protein PLASTID TRANSCRIPTIONALLY ACTIVE 5; Short=pTAC5; Flags: Precursor [Arabidopsis thaliana]	49.749	398	177	6	6	395	2	384	7.95e-123	363
Dm_00003463-RA	sp|Q9SZC9.1|	RecName: Full=Copper-transporting ATPase PAA1, chloroplastic; AltName: Full=Protein HEAVY METAL ATPASE 6; AltName: Full=Protein glucose insensitive root 1; Flags: Precursor [Arabidopsis thaliana]	64.646	99	29	1	183	281	136	228	7.77e-33	132
Dm_00003466-RA	sp|Q42521.2|	RecName: Full=Glutamate decarboxylase 1; Short=GAD 1 [Arabidopsis thaliana]	83.300	503	75	3	1	495	1	502	0.0	877
Dm_00000256-RA	sp|Q0WPT7.1|	RecName: Full=Uncharacterized methyltransferase At2g41040, chloroplastic; Flags: Precursor [Arabidopsis thaliana]	66.524	233	59	2	78	291	79	311	1.49e-104	322
Dm_00000305-RA	sp|Q08480.1|	RecName: Full=Adenylate kinase 4; AltName: Full=ATP-AMP transphosphorylase 4; AltName: Full=ATP:AMP phosphotransferase; AltName: Full=Adenylate kinase B; Short=AK B; AltName: Full=Adenylate monophosphate kinase 4 [Oryza sativa Japonica Group]	88.382	241	28	0	2	242	3	243	3.42e-162	451
Dm_00000324-RA	sp|Q9STM6.1|	RecName: Full=GDSL esterase/lipase At3g48460; AltName: Full=Extracellular lipase At3g48460; Flags: Precursor [Arabidopsis thaliana]	53.552	366	162	2	25	390	23	380	2.45e-143	415
Dm_00000527-RA	sp|Q9CAV6.1|	RecName: Full=Serine/threonine-protein kinase WNK1; Short=AtWNK1; AltName: Full=Protein kinase with no lysine 1 [Arabidopsis thaliana]	50.681	734	249	19	1	660	4	698	0.0	642
Dm_00017117-RA	sp|Q55909.1|	RecName: Full=TVP38/TMEM64 family membrane protein slr0305 [Synechocystis sp. PCC 6803 substr. Kazusa]	43.307	127	72	0	191	317	12	138	3.21e-25	104
Dm_00015002-RA	sp|Q41387.1|	RecName: Full=Photosystem II reaction center W protein, chloroplastic; AltName: Full=PSII 6.1 kDa protein; Flags: Precursor [Spinacia oleracea]	60.000	150	47	4	1	150	1	137	4.11e-41	137
Dm_00007056-RA	sp|Q8W5R5.1|	RecName: Full=Kinesin-like protein KIN-7D, mitochondrial; AltName: Full=Mitochondria-targeted kinesin-related protein 2; Flags: Precursor [Arabidopsis thaliana]	65.640	1039	266	16	35	1027	28	1021	0.0	1239
Dm_00007061-RA	sp|Q9SPB3.1|	RecName: Full=60S ribosomal protein L10; AltName: Full=QM protein homolog [Vitis riparia]	89.320	206	13	2	1	204	1	199	9.72e-134	377
Dm_00000105-RA	sp|P32869.1|	RecName: Full=Photosystem I reaction center subunit II, chloroplastic; AltName: Full=PS I subunit 5; AltName: Full=Photosystem I 20 kDa subunit; Short=PSI-D; Flags: Precursor [Cucumis sativus]	72.851	221	46	4	1	221	1	207	3.26e-107	310
Dm_00000128-RA	sp|P16002.1|	RecName: Full=Plastocyanin, chloroplastic; Flags: Precursor [Pisum sativum]	69.591	171	49	2	1	171	1	168	6.23e-74	222
Dm_00007361-RA	sp|Q8LE52.1|	RecName: Full=Glutathione S-transferase DHAR3, chloroplastic; AltName: Full=Chloride intracellular channel homolog 3; Short=CLIC homolog 3; AltName: Full=Glutathione-dependent dehydroascorbate reductase 3; Short=AtDHAR3; Short=ChlDHAR; Short=GSH-dependent dehydroascorbate reductase 3; Flags: Precursor [Arabidopsis thaliana]	74.419	172	43	1	15	186	67	237	4.44e-96	283
Dm_00008218-RA	sp|P82248.2|	RecName: Full=50S ribosomal protein L29, chloroplastic; AltName: Full=CL29; AltName: Full=Chloroplastic large ribosomal subunit protein uL29c; Flags: Precursor [Spinacia oleracea]	52.795	161	69	3	7	167	3	156	1.05e-46	153
Dm_00005645-RA	sp|B3EWI4.1|	RecName: Full=Photosystem II 5 kDa protein, chloroplastic; Flags: Precursor [Petunia x hybrida]	56.881	109	40	5	1	105	1	106	4.72e-25	93.2
Dm_00006436-RA	sp|Q8H0T6.1|	RecName: Full=Phosphoenolpyruvate/phosphate translocator 2, chloroplastic; Short=AtPPT2; Flags: Precursor [Arabidopsis thaliana]	66.867	166	52	1	79	244	57	219	9.49e-76	237
Dm_00012279-RA	sp|Q94CH6.1|	RecName: Full=GDSL esterase/lipase EXL3; AltName: Full=Family II extracellular lipase 3; Short=Family II lipase EXL3; Flags: Precursor [Arabidopsis thaliana]	59.710	345	137	2	2	345	20	363	1.59e-152	436
Dm_00012305-RA	sp|Q9LVD4.1|	RecName: Full=Oxysterol-binding protein-related protein 4C; AltName: Full=OSBP-related protein 4C [Arabidopsis thaliana]	49.738	382	185	5	1	378	1	379	2.39e-132	386
Dm_00013098-RA	sp|Q9ZVL6.1|	RecName: Full=UPF0603 protein At1g54780, chloroplastic; AltName: Full=Thylakoid lumen 18.3 kDa protein; Flags: Precursor [Arabidopsis thaliana]	69.072	291	72	4	22	305	6	285	1.25e-130	375
Dm_00000718-RA	sp|P11869.1|	RecName: Full=Triose phosphate/phosphate translocator, chloroplastic; Short=cTPT; AltName: Full=E29; AltName: Full=p36; Flags: Precursor [Spinacia oleracea]	92.760	221	16	0	1	221	178	398	2.41e-149	424
Dm_00012994-RA	sp|Q9SFH9.1|	RecName: Full=Delta-aminolevulinic acid dehydratase 1, chloroplastic; Short=ALADH1; AltName: Full=Porphobilinogen synthase; Flags: Precursor [Arabidopsis thaliana]	80.425	424	68	4	9	421	11	430	0.0	647
Dm_00015003-RA	sp|Q84MC2.1|	RecName: Full=Cytokinin riboside 5'-monophosphate phosphoribohydrolase LOG8; AltName: Full=LOG family protein At5g11950; AltName: Full=Protein LONELY GUY 8 [Arabidopsis thaliana]	73.039	204	55	0	1	204	1	204	3.42e-114	327
Dm_00012322-RA	sp|Q84W41.1|	RecName: Full=Glutamate receptor 3.6; AltName: Full=Ligand-gated ion channel 3.6; Flags: Precursor [Arabidopsis thaliana]	57.536	909	372	5	121	1027	3	899	0.0	1098
Dm_00012743-RA	sp|O20252.1|	RecName: Full=Sedoheptulose-1,7-bisphosphatase, chloroplastic; AltName: Full=SED(1,7)P2ase; AltName: Full=Sedoheptulose bisphosphatase; Short=SBPase; Flags: Precursor [Spinacia oleracea]	80.000	395	71	4	1	395	1	387	0.0	648
Dm_00006047-RA	sp|Q8LAP6.1|	RecName: Full=Probable plastid-lipid-associated protein 12, chloroplastic; AltName: Full=Fibrillin-10; Flags: Precursor [Arabidopsis thaliana]	61.165	412	139	5	63	468	11	407	2.44e-168	483
Dm_00006089-RA	sp|Q9S823.1|	RecName: Full=Protein LONGIFOLIA 2; AltName: Full=Protein TON1 RECRUITING MOTIF 1 [Arabidopsis thaliana]	30.820	305	172	6	708	1001	626	902	9.63e-24	111
Dm_00016073-RA	sp|Q9STY6.1|	RecName: Full=40S ribosomal protein S20-2 [Arabidopsis thaliana]	87.931	116	13	1	1	115	1	116	7.75e-69	205
Dm_00017671-RA	sp|Q9SV07.1|	RecName: Full=Acyl-CoA--sterol O-acyltransferase 1; AltName: Full=Sterol O-acyltransferase 1 [Arabidopsis thaliana]	48.718	351	168	5	8	357	1	340	1.73e-105	316
Dm_00013195-RA	sp|P82869.3|	RecName: Full=Peptidyl-prolyl cis-trans isomerase CYP37, chloroplastic; Short=PPIase CYP37; AltName: Full=Rotamase CYP37; AltName: Full=Thylakoid lumen PPIase of 38 kDa; Short=TLP38; Short=p38; Flags: Precursor [Arabidopsis thaliana]	59.298	285	105	5	38	312	12	295	1.70e-101	308
Dm_00013061-RA	sp|Q9FL07.1|	RecName: Full=RING-H2 finger protein ATL46; AltName: Full=RING-type E3 ubiquitin transferase ATL46 [Arabidopsis thaliana]	47.273	385	140	13	1	370	1	337	1.17e-95	293
Dm_00006678-RA	sp|P31853.2|	RecName: Full=ATP synthase subunit b', chloroplastic; AltName: Full=ATP synthase F(0) sector subunit b'; AltName: Full=ATPase subunit II; Flags: Precursor [Spinacia oleracea]	67.539	191	54	2	125	315	39	221	1.15e-81	249
Dm_00007349-RA	sp|O82390.1|	RecName: Full=Sodium-dependent phosphate transport protein 1, chloroplastic; AltName: Full=Anion transporter 1; AltName: Full=Na(+)/PI cotransporter 1; AltName: Full=Phosphate transporter PHT4;1; AltName: Full=Sodium/phosphate cotransporter 1; Flags: Precursor [Arabidopsis thaliana]	83.294	419	69	1	118	536	95	512	0.0	725
Dm_00005862-RA	sp|Q41932.2|	RecName: Full=Oxygen-evolving enhancer protein 3-2, chloroplastic; Short=OEE3; AltName: Full=16 kDa subunit of oxygen evolving system of photosystem II; AltName: Full=OEC 16 kDa subunit; Flags: Precursor [Arabidopsis thaliana]	65.106	235	76	3	1	235	1	229	6.79e-101	295
Dm_00015989-RA	sp|P46248.2|	RecName: Full=Aspartate aminotransferase, chloroplastic; AltName: Full=Transaminase A; Flags: Precursor [Arabidopsis thaliana]	82.898	421	72	0	75	495	31	451	0.0	745
Dm_00016247-RA	sp|P59584.1|	RecName: Full=Disease resistance protein RPH8A; AltName: Full=RPP8 homolog A [Arabidopsis thaliana]	33.618	351	186	6	1	321	1	334	1.47e-47	178
Dm_00014084-RA	sp|P27521.1|	RecName: Full=Chlorophyll a-b binding protein 4, chloroplastic; AltName: Full=LHCI type III CAB-4; Flags: Precursor [Arabidopsis thaliana]	78.740	254	48	3	3	255	2	250	1.11e-140	397
Dm_00016581-RA	sp|P19446.1|	RecName: Full=Malate dehydrogenase, glyoxysomal; Flags: Precursor [Citrullus lanatus]	72.168	309	26	2	1	249	25	333	3.22e-146	429
Dm_00000771-RA	sp|Q9LFA4.1|	RecName: Full=IQ domain-containing protein IQM3; AltName: Full=IQ motif-containing protein 3 [Arabidopsis thaliana]	54.657	408	139	4	23	397	48	442	1.23e-146	427
Dm_00000791-RA	sp|P59230.1|	RecName: Full=60S ribosomal protein L10a-2 [Arabidopsis thaliana]	82.915	199	31	1	1	196	1	199	5.48e-106	306
Dm_00000918-RA	sp|Q36795.1|	RecName: Full=Protein translocase subunit SecA, chloroplastic; Flags: Precursor [Spinacia oleracea]	88.310	710	83	0	3	712	278	987	0.0	1304
Dm_00001293-RA	sp|Q9FLE8.1|	RecName: Full=Uncharacterized protein At5g39865 [Arabidopsis thaliana]	49.697	165	65	4	296	442	224	388	1.41e-42	157
Dm_00008462-RA	sp|P48000.1|	RecName: Full=Homeobox protein knotted-1-like 3; AltName: Full=Protein KNAT3 [Arabidopsis thaliana]	62.633	471	96	12	1	443	1	419	0.0	526
