Dm_00009382-RA	sp|Q9FWX7.1|	RecName: Full=ABC transporter B family member 11; Short=ABC transporter ABCB.11; Short=AtABCB11; AltName: Full=Multidrug resistance protein 8; AltName: Full=P-glycoprotein 11 [Arabidopsis thaliana]	71.371	1247	348	4	42	1286	39	1278	0.0	1808
Dm_00016345-RA	sp|Q8VX13.1|	RecName: Full=Protein disulfide isomerase-like 1-3; Short=AtPDIL1-3; AltName: Full=Protein disulfide isomerase 1; Short=AtPDI1; AltName: Full=Protein disulfide isomerase-like 2-1; Short=AtPDIL2-1; Flags: Precursor [Arabidopsis thaliana]	64.240	467	159	3	76	541	94	553	0.0	627
Dm_00002744-RA	sp|Q9FUW6.1|	RecName: Full=Phenylcoumaran benzylic ether reductase Betv6; AltName: Full=Minor pollen allergen Bet v 6; AltName: Allergen=Bet v 6 [Betula pendula]	73.226	310	81	1	1	310	1	308	3.44e-169	474
Dm_00018593-RA	sp|Q9SRQ1.1|	RecName: Full=Cytochrome P450 89A9 [Arabidopsis thaliana]	47.705	501	228	15	51	539	31	509	1.98e-144	428
Dm_00002472-RA	sp|O82268.1|	RecName: Full=Protein LIGHT-DEPENDENT SHORT HYPOCOTYLS 3; AltName: Full=Protein ORGAN BOUNDARY 1 [Arabidopsis thaliana]	76.506	166	33	1	40	199	19	184	1.34e-80	243
Dm_00006483-RA	sp|Q9SSR1.1|	RecName: Full=DCC family protein At1g52590, chloroplastic; Flags: Precursor [Arabidopsis thaliana]	61.688	154	18	1	8	161	60	172	1.20e-58	182
Dm_00002371-RA	sp|Q8GXG1.2|	RecName: Full=Probable isoaspartyl peptidase/L-asparaginase 2; AltName: Full=L-asparagine amidohydrolase 2; Contains: RecName: Full=Isoaspartyl peptidase/L-asparaginase 2 subunit alpha; Contains: RecName: Full=Isoaspartyl peptidase/L-asparaginase 2 subunit beta; Flags: Precursor [Arabidopsis thaliana]	80.368	326	63	1	1	326	1	325	0.0	541
Dm_00016295-RA	sp|Q93ZH2.2|	RecName: Full=Nuclear transcription factor Y subunit A-3; Short=AtNF-YA-3; AltName: Full=Transcriptional activator HAP2C [Arabidopsis thaliana]	40.068	292	143	10	24	305	41	310	1.28e-47	166
Dm_00015826-RA	sp|Q93VV5.1|	RecName: Full=Protein NRT1/ PTR FAMILY 4.3; Short=AtNPF4.3; AltName: Full=Nitrate transporter 1.14 [Arabidopsis thaliana]	70.598	585	141	8	2	569	3	573	0.0	834
Dm_00007934-RA	sp|Q8LPR5.1|	RecName: Full=Transcription factor TCP4; AltName: Full=Protein MATERNAL EFFECT EMBRYO ARREST 35 [Arabidopsis thaliana]	43.373	415	177	16	12	389	23	416	9.42e-74	238
Dm_00017791-RA	sp|Q9M0X5.1|	RecName: Full=Cysteine-rich receptor-like protein kinase 25; Short=Cysteine-rich RLK25; Flags: Precursor [Arabidopsis thaliana]	46.995	649	305	13	47	685	15	634	0.0	570
Dm_00011375-RA	sp|Q8LPR5.1|	RecName: Full=Transcription factor TCP4; AltName: Full=Protein MATERNAL EFFECT EMBRYO ARREST 35 [Arabidopsis thaliana]	45.140	463	196	17	150	597	1	420	4.86e-82	266
Dm_00013328-RA	sp|Q8LG89.2|	RecName: Full=Basic blue protein; AltName: Full=Plantacyanin; Flags: Precursor [Arabidopsis thaliana]	58.268	127	50	2	4	128	3	128	1.15e-48	154
Dm_00012951-RA	sp|O82794.1|	RecName: Full=MADS-box protein AGL24; AltName: Full=Protein AGAMOUS-LIKE 24 [Arabidopsis thaliana]	78.689	61	13	0	57	117	1	61	3.52e-27	102
Dm_00012019-RA	sp|F4HWQ8.1|	RecName: Full=Cell wall / vacuolar inhibitor of fructosidase 1; Short=AtC/VIF1; Flags: Precursor [Arabidopsis thaliana]	38.312	154	82	3	49	202	22	162	4.17e-24	97.4
Dm_00000466-RA	sp|Q8LAD0.1|	RecName: Full=Probable pyridoxal 5'-phosphate synthase subunit PDX2; Short=AtPDX2; AltName: Full=Protein EMBRYO DEFECTIVE 2407; AltName: Full=Pyridoxal 5'-phosphate synthase glutaminase subunit [Arabidopsis thaliana]	71.103	263	61	5	1	257	1	254	4.81e-128	366
Dm_00014939-RA	sp|Q9FME3.1|	RecName: Full=Transcription factor TCP5 [Arabidopsis thaliana]	87.952	83	10	0	57	139	47	129	1.03e-44	160
Dm_00000687-RA	sp|P82244.1|	RecName: Full=50S ribosomal protein L34, chloroplastic; AltName: Full=CL34; AltName: Full=Chloroplastic large ribosomal subunit protein bL34c; Flags: Precursor [Spinacia oleracea]	75.294	85	15	1	7	91	70	148	8.33e-35	119
Dm_00001816-RA	sp|Q8VZ10.1|	RecName: Full=Protein SUPPRESSOR OF QUENCHING 1, chloroplastic; Flags: Precursor [Arabidopsis thaliana]	67.554	601	168	5	1	583	1	592	0.0	827
Dm_00001895-RA	sp|Q8VYB2.1|	RecName: Full=Uridine kinase-like protein 3; Includes: RecName: Full=Uridine kinase; Short=UK; Includes: RecName: Full=Putative uracil phosphoribosyltransferase; Short=UPRTase; AltName: Full=UMP pyrophosphorylase [Arabidopsis thaliana]	82.863	461	73	2	4	463	1	456	0.0	795
Dm_00005187-RA	sp|K4CF70.1|	RecName: Full=Fatty acid hydroperoxide lyase, chloroplastic; Short=LeHPL; AltName: Full=Cytochrome P450 74B [Solanum lycopersicum]	60.417	480	166	5	53	531	19	475	0.0	598
Dm_00006682-RA	sp|Q8W469.1|	RecName: Full=Signal peptide peptidase-like 2; Short=AtSPPL2; Flags: Precursor [Arabidopsis thaliana]	73.855	524	110	3	26	540	25	530	0.0	786
Dm_00001698-RA	sp|A0A068Q721.1|	RecName: Full=Cytochrome P450 71AP13 [Prunus mume]	71.784	482	132	4	24	504	35	513	0.0	707
Dm_00020618-RA	sp|Q76CU2.1|	RecName: Full=Pleiotropic drug resistance protein 1; AltName: Full=NtPDR1 [Nicotiana tabacum]	62.602	615	187	3	181	785	549	1130	0.0	798
Dm_00001479-RA	sp|Q9SU44.1|	RecName: Full=Growth-regulating factor 8; Short=AtGRF8; AltName: Full=Transcription activator GRF8 [Arabidopsis thaliana]	36.579	380	155	16	21	360	143	476	1.84e-43	161
Dm_00011949-RA	sp|Q8LFP7.2|	RecName: Full=Aquaporin NIP1-2; AltName: Full=NOD26-like intrinsic protein 1-2; Short=AtNIP1;2; AltName: Full=Nodulin-26-like major intrinsic protein 2; Short=NodLikeMip2; Short=Protein NLM2 [Arabidopsis thaliana]	61.728	243	84	2	1	236	54	294	3.26e-103	303
Dm_00000176-RA	sp|Q56Y42.1|	RecName: Full=Pyridoxal reductase, chloroplastic; Flags: Precursor [Arabidopsis thaliana]	74.194	341	88	0	34	374	24	364	0.0	548
Dm_00020465-RA	sp|Q67UL3.1|	RecName: Full=Probable auxin efflux carrier component 1c; Short=OsPIN1c; AltName: Full=OsPIN1a [Oryza sativa Japonica Group]	66.945	599	152	11	1	581	1	571	0.0	750
Dm_00007339-RA	sp|Q54MZ4.1|	RecName: Full=Mitochondrial substrate carrier family protein B [Dictyostelium discoideum]	45.000	240	116	5	88	323	196	423	6.45e-57	194
Dm_00000978-RA	sp|Q9FYA2.1|	RecName: Full=Probable WRKY transcription factor 75; AltName: Full=WRKY DNA-binding protein 75 [Arabidopsis thaliana]	81.111	90	17	0	97	186	53	142	8.25e-51	163
Dm_00014822-RA	sp|Q8LPR5.1|	RecName: Full=Transcription factor TCP4; AltName: Full=Protein MATERNAL EFFECT EMBRYO ARREST 35 [Arabidopsis thaliana]	49.762	420	165	15	104	501	25	420	5.03e-95	297
Dm_00018757-RA	sp|Q5QNI2.1|	RecName: Full=Sodium/calcium exchanger NCL1; AltName: Full=Na(+)/Ca(2+)-exchange protein NCL1; AltName: Full=OsEFCAX1; AltName: Full=Protein NCX-like 1; Short=OsNCL1 [Oryza sativa Japonica Group]	50.202	247	118	3	62	307	261	503	2.08e-73	240
Dm_00006157-RA	sp|Q9C646.1|	RecName: Full=Probable disease resistance protein RXW24L [Arabidopsis thaliana]	33.546	942	520	27	15	946	15	860	3.19e-129	415
Dm_00006997-RA	sp|Q8L8B8.1|	RecName: Full=Cytokinin riboside 5'-monophosphate phosphoribohydrolase LOG3; AltName: Full=Protein LONELY GUY 3 [Arabidopsis thaliana]	78.469	209	32	1	3	198	4	212	5.95e-119	339
