Dm_00007095-RA	AT2G16250.1	N/A	56.009	857	337	13	41	892	32	853	0.0	880
Dm_00007071-RA	AT3G03050.1	N/A	80.087	1155	209	9	5	1154	7	1145	0.0	1927
Dm_00007459-RA	AT3G01470.1	N/A	54.362	149	62	3	57	204	67	210	4.18e-43	150
Dm_00016349-RA	AT1G10020.1	N/A	45.349	516	187	17	1	482	1	455	7.90e-120	359
Dm_00007394-RA	AT1G08230.4	N/A	64.013	314	112	1	4	316	19	332	2.38e-139	397
Dm_00007395-RA	AT1G08230.2	N/A	71.739	92	26	0	29	120	15	106	4.39e-43	147
Dm_00008210-RA	AT1G79750.1	N/A	65.527	673	123	7	4	666	2	575	0.0	862
Dm_00019310-RA	AT4G13710.1	N/A	71.076	446	111	5	74	518	42	470	0.0	672
Dm_00020781-RA	AT2G30360.1	N/A	60.633	442	147	7	11	447	2	421	0.0	535
Dm_00007238-RA	AT4G34810.1	N/A	55.340	103	37	3	78	172	15	116	4.23e-30	107
Dm_00006773-RA	AT5G09760.1	N/A	76.786	112	26	0	190	301	276	387	3.61e-56	191
Dm_00007319-RA	AT4G30440.1	N/A	84.561	421	62	1	7	427	4	421	0.0	736
Dm_00006932-RA	AT3G49940.1	N/A	63.285	207	45	6	1	191	1	192	1.04e-77	235
Dm_00008810-RA	AT1G07570.2	N/A	62.281	342	127	1	108	447	13	354	4.07e-159	456
Dm_00008322-RA	AT2G26250.1	N/A	74.322	553	133	5	1	547	1	550	0.0	870
Dm_00015386-RA	AT2G23790.1	N/A	48.266	346	142	9	1	327	1	328	2.04e-104	311
Dm_00020813-RA	AT4G24570.1	N/A	69.350	323	89	3	1	323	1	313	2.52e-160	450
Dm_00015375-RA	AT1G64940.1	N/A	48.496	532	247	10	1	529	1	508	4.59e-169	488
Dm_00011839-RA	AT3G07870.1	N/A	26.368	402	221	12	68	435	28	388	3.77e-27	113
Dm_00019115-RA	AT2G44130.1	N/A	44.857	350	176	5	41	385	19	356	3.20e-96	295
Dm_00002551-RA	AT3G23750.1	N/A	61.381	927	321	15	31	942	24	928	0.0	1073
Dm_00002592-RA	AT1G70420.1	N/A	36.948	249	112	8	82	320	58	271	4.76e-38	136
Dm_00018144-RA	AT3G47600.1	N/A	48.187	386	126	8	1	365	1	333	7.39e-108	319
Dm_00012413-RA	AT5G41110.2	N/A	38.400	625	272	17	112	728	102	621	2.52e-106	337
Dm_00002488-RA	AT1G58290.1	N/A	84.582	467	70	1	90	556	79	543	0.0	808
Dm_00002548-RA	AT5G12010.1	N/A	74.521	365	91	2	164	527	139	502	0.0	588
Dm_00021120-RA	AT2G27080.2	N/A	43.673	245	131	3	64	306	21	260	3.48e-67	211
Dm_00017595-RA	AT2G14960.1	N/A	78.852	610	107	4	1	609	1	589	0.0	994
Dm_00016541-RA	AT3G16720.1	N/A	39.881	336	146	10	1	313	1	303	5.12e-52	174
Dm_00017384-RA	AT2G39720.1	N/A	51.524	328	133	9	11	318	3	324	3.97e-98	298
Dm_00008505-RA	AT2G46370.4	N/A	63.527	584	202	6	3	583	11	586	0.0	786
Dm_00010587-RA	AT1G58290.1	N/A	73.333	570	119	6	1	564	1	543	0.0	817
Dm_00002759-RA	AT5G66920.1	N/A	68.946	541	144	1	22	562	30	546	0.0	798
Dm_00002831-RA	AT1G15100.1	N/A	48.851	174	67	3	1	173	1	153	1.44e-47	152
Dm_00006285-RA	AT2G41070.5	N/A	41.624	197	86	6	31	208	60	246	1.18e-30	113
Dm_00018833-RA	AT1G27730.1	N/A	38.491	265	114	10	1	262	1	219	2.30e-44	150
Dm_00006619-RA	AT2G23140.5	N/A	60.671	328	116	4	1	323	315	634	8.11e-125	372
Dm_00019103-RA	AT3G27560.1	N/A	75.424	354	72	3	1	341	1	352	0.0	549
Dm_00019216-RA	AT4G16120.1	N/A	66.332	597	193	4	52	643	46	639	0.0	856
Dm_00015327-RA	AT4G37260.1	N/A	49.346	306	106	9	15	305	6	277	4.51e-86	262
Dm_00002781-RA	AT1G68300.1	N/A	52.703	148	69	1	13	159	10	157	5.71e-50	158
Dm_00003067-RA	AT4G25480.1	N/A	49.372	239	93	7	26	259	1	216	5.42e-60	189
Dm_00003075-RA	AT2G38250.1	N/A	54.417	283	114	3	7	289	16	283	5.98e-73	226
Dm_00021051-RA	AT4G02370.1	N/A	51.938	129	61	1	33	160	31	159	6.94e-49	156
Dm_00017219-RA	AT3G57120.1	N/A	57.812	384	133	7	92	460	87	456	4.64e-145	422
Dm_00004394-RA	AT2G31050.1	N/A	36.538	156	81	3	39	178	26	179	3.90e-22	91.3
Dm_00005014-RA	AT3G51130.1	N/A	81.186	388	70	1	2	389	11	395	0.0	677
Dm_00010003-RA	AT5G21170.1	N/A	54.783	230	87	3	42	268	66	281	5.77e-89	266
Dm_00016769-RA	AT3G14720.1	N/A	67.967	615	167	10	53	661	8	598	0.0	792
Dm_00005912-RA	AT3G24090.1	N/A	82.617	512	85	3	4	513	168	677	0.0	851
Dm_00005144-RA	AT2G28780.1	N/A	37.388	781	456	11	5	774	6	764	9.18e-166	503
Dm_00018220-RA	AT5G54470.1	N/A	70.130	77	23	0	2	78	4	80	1.29e-33	120
Dm_00016803-RA	AT5G42440.1	N/A	57.231	325	110	5	66	389	59	355	2.45e-120	353
Dm_00010047-RA	AT1G14560.1	N/A	63.848	343	107	2	1	338	1	331	5.06e-147	418
Dm_00002642-RA	AT2G33710.1	N/A	61.111	90	27	2	86	171	41	126	1.36e-29	111
Dm_00002654-RA	AT4G36950.1	N/A	47.826	368	157	9	3	368	2	336	1.65e-103	308
Dm_00003237-RA	AT2G46510.1	N/A	40.480	583	230	17	5	514	6	544	7.98e-116	353
Dm_00014046-RA	AT3G02380.1	N/A	49.883	427	127	19	2	421	1	347	5.38e-114	338
Dm_00014261-RA	AT5G48340.1	N/A	46.199	513	255	7	37	538	1	503	1.43e-141	419
Dm_00008528-RA	AT4G16430.1	N/A	43.849	504	240	13	1	498	1	467	1.60e-130	387
Dm_00015487-RA	AT3G55090.1	N/A	65.793	763	207	8	1	737	1	735	0.0	971
Dm_00002369-RA	AT4G37260.1	N/A	50.645	310	90	8	1	283	1	274	7.67e-89	268
Dm_00003204-RA	AT1G15000.1	N/A	57.212	416	163	7	33	445	28	431	5.30e-166	475
Dm_00006513-RA	AT4G01250.1	N/A	50.000	246	83	10	186	418	80	298	5.46e-62	202
Dm_00012218-RA	AT1G21390.1	N/A	36.765	204	107	10	23	220	5	192	1.92e-21	90.5
Dm_00013145-RA	AT2G23340.1	N/A	61.392	158	45	4	6	155	20	169	3.85e-53	166
Dm_00006187-RA	AT4G13420.1	N/A	57.050	766	307	4	33	788	32	785	0.0	895
Dm_00005898-RA	AT3G62260.1	N/A	58.808	386	124	8	1	355	1	382	3.79e-152	434
Dm_00006125-RA	AT3G28630.1	N/A	53.115	305	119	6	365	657	37	329	1.44e-91	287
Dm_00013079-RA	AT5G42050.1	N/A	54.670	364	127	6	4	350	6	348	7.71e-114	335
Dm_00016184-RA	AT5G47070.1	N/A	63.231	359	124	5	7	364	23	374	1.28e-154	441
Dm_00014799-RA	AT4G39980.1	N/A	76.527	524	114	2	4	524	7	524	0.0	842
Dm_00009477-RA	AT5G59700.1	N/A	52.415	828	322	17	68	850	27	827	0.0	775
Dm_00018051-RA	AT1G18210.2	N/A	59.184	147	58	2	4	149	8	153	1.48e-60	185
Dm_00016884-RA	AT3G25700.1	N/A	57.500	440	173	4	20	451	18	451	4.33e-178	506
Dm_00018387-RA	AT3G28850.1	N/A	43.574	498	176	17	1	463	1	428	2.45e-102	312
Dm_00003754-RA	AT3G15210.1	N/A	73.077	78	15	1	8	85	9	80	8.58e-33	120
Dm_00018969-RA	AT2G40095.2	N/A	57.436	195	69	5	2	196	7	187	7.82e-69	209
Dm_00020511-RA	AT1G67580.1	N/A	59.898	788	262	15	1	770	1	752	0.0	829
Dm_00013313-RA	AT3G12630.1	N/A	81.818	66	12	0	78	143	95	160	3.67e-37	125
Dm_00005067-RA	AT4G22590.1	N/A	67.089	395	98	6	1	393	1	365	0.0	518
Dm_00016099-RA	AT4G17615.1	N/A	80.282	213	42	0	1	213	1	213	3.04e-128	360
Dm_00010489-RA	AT4G35070.2	N/A	42.424	198	106	2	126	322	19	209	2.78e-47	159
Dm_00005123-RA	AT1G19180.2	N/A	39.759	166	54	5	48	201	55	186	1.66e-24	95.9
Dm_00007997-RA	AT1G78570.1	N/A	86.012	672	90	4	1	671	1	669	0.0	1221
Dm_00003277-RA	AT1G70780.1	N/A	56.061	132	57	1	5	135	9	140	2.65e-51	159
Dm_00003262-RA	AT4G14890.1	N/A	65.354	127	40	1	37	159	28	154	9.74e-56	172
Dm_00015098-RA	AT2G30040.1	N/A	50.794	378	144	8	23	395	17	357	8.82e-107	326
Dm_00015199-RA	AT2G04780.2	N/A	62.121	198	72	2	1	197	1	196	4.21e-76	231
Dm_00015203-RA	AT4G36010.1	N/A	60.000	235	85	2	28	256	20	251	1.51e-98	290
Dm_00020642-RA	AT1G18210.2	N/A	49.693	163	70	2	1	160	1	154	6.46e-51	160
Dm_00003116-RA	AT3G61680.1	N/A	50.832	661	268	11	15	647	18	649	0.0	612
Dm_00007048-RA	AT5G57500.1	N/A	67.647	306	82	4	23	322	23	317	3.21e-151	427
Dm_00006445-RA	AT1G61800.2	N/A	73.003	363	56	3	67	429	49	369	0.0	512
Dm_00017863-RA	AT1G08280.1	N/A	50.483	414	182	6	43	449	1	398	2.85e-137	400
Dm_00009298-RA	AT2G41835.1	N/A	55.442	294	97	6	1	275	1	279	2.16e-108	315
Dm_00012692-RA	AT5G13700.1	N/A	70.917	447	120	3	23	463	20	462	0.0	655
Dm_00013892-RA	AT5G51990.1	N/A	54.587	218	83	5	288	499	14	221	3.25e-64	208
Dm_00004650-RA	AT3G61040.1	N/A	46.737	475	237	5	32	502	32	494	1.23e-156	455
Dm_00005200-RA	AT5G54940.3	N/A	85.714	112	16	0	1	112	1	112	1.17e-69	204
Dm_00006082-RA	AT2G46210.1	N/A	70.946	444	129	0	9	452	6	449	0.0	698
Dm_00016611-RA	AT3G02700.1	N/A	60.851	235	90	2	1	235	1	233	1.29e-96	283
Dm_00006863-RA	AT1G54130.1	N/A	62.450	743	216	16	7	728	15	715	0.0	834
Dm_00007558-RA	AT4G31140.1	N/A	59.420	483	186	4	5	482	6	483	0.0	609
Dm_00007734-RA	AT2G26640.1	N/A	82.556	493	86	0	18	510	17	509	0.0	885
Dm_00014819-RA	AT3G13810.5	N/A	79.186	221	40	2	34	248	12	232	7.50e-121	370
Dm_00017809-RA	AT3G14690.1	N/A	47.180	532	239	4	7	536	20	511	0.0	531
Dm_00019279-RA	AT3G29575.1	N/A	46.454	282	92	7	40	318	5	230	6.58e-64	202
Dm_00013065-RA	AT1G09070.1	N/A	40.364	275	121	8	1	253	1	254	8.51e-48	163
Dm_00011216-RA	AT3G13600.2	N/A	74.603	63	16	0	86	148	508	570	1.26e-26	107
Dm_00002852-RA	AT1G70090.2	N/A	70.732	369	104	3	8	373	6	373	0.0	548
Dm_00002855-RA	AT1G70140.1	N/A	51.008	496	202	10	368	862	292	747	4.14e-161	489
Dm_00002541-RA	AT5G01710.1	N/A	62.941	510	179	5	5	507	7	513	0.0	652
Dm_00007431-RA	AT4G38660.1	N/A	68.201	239	73	2	14	252	13	248	6.64e-115	333
Dm_00007697-RA	AT2G40140.1	N/A	46.237	651	255	21	11	638	19	597	2.16e-179	522
Dm_00003807-RA	AT1G57680.1	N/A	47.266	256	130	4	64	318	69	320	8.13e-61	201
Dm_00004157-RA	AT5G11260.1	N/A	72.593	135	35	2	1	134	34	167	1.72e-55	171
Dm_00000436-RA	AT5G13930.1	N/A	66.838	389	128	1	11	398	7	395	0.0	563
Dm_00000624-RA	AT4G25810.1	N/A	68.683	281	81	5	29	309	10	283	6.88e-143	404
Dm_00015419-RA	AT5G41760.2	N/A	38.095	252	145	4	27	269	18	267	4.48e-45	155
Dm_00009768-RA	AT3G57120.1	N/A	52.910	378	151	7	62	420	87	456	6.55e-129	380
Dm_00015956-RA	AT4G08950.1	N/A	63.072	306	97	6	25	323	18	314	5.42e-136	389
Dm_00001629-RA	AT4G25800.2	N/A	29.593	713	349	17	3	685	1	590	5.14e-78	261
Dm_00004981-RA	AT4G32480.1	N/A	48.988	247	107	4	52	298	18	245	1.33e-79	245
Dm_00012260-RA	AT5G51990.1	N/A	54.884	215	83	3	39	251	20	222	3.75e-70	215
Dm_00001931-RA	AT5G37490.1	N/A	38.280	465	230	13	35	492	21	435	3.39e-92	287
Dm_00002614-RA	AT1G05260.1	N/A	44.037	327	169	7	10	327	4	325	4.15e-83	254
Dm_00003655-RA	AT1G15670.1	N/A	44.828	377	189	9	1	376	1	359	2.29e-97	294
Dm_00019497-RA	AT3G11820.2	N/A	72.835	254	69	0	26	279	4	257	2.10e-133	381
Dm_00002159-RA	AT5G54830.1	N/A	61.591	880	321	9	1	877	42	907	0.0	1107
Dm_00002165-RA	AT5G11000.1	N/A	43.434	396	182	12	24	388	3	387	5.36e-74	235
Dm_00007183-RA	AT1G51700.1	N/A	48.795	166	64	3	9	166	22	174	3.22e-44	147
Dm_00013162-RA	AT4G23060.1	N/A	54.615	130	39	8	244	363	361	480	2.28e-25	107
Dm_00014758-RA	AT1G35140.1	N/A	72.727	66	18	0	94	159	244	309	4.84e-29	108
Dm_00011404-RA	AT4G08950.1	N/A	74.342	152	36	1	1	149	163	314	9.88e-84	248
Dm_00011665-RA	AT5G22020.1	N/A	69.643	392	118	1	1	392	5	395	0.0	560
Dm_00009997-RA	AT5G46330.2	N/A	36.174	575	341	10	2	572	41	593	2.58e-86	291
Dm_00001597-RA	AT1G19180.1	N/A	33.058	242	95	10	8	192	19	250	2.37e-23	94.4
Dm_00010333-RA	AT5G45340.1	N/A	70.551	472	114	5	3	464	6	462	0.0	684
Dm_00000048-RA	AT5G05350.1	N/A	41.935	310	164	3	31	336	148	445	2.85e-73	238
Dm_00000052-RA	AT2G38470.1	N/A	62.452	261	60	4	254	488	178	426	2.43e-97	320
Dm_00017695-RA	AT1G13680.1	N/A	61.837	283	101	1	3	285	71	346	1.06e-131	377
Dm_00017651-RA	AT1G14860.1	N/A	61.212	165	57	2	8	171	1	159	1.87e-64	197
Dm_00004018-RA	AT4G08950.1	N/A	68.372	215	62	3	45	257	35	245	1.76e-102	301
Dm_00004017-RA	AT2G16460.1	N/A	72.396	192	53	0	64	255	39	230	1.06e-97	285
Dm_00003515-RA	AT2G18750.3	N/A	53.499	686	234	15	1	668	1	619	0.0	679
Dm_00001319-RA	AT5G57550.1	N/A	69.149	282	80	4	12	290	5	282	1.28e-145	410
Dm_00001320-RA	AT2G43020.1	N/A	78.947	475	96	2	2	472	16	490	0.0	770
Dm_00001309-RA	AT3G19830.4	N/A	59.885	693	212	13	58	725	42	693	0.0	742
Dm_00005597-RA	AT1G06410.2	N/A	72.071	845	231	3	1	845	1	840	0.0	1289
Dm_00005189-RA	AT4G15420.2	N/A	63.937	574	191	5	1	572	124	683	0.0	782
Dm_00005301-RA	AT4G19460.1	N/A	64.024	492	168	5	1	483	24	515	0.0	654
Dm_00009478-RA	AT2G37980.1	N/A	76.906	446	99	3	22	465	195	638	0.0	725
Dm_00005399-RA	AT2G25060.1	N/A	36.986	146	88	3	18	159	19	164	1.77e-23	93.2
Dm_00001769-RA	AT5G42570.1	N/A	60.648	216	85	0	2	217	1	216	4.57e-95	277
Dm_00020586-RA	AT5G38970.1	N/A	66.598	482	140	4	50	530	1	462	0.0	672
Dm_00007247-RA	AT3G18440.1	N/A	54.096	586	227	11	1	561	1	569	0.0	589
Dm_00021005-RA	AT5G09760.1	N/A	69.841	315	94	1	1	315	237	550	6.30e-167	476
Dm_00009021-RA	AT4G20840.1	N/A	56.548	504	211	5	55	553	35	535	0.0	554
Dm_00001554-RA	AT4G20780.1	N/A	56.132	212	67	3	13	224	6	191	2.59e-73	221
Dm_00001415-RA	AT3G48240.1	N/A	52.349	149	59	5	9	157	8	144	5.23e-39	132
Dm_00001438-RA	AT3G48360.3	N/A	49.655	145	64	3	13	148	107	251	2.31e-43	144
Dm_00017932-RA	AT4G13420.1	N/A	51.454	791	371	6	1	784	1	785	0.0	813
Dm_00017787-RA	AT1G60190.1	N/A	40.883	702	387	12	1	692	1	684	2.08e-160	478
Dm_00013565-RA	AT4G23030.1	N/A	68.737	483	142	4	24	504	10	485	0.0	598
Dm_00013980-RA	AT3G46510.1	N/A	60.610	688	225	5	1	683	1	647	0.0	810
Dm_00013551-RA	AT4G24380.1	N/A	65.106	235	77	3	1	233	1	232	2.18e-114	327
Dm_00005277-RA	AT5G13090.1	N/A	42.188	256	125	8	48	302	35	268	1.90e-48	163
Dm_00005880-RA	AT1G80840.1	N/A	47.692	325	114	12	1	296	1	298	1.32e-81	249
Dm_00006739-RA	AT1G68550.2	N/A	32.822	326	146	15	29	326	36	316	2.10e-34	128
Dm_00009307-RA	AT1G64280.1	N/A	48.542	583	262	9	5	576	8	563	0.0	539
Dm_00019708-RA	AT1G52855.1	N/A	75.000	68	17	0	1	68	1	68	2.95e-35	114
Dm_00012597-RA	AT1G14870.1	N/A	61.702	141	53	1	29	168	12	152	4.79e-61	186
Dm_00001335-RA	AT1G06410.2	N/A	69.651	860	231	12	1	850	1	840	0.0	1234
Dm_00001995-RA	AT1G26800.1	N/A	45.045	222	75	7	7	227	10	185	8.78e-53	170
Dm_00001627-RA	AT3G62630.1	N/A	47.482	417	164	17	23	425	4	379	4.47e-85	265
Dm_00015464-RA	AT3G62720.1	N/A	75.870	460	96	4	1	452	1	453	0.0	735
Dm_00013427-RA	AT1G69760.1	N/A	37.736	212	75	10	4	201	9	177	3.19e-23	91.7
Dm_00019763-RA	AT5G15490.1	N/A	88.773	481	53	1	1	481	1	480	0.0	904
Dm_00019560-RA	AT2G30020.1	N/A	58.081	396	142	6	1	373	1	395	1.02e-148	426
Dm_00001746-RA	AT3G18830.1	N/A	70.307	522	144	5	9	526	1	515	0.0	730
Dm_00001350-RA	AT1G27730.1	N/A	35.613	351	91	13	1	344	1	223	1.07e-42	148
Dm_00001873-RA	AT5G63770.2	N/A	68.247	696	215	5	22	716	22	712	0.0	986
Dm_00020427-RA	AT3G16770.1	N/A	50.365	137	56	4	1	126	1	136	6.27e-37	132
Dm_00018840-RA	AT3G03280.1	N/A	40.541	185	88	4	1	183	1	165	3.13e-41	137
Dm_00017058-RA	AT5G13200.1	N/A	61.328	256	93	2	7	261	16	266	4.69e-120	345
Dm_00004346-RA	AT5G64260.1	N/A	60.797	301	112	4	15	313	9	305	5.15e-129	370
Dm_00003435-RA	AT4G34710.1	N/A	68.213	733	175	11	1	711	1	697	0.0	983
Dm_00000501-RA	AT3G59080.1	N/A	59.538	519	172	8	48	566	55	535	0.0	610
Dm_00006177-RA	AT5G54470.1	N/A	79.167	72	15	0	5	76	6	77	1.31e-37	130
Dm_00005783-RA	AT1G64980.2	N/A	71.956	271	64	2	5	273	12	272	9.22e-151	422
Dm_00009176-RA	AT4G01575.1	N/A	54.762	126	52	3	21	145	23	144	1.02e-41	136
Dm_00001397-RA	AT2G36090.1	N/A	40.741	351	154	6	20	370	14	310	7.61e-73	229
Dm_00003862-RA	AT5G12010.1	N/A	70.509	373	98	5	138	509	141	502	0.0	555
Dm_00003855-RA	AT4G33050.2	N/A	56.396	555	200	8	38	583	2	523	0.0	575
Dm_00000564-RA	AT3G05170.1	N/A	77.372	274	59	2	16	288	3	274	5.80e-158	444
Dm_00017025-RA	AT3G11760.1	N/A	44.757	782	308	22	1	747	1	693	0.0	570
Dm_00000344-RA	AT5G46230.1	N/A	43.885	139	71	2	9	147	10	141	2.30e-40	133
Dm_00012073-RA	AT4G01950.1	N/A	49.071	538	233	10	33	564	17	519	3.79e-172	498
Dm_00018647-RA	AT4G27280.1	N/A	69.298	114	35	0	4	117	13	126	1.50e-52	162
Dm_00004196-RA	AT1G01260.1	N/A	44.103	619	214	17	1	528	3	580	1.10e-147	437
Dm_00004133-RA	AT4G26700.1	N/A	72.287	682	184	4	1	678	1	681	0.0	1010
Dm_00012655-RA	AT1G64940.1	N/A	56.513	522	205	7	1	519	1	503	0.0	595
Dm_00011848-RA	AT3G44260.1	N/A	71.841	277	62	3	10	283	17	280	1.06e-140	397
Dm_00000296-RA	AT4G24900.1	N/A	43.510	416	162	13	6	351	2	414	3.89e-95	293
Dm_00000524-RA	AT5G28150.1	N/A	59.272	302	107	5	1	299	1	289	4.42e-126	361
Dm_00019080-RA	AT5G24318.2	N/A	52.164	439	204	4	21	453	10	448	1.28e-159	459
Dm_00014164-RA	AT5G22400.1	N/A	62.408	407	123	5	68	471	87	466	2.78e-169	485
Dm_00007448-RA	AT3G12160.1	N/A	74.439	223	53	4	1	223	1	219	1.51e-122	347
Dm_00007129-RA	AT5G04760.1	N/A	68.391	174	44	3	19	192	5	167	4.14e-73	222
Dm_00012129-RA	AT5G54650.2	N/A	65.369	488	153	5	420	898	420	900	0.0	621
Dm_00005528-RA	AT1G77810.2	N/A	75.141	354	80	3	12	365	39	384	0.0	563
Dm_00000869-RA	AT5G47230.1	N/A	55.224	201	72	5	178	378	118	300	8.48e-58	190
Dm_00000408-RA	AT5G17210.1	N/A	50.222	225	91	3	2	223	1	207	2.68e-75	226
Dm_00000422-RA	AT1G64720.1	N/A	58.313	403	130	5	26	428	21	385	5.17e-166	472
Dm_00000418-RA	AT5G54130.2	N/A	69.583	480	95	5	15	488	1	435	0.0	672
Dm_00000419-RA	AT1G33060.1	N/A	35.727	543	268	18	1	478	19	545	1.54e-77	258
Dm_00018077-RA	AT4G30960.1	N/A	73.050	423	109	2	11	428	17	439	0.0	621
Dm_00015937-RA	AT3G15210.1	N/A	60.317	126	38	3	12	128	9	131	1.16e-39	136
Dm_00018080-RA	AT5G67480.1	N/A	61.186	371	134	2	5	375	6	366	1.74e-168	476
Dm_00017485-RA	AT3G14850.2	N/A	58.841	328	127	3	38	361	32	355	1.11e-143	411
Dm_00018068-RA	AT1G50600.3	N/A	63.172	372	137	0	253	624	154	525	1.76e-172	501
Dm_00016891-RA	AT3G12620.1	N/A	71.538	390	94	4	3	391	4	377	0.0	573
Dm_00000779-RA	AT2G36320.1	N/A	50.000	178	68	3	1	174	1	161	8.79e-56	173
Dm_00001115-RA	AT3G25250.1	N/A	52.668	431	172	9	34	463	10	409	1.11e-143	418
Dm_00012773-RA	AT3G05840.2	N/A	77.419	403	65	2	1	377	1	403	0.0	653
Dm_00013069-RA	AT5G13930.1	N/A	69.048	294	90	1	1	293	102	395	3.19e-150	426
Dm_00013070-RA	AT1G60690.1	N/A	71.848	341	93	3	12	352	7	344	0.0	520
Dm_00011438-RA	AT3G28630.2	N/A	53.488	172	70	6	1	172	33	194	8.81e-53	181
