Dm_00007086-RA	AT1G79850.1	N/A	65.693	137	38	3	31	162	17	149	1.77e-49	156
Dm_00007085-RA	AT1G52230.1	N/A	70.946	148	40	1	1	148	1	145	2.25e-71	211
Dm_00006505-RA	AT1G57610.2	N/A	55.882	170	62	3	22	185	124	286	4.96e-59	186
Dm_00007450-RA	AT2G06520.1	N/A	72.368	76	20	1	51	126	42	116	1.30e-25	93.6
Dm_00006673-RA	AT1G60470.1	N/A	76.676	343	69	3	1	341	1	334	0.0	541
Dm_00006971-RA	AT3G44020.1	N/A	65.217	92	27	2	55	141	55	146	1.58e-37	126
Dm_00006146-RA	AT5G54270.1	N/A	78.169	284	30	2	8	289	2	255	1.65e-154	453
Dm_00009382-RA	AT1G02520.2	N/A	71.371	1247	348	4	42	1286	39	1278	0.0	1808
Dm_00008447-RA	AT4G02260.2	N/A	60.000	820	252	12	1	758	1	806	0.0	959
Dm_00008211-RA	AT3G16340.1	N/A	69.268	1243	339	5	1575	2803	203	1416	0.0	1822
Dm_00020975-RA	AT5G35220.1	N/A	68.609	532	124	7	74	573	24	544	0.0	702
Dm_00018445-RA	AT4G13420.1	N/A	50.759	593	246	6	1	551	197	785	0.0	601
Dm_00017421-RA	AT1G32520.1	N/A	71.784	241	54	8	1	229	1	239	5.80e-113	323
Dm_00007238-RA	AT4G34810.1	N/A	55.340	103	37	3	78	172	15	116	4.23e-30	107
Dm_00007240-RA	AT5G35450.1	N/A	34.657	554	299	14	1	540	350	854	2.63e-76	259
Dm_00008253-RA	AT2G44480.1	N/A	62.457	293	109	1	3	295	93	384	1.96e-136	396
Dm_00007158-RA	AT3G17970.1	N/A	65.320	594	200	2	1	594	1	588	0.0	696
Dm_00007894-RA	AT3G53130.1	N/A	77.432	514	106	3	27	539	35	539	0.0	833
Dm_00007885-RA	AT3G10060.1	N/A	72.043	186	51	1	4	189	24	208	7.81e-88	258
Dm_00016121-RA	AT3G04910.1	N/A	62.367	566	165	14	1	535	4	552	0.0	677
Dm_00016345-RA	AT3G54960.1	N/A	64.240	467	159	3	76	541	94	553	0.0	627
Dm_00020965-RA	AT5G19220.1	N/A	61.022	372	85	7	1	366	1	318	2.78e-145	421
Dm_00020742-RA	AT1G59780.2	N/A	34.296	277	128	10	91	314	566	841	5.55e-27	112
Dm_00010655-RA	AT2G03420.1	N/A	62.590	139	52	0	52	190	32	170	4.61e-55	172
Dm_00010840-RA	AT4G14830.1	N/A	50.413	121	54	4	79	197	29	145	5.21e-29	106
Dm_00003396-RA	AT5G67090.1	N/A	41.688	794	359	22	1	780	29	732	0.0	559
Dm_00003843-RA	AT3G46780.1	N/A	53.552	549	202	12	12	549	4	510	2.98e-165	479
Dm_00003167-RA	AT1G13820.1	N/A	59.517	331	109	1	27	357	22	327	9.49e-146	416
Dm_00018776-RA	AT4G10340.1	N/A	80.565	283	50	3	12	293	2	280	1.21e-148	418
Dm_00019031-RA	AT5G30510.1	N/A	69.544	417	116	3	1	417	1	406	0.0	580
Dm_00019008-RA	AT2G30520.1	N/A	64.636	591	191	6	57	633	7	593	0.0	758
Dm_00012510-RA	AT1G26190.1	N/A	70.250	679	174	7	1	657	1	673	0.0	949
Dm_00012748-RA	AT4G02600.2	N/A	62.474	485	142	7	5	456	4	481	0.0	588
Dm_00013133-RA	AT5G06860.1	N/A	45.048	313	161	6	41	350	25	329	1.61e-73	234
Dm_00010817-RA	AT3G08940.2	N/A	79.094	287	57	2	1	287	1	284	8.17e-163	454
Dm_00002750-RA	AT5G66430.1	N/A	36.023	347	182	6	39	352	15	354	1.77e-70	224
Dm_00002784-RA	AT5G28750.1	N/A	80.851	47	9	0	165	211	58	104	4.04e-21	85.9
Dm_00002999-RA	AT1G52080.1	N/A	42.977	477	222	10	2	465	1	440	3.83e-109	340
Dm_00019545-RA	AT2G37570.1	N/A	76.171	491	107	7	11	496	1	486	0.0	756
Dm_00015757-RA	AT3G57520.1	N/A	75.800	781	181	5	1	781	1	773	0.0	1258
Dm_00012414-RA	AT4G25040.1	N/A	37.500	144	84	1	6	149	32	169	3.43e-22	87.8
Dm_00011639-RA	AT5G64040.1	N/A	62.791	172	59	3	1	169	1	170	2.03e-72	216
Dm_00011625-RA	AT5G44000.1	N/A	64.800	375	125	3	35	407	18	387	1.11e-174	494
Dm_00008689-RA	AT4G34090.1	N/A	58.974	390	83	4	23	412	11	323	5.12e-156	445
Dm_00008693-RA	AT4G34131.1	N/A	47.233	506	215	10	8	505	7	468	1.01e-157	458
Dm_00009099-RA	AT1G70630.7	N/A	52.450	694	287	11	92	769	8	674	0.0	673
Dm_00008762-RA	AT2G37860.4	N/A	65.337	326	79	2	202	527	141	432	1.79e-148	433
Dm_00002867-RA	AT4G31390.1	N/A	89.941	338	33	1	128	465	91	427	0.0	635
Dm_00017910-RA	AT1G58340.1	N/A	72.016	511	135	3	13	515	17	527	0.0	708
Dm_00010587-RA	AT1G58290.1	N/A	73.333	570	119	6	1	564	1	543	0.0	817
Dm_00015633-RA	AT2G26080.1	N/A	83.683	1048	162	4	1	1044	1	1043	0.0	1801
Dm_00015851-RA	AT2G43560.1	N/A	78.977	176	36	1	48	223	49	223	1.58e-92	271
Dm_00002118-RA	AT5G27390.1	N/A	58.431	255	83	5	1	246	1	241	3.35e-101	294
Dm_00002827-RA	AT1G15110.3	N/A	77.017	409	84	2	24	423	18	425	0.0	655
Dm_00002744-RA	AT1G75280.1	N/A	66.667	309	98	3	3	309	4	309	3.94e-153	431
Dm_00002735-RA	AT1G75210.3	N/A	82.540	63	11	0	10	72	475	537	8.54e-33	118
Dm_00019141-RA	AT5G61210.1	N/A	56.272	279	104	6	1	273	1	267	5.65e-93	277
Dm_00017683-RA	AT4G35840.1	N/A	72.845	232	63	0	7	238	5	236	1.33e-125	355
Dm_00018197-RA	AT1G42970.1	N/A	89.153	378	40	1	26	403	71	447	0.0	673
Dm_00006278-RA	AT1G61520.3	N/A	81.404	285	40	2	3	287	2	273	1.12e-160	448
Dm_00005180-RA	AT5G40390.1	N/A	66.071	784	255	8	20	800	8	783	0.0	1074
Dm_00012900-RA	AT2G45600.1	N/A	56.402	328	128	5	2	325	9	325	4.58e-128	369
Dm_00012979-RA	AT2G39130.1	N/A	66.007	556	158	7	8	543	6	550	0.0	724
Dm_00006411-RA	AT1G71020.1	N/A	60.559	644	216	9	19	656	9	620	0.0	718
Dm_00006866-RA	AT4G25650.1	N/A	61.404	399	116	4	69	432	67	462	0.0	520
Dm_00006867-RA	AT4G25650.1	N/A	57.143	84	36	0	2	85	452	535	1.51e-31	115
Dm_00018593-RA	AT1G64940.1	N/A	50.099	507	215	15	43	534	20	503	5.53e-166	481
Dm_00014872-RA	AT1G61580.1	N/A	85.492	386	56	0	1	386	1	386	0.0	684
Dm_00015327-RA	AT4G37260.1	N/A	49.346	306	106	9	15	305	6	277	4.51e-86	262
Dm_00007117-RA	AT4G31780.2	N/A	72.028	429	102	6	49	465	37	459	0.0	615
Dm_00012405-RA	AT4G37930.1	N/A	84.749	518	72	3	1	512	1	517	0.0	915
Dm_00010805-RA	AT3G29360.1	N/A	90.208	480	47	0	41	520	1	480	0.0	918
Dm_00021056-RA	AT5G46800.1	N/A	74.333	300	71	2	1	294	1	300	1.46e-161	451
Dm_00008185-RA	AT4G04640.1	N/A	80.495	323	63	0	55	377	49	371	0.0	546
Dm_00005035-RA	AT1G56580.1	N/A	58.955	134	54	1	10	142	9	142	4.78e-54	168
Dm_00004867-RA	AT1G14345.1	N/A	73.377	154	35	2	74	221	33	186	4.59e-76	228
Dm_00005010-RA	AT4G36220.1	N/A	70.192	520	142	4	3	512	4	520	0.0	726
Dm_00016975-RA	AT5G49030.3	N/A	72.656	512	136	1	2	509	752	1263	0.0	807
Dm_00014699-RA	AT1G15520.2	N/A	50.602	249	50	5	18	193	946	1194	3.28e-67	223
Dm_00009111-RA	AT5G61410.2	N/A	81.119	286	45	3	2	287	4	280	2.14e-167	465
Dm_00009113-RA	AT5G59720.1	N/A	34.946	186	81	7	1	171	1	161	2.27e-21	85.5
Dm_00019232-RA	AT5G39530.1	N/A	54.585	229	78	1	38	266	34	236	2.05e-83	250
Dm_00019152-RA	AT1G53350.1	N/A	35.852	569	291	20	1	553	351	861	7.69e-66	231
Dm_00019151-RA	AT1G50180.1	N/A	34.930	355	203	10	1	351	1	331	2.16e-50	181
Dm_00004609-RA	AT1G05200.6	N/A	62.316	881	323	6	47	924	58	932	0.0	1160
Dm_00005437-RA	AT2G13360.1	N/A	87.781	401	49	0	1	401	1	401	0.0	747
Dm_00018379-RA	AT5G52570.1	N/A	70.485	227	67	0	36	262	30	256	2.01e-117	339
Dm_00011322-RA	AT1G60960.3	N/A	61.259	413	150	5	191	598	8	415	2.45e-158	460
Dm_00008142-RA	AT1G75500.2	N/A	58.228	158	61	1	30	182	115	272	1.70e-60	195
Dm_00015165-RA	AT4G38970.1	N/A	82.195	410	56	3	5	411	3	398	0.0	679
Dm_00016904-RA	AT1G32170.1	N/A	63.245	302	109	1	23	324	12	311	5.32e-149	424
Dm_00003301-RA	AT5G52440.1	N/A	67.939	131	42	0	48	178	33	163	5.91e-58	183
Dm_00003094-RA	AT2G28550.3	N/A	45.270	444	174	14	1	420	1	399	5.72e-87	275
Dm_00008887-RA	AT1G67740.1	N/A	51.759	199	71	5	14	208	10	187	2.94e-47	154
Dm_00010241-RA	AT2G36870.1	N/A	66.894	293	96	1	11	303	6	297	1.86e-144	409
Dm_00002650-RA	AT5G67030.1	N/A	68.646	421	132	0	3	423	247	667	0.0	611
Dm_00002472-RA	AT2G31160.1	N/A	76.506	166	33	1	40	199	19	184	1.54e-81	243
Dm_00010010-RA	AT3G23490.1	N/A	72.222	162	45	0	2	163	3	164	3.36e-88	255
Dm_00009515-RA	AT3G15990.1	N/A	74.525	526	134	0	14	539	124	649	0.0	827
Dm_00009516-RA	AT3G15990.1	N/A	60.000	85	34	0	62	146	25	109	7.27e-32	120
Dm_00016416-RA	AT3G05200.1	N/A	40.617	389	163	11	55	440	15	338	2.70e-75	241
Dm_00016261-RA	AT1G32990.1	N/A	82.123	179	27	1	61	239	45	218	1.42e-102	297
Dm_00014262-RA	AT5G39740.1	N/A	72.948	329	52	1	130	458	1	292	2.01e-174	491
Dm_00010156-RA	AT2G45550.1	N/A	42.549	510	276	9	10	513	9	507	9.08e-145	426
Dm_00003322-RA	AT5G33320.1	N/A	67.294	425	106	5	1	409	1	408	0.0	530
Dm_00003672-RA	AT4G27800.1	N/A	64.205	352	120	3	54	404	41	387	7.54e-163	463
Dm_00003151-RA	AT3G05410.2	N/A	52.381	294	105	5	1	273	1	280	2.01e-101	297
Dm_00010980-RA	AT2G40540.5	N/A	46.491	798	311	21	36	735	15	794	0.0	599
Dm_00014903-RA	AT3G01480.1	N/A	74.580	417	100	4	92	505	24	437	0.0	642
Dm_00014263-RA	AT1G72510.2	N/A	51.479	169	65	4	2	165	9	165	1.07e-53	168
Dm_00005800-RA	AT2G41660.1	N/A	62.637	182	51	5	104	279	127	297	3.02e-69	216
Dm_00006899-RA	AT1G28480.1	N/A	66.667	108	33	1	49	156	33	137	1.44e-46	148
Dm_00005539-RA	AT4G35840.1	N/A	73.128	227	59	1	13	239	12	236	1.22e-123	350
Dm_00006483-RA	AT1G52590.1	N/A	61.688	154	18	1	8	161	60	172	1.38e-59	182
Dm_00014704-RA	AT2G27990.1	N/A	47.445	274	130	3	280	553	252	511	5.88e-69	235
Dm_00012801-RA	AT2G05620.2	N/A	66.165	133	40	3	1	128	1	133	5.23e-54	166
Dm_00014858-RA	AT5G51110.2	N/A	59.487	195	74	2	13	206	3	193	1.68e-80	238
Dm_00013023-RA	AT1G04980.1	N/A	72.727	341	82	2	5	334	107	447	0.0	511
Dm_00013864-RA	AT5G22340.1	N/A	46.691	272	109	4	9	244	51	322	5.99e-77	236
Dm_00010722-RA	AT4G04330.1	N/A	80.488	123	24	0	46	168	45	167	1.78e-70	211
Dm_00009700-RA	AT5G19220.1	N/A	75.676	222	42	1	5	226	313	522	7.27e-122	356
Dm_00002371-RA	AT3G16150.1	N/A	80.368	326	63	1	1	326	1	325	0.0	541
Dm_00003190-RA	AT2G01610.1	N/A	50.556	180	80	2	36	211	43	217	3.34e-58	183
Dm_00003191-RA	AT2G01610.1	N/A	50.556	180	80	2	36	211	43	217	3.34e-58	183
Dm_00006286-RA	AT4G08170.2	N/A	75.000	284	70	1	49	332	39	321	1.24e-145	415
Dm_00005725-RA	AT3G56940.1	N/A	82.396	409	54	3	1	391	1	409	0.0	677
Dm_00005870-RA	AT3G54320.3	N/A	69.886	176	47	3	80	250	53	227	1.84e-77	241
Dm_00011661-RA	AT1G78630.1	N/A	67.521	234	53	3	30	258	25	240	2.24e-106	308
Dm_00013145-RA	AT2G23340.1	N/A	61.392	158	45	4	6	155	20	169	3.85e-53	166
Dm_00011920-RA	AT2G07680.1	N/A	61.084	1015	319	8	1	994	435	1394	0.0	1192
Dm_00005842-RA	AT5G64940.1	N/A	71.353	761	152	9	19	772	23	724	0.0	1027
Dm_00006504-RA	AT4G14465.1	N/A	45.748	341	120	9	1	337	1	280	8.03e-67	212
Dm_00005621-RA	AT3G08010.1	N/A	69.010	384	107	3	1	382	1	374	0.0	548
Dm_00012435-RA	AT3G26040.1	N/A	30.303	462	279	18	4	450	1	434	1.89e-56	193
Dm_00013978-RA	AT4G28740.1	N/A	66.538	260	85	2	4	262	89	347	1.40e-128	368
Dm_00013911-RA	AT4G01040.1	N/A	59.729	442	162	7	1	438	1	430	0.0	540
Dm_00013613-RA	AT2G43030.1	N/A	81.448	221	41	0	90	310	51	271	1.23e-122	352
Dm_00016295-RA	AT1G72830.1	N/A	40.068	292	143	10	24	305	41	310	1.47e-48	166
Dm_00010603-RA	AT4G10340.1	N/A	82.042	284	45	3	11	293	2	280	3.41e-148	419
Dm_00012495-RA	AT1G63690.1	N/A	57.651	562	122	7	26	522	25	535	0.0	592
Dm_00011869-RA	AT5G13420.1	N/A	75.837	418	80	6	29	435	28	435	0.0	605
Dm_00011871-RA	AT1G28140.1	N/A	65.873	252	81	1	100	351	33	279	2.24e-111	326
Dm_00011981-RA	AT1G20810.1	N/A	66.142	127	30	1	18	131	105	231	7.28e-46	149
Dm_00017750-RA	AT5G25460.1	N/A	65.301	366	124	1	7	369	4	369	0.0	518
Dm_00003660-RA	AT5G57800.1	N/A	64.434	627	217	3	5	625	3	629	0.0	869
Dm_00003666-RA	AT5G57690.1	N/A	60.377	318	118	5	1	311	1	317	2.20e-133	388
Dm_00003750-RA	AT2G20570.1	N/A	40.959	459	144	15	72	497	56	420	5.70e-75	243
Dm_00020520-RA	AT3G27160.1	N/A	63.953	86	28	2	92	175	68	152	1.59e-34	121
Dm_00018559-RA	AT1G68010.1	N/A	87.990	383	41	2	3	385	2	379	0.0	676
Dm_00020562-RA	AT3G47430.1	N/A	67.686	229	59	4	3	221	4	227	6.35e-100	290
Dm_00020563-RA	AT5G51920.1	N/A	43.833	600	251	12	70	668	42	556	2.64e-167	491
Dm_00007706-RA	AT2G36990.1	N/A	40.533	375	197	5	79	450	34	385	9.87e-68	232
Dm_00013232-RA	AT5G26667.2	N/A	87.342	158	20	0	1	158	22	179	2.31e-101	290
Dm_00005108-RA	AT4G03280.1	N/A	73.160	231	57	3	1	228	1	229	7.73e-105	302
Dm_00005062-RA	AT3G21360.1	N/A	58.333	96	40	0	4	99	211	306	2.60e-38	130
Dm_00016253-RA	AT4G37530.1	N/A	54.062	320	123	4	26	334	23	329	6.08e-119	346
Dm_00016254-RA	AT5G67385.1	N/A	60.835	623	207	8	46	650	1	604	0.0	732
Dm_00016508-RA	AT4G14750.1	N/A	44.681	470	149	17	10	464	1	374	1.36e-100	310
Dm_00013580-RA	AT1G62990.1	N/A	66.667	93	21	3	3	91	8	94	4.31e-33	116
Dm_00004091-RA	AT3G63540.1	N/A	77.931	145	28	2	120	264	3	143	1.03e-79	237
Dm_00005382-RA	AT5G53390.1	N/A	31.881	505	300	10	1	493	1	473	7.98e-78	252
Dm_00008472-RA	AT4G37750.1	N/A	51.901	526	157	15	1	489	1	467	2.10e-151	450
Dm_00007634-RA	AT5G51010.1	N/A	69.524	105	31	1	81	185	50	153	2.69e-51	162
Dm_00003262-RA	AT4G14890.1	N/A	65.354	127	40	1	37	159	28	154	9.74e-56	172
Dm_00020412-RA	AT5G22620.2	N/A	64.381	452	138	5	74	516	44	481	0.0	581
Dm_00020595-RA	AT4G31530.1	N/A	67.094	234	48	1	111	315	91	324	2.48e-110	323
Dm_00003448-RA	AT5G66470.2	N/A	72.727	319	67	1	2	320	129	427	1.53e-174	490
Dm_00014071-RA	AT3G57680.1	N/A	69.488	449	121	4	3	436	71	518	0.0	649
Dm_00013737-RA	AT5G19500.1	N/A	67.880	467	140	4	9	474	24	481	0.0	592
Dm_00020641-RA	AT3G05560.1	N/A	81.301	123	19	2	1	123	1	119	6.99e-56	170
Dm_00019023-RA	AT5G50890.1	N/A	64.690	371	99	4	35	378	42	407	3.97e-175	494
Dm_00005418-RA	AT3G61470.1	N/A	90.278	216	20	1	42	256	37	252	1.74e-146	410
Dm_00004907-RA	AT5G26660.1	N/A	52.190	274	123	3	1	266	1	274	4.18e-90	276
Dm_00005170-RA	AT1G11860.3	N/A	87.500	408	50	1	4	410	15	422	0.0	743
Dm_00005267-RA	AT2G30170.1	N/A	63.241	253	78	1	17	269	59	296	2.42e-119	343
Dm_00007915-RA	AT4G38970.1	N/A	85.464	399	56	2	1	398	1	398	0.0	702
Dm_00006747-RA	AT1G67280.2	N/A	88.068	176	21	0	10	185	80	255	8.12e-113	323
Dm_00006748-RA	AT1G67280.1	N/A	75.385	130	28	2	49	177	41	167	4.36e-64	202
Dm_00015745-RA	AT4G22890.2	N/A	67.314	309	94	2	1	309	1	302	3.07e-148	418
Dm_00015778-RA	AT1G08380.1	N/A	82.474	97	11	1	8	104	50	140	1.39e-53	164
Dm_00009231-RA	AT5G13630.1	N/A	85.489	1392	185	8	1	1386	1	1381	0.0	2471
Dm_00002400-RA	AT5G36790.2	N/A	77.534	365	71	5	8	368	4	361	0.0	545
Dm_00002404-RA	AT3G03310.1	N/A	68.161	446	134	3	146	589	6	445	0.0	619
Dm_00002248-RA	AT5G57170.2	N/A	74.561	114	29	0	1	114	1	114	2.51e-58	176
Dm_00013424-RA	AT1G15550.1	N/A	56.047	339	145	2	14	352	20	354	2.44e-135	390
Dm_00013432-RA	AT1G12110.1	N/A	64.094	596	200	8	1	588	1	590	0.0	753
Dm_00014549-RA	AT1G67740.1	N/A	58.824	153	50	3	53	201	44	187	2.62e-43	144
Dm_00004151-RA	AT5G04170.1	N/A	58.639	191	76	3	87	274	164	354	1.75e-74	231
Dm_00004916-RA	AT1G79040.1	N/A	70.423	142	34	4	1	136	1	140	2.61e-62	187
Dm_00006073-RA	AT4G01150.1	N/A	64.458	166	56	1	6	171	2	164	4.31e-69	207
Dm_00006081-RA	AT2G46220.1	N/A	65.079	189	62	1	66	254	55	239	6.53e-92	272
Dm_00004378-RA	AT4G38460.1	N/A	70.667	300	71	4	43	339	39	324	2.24e-142	405
Dm_00011902-RA	AT1G59960.1	N/A	53.614	332	147	2	1	331	1	326	1.61e-139	398
Dm_00013634-RA	AT3G47950.2	N/A	78.897	526	93	4	226	734	435	959	0.0	862
Dm_00013869-RA	AT3G19800.2	N/A	55.396	139	60	2	6	144	47	183	5.54e-52	165
Dm_00018090-RA	AT1G66400.1	N/A	48.366	153	70	1	13	165	10	153	2.47e-45	146
Dm_00008043-RA	AT1G73020.3	N/A	64.769	650	225	3	1	649	1	647	0.0	860
Dm_00006537-RA	AT4G02990.2	N/A	71.734	421	117	2	27	446	98	517	0.0	624
Dm_00007934-RA	AT3G15030.2	N/A	43.373	415	177	16	12	389	23	416	1.08e-74	238
Dm_00007385-RA	AT1G02850.2	N/A	57.710	428	155	1	15	442	86	487	0.0	535
Dm_00014413-RA	AT5G28060.1	N/A	83.333	132	22	0	1	132	1	132	1.30e-78	228
Dm_00016921-RA	AT5G58330.2	N/A	78.271	428	77	4	22	448	30	442	0.0	671
Dm_00019285-RA	AT1G74730.1	N/A	74.359	156	40	0	3	158	43	198	1.59e-62	191
Dm_00019482-RA	AT1G60000.1	N/A	70.370	162	47	1	90	250	83	244	6.37e-79	239
Dm_00018909-RA	AT2G24270.2	N/A	87.500	496	62	0	1	496	41	536	0.0	920
Dm_00019337-RA	AT2G21960.1	N/A	81.560	282	52	0	55	336	50	331	9.07e-167	468
Dm_00018215-RA	AT2G21050.1	N/A	78.758	499	67	2	7	505	2	461	0.0	825
Dm_00018737-RA	AT5G60390.1	N/A	94.655	449	24	0	1	449	1	449	0.0	884
Dm_00017791-RA	AT4G05200.1	N/A	46.995	649	305	13	47	685	15	634	0.0	570
Dm_00017752-RA	AT2G18300.1	N/A	48.261	230	75	6	267	485	74	270	5.32e-53	185
Dm_00010415-RA	AT5G17230.1	N/A	77.500	360	77	3	43	399	36	394	0.0	564
Dm_00009220-RA	AT2G39730.1	N/A	80.652	460	87	2	9	467	16	474	0.0	779
Dm_00011375-RA	AT3G15030.2	N/A	45.140	463	196	17	150	597	1	420	5.57e-83	266
Dm_00012808-RA	AT1G22380.1	N/A	38.259	494	274	11	9	496	12	480	3.31e-109	333
Dm_00013328-RA	AT2G02850.1	N/A	58.268	127	50	2	4	128	3	128	1.31e-49	154
Dm_00012642-RA	AT3G14420.2	N/A	90.786	369	32	1	1	369	1	367	0.0	675
Dm_00012162-RA	AT5G13180.1	N/A	52.288	153	65	2	15	161	12	162	8.82e-49	160
Dm_00011000-RA	AT4G09650.1	N/A	50.973	257	100	4	1	255	1	233	2.15e-80	241
Dm_00010990-RA	AT1G32060.1	N/A	80.645	403	68	3	1	403	1	393	0.0	671
Dm_00008193-RA	AT3G17040.1	N/A	59.011	627	214	8	31	624	22	638	0.0	711
Dm_00002414-RA	AT3G50170.1	N/A	59.252	481	176	12	33	503	60	530	2.60e-180	536
Dm_00002515-RA	AT1G15290.1	N/A	53.641	1236	403	29	12	1233	49	1128	0.0	1189
Dm_00002512-RA	AT1G52510.1	N/A	78.338	337	69	1	89	421	32	368	0.0	561
Dm_00002514-RA	AT1G15290.2	N/A	53.165	79	37	0	1	79	1	79	6.27e-22	90.1
Dm_00002536-RA	AT5G06290.1	N/A	82.301	226	32	1	67	292	56	273	9.70e-138	390
Dm_00002270-RA	AT3G51480.1	N/A	53.398	927	401	8	11	935	3	900	0.0	1048
Dm_00002274-RA	AT1G55850.1	N/A	42.958	142	63	3	9	132	18	159	4.34e-29	112
Dm_00002278-RA	AT1G22840.1	N/A	86.486	111	15	0	1	111	1	111	3.70e-70	205
Dm_00007664-RA	AT1G24540.1	N/A	52.214	542	226	6	3	534	2	520	0.0	581
Dm_00007433-RA	AT1G20020.1	N/A	78.108	370	73	4	1	363	1	369	0.0	586
Dm_00011295-RA	AT3G01500.1	N/A	73.810	252	57	1	4	246	19	270	2.32e-135	382
Dm_00007628-RA	AT3G27820.1	N/A	82.278	237	42	0	1	237	1	237	3.06e-135	389
Dm_00007627-RA	AT3G27820.1	N/A	61.074	298	109	4	17	312	195	487	6.37e-110	328
Dm_00007767-RA	AT4G18100.1	N/A	82.540	126	22	0	1	126	1	126	1.97e-75	220
Dm_00007945-RA	AT3G54890.1	N/A	81.967	244	37	2	5	248	3	239	9.89e-140	392
Dm_00015176-RA	AT5G22800.2	N/A	75.444	900	217	4	188	1085	104	1001	0.0	1400
Dm_00000834-RA	AT5G54770.1	N/A	73.333	360	85	5	65	424	1	349	0.0	535
Dm_00000619-RA	AT1G56220.1	N/A	67.500	120	30	3	1	111	1	120	3.24e-42	136
Dm_00001139-RA	AT1G74970.1	N/A	70.918	196	46	2	24	219	23	207	1.75e-93	272
Dm_00004330-RA	AT2G21530.1	N/A	61.739	115	44	0	80	194	85	199	1.25e-47	156
Dm_00003749-RA	AT5G59480.5	N/A	55.714	280	122	2	48	327	3	280	3.08e-111	325
Dm_00003377-RA	AT4G38400.1	N/A	49.819	277	107	3	17	291	19	265	4.20e-82	248
Dm_00000442-RA	AT4G27700.1	N/A	81.379	145	27	0	6	150	74	218	2.93e-89	259
Dm_00000464-RA	AT5G53170.1	N/A	65.531	734	217	8	67	770	59	786	0.0	927
Dm_00001242-RA	AT1G76080.1	N/A	60.000	320	103	4	1	320	8	302	2.55e-132	379
Dm_00001267-RA	AT4G35090.1	N/A	87.984	491	59	0	1	491	1	491	0.0	929
Dm_00000623-RA	AT1G15520.1	N/A	67.336	1445	448	3	1	1443	1	1423	0.0	2081
Dm_00011885-RA	AT4G25450.1	N/A	66.810	699	197	9	22	709	40	714	0.0	923
Dm_00011808-RA	AT1G32550.1	N/A	60.638	188	58	5	7	190	6	181	6.23e-67	203
Dm_00011681-RA	AT1G01860.1	N/A	62.805	328	118	1	16	343	19	342	6.41e-148	422
Dm_00012696-RA	AT1G75390.1	N/A	55.147	136	58	2	10	144	9	142	8.38e-42	139
Dm_00012028-RA	AT4G34020.1	N/A	60.345	406	146	3	79	482	79	471	3.85e-172	493
Dm_00016456-RA	AT1G31330.1	N/A	70.085	234	57	4	1	234	1	221	1.76e-111	319
Dm_00002179-RA	AT1G69440.1	N/A	66.929	889	249	12	30	918	147	990	0.0	1207
Dm_00004890-RA	AT2G04842.2	N/A	82.305	616	105	2	54	669	39	650	0.0	1083
Dm_00016619-RA	AT5G51970.1	N/A	82.418	364	60	1	134	493	1	364	0.0	629
Dm_00011260-RA	AT4G12830.1	N/A	67.918	293	67	2	11	277	89	380	2.19e-141	403
Dm_00011171-RA	AT2G20490.1	N/A	55.435	92	6	2	1	92	1	57	9.03e-24	86.3
Dm_00010495-RA	AT2G46820.2	N/A	50.000	114	47	3	34	142	35	143	3.25e-23	90.5
Dm_00011427-RA	AT1G68740.1	N/A	70.640	797	217	9	1	793	1	784	0.0	1103
Dm_00019784-RA	AT1G33260.2	N/A	52.830	318	125	8	54	350	28	341	8.90e-106	315
Dm_00019538-RA	AT4G36470.1	N/A	52.083	96	38	3	8	100	90	180	1.11e-27	103
Dm_00004715-RA	AT1G06680.1	N/A	71.587	271	69	2	1	271	1	263	1.04e-134	381
Dm_00004045-RA	AT4G02590.2	N/A	56.908	304	104	9	16	305	17	307	4.01e-87	264
Dm_00003925-RA	AT1G23740.1	N/A	70.629	143	42	0	1	143	244	386	8.13e-70	215
Dm_00001208-RA	AT1G65260.1	N/A	71.131	336	86	5	1	331	1	330	1.19e-164	462
Dm_00001217-RA	AT4G12800.2	N/A	69.915	236	51	4	1	233	63	281	1.70e-88	265
Dm_00002319-RA	AT1G80730.1	N/A	39.320	206	77	11	89	286	63	228	1.50e-25	101
Dm_00003584-RA	AT3G13120.2	N/A	61.616	198	64	4	1	193	1	191	6.41e-68	206
Dm_00020307-RA	AT2G39080.1	N/A	57.692	312	97	4	40	335	55	347	2.98e-123	358
Dm_00020362-RA	AT3G51970.1	N/A	48.718	351	168	5	8	357	1	340	1.98e-106	316
Dm_00001470-RA	AT2G29990.1	N/A	66.805	482	157	3	41	520	28	508	0.0	658
Dm_00002086-RA	AT4G16650.1	N/A	75.304	494	118	2	49	541	41	531	0.0	751
Dm_00001802-RA	AT2G47470.1	N/A	69.589	365	107	1	1	365	1	361	0.0	520
Dm_00009633-RA	AT5G17870.1	N/A	67.164	67	19	2	37	100	31	97	9.79e-27	95.9
Dm_00009791-RA	AT2G43330.1	N/A	77.433	483	109	0	1	483	3	485	0.0	741
Dm_00012472-RA	AT1G01650.1	N/A	72.472	534	135	5	20	546	12	540	0.0	783
Dm_00012957-RA	AT2G35260.1	N/A	74.638	138	31	1	147	280	87	224	7.72e-68	216
Dm_00000466-RA	AT5G60540.1	N/A	71.103	263	61	5	1	257	1	254	5.52e-129	366
Dm_00014939-RA	AT5G60970.1	N/A	87.952	83	10	0	57	139	47	129	1.18e-45	160
Dm_00013870-RA	AT5G40950.1	N/A	66.845	187	51	5	3	182	4	186	1.87e-73	220
Dm_00010527-RA	AT2G34140.1	N/A	79.592	49	10	0	210	258	58	106	5.73e-24	99.0
Dm_00009225-RA	AT3G15360.1	N/A	67.308	104	34	0	72	175	88	191	9.45e-53	167
Dm_00001082-RA	AT3G50820.1	N/A	75.367	341	73	5	2	341	1	331	2.02e-179	500
Dm_00000696-RA	AT4G18480.1	N/A	80.879	387	72	1	24	408	35	421	0.0	615
Dm_00000687-RA	AT1G29070.1	N/A	70.455	88	21	1	4	91	73	155	9.13e-31	106
Dm_00000700-RA	AT2G29120.1	N/A	30.435	851	502	22	11	814	3	810	1.66e-122	392
Dm_00001824-RA	AT1G09340.1	N/A	83.481	339	56	0	37	375	34	372	0.0	607
Dm_00001816-RA	AT1G56500.1	N/A	67.554	601	168	5	1	583	1	592	0.0	827
Dm_00001817-RA	AT1G56500.3	N/A	56.294	286	82	2	53	337	557	800	4.57e-101	317
Dm_00009796-RA	AT1G74840.2	N/A	52.119	236	93	6	10	240	15	235	2.76e-61	194
Dm_00010564-RA	AT2G35410.1	N/A	46.286	175	93	1	92	265	87	261	1.24e-51	171
Dm_00011945-RA	AT1G70580.1	N/A	83.576	481	70	1	2	473	1	481	0.0	838
Dm_00011031-RA	AT2G45290.2	N/A	80.514	739	136	3	1	732	1	738	0.0	1250
Dm_00011394-RA	AT4G28760.1	N/A	37.778	900	447	26	1	875	112	923	1.06e-150	467
Dm_00009153-RA	AT3G63140.1	N/A	76.724	348	81	0	69	416	59	406	0.0	567
Dm_00010773-RA	AT3G01180.1	N/A	64.605	760	223	9	87	820	53	792	0.0	967
Dm_00001175-RA	AT3G10160.1	N/A	60.356	449	159	4	92	530	51	490	0.0	545
Dm_00001182-RA	AT2G41510.2	N/A	57.034	526	180	8	1	485	84	604	0.0	604
Dm_00001199-RA	AT3G23700.1	N/A	57.756	303	128	0	16	318	90	392	5.03e-119	348
Dm_00017965-RA	AT5G14260.2	N/A	77.586	464	98	2	60	520	42	502	0.0	743
Dm_00003870-RA	AT4G39200.2	N/A	72.951	122	18	1	1	122	1	107	4.79e-45	142
Dm_00004014-RA	AT4G39010.1	N/A	72.093	473	132	0	23	495	22	494	0.0	722
Dm_00004052-RA	AT4G18240.1	N/A	61.843	1009	304	9	7	949	43	1036	0.0	1224
Dm_00004053-RA	AT1G29930.1	N/A	85.502	269	36	3	1	268	1	267	4.09e-166	461
Dm_00001895-RA	AT1G55810.1	N/A	82.863	461	73	2	4	463	1	456	0.0	795
Dm_00001315-RA	AT4G27290.2	N/A	50.358	838	383	10	116	936	1	822	0.0	812
Dm_00005187-RA	AT4G15440.1	N/A	53.202	406	167	4	126	531	1	383	8.56e-155	447
Dm_00005191-RA	AT2G32640.1	N/A	62.712	590	169	4	1	590	47	585	0.0	702
Dm_00005584-RA	AT1G12250.2	N/A	80.583	206	30	1	12	207	1	206	1.45e-119	338
Dm_00006246-RA	AT3G01060.1	N/A	75.705	461	105	3	5	465	1	454	0.0	699
Dm_00009642-RA	AT3G15470.1	N/A	54.752	968	303	26	1	918	1	883	0.0	880
Dm_00006682-RA	AT1G63690.1	N/A	73.855	524	110	3	26	540	25	530	0.0	786
Dm_00003937-RA	AT2G26340.1	N/A	61.940	134	49	2	36	167	120	253	8.20e-47	153
Dm_00003994-RA	AT3G05625.1	N/A	59.504	242	54	6	21	226	12	245	4.11e-90	266
Dm_00003769-RA	AT5G04440.2	N/A	72.093	129	20	1	52	180	57	169	5.35e-62	192
Dm_00005229-RA	AT5G17230.1	N/A	75.434	403	91	4	27	424	22	421	0.0	607
Dm_00005399-RA	AT2G25060.1	N/A	36.986	146	88	3	18	159	19	164	1.77e-23	93.2
Dm_00003965-RA	AT4G22830.1	N/A	55.195	154	60	3	18	164	5	156	9.46e-51	161
Dm_00001698-RA	AT3G26310.1	N/A	45.090	499	257	7	5	499	7	492	1.16e-149	437
Dm_00018940-RA	AT1G66200.1	N/A	84.270	356	56	0	1	356	1	356	0.0	644
Dm_00020586-RA	AT5G38970.1	N/A	66.598	482	140	4	50	530	1	462	0.0	672
Dm_00020618-RA	AT1G15520.2	N/A	61.803	610	195	3	181	785	542	1118	0.0	781
Dm_00011412-RA	AT1G52155.1	N/A	64.469	273	90	1	4	269	46	318	4.22e-134	382
Dm_00012674-RA	AT1G43670.1	N/A	85.813	289	41	0	61	349	53	341	0.0	523
Dm_00012675-RA	AT1G43670.1	N/A	96.226	53	2	0	1	53	1	53	1.17e-31	112
Dm_00012202-RA	AT5G67370.1	N/A	73.171	287	70	4	37	319	44	327	2.10e-137	392
Dm_00007196-RA	AT1G32470.1	N/A	64.737	190	43	1	16	205	1	166	3.81e-79	234
Dm_00008452-RA	AT5G17540.1	N/A	48.875	489	199	12	13	497	2	443	3.02e-146	427
Dm_00008454-RA	AT2G38280.1	N/A	65.261	498	155	7	48	538	1	487	0.0	611
Dm_00012066-RA	AT2G32060.3	N/A	76.699	103	24	0	1	103	25	127	4.08e-54	166
Dm_00011459-RA	AT1G03600.1	N/A	66.423	137	41	1	42	173	38	174	8.34e-61	186
Dm_00009021-RA	AT4G20840.1	N/A	56.548	504	211	5	55	553	35	535	0.0	554
Dm_00010084-RA	AT3G46100.1	N/A	71.800	461	102	2	73	505	26	486	0.0	663
Dm_00009533-RA	AT5G66350.1	N/A	41.337	404	154	15	1	394	1	331	9.07e-72	228
Dm_00001416-RA	AT3G11330.1	N/A	54.682	534	204	8	2	535	4	499	0.0	521
Dm_00001435-RA	AT4G24760.1	N/A	68.182	374	90	6	1	357	1	362	0.0	507
Dm_00001474-RA	AT1G64720.1	N/A	61.069	393	127	7	24	416	19	385	7.44e-171	484
Dm_00001479-RA	AT4G24150.3	N/A	37.604	359	155	15	21	360	105	413	2.22e-45	162
Dm_00001482-RA	AT1G64680.1	N/A	78.879	232	46	1	32	260	18	249	4.05e-136	384
Dm_00001492-RA	AT4G17560.1	N/A	51.542	227	94	6	9	232	10	223	4.65e-62	194
Dm_00018876-RA	AT1G30380.1	N/A	89.189	74	8	0	1	74	57	130	1.41e-41	132
Dm_00013090-RA	AT3G63520.1	N/A	72.212	565	123	5	18	577	3	538	0.0	847
Dm_00011101-RA	AT5G08410.1	N/A	53.947	152	51	4	39	187	47	182	3.80e-42	140
Dm_00011949-RA	AT4G18910.1	N/A	61.728	243	84	2	1	236	54	294	3.73e-104	303
Dm_00012786-RA	AT5G25390.2	N/A	51.174	213	73	3	2	214	1	182	3.71e-69	210
Dm_00011166-RA	AT2G31040.1	N/A	50.716	349	126	7	97	415	1	333	2.68e-108	323
Dm_00013877-RA	AT1G18080.1	N/A	79.758	331	54	2	7	336	3	321	0.0	549
Dm_00007334-RA	AT5G60600.1	N/A	83.401	741	122	1	10	750	1	740	0.0	1303
Dm_00018436-RA	AT1G74470.1	N/A	76.874	467	100	3	2	464	3	465	0.0	719
Dm_00007308-RA	AT3G02720.1	N/A	74.870	386	96	1	1	385	1	386	0.0	609
Dm_00006702-RA	AT2G20260.1	N/A	53.378	148	58	2	6	147	3	145	1.02e-40	133
Dm_00008368-RA	AT4G13710.1	N/A	78.820	373	79	0	14	386	98	470	0.0	651
Dm_00005318-RA	AT3G51060.1	N/A	43.488	430	161	17	1	409	1	369	1.53e-80	252
Dm_00001342-RA	AT2G27920.1	N/A	64.269	431	150	2	33	459	29	459	0.0	573
Dm_00001627-RA	AT3G62630.1	N/A	47.482	417	164	17	23	425	4	379	4.47e-85	265
Dm_00011425-RA	AT1G54350.1	N/A	65.217	552	159	9	1	548	160	682	0.0	698
Dm_00015531-RA	AT3G45050.3	N/A	57.480	127	53	1	93	218	32	158	4.31e-44	145
Dm_00015583-RA	AT1G19660.1	N/A	52.786	341	120	4	1	318	1	323	1.13e-124	360
Dm_00014623-RA	AT2G24090.1	N/A	85.455	55	8	0	94	148	66	120	3.85e-26	96.7
Dm_00020120-RA	AT1G66370.1	N/A	73.077	78	21	0	33	110	7	84	1.53e-38	130
Dm_00018692-RA	AT1G23750.1	N/A	78.832	137	28	1	1	136	1	137	1.33e-77	226
Dm_00001147-RA	AT2G23790.1	N/A	46.863	271	121	5	87	349	72	327	8.20e-76	238
Dm_00001156-RA	AT1G12920.1	N/A	86.636	434	57	1	34	467	2	434	0.0	795
Dm_00000732-RA	AT1G67940.1	N/A	70.455	264	64	3	3	266	14	263	4.05e-130	369
Dm_00000737-RA	AT4G25910.1	N/A	69.524	210	61	3	34	241	28	236	7.07e-93	273
Dm_00000193-RA	AT5G54160.1	N/A	68.392	367	110	3	1	367	1	361	0.0	526
Dm_00001740-RA	AT2G16050.1	N/A	72.653	245	59	3	1	240	1	242	5.76e-133	374
Dm_00001869-RA	AT3G05270.1	N/A	41.988	674	283	9	1	626	1	614	6.83e-133	403
Dm_00001677-RA	AT3G48420.1	N/A	71.724	290	65	4	56	332	34	319	3.45e-137	392
Dm_00020345-RA	AT1G50320.1	N/A	71.552	116	32	1	80	194	66	181	1.10e-57	179
Dm_00018931-RA	AT3G14930.1	N/A	79.027	329	63	1	1	323	78	406	0.0	554
Dm_00005781-RA	AT1G80380.2	N/A	68.074	379	117	3	131	508	81	456	0.0	550
Dm_00006840-RA	AT1G78170.1	N/A	38.164	207	97	7	42	237	35	221	9.82e-27	103
Dm_00003992-RA	AT2G04700.1	N/A	67.010	97	9	1	1	97	44	117	2.32e-40	130
Dm_00007339-RA	AT3G55640.1	N/A	68.340	259	82	0	62	320	64	322	7.71e-130	375
Dm_00008048-RA	AT1G06730.1	N/A	56.724	409	147	5	81	463	74	478	7.79e-158	457
Dm_00001029-RA	AT3G24460.1	N/A	66.332	398	120	2	11	407	18	402	0.0	559
Dm_00001056-RA	AT5G20140.2	N/A	72.293	314	86	1	60	372	51	364	2.29e-176	496
Dm_00000950-RA	AT4G25080.5	N/A	70.199	302	72	4	28	321	19	310	1.61e-149	424
Dm_00000980-RA	AT5G53150.4	N/A	39.610	770	368	18	1	740	1	703	5.99e-161	492
Dm_00000978-RA	AT5G13080.1	N/A	81.111	90	17	0	97	186	53	142	9.45e-52	163
Dm_00006798-RA	AT3G03710.1	N/A	77.318	604	135	1	70	673	74	675	0.0	927
Dm_00005708-RA	AT1G78300.1	N/A	88.672	256	27	1	3	256	2	257	4.69e-167	462
Dm_00006226-RA	AT2G30080.1	N/A	61.394	373	104	5	1	365	1	341	2.44e-150	427
Dm_00008955-RA	AT5G54270.1	N/A	84.791	263	40	0	4	266	3	265	2.91e-169	468
Dm_00010473-RA	AT3G27690.2	N/A	84.644	267	40	1	1	267	33	298	1.43e-171	476
Dm_00015291-RA	AT3G25410.1	N/A	73.699	365	91	1	72	436	72	431	0.0	530
Dm_00014822-RA	AT3G15030.2	N/A	49.762	420	165	15	104	501	25	420	5.76e-96	297
Dm_00013762-RA	AT4G31980.1	N/A	40.654	428	228	11	1	417	267	679	1.25e-92	293
Dm_00020630-RA	AT3G48980.2	N/A	54.394	421	170	8	62	469	97	508	2.00e-162	470
Dm_00003863-RA	AT4G33080.1	N/A	72.340	470	97	5	23	475	16	469	0.0	690
Dm_00011342-RA	AT1G30440.1	N/A	65.574	671	190	14	1	647	4	657	0.0	838
Dm_00010526-RA	AT2G26710.1	N/A	62.357	526	171	6	19	543	16	515	0.0	675
Dm_00000523-RA	AT3G04870.1	N/A	83.254	418	67	2	35	452	16	430	0.0	736
Dm_00000546-RA	AT1G08820.1	N/A	36.308	325	170	11	67	361	68	385	9.99e-49	169
Dm_00018757-RA	AT1G53210.1	N/A	45.918	294	150	6	44	333	239	527	4.70e-66	218
Dm_00006157-RA	AT1G58410.1	N/A	33.546	942	520	27	15	946	15	860	3.65e-130	415
Dm_00000941-RA	AT4G28720.1	N/A	69.877	405	114	3	8	411	10	407	0.0	611
Dm_00000354-RA	AT1G29930.1	N/A	85.448	268	36	3	1	266	1	267	3.73e-165	458
Dm_00000345-RA	AT2G34480.1	N/A	89.888	178	16	1	1	176	1	178	7.90e-115	332
Dm_00000347-RA	AT2G34460.1	N/A	71.774	248	64	4	1	246	35	278	6.81e-127	361
Dm_00019259-RA	AT3G55330.1	N/A	65.385	208	71	1	8	215	22	228	4.65e-96	280
Dm_00011199-RA	AT5G12470.1	N/A	73.519	287	76	0	106	392	98	384	1.33e-157	449
Dm_00012902-RA	AT2G42130.1	N/A	58.261	230	72	3	203	428	43	252	4.67e-84	259
Dm_00013384-RA	AT5G07020.1	N/A	74.359	78	19	1	50	126	103	180	5.10e-30	109
Dm_00013288-RA	AT3G55360.1	N/A	84.672	274	42	0	7	280	37	310	0.0	502
Dm_00012032-RA	AT2G42220.1	N/A	74.396	207	40	2	59	265	38	231	5.90e-108	312
Dm_00004350-RA	AT5G67385.1	N/A	61.646	644	191	11	36	663	1	604	0.0	771
Dm_00012614-RA	AT5G22930.1	N/A	48.558	208	93	5	9	213	11	207	1.28e-50	165
Dm_00012941-RA	AT1G15820.1	N/A	78.400	250	50	2	17	266	13	258	3.12e-139	392
Dm_00003242-RA	AT1G60950.1	N/A	61.438	153	48	5	1	148	1	147	1.46e-56	174
Dm_00003345-RA	AT1G63690.1	N/A	67.665	501	128	5	16	499	25	508	0.0	673
Dm_00004723-RA	AT1G07090.1	N/A	75.940	133	32	0	71	203	29	161	3.82e-78	233
Dm_00004490-RA	AT1G65450.1	N/A	55.437	469	167	6	11	472	12	445	0.0	523
Dm_00005138-RA	AT4G13670.1	N/A	49.749	398	177	6	6	395	2	384	9.11e-124	363
Dm_00003463-RA	AT4G33520.1	N/A	63.551	107	32	2	183	288	136	236	4.62e-38	136
Dm_00003466-RA	AT5G17330.1	N/A	83.300	503	75	3	1	495	1	502	0.0	877
Dm_00000256-RA	AT2G41040.1	N/A	66.524	233	59	2	78	291	79	311	1.70e-105	322
Dm_00000305-RA	AT5G63400.1	N/A	79.253	241	50	0	2	242	6	246	2.22e-148	414
Dm_00000324-RA	AT3G48460.1	N/A	53.552	366	162	2	25	390	23	380	2.81e-144	415
Dm_00000527-RA	AT3G04910.1	N/A	50.681	734	249	19	1	660	4	698	0.0	642
Dm_00017117-RA	AT1G22850.2	N/A	70.698	215	51	2	103	315	65	269	8.50e-96	288
Dm_00015002-RA	AT2G30570.1	N/A	56.376	149	45	5	4	150	3	133	7.21e-39	128
Dm_00007056-RA	AT4G39050.1	N/A	65.640	1039	266	16	35	1027	28	1021	0.0	1239
Dm_00007061-RA	AT1G26910.1	N/A	87.317	205	17	2	1	203	1	198	2.65e-128	362
Dm_00000105-RA	AT1G03130.1	N/A	86.503	163	21	1	60	221	42	204	5.69e-103	296
Dm_00000128-RA	AT1G76100.1	N/A	63.793	174	57	4	1	171	1	171	1.47e-69	208
Dm_00007361-RA	AT5G16710.1	N/A	74.419	172	43	1	15	186	67	237	5.08e-97	283
Dm_00008218-RA	AT5G65220.1	N/A	53.165	158	72	2	10	167	3	158	7.78e-46	148
Dm_00006436-RA	AT3G01550.2	N/A	66.867	166	52	1	79	244	57	219	7.20e-77	237
Dm_00012279-RA	AT1G75900.1	N/A	59.710	345	137	2	2	345	20	363	1.82e-153	436
Dm_00012305-RA	AT5G57240.1	N/A	49.738	382	185	5	1	378	1	379	2.74e-133	386
Dm_00013098-RA	AT1G54780.1	N/A	69.072	291	72	4	22	305	6	285	1.43e-131	375
Dm_00000718-RA	AT5G46110.2	N/A	90.950	221	20	0	1	221	71	291	1.02e-149	418
Dm_00012994-RA	AT1G69740.1	N/A	80.425	424	68	4	9	421	11	430	0.0	647
Dm_00015003-RA	AT5G11950.3	N/A	73.039	204	55	0	1	204	1	204	3.92e-115	327
Dm_00003945-RA	AT2G27680.1	N/A	77.480	373	67	2	42	414	27	382	0.0	607
Dm_00012322-RA	AT3G51480.1	N/A	57.536	909	372	5	121	1027	3	899	0.0	1098
Dm_00012743-RA	AT3G55800.1	N/A	78.788	396	80	4	1	395	1	393	0.0	615
Dm_00006047-RA	AT1G51110.1	N/A	61.165	412	139	5	63	468	11	407	2.79e-169	483
Dm_00006089-RA	AT1G74160.1	N/A	27.788	1076	631	39	1	1002	1	1004	9.03e-55	207
Dm_00016073-RA	AT3G47370.2	N/A	87.931	116	13	1	1	115	1	116	8.88e-70	205
Dm_00017671-RA	AT3G51970.1	N/A	48.718	351	168	5	8	357	1	340	1.98e-106	316
Dm_00013195-RA	AT3G15520.4	N/A	59.298	285	105	5	38	312	12	295	6.97e-104	308
Dm_00013061-RA	AT5G40250.1	N/A	47.273	385	140	13	1	370	1	337	1.34e-96	293
Dm_00012713-RA	AT5G46060.1	N/A	46.119	219	108	2	4	219	6	217	3.79e-54	176
Dm_00006678-RA	AT4G32260.1	N/A	58.952	229	79	5	88	314	3	218	1.27e-67	211
Dm_00007349-RA	AT2G29650.1	N/A	83.294	419	69	1	118	536	95	512	0.0	725
Dm_00005862-RA	AT4G05180.1	N/A	65.106	235	76	3	1	235	1	229	7.77e-102	295
Dm_00015989-RA	AT4G31990.1	N/A	82.898	421	72	0	75	495	31	451	0.0	745
Dm_00016247-RA	AT5G35450.1	N/A	32.394	355	195	7	1	327	1	338	7.79e-48	176
Dm_00014084-RA	AT3G47470.1	N/A	78.740	254	48	3	3	255	2	250	1.27e-141	397
Dm_00016581-RA	AT5G09660.2	N/A	68.627	306	36	2	4	249	5	310	9.10e-138	404
Dm_00000771-RA	AT3G52870.1	N/A	54.657	408	139	4	23	397	48	442	1.41e-147	427
Dm_00000791-RA	AT2G27530.2	N/A	82.915	199	31	1	1	196	1	199	6.28e-107	306
Dm_00000918-RA	AT4G01800.1	N/A	86.056	710	99	0	3	712	268	977	0.0	1283
Dm_00000215-RA	AT5G17170.1	N/A	57.609	276	92	8	1	256	1	271	5.55e-89	265
Dm_00001293-RA	AT3G57070.1	N/A	47.942	413	181	8	38	442	29	415	1.77e-108	327
Dm_00008462-RA	AT5G25220.1	N/A	62.633	471	96	12	1	443	1	419	0.0	526
Dm_00018979-RA	AT3G62410.1	N/A	66.197	71	20	3	60	126	43	113	2.66e-21	84.0
