Dm_00007790-RA	AT1G25510.1	N/A	62.845	471	163	5	27	494	22	483	0.0	567
Dm_00007097-RA	AT3G05570.1	N/A	61.702	94	29	4	76	167	1	89	3.55e-31	108
Dm_00007085-RA	AT1G52230.1	N/A	70.946	148	40	1	1	148	1	145	2.25e-71	211
Dm_00006505-RA	AT1G57610.2	N/A	55.882	170	62	3	22	185	124	286	4.96e-59	186
Dm_00006967-RA	AT5G23960.2	N/A	37.066	259	162	1	3	261	288	545	9.32e-57	190
Dm_00006968-RA	AT5G23960.2	N/A	39.630	270	141	7	39	296	4	263	5.03e-52	179
Dm_00005269-RA	AT5G26330.1	N/A	48.905	137	61	2	2	131	53	187	1.03e-34	119
Dm_00007903-RA	AT1G06710.9	N/A	57.665	985	403	9	7	986	9	984	0.0	1135
Dm_00006673-RA	AT1G60470.1	N/A	76.676	343	69	3	1	341	1	334	0.0	541
Dm_00006595-RA	AT3G49900.1	N/A	42.157	408	200	10	5	400	86	469	1.54e-85	270
Dm_00006600-RA	AT5G67470.1	N/A	71.493	442	110	5	478	918	452	878	0.0	627
Dm_00009155-RA	AT1G27385.1	N/A	42.534	221	62	8	5	225	1	156	1.96e-41	141
Dm_00016462-RA	AT3G01500.4	N/A	54.924	264	82	4	7	246	2	252	1.42e-95	281
Dm_00016707-RA	AT1G24590.1	N/A	75.556	90	9	2	55	131	27	116	1.67e-38	140
Dm_00018562-RA	AT5G15350.1	N/A	49.419	172	84	2	7	176	2	172	2.15e-59	183
Dm_00017333-RA	AT5G65760.1	N/A	64.455	422	117	2	41	462	33	421	0.0	586
Dm_00007317-RA	AT5G57780.1	N/A	34.615	182	79	5	16	197	11	152	1.40e-25	97.8
Dm_00007786-RA	AT5G18570.1	N/A	46.629	178	86	2	277	452	363	533	4.28e-42	161
Dm_00007286-RA	AT2G20300.1	N/A	67.353	729	199	14	126	846	47	744	0.0	910
Dm_00009382-RA	AT1G02520.2	N/A	71.371	1247	348	4	42	1286	39	1278	0.0	1808
Dm_00008447-RA	AT4G02260.2	N/A	60.000	820	252	12	1	758	1	806	0.0	959
Dm_00020979-RA	AT3G60220.1	N/A	49.621	264	122	7	121	379	77	334	1.25e-75	238
Dm_00020781-RA	AT2G30360.1	N/A	60.633	442	147	7	11	447	2	421	0.0	535
Dm_00020606-RA	AT3G16050.1	N/A	61.333	300	111	3	3	302	10	304	4.87e-129	370
Dm_00018445-RA	AT4G13420.1	N/A	50.759	593	246	6	1	551	197	785	0.0	601
Dm_00017421-RA	AT1G32520.1	N/A	71.784	241	54	8	1	229	1	239	5.80e-113	323
Dm_00016802-RA	AT5G08570.3	N/A	86.640	509	68	0	1	509	1	509	0.0	934
Dm_00006625-RA	AT1G56050.1	N/A	77.311	119	27	0	1	119	228	346	1.41e-57	183
Dm_00007238-RA	AT4G34810.1	N/A	55.340	103	37	3	78	172	15	116	4.23e-30	107
Dm_00009399-RA	AT1G63220.1	N/A	60.656	122	45	2	45	165	24	143	1.51e-44	144
Dm_00009423-RA	AT4G11090.1	N/A	54.157	421	180	4	1	419	17	426	8.69e-167	476
Dm_00009560-RA	AT2G29890.1	N/A	55.581	430	186	4	5	432	18	444	3.13e-167	494
Dm_00009379-RA	AT1G04360.1	N/A	43.188	345	160	7	28	349	32	363	1.78e-79	248
Dm_00008391-RA	AT5G62580.2	N/A	42.013	626	301	16	8	616	2	582	2.43e-132	402
Dm_00009354-RA	AT3G19900.1	N/A	61.386	202	73	2	74	273	23	221	1.99e-77	234
Dm_00009356-RA	AT3G19850.1	N/A	48.955	574	239	9	6	570	6	534	1.60e-174	506
Dm_00007894-RA	AT3G53130.1	N/A	77.432	514	106	3	27	539	35	539	0.0	833
Dm_00007885-RA	AT3G10060.1	N/A	72.043	186	51	1	4	189	24	208	7.81e-88	258
Dm_00015384-RA	AT1G48910.1	N/A	46.392	388	199	5	10	394	1	382	4.77e-130	379
Dm_00017075-RA	AT5G18820.2	N/A	66.374	342	114	1	1	341	125	466	1.33e-167	475
Dm_00016121-RA	AT3G04910.1	N/A	62.367	566	165	14	1	535	4	552	0.0	677
Dm_00018314-RA	AT4G17040.1	N/A	59.216	255	102	1	40	292	51	305	1.07e-107	315
Dm_00016345-RA	AT3G54960.1	N/A	64.240	467	159	3	76	541	94	553	0.0	627
Dm_00020993-RA	AT5G13210.1	N/A	63.402	194	51	1	1	174	480	673	1.67e-79	249
Dm_00020965-RA	AT5G19220.1	N/A	61.022	372	85	7	1	366	1	318	2.78e-145	421
Dm_00019522-RA	AT3G18280.1	N/A	48.837	86	44	0	14	99	11	96	9.37e-25	89.7
Dm_00020548-RA	AT5G26230.1	N/A	43.733	359	147	10	26	376	25	336	1.02e-55	186
Dm_00009545-RA	AT5G46570.1	N/A	70.631	555	96	4	1	555	1	488	0.0	799
Dm_00010594-RA	AT1G12330.1	N/A	52.008	498	172	13	16	491	20	472	7.07e-158	459
Dm_00010656-RA	AT2G03390.1	N/A	69.178	292	81	4	177	460	39	329	1.24e-143	414
Dm_00010894-RA	AT5G55230.3	N/A	69.811	583	133	8	1	575	40	587	0.0	768
Dm_00010892-RA	AT5G55220.1	N/A	58.349	533	209	4	88	616	1	524	0.0	631
Dm_00010840-RA	AT4G14830.1	N/A	50.413	121	54	4	79	197	29	145	5.21e-29	106
Dm_00010826-RA	AT5G60580.3	N/A	50.109	459	184	13	25	468	19	447	6.70e-136	403
Dm_00015983-RA	AT1G12990.1	N/A	79.897	388	75	1	6	390	4	391	0.0	674
Dm_00015375-RA	AT1G64940.1	N/A	48.496	532	247	10	1	529	1	508	4.59e-169	488
Dm_00015738-RA	AT3G18830.1	N/A	72.763	503	131	2	21	519	28	528	0.0	740
Dm_00015859-RA	AT4G20130.1	N/A	66.591	443	141	4	55	492	19	459	0.0	630
Dm_00002529-RA	AT1G21980.1	N/A	63.329	769	203	11	34	774	34	751	0.0	942
Dm_00002532-RA	AT4G33280.2	N/A	44.311	167	61	2	4	169	3	138	8.56e-40	146
Dm_00002525-RA	AT5G08650.1	N/A	85.926	540	76	0	79	618	140	679	0.0	956
Dm_00003391-RA	AT1G45207.3	N/A	47.759	580	225	20	32	601	20	531	1.21e-129	391
Dm_00003396-RA	AT5G67090.1	N/A	41.688	794	359	22	1	780	29	732	0.0	559
Dm_00003843-RA	AT3G46780.1	N/A	53.552	549	202	12	12	549	4	510	2.98e-165	479
Dm_00003167-RA	AT1G13820.1	N/A	59.517	331	109	1	27	357	22	327	9.49e-146	416
Dm_00018980-RA	AT4G33420.1	N/A	69.872	312	89	4	9	319	18	325	2.77e-157	442
Dm_00018776-RA	AT4G10340.1	N/A	80.565	283	50	3	12	293	2	280	1.21e-148	418
Dm_00019031-RA	AT5G30510.1	N/A	69.544	417	116	3	1	417	1	406	0.0	580
Dm_00018955-RA	AT2G28470.1	N/A	65.694	857	235	11	26	856	29	852	0.0	1125
Dm_00019008-RA	AT2G30520.1	N/A	64.636	591	191	6	57	633	7	593	0.0	758
Dm_00012180-RA	AT4G24160.1	N/A	77.976	336	71	2	35	367	77	412	0.0	555
Dm_00012965-RA	AT2G37330.1	N/A	82.796	186	32	0	47	232	88	273	1.94e-112	323
Dm_00012510-RA	AT1G26190.1	N/A	70.250	679	174	7	1	657	1	673	0.0	949
Dm_00012511-RA	AT3G25570.1	N/A	66.571	350	110	4	8	354	1	346	3.73e-164	463
Dm_00012748-RA	AT4G02600.2	N/A	62.474	485	142	7	5	456	4	481	0.0	588
Dm_00012010-RA	AT4G05120.2	N/A	63.855	415	143	3	1	409	1	414	0.0	541
Dm_00013418-RA	AT5G47720.2	N/A	76.382	398	80	1	50	433	5	402	0.0	632
Dm_00011683-RA	AT3G22190.3	N/A	53.453	391	154	9	7	389	34	404	8.98e-103	311
Dm_00010817-RA	AT3G08940.2	N/A	79.094	287	57	2	1	287	1	284	8.17e-163	454
Dm_00011915-RA	AT2G40490.1	N/A	77.604	384	56	1	56	439	41	394	0.0	608
Dm_00013010-RA	AT4G33600.1	N/A	47.990	398	195	6	114	509	64	451	2.36e-131	390
Dm_00002750-RA	AT5G66430.1	N/A	36.023	347	182	6	39	352	15	354	1.77e-70	224
Dm_00002784-RA	AT5G28750.1	N/A	80.851	47	9	0	165	211	58	104	4.04e-21	85.9
Dm_00002794-RA	AT5G28300.1	N/A	35.607	601	209	18	154	721	102	557	1.16e-80	270
Dm_00002353-RA	AT5G65860.2	N/A	74.847	326	80	1	1	324	1	326	0.0	525
Dm_00002999-RA	AT1G52080.1	N/A	42.977	477	222	10	2	465	1	440	3.83e-109	340
Dm_00019545-RA	AT2G37570.1	N/A	76.171	491	107	7	11	496	1	486	0.0	756
Dm_00012414-RA	AT4G25040.1	N/A	37.500	144	84	1	6	149	32	169	3.43e-22	87.8
Dm_00011639-RA	AT5G64040.1	N/A	62.791	172	59	3	1	169	1	170	2.03e-72	216
Dm_00011640-RA	AT2G13650.5	N/A	53.676	272	65	7	7	271	25	242	1.16e-74	228
Dm_00013441-RA	AT5G03820.1	N/A	64.972	354	118	3	12	360	4	356	5.46e-173	485
Dm_00009865-RA	AT5G53760.2	N/A	58.261	575	182	13	34	559	8	573	0.0	629
Dm_00008689-RA	AT4G34090.1	N/A	58.974	390	83	4	23	412	11	323	5.12e-156	445
Dm_00008693-RA	AT4G34131.1	N/A	47.233	506	215	10	8	505	7	468	1.01e-157	458
Dm_00008691-RA	AT4G34110.1	N/A	63.174	649	217	7	1	647	1	629	0.0	819
Dm_00008692-RA	AT3G58140.1	N/A	75.935	428	97	4	8	433	6	429	0.0	672
Dm_00008360-RA	AT1G19210.1	N/A	49.510	204	67	6	15	209	9	185	2.42e-51	164
Dm_00009099-RA	AT1G70630.7	N/A	52.450	694	287	11	92	769	8	674	0.0	673
Dm_00008762-RA	AT2G37860.4	N/A	65.337	326	79	2	202	527	141	432	1.79e-148	433
Dm_00003157-RA	AT2G20690.1	N/A	65.891	258	64	3	46	281	14	269	3.42e-112	325
Dm_00002867-RA	AT4G31390.1	N/A	89.941	338	33	1	128	465	91	427	0.0	635
Dm_00002412-RA	AT3G50120.1	N/A	43.421	228	106	5	1	213	1	220	6.05e-56	186
Dm_00002416-RA	AT3G50120.1	N/A	53.632	468	175	10	55	498	73	522	5.08e-170	490
Dm_00015791-RA	AT5G18980.1	N/A	59.042	835	309	10	12	827	13	833	0.0	983
Dm_00015149-RA	AT2G30020.1	N/A	61.702	329	116	5	28	350	71	395	3.73e-137	395
Dm_00013653-RA	AT5G54160.1	N/A	47.826	138	67	3	1	133	1	138	2.82e-36	127
Dm_00017811-RA	AT2G35500.1	N/A	71.141	149	43	0	5	153	232	380	2.03e-66	207
Dm_00017850-RA	AT5G48600.2	N/A	68.016	1235	329	3	1	1199	1	1205	0.0	1634
Dm_00017910-RA	AT1G58340.1	N/A	72.016	511	135	3	13	515	17	527	0.0	708
Dm_00008685-RA	AT5G25400.1	N/A	81.662	349	63	1	3	351	2	349	0.0	592
Dm_00009965-RA	AT3G20860.1	N/A	60.135	296	70	4	13	261	1	295	8.78e-125	375
Dm_00011008-RA	AT1G14520.1	N/A	79.457	258	53	0	19	276	48	305	3.19e-158	444
Dm_00010707-RA	AT5G24010.1	N/A	56.971	832	336	14	9	832	7	824	0.0	907
Dm_00009776-RA	AT1G19330.2	N/A	83.696	92	14	1	67	157	26	117	4.95e-46	157
Dm_00008508-RA	AT4G01070.1	N/A	63.617	470	161	6	8	476	7	467	0.0	597
Dm_00012916-RA	AT3G12930.1	N/A	65.761	184	54	1	96	270	54	237	1.83e-85	255
Dm_00016447-RA	AT5G13210.1	N/A	49.805	257	94	4	1	222	36	292	1.22e-74	239
Dm_00002118-RA	AT5G27390.1	N/A	58.431	255	83	5	1	246	1	241	3.35e-101	294
Dm_00002109-RA	AT5G27290.1	N/A	72.727	264	60	2	159	420	84	337	2.02e-136	394
Dm_00002764-RA	AT4G37180.1	N/A	33.524	349	181	6	7	355	9	306	6.38e-47	164
Dm_00002827-RA	AT1G15110.3	N/A	77.017	409	84	2	24	423	18	425	0.0	655
Dm_00002744-RA	AT1G75280.1	N/A	66.667	309	98	3	3	309	4	309	3.94e-153	431
Dm_00002734-RA	AT1G75210.3	N/A	71.803	305	81	2	23	323	28	331	3.28e-152	446
Dm_00002735-RA	AT1G75210.3	N/A	82.540	63	11	0	10	72	475	537	8.54e-33	118
Dm_00019141-RA	AT5G61210.1	N/A	56.272	279	104	6	1	273	1	267	5.65e-93	277
Dm_00017317-RA	AT3G07300.2	N/A	79.218	409	82	2	75	482	1	407	0.0	643
Dm_00018313-RA	AT4G02580.1	N/A	39.184	245	33	4	1	154	1	220	5.59e-45	149
Dm_00017683-RA	AT4G35840.1	N/A	72.845	232	63	0	7	238	5	236	1.33e-125	355
Dm_00018179-RA	AT3G03690.1	N/A	74.667	300	67	4	64	360	54	347	2.66e-161	459
Dm_00017570-RA	AT5G19290.1	N/A	64.970	334	102	5	5	336	4	324	3.80e-157	451
Dm_00018197-RA	AT1G42970.1	N/A	89.153	378	40	1	26	403	71	447	0.0	673
Dm_00005180-RA	AT5G40390.1	N/A	66.071	784	255	8	20	800	8	783	0.0	1074
Dm_00005966-RA	AT2G38280.1	N/A	70.016	637	143	3	145	762	230	837	0.0	937
Dm_00012900-RA	AT2G45600.1	N/A	56.402	328	128	5	2	325	9	325	4.58e-128	369
Dm_00012979-RA	AT2G39130.1	N/A	66.007	556	158	7	8	543	6	550	0.0	724
Dm_00014934-RA	AT5G52060.1	N/A	52.315	216	95	2	7	222	41	248	1.10e-74	231
Dm_00015730-RA	AT3G45300.1	N/A	79.899	398	52	3	42	431	32	409	0.0	624
Dm_00018895-RA	AT1G23740.1	N/A	65.000	320	110	1	14	331	67	386	1.59e-145	416
Dm_00006614-RA	AT5G67360.1	N/A	69.452	766	217	4	4	767	6	756	0.0	1105
Dm_00007519-RA	AT2G22620.1	N/A	56.583	638	247	8	24	651	59	676	0.0	720
Dm_00008029-RA	AT5G03530.2	N/A	68.675	166	49	2	1	165	47	210	1.39e-80	238
Dm_00006162-RA	AT4G12790.1	N/A	79.537	259	53	0	1	259	1	259	3.34e-158	441
Dm_00006866-RA	AT4G25650.1	N/A	61.404	399	116	4	69	432	67	462	0.0	520
Dm_00007001-RA	AT5G15080.1	N/A	71.915	470	109	6	3	457	21	482	0.0	692
Dm_00019224-RA	AT1G05190.1	N/A	65.455	220	72	2	41	256	4	223	2.16e-102	297
Dm_00018593-RA	AT1G64940.1	N/A	50.099	507	215	15	43	534	20	503	5.53e-166	481
Dm_00014321-RA	AT5G23280.1	N/A	60.577	208	62	8	1	200	55	250	9.97e-66	202
Dm_00014662-RA	AT1G24260.3	N/A	74.658	146	30	1	1	139	1	146	4.74e-72	216
Dm_00014649-RA	AT3G47600.1	N/A	52.408	353	128	6	1	333	1	333	1.56e-111	327
Dm_00015332-RA	AT4G38225.1	N/A	52.997	317	131	8	66	376	46	350	1.61e-109	325
Dm_00015367-RA	AT3G11690.1	N/A	39.487	195	80	6	18	199	33	202	1.68e-26	102
Dm_00002624-RA	AT1G15760.1	N/A	42.291	227	97	9	3	224	5	202	6.23e-51	164
Dm_00002638-RA	AT4G37300.1	N/A	48.305	118	52	3	7	124	1	109	3.70e-27	101
Dm_00003048-RA	AT1G79600.1	N/A	78.503	628	135	0	96	723	75	702	0.0	1028
Dm_00003047-RA	AT1G76570.1	N/A	71.667	300	81	1	48	343	28	327	3.44e-167	469
Dm_00007117-RA	AT4G31780.2	N/A	72.028	429	102	6	49	465	37	459	0.0	615
Dm_00005951-RA	AT5G57960.1	N/A	73.500	200	29	1	3	202	111	286	4.58e-90	275
Dm_00006657-RA	AT4G19170.1	N/A	64.173	254	82	3	42	292	348	595	1.17e-116	348
Dm_00006876-RA	AT2G05790.1	N/A	74.664	446	108	2	11	456	21	461	0.0	694
Dm_00008176-RA	AT5G13770.1	N/A	47.586	580	273	10	53	629	39	590	6.36e-180	524
Dm_00012405-RA	AT4G37930.1	N/A	84.749	518	72	3	1	512	1	517	0.0	915
Dm_00011299-RA	AT1G43710.1	N/A	78.158	467	92	2	26	492	26	482	0.0	780
Dm_00010805-RA	AT3G29360.1	N/A	90.208	480	47	0	41	520	1	480	0.0	918
Dm_00011117-RA	AT5G54600.1	N/A	66.250	160	51	3	65	224	40	196	7.72e-74	223
Dm_00012610-RA	AT2G47600.1	N/A	60.839	286	78	5	11	262	20	305	4.84e-106	322
Dm_00021056-RA	AT5G46800.1	N/A	74.333	300	71	2	1	294	1	300	1.46e-161	451
Dm_00009940-RA	AT5G35100.3	N/A	64.286	280	85	6	45	321	23	290	1.83e-108	318
Dm_00008232-RA	AT1G50900.1	N/A	75.294	85	20	1	3	86	91	175	2.53e-42	136
Dm_00008185-RA	AT4G04640.1	N/A	80.495	323	63	0	55	377	49	371	0.0	546
Dm_00005035-RA	AT1G56580.1	N/A	58.955	134	54	1	10	142	9	142	4.78e-54	168
Dm_00004867-RA	AT1G14345.1	N/A	73.377	154	35	2	74	221	33	186	4.59e-76	228
Dm_00004391-RA	AT3G15880.2	N/A	72.642	1166	268	10	1	1155	1	1126	0.0	1753
Dm_00005091-RA	AT1G14590.1	N/A	57.252	262	111	1	5	266	81	341	1.29e-112	330
Dm_00016537-RA	AT3G26370.1	N/A	82.826	559	85	4	5	554	1	557	0.0	915
Dm_00016975-RA	AT5G49030.3	N/A	72.656	512	136	1	2	509	752	1263	0.0	807
Dm_00014699-RA	AT1G15520.2	N/A	50.602	249	50	5	18	193	946	1194	3.28e-67	223
Dm_00009111-RA	AT5G61410.2	N/A	81.119	286	45	3	2	287	4	280	2.14e-167	465
Dm_00010020-RA	AT3G25230.1	N/A	72.232	551	92	4	1	491	1	550	0.0	756
Dm_00020411-RA	AT5G15310.1	N/A	53.367	401	112	13	1	401	1	326	8.18e-123	358
Dm_00019232-RA	AT5G39530.1	N/A	54.585	229	78	1	38	266	34	236	2.05e-83	250
Dm_00017716-RA	AT4G29190.1	N/A	50.923	379	147	13	1	364	1	355	1.42e-108	322
Dm_00019151-RA	AT1G50180.1	N/A	34.930	355	203	10	1	351	1	331	2.16e-50	181
Dm_00018867-RA	AT2G45510.1	N/A	53.057	507	224	8	204	700	6	508	0.0	532
Dm_00019032-RA	AT4G02340.1	N/A	62.025	316	115	2	58	369	2	316	7.44e-153	433
Dm_00004608-RA	AT3G21700.3	N/A	60.294	272	99	4	16	280	23	292	3.23e-106	310
Dm_00004609-RA	AT1G05200.6	N/A	62.316	881	323	6	47	924	58	932	0.0	1160
Dm_00004240-RA	AT4G27100.1	N/A	72.789	441	107	3	3	442	1	429	0.0	644
Dm_00004241-RA	AT4G27080.1	N/A	68.612	497	132	6	456	952	1	473	0.0	699
Dm_00004256-RA	AT1G20370.1	N/A	59.073	496	174	9	9	499	19	490	0.0	553
Dm_00006000-RA	AT2G16600.1	N/A	84.118	170	27	0	2	171	3	172	8.39e-110	310
Dm_00018379-RA	AT5G52570.1	N/A	70.485	227	67	0	36	262	30	256	2.01e-117	339
Dm_00013453-RA	AT2G37220.1	N/A	65.728	213	57	3	62	258	56	268	2.16e-84	262
Dm_00011392-RA	AT1G32640.1	N/A	45.528	738	267	23	1	728	10	622	3.50e-178	523
Dm_00011322-RA	AT1G60960.3	N/A	61.259	413	150	5	191	598	8	415	2.45e-158	460
Dm_00019854-RA	AT1G12940.1	N/A	72.269	476	131	1	14	488	17	492	0.0	708
Dm_00017862-RA	AT3G23920.1	N/A	71.546	608	138	8	1	606	1	575	0.0	872
Dm_00020003-RA	AT2G19860.2	N/A	53.150	254	112	4	104	353	132	382	9.50e-83	257
Dm_00019188-RA	AT5G65700.2	N/A	74.398	996	236	8	22	1011	16	998	0.0	1469
Dm_00020388-RA	AT1G07090.1	N/A	69.281	153	42	1	58	205	30	182	2.73e-79	236
Dm_00008142-RA	AT1G75500.2	N/A	58.228	158	61	1	30	182	115	272	1.70e-60	195
Dm_00007798-RA	AT2G01275.4	N/A	48.400	250	93	7	1	240	1	224	2.72e-67	210
Dm_00008205-RA	AT5G48390.1	N/A	57.553	940	380	9	1	928	1	933	0.0	1101
Dm_00008206-RA	AT5G48385.1	N/A	63.408	358	123	3	1	353	1	355	3.75e-138	414
Dm_00008203-RA	AT3G25470.1	N/A	66.791	268	78	3	30	296	35	292	1.82e-123	355
Dm_00014059-RA	AT1G48350.1	N/A	73.504	117	30	1	15	130	54	170	5.70e-57	175
Dm_00015165-RA	AT4G38970.1	N/A	82.195	410	56	3	5	411	3	398	0.0	679
Dm_00013077-RA	AT5G10820.1	N/A	59.664	476	186	1	11	480	13	488	0.0	561
Dm_00014221-RA	AT1G53840.1	N/A	50.847	590	267	8	1	576	1	581	0.0	558
Dm_00014340-RA	AT5G27690.1	N/A	56.383	94	41	0	15	108	25	118	8.19e-30	117
Dm_00015053-RA	AT5G55280.1	N/A	85.831	367	46	2	1	365	71	433	0.0	566
Dm_00016243-RA	AT1G21830.1	N/A	36.199	221	109	7	7	217	5	203	3.05e-27	103
Dm_00003301-RA	AT5G52440.1	N/A	67.939	131	42	0	48	178	33	163	5.91e-58	183
Dm_00002442-RA	AT5G08280.1	N/A	66.814	226	70	2	20	244	21	242	3.25e-99	296
Dm_00003094-RA	AT2G28550.3	N/A	45.270	444	174	14	1	420	1	399	5.72e-87	275
Dm_00009973-RA	AT2G23060.1	N/A	67.493	363	111	3	1	363	58	413	0.0	515
Dm_00009975-RA	AT2G14820.2	N/A	54.110	584	227	13	42	623	37	581	0.0	600
Dm_00008000-RA	AT1G15520.1	N/A	57.547	1451	509	16	37	1445	38	1423	0.0	1677
Dm_00011105-RA	AT3G02100.1	N/A	36.933	463	267	7	18	470	13	460	1.10e-102	315
Dm_00008887-RA	AT1G67740.1	N/A	51.759	199	71	5	14	208	10	187	2.94e-47	154
Dm_00002425-RA	AT1G47510.1	N/A	57.235	311	133	0	7	317	20	330	1.03e-135	388
Dm_00002656-RA	AT1G49740.1	N/A	60.131	306	99	2	87	387	66	353	2.83e-135	393
Dm_00002650-RA	AT5G67030.1	N/A	68.646	421	132	0	3	423	247	667	0.0	611
Dm_00003232-RA	AT1G01300.1	N/A	70.120	415	119	2	65	476	72	484	0.0	577
Dm_00002472-RA	AT2G31160.1	N/A	76.506	166	33	1	40	199	19	184	1.54e-81	243
Dm_00002453-RA	AT5G16300.1	N/A	57.632	1081	423	9	5	1077	13	1066	0.0	1219
Dm_00009592-RA	AT2G30700.2	N/A	60.194	412	156	3	46	449	1	412	4.65e-180	513
Dm_00009515-RA	AT3G15990.1	N/A	74.525	526	134	0	14	539	124	649	0.0	827
Dm_00009516-RA	AT3G15990.1	N/A	60.000	85	34	0	62	146	25	109	7.27e-32	120
Dm_00010831-RA	AT3G52910.1	N/A	45.714	245	112	8	4	243	144	372	2.28e-47	161
Dm_00015319-RA	AT3G14000.1	N/A	58.034	417	117	12	1	402	1	374	6.07e-144	414
Dm_00016261-RA	AT1G32990.1	N/A	82.123	179	27	1	61	239	45	218	1.42e-102	297
Dm_00013883-RA	AT1G09250.1	N/A	41.919	198	96	5	1	193	5	188	1.68e-38	132
Dm_00014607-RA	AT5G66770.1	N/A	50.444	563	236	10	28	563	38	584	0.0	523
Dm_00011872-RA	AT4G31330.1	N/A	66.026	156	53	0	1	156	74	229	8.70e-70	211
Dm_00014046-RA	AT3G02380.1	N/A	49.883	427	127	19	2	421	1	347	5.38e-114	338
Dm_00013957-RA	AT5G65730.1	N/A	65.517	290	86	1	11	300	15	290	9.26e-148	417
Dm_00010156-RA	AT2G45550.1	N/A	42.549	510	276	9	10	513	9	507	9.08e-145	426
Dm_00010661-RA	AT3G20395.1	N/A	42.135	178	95	4	47	222	39	210	2.42e-41	140
Dm_00009377-RA	AT3G32930.2	N/A	59.774	266	79	6	1	255	1	249	1.40e-104	303
Dm_00003362-RA	AT3G50830.1	N/A	64.078	206	70	3	1	205	1	203	3.44e-92	268
Dm_00003322-RA	AT5G33320.1	N/A	67.294	425	106	5	1	409	1	408	0.0	530
Dm_00003672-RA	AT4G27800.1	N/A	64.205	352	120	3	54	404	41	387	7.54e-163	463
Dm_00003151-RA	AT3G05410.2	N/A	52.381	294	105	5	1	273	1	280	2.01e-101	297
Dm_00003144-RA	AT3G05350.1	N/A	78.378	222	34	1	162	383	480	687	7.77e-122	370
Dm_00003691-RA	AT4G28660.1	N/A	64.242	165	52	3	13	175	23	182	3.38e-69	208
Dm_00002957-RA	AT4G23420.2	N/A	66.879	314	100	2	1	312	1	312	2.75e-155	437
Dm_00010980-RA	AT2G40540.5	N/A	46.491	798	311	21	36	735	15	794	0.0	599
Dm_00011063-RA	AT3G04770.2	N/A	63.605	294	71	4	39	311	2	280	3.19e-125	359
Dm_00011087-RA	AT2G24610.1	N/A	60.782	742	223	10	23	713	1	725	0.0	874
Dm_00010320-RA	AT1G12740.1	N/A	65.962	473	154	2	7	479	6	471	0.0	667
Dm_00008658-RA	AT1G08280.1	N/A	47.368	437	180	9	43	468	1	398	5.57e-131	385
Dm_00015981-RA	AT2G28380.1	N/A	44.086	372	134	12	85	418	81	416	3.17e-71	231
Dm_00014477-RA	AT4G00430.1	N/A	86.525	282	36	1	2	281	6	287	0.0	501
Dm_00014263-RA	AT1G72510.2	N/A	51.479	169	65	4	2	165	9	165	1.07e-53	168
Dm_00006407-RA	AT5G52520.1	N/A	78.957	556	100	5	2	553	1	543	0.0	899
Dm_00005800-RA	AT2G41660.1	N/A	62.637	182	51	5	104	279	127	297	3.02e-69	216
Dm_00006344-RA	AT5G23860.2	N/A	94.444	198	11	0	1	198	233	430	9.01e-142	403
Dm_00006899-RA	AT1G28480.1	N/A	66.667	108	33	1	49	156	33	137	1.44e-46	148
Dm_00005539-RA	AT4G35840.1	N/A	73.128	227	59	1	13	239	12	236	1.22e-123	350
Dm_00006483-RA	AT1G52590.1	N/A	61.688	154	18	1	8	161	60	172	1.38e-59	182
Dm_00011482-RA	AT2G36910.1	N/A	84.318	1269	193	4	67	1335	17	1279	0.0	2184
Dm_00015209-RA	AT2G47460.1	N/A	68.452	168	46	3	1	167	1	162	2.11e-74	235
Dm_00012801-RA	AT2G05620.2	N/A	66.165	133	40	3	1	128	1	133	5.23e-54	166
Dm_00015191-RA	AT3G25140.1	N/A	81.614	533	70	1	3	535	55	559	0.0	909
Dm_00014628-RA	AT1G80570.3	N/A	56.809	470	190	4	1	464	1	463	1.34e-177	506
Dm_00015167-RA	AT2G17972.1	N/A	58.491	106	41	1	72	174	53	158	3.60e-38	128
Dm_00014858-RA	AT5G51110.2	N/A	59.487	195	74	2	13	206	3	193	1.68e-80	238
Dm_00013024-RA	AT3G09050.1	N/A	49.815	271	118	6	1	267	2	258	2.92e-75	230
Dm_00013864-RA	AT5G22340.1	N/A	46.691	272	109	4	9	244	51	322	5.99e-77	236
Dm_00010722-RA	AT4G04330.1	N/A	80.488	123	24	0	46	168	45	167	1.78e-70	211
Dm_00009700-RA	AT5G19220.1	N/A	75.676	222	42	1	5	226	313	522	7.27e-122	356
Dm_00002371-RA	AT3G16150.1	N/A	80.368	326	63	1	1	326	1	325	0.0	541
Dm_00002660-RA	AT1G55840.1	N/A	65.653	329	72	3	17	342	29	319	5.33e-161	454
Dm_00002677-RA	AT5G55700.1	N/A	64.173	508	177	4	6	511	23	527	0.0	696
Dm_00003190-RA	AT2G01610.1	N/A	50.556	180	80	2	36	211	43	217	3.34e-58	183
Dm_00003191-RA	AT2G01610.1	N/A	50.556	180	80	2	36	211	43	217	3.34e-58	183
Dm_00003199-RA	AT1G70780.1	N/A	55.479	146	58	2	1	146	2	140	8.29e-52	161
Dm_00006286-RA	AT4G08170.2	N/A	75.000	284	70	1	49	332	39	321	1.24e-145	415
Dm_00005273-RA	AT5G02810.1	N/A	33.791	728	298	27	49	657	46	708	5.18e-58	210
Dm_00005725-RA	AT3G56940.1	N/A	82.396	409	54	3	1	391	1	409	0.0	677
Dm_00005870-RA	AT3G54320.3	N/A	69.886	176	47	3	80	250	53	227	1.84e-77	241
Dm_00005905-RA	AT4G18370.1	N/A	63.889	252	65	2	48	299	97	322	1.48e-108	320
Dm_00012727-RA	AT4G18220.1	N/A	56.798	331	141	1	21	351	42	370	4.21e-136	393
Dm_00012723-RA	AT1G61660.6	N/A	30.248	443	180	19	1	432	1	325	1.28e-32	127
Dm_00011661-RA	AT1G78630.1	N/A	67.521	234	53	3	30	258	25	240	2.24e-106	308
Dm_00009960-RA	AT1G66400.1	N/A	35.503	169	77	4	54	222	16	152	2.77e-23	92.8
Dm_00012514-RA	AT1G56500.3	N/A	44.737	190	60	4	330	474	446	635	2.35e-36	143
Dm_00013145-RA	AT2G23340.1	N/A	61.392	158	45	4	6	155	20	169	3.85e-53	166
Dm_00011920-RA	AT2G07680.1	N/A	61.084	1015	319	8	1	994	435	1394	0.0	1192
Dm_00005611-RA	AT4G35000.1	N/A	78.715	249	52	1	74	321	39	287	2.21e-135	386
Dm_00005610-RA	AT4G38620.1	N/A	52.484	322	101	9	1	310	1	282	1.78e-98	291
Dm_00005898-RA	AT3G62260.1	N/A	58.808	386	124	8	1	355	1	382	3.79e-152	434
Dm_00005842-RA	AT5G64940.1	N/A	71.353	761	152	9	19	772	23	724	0.0	1027
Dm_00006504-RA	AT4G14465.1	N/A	45.748	341	120	9	1	337	1	280	8.03e-67	212
Dm_00005621-RA	AT3G08010.1	N/A	69.010	384	107	3	1	382	1	374	0.0	548
Dm_00005620-RA	AT3G63510.1	N/A	73.425	365	96	1	79	442	49	413	0.0	581
Dm_00019043-RA	AT5G09690.1	N/A	71.901	363	90	4	12	370	4	358	1.12e-178	502
Dm_00017085-RA	AT3G55550.1	N/A	59.685	635	242	7	25	649	24	654	0.0	732
Dm_00012435-RA	AT3G26040.1	N/A	30.303	462	279	18	4	450	1	434	1.89e-56	193
Dm_00013978-RA	AT4G28740.1	N/A	66.538	260	85	2	4	262	89	347	1.40e-128	368
Dm_00013911-RA	AT4G01040.1	N/A	59.729	442	162	7	1	438	1	430	0.0	540
Dm_00012905-RA	AT1G48405.1	N/A	34.959	246	131	6	1	243	14	233	5.83e-37	134
Dm_00013613-RA	AT2G43030.1	N/A	81.448	221	41	0	90	310	51	271	1.23e-122	352
Dm_00016630-RA	AT1G70560.1	N/A	50.689	363	163	6	4	366	37	383	9.28e-126	367
Dm_00016295-RA	AT1G72830.1	N/A	40.068	292	143	10	24	305	41	310	1.47e-48	166
Dm_00009447-RA	AT5G51460.2	N/A	61.240	387	129	6	3	377	7	384	1.80e-164	466
Dm_00010603-RA	AT4G10340.1	N/A	82.042	284	45	3	11	293	2	280	3.41e-148	419
Dm_00010703-RA	AT1G53730.1	N/A	71.935	367	98	3	3	364	336	702	0.0	530
Dm_00010260-RA	AT4G34240.4	N/A	61.027	526	182	4	9	527	24	533	0.0	640
Dm_00011590-RA	AT4G36380.1	N/A	63.256	430	136	4	7	428	105	520	0.0	561
Dm_00012112-RA	AT1G64150.1	N/A	54.245	212	57	5	42	248	91	267	5.63e-57	186
Dm_00012495-RA	AT1G63690.1	N/A	57.651	562	122	7	26	522	25	535	0.0	592
Dm_00011870-RA	AT1G01630.1	N/A	62.903	248	92	0	5	252	2	249	5.65e-117	335
Dm_00011871-RA	AT1G28140.1	N/A	65.873	252	81	1	100	351	33	279	2.24e-111	326
Dm_00012144-RA	AT1G02520.2	N/A	69.723	1265	333	8	91	1332	40	1277	0.0	1760
Dm_00011981-RA	AT1G20810.1	N/A	66.142	127	30	1	18	131	105	231	7.28e-46	149
Dm_00011513-RA	AT5G52660.1	N/A	52.830	318	116	6	1	303	1	299	3.89e-101	300
Dm_00012097-RA	AT2G34860.1	N/A	72.800	125	30	3	39	159	62	186	3.04e-59	182
Dm_00017750-RA	AT5G25460.1	N/A	65.301	366	124	1	7	369	4	369	0.0	518
Dm_00017500-RA	AT3G23600.1	N/A	47.826	138	54	4	1	125	1	133	4.19e-34	119
Dm_00016623-RA	AT2G38970.1	N/A	59.659	704	250	17	1	697	1	677	0.0	773
Dm_00003666-RA	AT5G57690.1	N/A	60.377	318	118	5	1	311	1	317	2.20e-133	388
Dm_00002849-RA	AT1G65880.1	N/A	55.825	206	73	6	1	199	80	274	6.24e-68	218
Dm_00003428-RA	AT5G04200.1	N/A	51.232	203	87	3	6	198	123	323	2.79e-64	201
Dm_00003425-RA	AT3G43810.1	N/A	100.000	124	0	0	143	266	26	149	1.60e-86	254
Dm_00003750-RA	AT2G20570.1	N/A	40.959	459	144	15	72	497	56	420	5.70e-75	243
Dm_00003642-RA	AT5G22850.1	N/A	55.102	490	174	3	10	498	6	450	0.0	543
Dm_00003305-RA	AT1G02260.1	N/A	59.642	503	151	5	1	454	3	502	0.0	586
Dm_00018559-RA	AT1G68010.1	N/A	87.990	383	41	2	3	385	2	379	0.0	676
Dm_00020529-RA	AT3G18440.1	N/A	60.204	588	207	8	1	574	1	575	0.0	683
Dm_00020562-RA	AT3G47430.1	N/A	67.686	229	59	4	3	221	4	227	6.35e-100	290
Dm_00020563-RA	AT5G51920.1	N/A	43.833	600	251	12	70	668	42	556	2.64e-167	491
Dm_00007860-RA	AT4G07410.2	N/A	54.186	430	174	6	1	419	285	702	6.25e-148	437
Dm_00007380-RA	AT2G41900.1	N/A	42.857	770	311	32	1	705	1	706	8.76e-159	476
Dm_00007378-RA	AT5G19855.1	N/A	56.164	219	75	5	1	215	1	202	1.82e-82	244
Dm_00007710-RA	AT5G03300.1	N/A	75.549	364	62	1	4	367	8	344	0.0	579
Dm_00016097-RA	AT5G44120.3	N/A	41.247	417	199	4	54	428	35	447	1.05e-99	307
Dm_00017827-RA	AT2G29050.1	N/A	56.533	398	163	2	1	398	1	388	1.32e-160	457
Dm_00018165-RA	AT4G33700.1	N/A	66.885	459	116	4	3	461	2	424	0.0	592
Dm_00010666-RA	AT5G50920.1	N/A	82.911	790	111	4	1	774	145	926	0.0	1285
Dm_00011691-RA	AT5G35160.2	N/A	82.094	659	114	3	1	656	1	658	0.0	1097
Dm_00011193-RA	AT5G12220.1	N/A	40.600	633	325	15	7	624	15	611	1.33e-123	379
Dm_00011191-RA	AT5G19370.1	N/A	65.865	208	69	1	25	232	94	299	4.51e-101	295
Dm_00013232-RA	AT5G26667.2	N/A	87.342	158	20	0	1	158	22	179	2.31e-101	290
Dm_00013234-RA	AT5G26667.2	N/A	83.425	181	28	1	1	181	1	179	1.52e-108	309
Dm_00011816-RA	AT1G12430.1	N/A	58.316	986	273	11	8	993	70	917	0.0	1046
Dm_00012350-RA	AT4G26790.2	N/A	66.163	331	112	0	21	351	20	350	2.49e-168	473
Dm_00020147-RA	AT4G34950.1	N/A	65.699	551	170	3	17	552	14	560	0.0	739
Dm_00020067-RA	AT2G32020.1	N/A	43.931	173	84	3	10	181	20	180	7.39e-48	154
Dm_00005108-RA	AT4G03280.1	N/A	73.160	231	57	3	1	228	1	229	7.73e-105	302
Dm_00005034-RA	AT3G04590.2	N/A	41.018	334	142	11	42	322	80	411	3.69e-61	201
Dm_00005027-RA	AT1G54460.1	N/A	52.874	174	69	5	3	164	140	312	5.04e-49	162
Dm_00005381-RA	AT1G67410.1	N/A	61.276	439	148	4	10	444	9	429	0.0	576
Dm_00005060-RA	AT1G51940.1	N/A	57.511	699	216	13	27	714	21	649	0.0	724
Dm_00005061-RA	AT3G21360.1	N/A	59.878	329	131	1	207	534	2	330	2.66e-142	413
Dm_00005062-RA	AT3G21360.1	N/A	58.333	96	40	0	4	99	211	306	2.60e-38	130
Dm_00016147-RA	AT1G29880.1	N/A	81.700	694	123	1	53	746	40	729	0.0	1161
Dm_00016508-RA	AT4G14750.1	N/A	44.681	470	149	17	10	464	1	374	1.36e-100	310
Dm_00013582-RA	AT1G62990.1	N/A	87.912	91	11	0	2	92	201	291	7.81e-56	174
Dm_00013580-RA	AT1G62990.1	N/A	66.667	93	21	3	3	91	8	94	4.31e-33	116
Dm_00004091-RA	AT3G63540.1	N/A	77.931	145	28	2	120	264	3	143	1.03e-79	237
Dm_00005495-RA	AT2G44970.3	N/A	51.442	416	142	4	115	527	122	480	1.13e-142	420
Dm_00005382-RA	AT5G53390.1	N/A	31.881	505	300	10	1	493	1	473	7.98e-78	252
Dm_00005386-RA	AT5G58140.7	N/A	71.411	794	163	10	12	798	171	907	0.0	1142
Dm_00008092-RA	AT5G38220.1	N/A	69.944	356	87	3	1	356	1	336	0.0	514
Dm_00007486-RA	AT4G27950.1	N/A	48.458	227	91	8	8	226	11	219	1.38e-46	161
Dm_00008481-RA	AT3G28040.1	N/A	58.196	1031	397	15	9	1035	9	1009	0.0	1121
Dm_00006353-RA	AT3G44220.1	N/A	58.852	209	80	3	6	214	4	206	3.74e-87	256
Dm_00006351-RA	AT3G44190.1	N/A	61.944	360	135	2	7	366	8	365	8.23e-161	455
Dm_00007634-RA	AT5G51010.1	N/A	69.524	105	31	1	81	185	50	153	2.69e-51	162
Dm_00006730-RA	AT3G19490.1	N/A	87.018	493	63	1	45	536	83	575	0.0	822
Dm_00002282-RA	AT5G44210.1	N/A	45.856	181	79	6	25	203	29	192	6.03e-36	126
Dm_00003272-RA	AT1G23100.1	N/A	80.000	95	19	0	1	95	1	95	5.76e-53	160
Dm_00003268-RA	AT1G70940.1	N/A	70.707	693	145	15	1	688	1	640	0.0	907
Dm_00003277-RA	AT1G70780.1	N/A	56.061	132	57	1	5	135	9	140	2.65e-51	159
Dm_00016083-RA	AT5G41140.2	N/A	48.892	632	298	14	1	618	1	621	9.90e-158	499
Dm_00017659-RA	AT1G22440.1	N/A	54.366	355	113	6	2	314	3	350	2.49e-125	363
Dm_00017338-RA	AT5G41410.1	N/A	41.970	660	258	18	121	744	39	609	4.09e-138	420
Dm_00016294-RA	AT1G07930.2	N/A	76.216	370	42	4	1	325	1	369	0.0	546
Dm_00014543-RA	AT5G03040.2	N/A	37.121	528	224	14	1	513	1	435	2.02e-79	256
Dm_00013341-RA	AT5G13650.1	N/A	77.206	680	146	4	1	679	1	672	0.0	1079
Dm_00020412-RA	AT5G22620.2	N/A	64.381	452	138	5	74	516	44	481	0.0	581
Dm_00020595-RA	AT4G31530.1	N/A	67.094	234	48	1	111	315	91	324	2.48e-110	323
Dm_00003292-RA	AT2G35940.1	N/A	45.959	631	240	19	152	758	126	679	2.53e-126	392
Dm_00002906-RA	AT2G31820.1	N/A	61.085	645	189	10	2	588	15	655	0.0	734
Dm_00003109-RA	AT1G01320.3	N/A	51.131	1946	643	47	2	1852	57	1789	0.0	1708
Dm_00003216-RA	AT3G50590.2	N/A	71.472	1637	387	20	1	1588	1	1606	0.0	2332
Dm_00003616-RA	AT2G26670.1	N/A	69.167	240	74	0	1	240	43	282	2.23e-126	359
Dm_00003447-RA	AT5G66460.1	N/A	63.084	428	155	2	3	430	2	426	0.0	556
Dm_00003448-RA	AT5G66470.2	N/A	72.727	319	67	1	2	320	129	427	1.53e-174	490
Dm_00013924-RA	AT1G78700.1	N/A	62.398	367	90	14	1	362	1	324	2.17e-118	346
Dm_00011909-RA	AT2G45120.1	N/A	44.025	159	55	5	392	546	176	304	2.67e-25	107
Dm_00014684-RA	AT3G63170.1	N/A	55.882	170	62	1	9	178	119	275	3.13e-63	196
Dm_00011925-RA	AT1G63855.4	N/A	65.258	213	59	3	32	232	9	218	8.75e-98	285
Dm_00012244-RA	AT5G25840.1	N/A	54.491	167	50	5	29	177	4	162	1.40e-47	154
Dm_00012544-RA	AT5G53160.2	N/A	78.495	186	36	1	1	182	1	186	7.10e-109	309
Dm_00014071-RA	AT3G57680.1	N/A	69.488	449	121	4	3	436	71	518	0.0	649
Dm_00013737-RA	AT5G19500.1	N/A	67.880	467	140	4	9	474	24	481	0.0	592
Dm_00019493-RA	AT3G22370.1	N/A	50.000	180	70	6	1	169	2	172	2.38e-49	162
Dm_00019849-RA	AT3G62410.1	N/A	66.667	87	26	2	52	135	45	131	1.66e-34	117
Dm_00019023-RA	AT5G50890.1	N/A	64.690	371	99	4	35	378	42	407	3.97e-175	494
Dm_00005418-RA	AT3G61470.1	N/A	90.278	216	20	1	42	256	37	252	1.74e-146	410
Dm_00005417-RA	AT4G28220.1	N/A	68.266	542	150	1	80	621	52	571	0.0	794
Dm_00004905-RA	AT2G13690.1	N/A	50.000	582	211	13	34	595	20	541	4.87e-173	503
Dm_00004907-RA	AT5G26660.1	N/A	52.190	274	123	3	1	266	1	274	4.18e-90	276
Dm_00005267-RA	AT2G30170.1	N/A	63.241	253	78	1	17	269	59	296	2.42e-119	343
Dm_00006115-RA	AT5G56510.5	N/A	55.853	299	129	1	295	593	266	561	3.25e-113	349
Dm_00007915-RA	AT4G38970.1	N/A	85.464	399	56	2	1	398	1	398	0.0	702
Dm_00006747-RA	AT1G67280.2	N/A	88.068	176	21	0	10	185	80	255	8.12e-113	323
Dm_00006748-RA	AT1G67280.1	N/A	75.385	130	28	2	49	177	41	167	4.36e-64	202
Dm_00007537-RA	AT1G11720.1	N/A	64.740	1038	316	11	66	1058	10	1042	0.0	1363
Dm_00006442-RA	AT4G21750.4	N/A	78.770	683	109	6	4	655	80	757	0.0	1089
Dm_00016226-RA	AT3G24150.1	N/A	53.112	241	97	5	6	237	3	236	1.25e-71	229
Dm_00014874-RA	AT4G00400.1	N/A	74.798	496	123	1	5	500	7	500	0.0	745
Dm_00014873-RA	AT2G45960.1	N/A	78.704	324	29	2	11	333	1	285	0.0	504
Dm_00015745-RA	AT4G22890.2	N/A	67.314	309	94	2	1	309	1	302	3.07e-148	418
Dm_00015826-RA	AT1G59740.1	N/A	70.598	585	141	8	2	569	3	573	0.0	834
Dm_00013838-RA	AT2G45470.1	N/A	65.449	356	107	4	1	342	1	354	1.66e-158	451
Dm_00015984-RA	AT5G28780.1	N/A	47.239	163	81	2	884	1044	166	325	2.33e-34	135
Dm_00015778-RA	AT1G08380.1	N/A	82.474	97	11	1	8	104	50	140	1.39e-53	164
Dm_00017523-RA	AT1G01800.2	N/A	51.923	156	74	1	1	155	98	253	5.90e-55	174
Dm_00019551-RA	AT3G61490.3	N/A	62.201	209	66	3	1	209	5	200	2.19e-87	269
Dm_00008734-RA	AT1G10370.1	N/A	57.589	224	92	2	1	224	1	221	3.82e-86	263
Dm_00007666-RA	AT2G34770.1	N/A	52.814	231	98	1	1	220	1	231	2.83e-82	245
Dm_00008738-RA	AT4G33140.1	N/A	76.119	201	40	1	134	326	147	347	4.17e-115	337
Dm_00008740-RA	AT5G20740.1	N/A	45.665	173	83	5	37	203	33	200	3.26e-40	136
Dm_00002595-RA	AT1G62400.1	N/A	60.135	296	113	2	27	318	51	345	1.30e-128	374
Dm_00002394-RA	AT3G53520.1	N/A	68.820	449	123	9	14	459	1	435	0.0	595
Dm_00002393-RA	AT5G16300.1	N/A	58.127	1089	399	12	5	1085	13	1052	0.0	1225
Dm_00002400-RA	AT5G36790.2	N/A	77.534	365	71	5	8	368	4	361	0.0	545
Dm_00002399-RA	AT3G02630.1	N/A	84.084	333	52	1	1	332	64	396	0.0	597
Dm_00002248-RA	AT5G57170.2	N/A	74.561	114	29	0	1	114	1	114	2.51e-58	176
Dm_00002250-RA	AT1G78880.1	N/A	66.148	514	123	6	1	513	1	464	0.0	671
Dm_00017740-RA	AT5G42630.2	N/A	52.315	216	42	9	24	239	16	170	2.49e-43	148
Dm_00013424-RA	AT1G15550.1	N/A	56.047	339	145	2	14	352	20	354	2.44e-135	390
Dm_00013778-RA	AT1G29820.1	N/A	62.760	529	175	6	69	594	31	540	0.0	671
Dm_00013984-RA	AT4G04770.1	N/A	74.912	570	121	5	4	564	1	557	0.0	865
Dm_00014549-RA	AT1G67740.1	N/A	58.824	153	50	3	53	201	44	187	2.62e-43	144
Dm_00014550-RA	AT1G67730.1	N/A	60.515	233	75	2	157	389	30	245	4.38e-96	293
Dm_00004151-RA	AT5G04170.1	N/A	58.639	191	76	3	87	274	164	354	1.75e-74	231
Dm_00004919-RA	AT5G62790.1	N/A	84.807	441	62	1	12	447	31	471	0.0	756
Dm_00004916-RA	AT1G79040.1	N/A	70.423	142	34	4	1	136	1	140	2.61e-62	187
Dm_00005148-RA	AT1G02610.2	N/A	45.078	193	87	3	26	203	3	191	2.85e-52	167
Dm_00005493-RA	AT4G33480.1	N/A	70.925	227	50	2	129	354	124	335	5.72e-110	324
Dm_00005494-RA	AT5G63810.1	N/A	66.957	690	210	4	319	998	58	739	0.0	967
Dm_00005762-RA	AT2G37090.1	N/A	53.846	351	134	7	1	327	1	347	1.46e-121	354
Dm_00005847-RA	AT3G56010.1	N/A	65.000	120	37	2	208	322	82	201	2.05e-48	161
Dm_00006081-RA	AT2G46220.1	N/A	65.079	189	62	1	66	254	55	239	6.53e-92	272
Dm_00006082-RA	AT2G46210.1	N/A	70.946	444	129	0	9	452	6	449	0.0	698
Dm_00006077-RA	AT2G46240.1	N/A	30.419	549	293	19	161	656	261	773	1.73e-38	156
Dm_00004378-RA	AT4G38460.1	N/A	70.667	300	71	4	43	339	39	324	2.24e-142	405
Dm_00013941-RA	AT2G24820.1	N/A	77.094	406	92	1	23	427	133	538	0.0	674
Dm_00011902-RA	AT1G59960.1	N/A	53.614	332	147	2	1	331	1	326	1.61e-139	398
Dm_00013810-RA	AT2G24230.1	N/A	51.220	902	279	19	9	840	43	853	0.0	780
Dm_00013634-RA	AT3G47950.2	N/A	78.897	526	93	4	226	734	435	959	0.0	862
Dm_00013869-RA	AT3G19800.2	N/A	55.396	139	60	2	6	144	47	183	5.54e-52	165
Dm_00015135-RA	AT2G37585.1	N/A	63.866	238	63	3	12	249	169	383	8.44e-105	309
Dm_00020012-RA	AT5G47900.9	N/A	48.636	440	206	5	5	438	8	433	7.06e-134	393
Dm_00018090-RA	AT1G66400.1	N/A	48.366	153	70	1	13	165	10	153	2.47e-45	146
Dm_00008107-RA	AT4G09510.1	N/A	85.792	549	75	3	14	560	11	558	0.0	994
Dm_00008043-RA	AT1G73020.3	N/A	64.769	650	225	3	1	649	1	647	0.0	860
Dm_00007469-RA	AT5G02810.1	N/A	41.720	628	240	25	41	584	104	689	3.98e-85	280
Dm_00006537-RA	AT4G02990.2	N/A	71.734	421	117	2	27	446	98	517	0.0	624
Dm_00005312-RA	AT1G07700.1	N/A	67.742	155	47	1	1	155	50	201	1.38e-75	224
Dm_00008812-RA	AT5G13980.2	N/A	67.701	709	193	8	1	681	3	703	0.0	983
Dm_00008374-RA	AT1G23400.1	N/A	60.771	571	177	7	1	543	1	552	0.0	640
Dm_00008373-RA	AT1G70505.4	N/A	52.922	308	134	7	50	351	15	317	6.92e-110	325
Dm_00007036-RA	AT4G21210.1	N/A	64.187	363	120	4	51	404	42	403	7.91e-165	468
Dm_00007771-RA	AT4G01440.4	N/A	54.098	122	55	1	1	121	1	122	1.05e-36	126
Dm_00007282-RA	AT3G57650.1	N/A	59.945	362	144	1	44	405	11	371	1.20e-164	468
Dm_00006288-RA	AT5G23100.1	N/A	55.752	226	81	6	86	296	56	277	1.23e-68	214
Dm_00007934-RA	AT3G15030.2	N/A	43.373	415	177	16	12	389	23	416	1.08e-74	238
Dm_00013696-RA	AT4G34960.1	N/A	80.982	163	31	0	93	255	61	223	3.81e-96	281
Dm_00012950-RA	AT5G08139.1	N/A	38.010	392	178	19	91	439	3	372	2.97e-43	156
Dm_00012363-RA	AT1G19600.1	N/A	63.802	384	105	4	12	395	2	351	7.93e-170	479
Dm_00011974-RA	AT3G13460.1	N/A	58.228	316	127	3	155	468	322	634	5.34e-122	371
Dm_00016921-RA	AT5G58330.2	N/A	78.271	428	77	4	22	448	30	442	0.0	671
Dm_00018033-RA	AT2G46660.1	N/A	62.727	550	180	9	6	553	3	529	0.0	666
Dm_00018186-RA	AT3G14240.1	N/A	74.252	769	175	4	51	816	27	775	0.0	1174
Dm_00018328-RA	AT3G61440.1	N/A	84.665	313	48	0	279	591	56	368	0.0	538
Dm_00019285-RA	AT1G74730.1	N/A	74.359	156	40	0	3	158	43	198	1.59e-62	191
Dm_00019482-RA	AT1G60000.1	N/A	70.370	162	47	1	90	250	83	244	6.37e-79	239
Dm_00018215-RA	AT2G21050.1	N/A	78.758	499	67	2	7	505	2	461	0.0	825
Dm_00016930-RA	AT2G17550.2	N/A	37.089	639	286	20	358	968	150	700	4.89e-93	311
Dm_00019097-RA	AT3G14850.2	N/A	48.113	318	160	3	33	346	34	350	6.17e-114	335
Dm_00018737-RA	AT5G60390.1	N/A	94.655	449	24	0	1	449	1	449	0.0	884
Dm_00017790-RA	AT1G11530.1	N/A	67.521	117	37	1	12	127	2	118	7.98e-58	175
Dm_00017791-RA	AT4G05200.1	N/A	46.995	649	305	13	47	685	15	634	0.0	570
Dm_00017933-RA	AT2G31210.1	N/A	36.861	548	221	22	1	543	1	428	2.40e-75	245
Dm_00018375-RA	AT4G00730.1	N/A	66.184	828	223	12	1	805	9	802	0.0	1048
Dm_00018400-RA	AT4G37990.1	N/A	70.739	352	103	0	9	360	5	356	1.89e-174	489
Dm_00010965-RA	AT5G08350.1	N/A	63.014	146	53	1	48	193	68	212	2.99e-62	192
Dm_00010415-RA	AT5G17230.1	N/A	77.500	360	77	3	43	399	36	394	0.0	564
Dm_00009220-RA	AT2G39730.1	N/A	80.652	460	87	2	9	467	16	474	0.0	779
Dm_00011375-RA	AT3G15030.2	N/A	45.140	463	196	17	150	597	1	420	5.57e-83	266
Dm_00010936-RA	AT5G22050.2	N/A	45.597	318	146	4	18	333	13	305	4.25e-89	270
Dm_00010611-RA	AT4G39410.1	N/A	84.615	52	8	0	42	93	192	243	4.23e-27	101
Dm_00011348-RA	AT1G05230.11	N/A	75.558	761	139	13	32	787	1	719	0.0	1136
Dm_00011353-RA	AT1G05200.6	N/A	62.870	878	315	6	74	943	58	932	0.0	1149
Dm_00011216-RA	AT3G13600.2	N/A	74.603	63	16	0	86	148	508	570	1.26e-26	107
Dm_00010753-RA	AT2G20370.1	N/A	71.824	614	142	6	1	584	7	619	0.0	894
Dm_00011939-RA	AT4G32060.1	N/A	68.072	332	106	0	8	339	158	489	5.13e-168	478
Dm_00012808-RA	AT1G22380.1	N/A	38.259	494	274	11	9	496	12	480	3.31e-109	333
Dm_00013328-RA	AT2G02850.1	N/A	58.268	127	50	2	4	128	3	128	1.31e-49	154
Dm_00013329-RA	AT2G01070.2	N/A	60.982	387	121	3	18	402	12	370	3.46e-168	479
Dm_00013382-RA	AT2G23140.4	N/A	57.313	841	326	12	27	849	1	826	0.0	881
Dm_00012642-RA	AT3G14420.2	N/A	90.786	369	32	1	1	369	1	367	0.0	675
Dm_00012162-RA	AT5G13180.1	N/A	52.288	153	65	2	15	161	12	162	8.82e-49	160
Dm_00007962-RA	AT1G03650.1	N/A	63.226	155	57	0	1	155	1	155	4.79e-73	216
Dm_00008625-RA	AT3G12830.1	N/A	57.895	133	44	2	1	126	1	128	7.82e-46	145
Dm_00011000-RA	AT4G09650.1	N/A	50.973	257	100	4	1	255	1	233	2.15e-80	241
Dm_00010990-RA	AT1G32060.1	N/A	80.645	403	68	3	1	403	1	393	0.0	671
Dm_00011443-RA	AT1G58250.1	N/A	62.289	2490	878	25	130	2597	1	2451	0.0	3038
Dm_00009681-RA	AT1G36390.2	N/A	53.521	213	85	1	83	295	74	272	5.81e-74	229
Dm_00002414-RA	AT3G50170.1	N/A	59.252	481	176	12	33	503	60	530	2.60e-180	536
Dm_00002512-RA	AT1G52510.1	N/A	78.338	337	69	1	89	421	32	368	0.0	561
Dm_00002536-RA	AT5G06290.1	N/A	82.301	226	32	1	67	292	56	273	9.70e-138	390
Dm_00002270-RA	AT3G51480.1	N/A	53.398	927	401	8	11	935	3	900	0.0	1048
Dm_00002278-RA	AT1G22840.1	N/A	86.486	111	15	0	1	111	1	111	3.70e-70	205
Dm_00007664-RA	AT1G24540.1	N/A	52.214	542	226	6	3	534	2	520	0.0	581
Dm_00007433-RA	AT1G20020.1	N/A	78.108	370	73	4	1	363	1	369	0.0	586
Dm_00011985-RA	AT4G19170.1	N/A	65.327	199	67	2	109	306	81	278	7.18e-92	285
Dm_00008745-RA	AT4G08685.1	N/A	48.466	163	80	1	1	163	1	159	5.16e-53	166
Dm_00005974-RA	AT5G09300.1	N/A	71.827	394	109	1	4	395	79	472	0.0	613
Dm_00008881-RA	AT3G24590.1	N/A	78.534	191	41	0	113	303	99	289	1.27e-114	333
Dm_00006787-RA	AT3G17940.1	N/A	72.266	256	61	3	13	266	93	340	1.23e-135	386
Dm_00007945-RA	AT3G54890.1	N/A	81.967	244	37	2	5	248	3	239	9.89e-140	392
Dm_00015874-RA	AT2G45720.2	N/A	56.441	590	216	14	1	586	1	553	0.0	621
Dm_00000832-RA	AT3G20600.1	N/A	35.961	203	120	4	6	208	2	194	1.94e-37	130
Dm_00000619-RA	AT1G56220.1	N/A	67.500	120	30	3	1	111	1	120	3.24e-42	136
Dm_00001139-RA	AT1G74970.1	N/A	70.918	196	46	2	24	219	23	207	1.75e-93	272
Dm_00004330-RA	AT2G21530.1	N/A	61.739	115	44	0	80	194	85	199	1.25e-47	156
Dm_00003742-RA	AT2G39700.1	N/A	83.682	239	39	0	26	264	19	257	6.78e-157	437
Dm_00003749-RA	AT5G59480.5	N/A	55.714	280	122	2	48	327	3	280	3.08e-111	325
Dm_00003805-RA	AT4G39960.1	N/A	87.500	56	7	0	7	62	104	159	2.94e-29	107
Dm_00003802-RA	AT2G03200.1	N/A	43.026	423	214	12	43	448	47	459	1.15e-99	306
Dm_00003377-RA	AT4G38400.1	N/A	49.819	277	107	3	17	291	19	265	4.20e-82	248
Dm_00003375-RA	AT1G29500.1	N/A	47.857	140	64	1	1	140	1	131	3.18e-40	132
Dm_00001234-RA	AT1G20190.1	N/A	76.050	238	56	1	227	464	16	252	3.51e-136	392
Dm_00001235-RA	AT1G20200.1	N/A	78.659	492	87	5	1	478	1	488	0.0	741
Dm_00001242-RA	AT1G76080.1	N/A	60.000	320	103	4	1	320	8	302	2.55e-132	379
Dm_00001267-RA	AT4G35090.1	N/A	87.984	491	59	0	1	491	1	491	0.0	929
Dm_00001265-RA	AT2G30600.6	N/A	55.911	626	246	3	1	623	1	599	0.0	712
Dm_00000633-RA	AT3G22550.1	N/A	44.444	126	59	3	316	441	151	265	3.22e-25	105
Dm_00000640-RA	AT5G11480.1	N/A	77.381	252	57	0	69	320	67	318	4.96e-142	404
Dm_00000645-RA	AT5G11520.1	N/A	70.393	483	90	4	23	501	14	447	0.0	689
Dm_00016395-RA	AT3G53620.1	N/A	78.704	216	41	1	56	266	1	216	4.47e-127	360
Dm_00013986-RA	AT5G25880.1	N/A	81.261	571	107	0	43	613	17	587	0.0	981
Dm_00016773-RA	AT3G12080.1	N/A	75.000	536	130	2	112	644	108	642	0.0	833
Dm_00011885-RA	AT4G25450.1	N/A	66.810	699	197	9	22	709	40	714	0.0	923
Dm_00009767-RA	AT5G04220.2	N/A	56.852	540	188	5	1	502	1	533	0.0	594
Dm_00011208-RA	AT2G47070.1	N/A	51.590	1006	339	28	3	994	10	881	0.0	897
Dm_00011808-RA	AT1G32550.1	N/A	60.638	188	58	5	7	190	6	181	6.23e-67	203
Dm_00012951-RA	AT4G24540.1	N/A	78.689	61	13	0	57	117	1	61	4.04e-28	102
Dm_00011681-RA	AT1G01860.1	N/A	62.805	328	118	1	16	343	19	342	6.41e-148	422
Dm_00012961-RA	AT5G59810.1	N/A	59.628	753	284	9	10	759	40	775	0.0	880
Dm_00012970-RA	AT5G62740.1	N/A	87.589	282	35	0	1	282	1	282	0.0	518
Dm_00012019-RA	AT1G47960.2	N/A	37.736	159	86	3	48	206	21	166	1.55e-27	102
Dm_00012967-RA	AT3G29765.1	N/A	39.773	176	106	0	165	340	139	314	2.56e-34	135
Dm_00012028-RA	AT4G34020.1	N/A	60.345	406	146	3	79	482	79	471	3.85e-172	493
Dm_00016107-RA	AT4G32890.1	N/A	44.745	333	129	10	4	320	15	308	2.48e-74	231
Dm_00015068-RA	AT4G25000.1	N/A	56.635	422	176	5	21	441	8	423	0.0	512
Dm_00016627-RA	AT4G09730.1	N/A	62.654	648	189	11	23	664	18	618	0.0	739
Dm_00015844-RA	AT5G12250.1	N/A	92.650	449	14	1	53	501	1	430	0.0	845
Dm_00015162-RA	AT1G55140.1	N/A	42.616	237	106	6	32	263	17	228	2.10e-49	163
Dm_00016456-RA	AT1G31330.1	N/A	70.085	234	57	4	1	234	1	221	1.76e-111	319
Dm_00016191-RA	AT3G22540.1	N/A	55.906	127	32	4	1	126	1	104	8.68e-38	126
Dm_00001637-RA	AT1G09170.5	N/A	56.041	687	262	12	449	1113	356	1024	0.0	696
Dm_00001628-RA	AT3G58650.1	N/A	30.430	953	472	37	6	915	5	809	7.38e-79	273
Dm_00001965-RA	AT4G18530.3	N/A	62.462	325	104	4	17	323	60	384	7.37e-148	422
Dm_00001977-RA	AT1G31800.1	N/A	78.727	550	108	2	71	614	42	588	0.0	889
Dm_00001983-RA	AT1G08550.1	N/A	70.218	413	102	4	24	423	58	462	0.0	569
Dm_00001970-RA	AT1G65410.1	N/A	76.768	297	68	1	37	332	38	334	2.38e-165	465
Dm_00002179-RA	AT1G69440.1	N/A	66.929	889	249	12	30	918	147	990	0.0	1207
Dm_00002185-RA	AT3G29180.1	N/A	68.592	277	86	1	138	413	228	504	6.24e-143	417
Dm_00002175-RA	AT1G14030.1	N/A	68.288	473	140	6	24	492	16	482	0.0	645
Dm_00002173-RA	AT2G03220.1	N/A	61.207	580	199	10	1	576	1	558	0.0	711
Dm_00002030-RA	AT2G30390.1	N/A	70.332	482	84	6	24	457	40	510	0.0	628
Dm_00005523-RA	AT2G29560.1	N/A	70.406	419	91	2	1	419	1	386	0.0	602
Dm_00005290-RA	AT1G78860.1	N/A	48.387	434	208	9	15	443	9	431	1.72e-143	417
Dm_00005287-RA	AT4G02900.2	N/A	68.913	460	143	0	14	473	137	596	0.0	670
Dm_00005289-RA	AT4G02900.3	N/A	57.917	240	62	2	1	240	1	201	7.40e-81	258
Dm_00004890-RA	AT2G04842.2	N/A	82.305	616	105	2	54	669	39	650	0.0	1083
Dm_00005227-RA	AT3G03190.1	N/A	50.000	166	80	1	3	168	50	212	1.11e-56	177
Dm_00005233-RA	AT1G65900.1	N/A	54.242	389	128	7	24	367	14	397	7.47e-142	409
Dm_00016822-RA	AT3G26590.1	N/A	61.569	497	173	2	46	542	1	479	0.0	617
Dm_00016619-RA	AT5G51970.1	N/A	82.418	364	60	1	134	493	1	364	0.0	629
Dm_00011260-RA	AT4G12830.1	N/A	67.918	293	67	2	11	277	89	380	2.19e-141	403
Dm_00010495-RA	AT2G46820.2	N/A	50.000	114	47	3	34	142	35	143	3.25e-23	90.5
Dm_00011718-RA	AT2G28150.1	N/A	53.631	537	213	19	1	517	1	521	2.22e-148	436
Dm_00010384-RA	AT4G04850.2	N/A	78.515	633	131	3	512	1144	80	707	0.0	967
Dm_00011427-RA	AT1G68740.1	N/A	70.640	797	217	9	1	793	1	784	0.0	1103
Dm_00019784-RA	AT1G33260.2	N/A	52.830	318	125	8	54	350	28	341	8.90e-106	315
Dm_00019785-RA	AT1G31830.1	N/A	70.122	492	139	4	1	484	1	492	0.0	698
Dm_00019617-RA	AT3G25530.1	N/A	76.125	289	69	0	4	292	1	289	5.00e-163	455
Dm_00019538-RA	AT4G36470.1	N/A	52.083	96	38	3	8	100	90	180	1.11e-27	103
Dm_00019599-RA	AT2G31840.1	N/A	65.737	251	78	2	38	280	98	348	1.78e-112	328
Dm_00019346-RA	AT3G43540.1	N/A	62.457	293	109	1	70	361	37	329	4.97e-126	367
Dm_00004715-RA	AT1G06680.1	N/A	71.587	271	69	2	1	271	1	263	1.04e-134	381
Dm_00004045-RA	AT4G02590.2	N/A	56.908	304	104	9	16	305	17	307	4.01e-87	264
Dm_00004046-RA	AT5G28750.1	N/A	58.824	85	23	2	45	118	29	112	1.44e-25	96.3
Dm_00003926-RA	AT2G23420.1	N/A	76.207	580	115	3	1	580	1	557	0.0	913
Dm_00003929-RA	AT4G33985.1	N/A	52.795	161	61	4	1	156	1	151	2.80e-41	140
Dm_00003928-RA	AT1G22340.1	N/A	54.737	475	207	5	2	473	9	478	0.0	539
Dm_00004500-RA	AT4G00030.1	N/A	67.241	174	56	1	44	217	37	209	1.86e-84	249
Dm_00001322-RA	AT2G43040.2	N/A	66.395	613	188	4	74	684	1	597	0.0	762
Dm_00001321-RA	AT2G43040.2	N/A	62.617	107	38	1	1	105	598	704	2.31e-39	138
Dm_00001208-RA	AT1G65260.1	N/A	71.131	336	86	5	1	331	1	330	1.19e-164	462
Dm_00001217-RA	AT4G12800.2	N/A	69.915	236	51	4	1	233	63	281	1.70e-88	265
Dm_00001212-RA	AT5G16440.1	N/A	67.556	225	33	1	1	185	67	291	2.95e-107	309
Dm_00001930-RA	AT2G01910.1	N/A	63.932	585	193	5	1	568	25	608	0.0	738
Dm_00001948-RA	AT2G01660.3	N/A	52.766	235	99	4	1	230	1	228	1.14e-75	230
Dm_00001947-RA	AT1G24620.1	N/A	68.310	142	44	1	1	141	35	176	3.53e-63	192
Dm_00002315-RA	AT1G80760.1	N/A	64.444	315	80	6	1	294	1	304	2.20e-129	372
Dm_00002319-RA	AT1G80730.1	N/A	39.320	206	77	11	89	286	63	228	1.50e-25	101
Dm_00002613-RA	AT5G26770.1	N/A	51.181	381	127	4	30	405	9	335	1.71e-110	330
Dm_00003893-RA	AT2G23060.1	N/A	68.735	419	116	5	11	424	5	413	0.0	587
Dm_00003588-RA	AT5G55550.11	N/A	43.640	511	182	20	50	519	1	446	1.63e-106	326
Dm_00003584-RA	AT3G13120.2	N/A	61.616	198	64	4	1	193	1	191	6.41e-68	206
Dm_00020307-RA	AT2G39080.1	N/A	57.692	312	97	4	40	335	55	347	2.98e-123	358
Dm_00020105-RA	AT5G59020.1	N/A	37.994	329	170	8	149	472	432	731	9.71e-56	199
Dm_00020206-RA	AT3G23160.1	N/A	54.576	601	196	10	1	597	1	528	0.0	610
Dm_00020362-RA	AT3G51970.1	N/A	48.718	351	168	5	8	357	1	340	1.98e-106	316
Dm_00020377-RA	AT1G75250.1	N/A	67.073	82	22	2	1	78	1	81	3.02e-33	111
Dm_00001455-RA	AT2G18390.1	N/A	77.523	218	16	1	1	218	1	185	4.84e-108	308
Dm_00001465-RA	AT1G11120.2	N/A	60.630	127	43	4	12	132	14	139	2.13e-43	141
Dm_00001470-RA	AT2G29990.1	N/A	66.805	482	157	3	41	520	28	508	0.0	658
Dm_00002085-RA	AT2G35660.1	N/A	68.800	375	112	4	2	376	63	432	0.0	541
Dm_00002086-RA	AT4G16650.1	N/A	75.304	494	118	2	49	541	41	531	0.0	751
Dm_00002089-RA	AT5G47470.1	N/A	60.114	351	132	3	10	359	21	364	3.75e-149	425
Dm_00002147-RA	AT5G08400.2	N/A	68.379	253	55	2	70	298	49	300	1.44e-125	360
Dm_00001799-RA	AT1G56310.1	N/A	54.211	570	242	5	1	566	1	555	0.0	587
Dm_00001812-RA	AT1G02560.1	N/A	69.767	301	79	4	1	294	1	296	1.74e-146	414
Dm_00006954-RA	AT5G03490.1	N/A	47.579	475	223	11	3	472	12	465	1.77e-148	432
Dm_00009552-RA	AT4G35470.1	N/A	55.897	585	216	9	1	582	4	549	0.0	595
Dm_00007948-RA	AT3G07670.1	N/A	69.293	495	128	4	8	482	6	496	0.0	670
Dm_00007947-RA	AT2G04360.1	N/A	52.493	341	137	5	1	340	1	317	1.22e-114	335
Dm_00008277-RA	AT3G47710.1	N/A	81.132	53	10	0	11	63	39	91	3.92e-24	86.3
Dm_00007667-RA	AT1G24330.1	N/A	63.830	799	258	10	68	863	1	771	0.0	1001
Dm_00012921-RA	AT3G13050.2	N/A	61.789	492	170	3	62	536	1	491	0.0	572
Dm_00012472-RA	AT1G01650.1	N/A	72.472	534	135	5	20	546	12	540	0.0	783
Dm_00014594-RA	AT2G13620.1	N/A	32.822	783	472	14	33	777	23	789	1.43e-127	402
Dm_00013524-RA	AT3G25610.1	N/A	59.830	707	263	10	13	712	12	704	0.0	840
Dm_00012957-RA	AT2G35260.1	N/A	74.638	138	31	1	147	280	87	224	7.72e-68	216
Dm_00000466-RA	AT5G60540.1	N/A	71.103	263	61	5	1	257	1	254	5.52e-129	366
Dm_00000482-RA	AT3G45010.1	N/A	67.071	495	134	6	51	543	33	500	0.0	687
Dm_00000489-RA	AT3G28150.1	N/A	45.874	412	185	13	37	443	35	413	6.45e-111	333
Dm_00014996-RA	AT3G47950.2	N/A	88.491	530	58	2	219	746	432	960	0.0	982
Dm_00015545-RA	AT3G55220.1	N/A	86.881	1212	157	2	1	1211	1	1211	0.0	2214
Dm_00014939-RA	AT5G60970.1	N/A	87.952	83	10	0	57	139	47	129	1.18e-45	160
Dm_00015465-RA	AT2G43945.1	N/A	70.270	148	43	1	22	169	79	225	1.21e-67	207
Dm_00015497-RA	AT1G22700.2	N/A	76.147	218	49	2	90	305	80	296	1.28e-105	310
Dm_00013870-RA	AT5G40950.1	N/A	66.845	187	51	5	3	182	4	186	1.87e-73	220
Dm_00014243-RA	AT1G11120.2	N/A	54.795	146	51	5	7	146	10	146	2.04e-37	126
Dm_00014513-RA	AT1G64390.1	N/A	73.058	605	140	2	20	603	17	619	0.0	929
Dm_00013982-RA	AT1G21980.1	N/A	69.945	732	179	9	38	751	43	751	0.0	1032
Dm_00014131-RA	AT1G71691.2	N/A	69.970	333	99	1	54	385	52	384	5.39e-176	495
Dm_00013075-RA	AT5G04420.1	N/A	54.297	512	226	3	9	512	2	513	0.0	551
Dm_00010527-RA	AT2G34140.1	N/A	79.592	49	10	0	210	258	58	106	5.73e-24	99.0
Dm_00009542-RA	AT3G52270.1	N/A	56.735	245	95	2	18	251	23	267	1.08e-93	276
Dm_00009037-RA	AT4G03210.1	N/A	73.427	286	67	2	17	302	13	289	1.15e-166	464
Dm_00010366-RA	AT1G06780.1	N/A	52.129	587	232	3	2	539	3	589	0.0	611
Dm_00009225-RA	AT3G15360.1	N/A	67.308	104	34	0	72	175	88	191	9.45e-53	167
Dm_00017749-RA	AT3G53540.1	N/A	32.422	512	297	17	4	489	51	539	5.36e-49	184
Dm_00001082-RA	AT3G50820.1	N/A	75.367	341	73	5	2	341	1	331	2.02e-179	500
Dm_00001100-RA	AT4G15280.1	N/A	42.474	485	265	8	487	968	4	477	4.24e-124	401
Dm_00000686-RA	AT2G34090.4	N/A	73.164	354	95	0	1	354	105	458	0.0	531
Dm_00000688-RA	AT1G29050.1	N/A	52.890	346	137	7	71	415	60	380	1.42e-119	353
Dm_00000697-RA	AT1G28960.5	N/A	67.188	256	72	3	51	304	42	287	8.83e-114	330
Dm_00000687-RA	AT1G29070.1	N/A	70.455	88	21	1	4	91	73	155	9.13e-31	106
Dm_00000700-RA	AT2G29120.1	N/A	30.435	851	502	22	11	814	3	810	1.66e-122	392
Dm_00000704-RA	AT5G45950.1	N/A	47.554	368	180	5	14	380	2	357	1.25e-125	366
Dm_00001821-RA	AT1G56580.1	N/A	51.282	156	60	2	1	156	1	140	2.06e-49	158
Dm_00001816-RA	AT1G56500.1	N/A	67.554	601	168	5	1	583	1	592	0.0	827
Dm_00001524-RA	AT3G07680.1	N/A	65.686	204	69	1	7	209	5	208	2.10e-99	287
Dm_00001526-RA	AT5G47720.2	N/A	77.000	400	92	0	8	407	6	405	0.0	642
Dm_00001916-RA	AT2G22360.1	N/A	77.744	328	64	3	21	347	120	439	0.0	508
Dm_00001590-RA	AT2G01110.1	N/A	70.845	343	90	4	2	343	7	340	4.20e-153	434
Dm_00001605-RA	AT2G45550.1	N/A	33.086	269	142	6	18	256	46	306	5.89e-41	147
Dm_00001604-RA	AT2G45550.1	N/A	47.899	476	240	2	521	993	38	508	2.79e-155	469
Dm_00015742-RA	AT4G09320.1	N/A	80.870	115	22	0	2	116	34	148	3.85e-67	199
Dm_00008931-RA	AT4G23160.1	N/A	45.072	690	320	12	61	738	40	682	0.0	564
Dm_00009538-RA	AT2G20890.1	N/A	66.102	295	85	6	3	296	5	285	1.20e-132	379
Dm_00009796-RA	AT1G74840.2	N/A	52.119	236	93	6	10	240	15	235	2.76e-61	194
Dm_00010678-RA	AT1G44920.1	N/A	63.402	194	68	2	84	275	58	250	6.47e-83	249
Dm_00010639-RA	AT2G33450.1	N/A	73.387	124	30	2	34	156	22	143	6.87e-57	174
Dm_00010150-RA	AT3G44890.1	N/A	61.224	196	75	1	2	197	3	197	1.74e-81	241
Dm_00010564-RA	AT2G35410.1	N/A	46.286	175	93	1	92	265	87	261	1.24e-51	171
Dm_00011123-RA	AT4G35230.1	N/A	87.281	456	56	1	49	504	55	508	0.0	848
Dm_00011394-RA	AT4G28760.1	N/A	37.778	900	447	26	1	875	112	923	1.06e-150	467
Dm_00009153-RA	AT3G63140.1	N/A	76.724	348	81	0	69	416	59	406	0.0	567
Dm_00010773-RA	AT3G01180.1	N/A	64.605	760	223	9	87	820	53	792	0.0	967
Dm_00011546-RA	AT5G41460.1	N/A	58.651	341	102	8	4	340	5	310	2.02e-128	378
Dm_00011545-RA	AT4G23490.1	N/A	62.934	259	84	3	345	596	273	526	1.49e-115	354
Dm_00001167-RA	AT2G41410.1	N/A	43.556	225	106	5	1	222	1	207	7.06e-50	162
Dm_00001175-RA	AT3G10160.1	N/A	60.356	449	159	4	92	530	51	490	0.0	545
Dm_00001176-RA	AT3G10160.1	N/A	49.558	113	56	1	1	112	501	613	8.83e-28	108
Dm_00001199-RA	AT3G23700.1	N/A	57.756	303	128	0	16	318	90	392	5.03e-119	348
Dm_00000047-RA	AT5G05350.1	N/A	41.282	390	195	8	33	402	97	472	4.39e-93	291
Dm_00017662-RA	AT4G04450.1	N/A	44.858	564	199	16	35	571	25	503	5.33e-127	384
Dm_00017688-RA	AT3G51370.1	N/A	74.869	382	91	2	1	382	1	377	0.0	604
Dm_00016540-RA	AT2G26910.1	N/A	64.296	1420	403	8	1	1346	1	1390	0.0	1838
Dm_00015196-RA	AT1G06790.2	N/A	50.556	180	87	1	173	350	1	180	1.07e-60	193
Dm_00017965-RA	AT5G14260.2	N/A	77.586	464	98	2	60	520	42	502	0.0	743
Dm_00016408-RA	AT1G68780.1	N/A	53.738	428	188	6	1	421	1	425	3.72e-153	443
Dm_00017905-RA	AT4G29250.1	N/A	32.994	491	266	16	6	479	10	454	2.46e-73	239
Dm_00020250-RA	AT5G05340.1	N/A	56.897	174	75	0	26	199	26	199	5.80e-70	216
Dm_00015696-RA	AT5G51910.2	N/A	50.400	250	90	10	77	312	50	279	1.89e-62	201
Dm_00016117-RA	AT4G01935.1	N/A	56.226	265	89	5	5	268	3	241	1.11e-93	277
Dm_00016118-RA	AT4G01940.1	N/A	60.173	231	73	5	54	266	2	231	1.57e-88	263
Dm_00004014-RA	AT4G39010.1	N/A	72.093	473	132	0	23	495	22	494	0.0	722
Dm_00003515-RA	AT2G18750.3	N/A	53.499	686	234	15	1	668	1	619	0.0	679
Dm_00003793-RA	AT2G11520.1	N/A	57.436	195	72	5	262	454	160	345	5.17e-58	200
Dm_00004067-RA	AT5G46240.1	N/A	52.180	757	272	11	1	750	1	674	0.0	762
Dm_00004066-RA	AT2G34510.1	N/A	72.527	364	94	3	53	412	39	400	0.0	549
Dm_00020244-RA	AT1G29700.1	N/A	64.384	292	98	2	20	311	35	320	8.07e-133	382
Dm_00016865-RA	AT3G22370.1	N/A	79.343	213	37	1	34	239	142	354	3.51e-124	356
Dm_00001793-RA	AT3G52780.1	N/A	62.042	382	139	5	1	379	47	425	1.10e-176	498
Dm_00001791-RA	AT2G36310.1	N/A	65.395	367	88	3	19	385	9	336	2.53e-170	479
Dm_00001882-RA	AT5G55930.1	N/A	67.680	724	234	0	27	750	32	755	0.0	1039
Dm_00001895-RA	AT1G55810.1	N/A	82.863	461	73	2	4	463	1	456	0.0	795
Dm_00001314-RA	AT1G10850.1	N/A	57.038	682	230	16	27	700	34	660	0.0	682
Dm_00001309-RA	AT3G19830.4	N/A	59.885	693	212	13	58	725	42	693	0.0	742
Dm_00001315-RA	AT4G27290.2	N/A	50.358	838	383	10	116	936	1	822	0.0	812
Dm_00015504-RA	AT5G64300.1	N/A	78.916	498	100	4	34	529	34	528	0.0	801
Dm_00005592-RA	AT2G42750.1	N/A	65.789	342	94	5	1	321	1	340	6.16e-147	417
Dm_00005194-RA	AT1G05030.1	N/A	75.771	454	104	2	117	568	73	522	0.0	707
Dm_00005187-RA	AT4G15440.1	N/A	53.202	406	167	4	126	531	1	383	8.56e-155	447
Dm_00004844-RA	AT5G40830.2	N/A	41.515	330	177	8	60	385	94	411	1.30e-85	266
Dm_00005584-RA	AT1G12250.2	N/A	80.583	206	30	1	12	207	1	206	1.45e-119	338
Dm_00005096-RA	AT3G21070.2	N/A	62.205	508	137	8	4	460	21	524	0.0	611
Dm_00005465-RA	AT5G55230.3	N/A	74.296	568	137	6	66	627	23	587	0.0	834
Dm_00004997-RA	AT1G05500.1	N/A	70.169	590	146	4	1	590	1	560	0.0	856
Dm_00008294-RA	AT1G31770.1	N/A	75.453	607	137	5	39	644	50	645	0.0	911
Dm_00008636-RA	AT5G06860.1	N/A	58.333	312	125	4	25	334	21	329	3.73e-120	349
Dm_00009253-RA	AT3G22425.2	N/A	83.333	114	19	0	31	144	149	262	5.13e-66	202
Dm_00006246-RA	AT3G01060.1	N/A	75.705	461	105	3	5	465	1	454	0.0	699
Dm_00006986-RA	AT1G35190.1	N/A	69.340	212	64	1	48	259	30	240	3.12e-105	308
Dm_00009642-RA	AT3G15470.1	N/A	54.752	968	303	26	1	918	1	883	0.0	880
Dm_00008856-RA	AT1G68830.1	N/A	77.636	550	118	3	28	575	16	562	0.0	872
Dm_00006682-RA	AT1G63690.1	N/A	73.855	524	110	3	26	540	25	530	0.0	786
Dm_00009274-RA	AT3G46210.2	N/A	73.786	206	47	1	1	199	1	206	2.49e-112	320
Dm_00003937-RA	AT2G26340.1	N/A	61.940	134	49	2	36	167	120	253	8.20e-47	153
Dm_00004610-RA	AT3G23330.2	N/A	32.854	417	257	6	102	518	96	489	4.92e-76	253
Dm_00003994-RA	AT3G05625.1	N/A	59.504	242	54	6	21	226	12	245	4.11e-90	266
Dm_00003769-RA	AT5G04440.2	N/A	72.093	129	20	1	52	180	57	169	5.35e-62	192
Dm_00004691-RA	AT5G43700.1	N/A	58.427	178	68	2	14	189	11	184	4.60e-74	221
Dm_00004685-RA	AT1G49740.1	N/A	69.707	307	93	0	13	319	18	324	4.94e-168	485
Dm_00004680-RA	AT4G38160.1	N/A	56.966	323	137	2	64	384	5	327	3.42e-139	400
Dm_00004215-RA	AT5G60700.2	N/A	71.340	963	243	6	1	961	1	932	0.0	1431
Dm_00004216-RA	AT2G28260.2	N/A	57.243	573	240	3	27	599	28	595	0.0	707
Dm_00004221-RA	AT3G27230.1	N/A	42.262	336	182	6	55	390	86	409	2.48e-88	273
Dm_00005229-RA	AT5G17230.1	N/A	75.434	403	91	4	27	424	22	421	0.0	607
Dm_00005444-RA	AT3G15470.1	N/A	57.308	951	303	19	39	959	6	883	0.0	934
Dm_00004838-RA	AT5G61240.1	N/A	84.416	308	36	1	54	361	29	324	0.0	537
Dm_00004839-RA	AT1G69330.1	N/A	54.093	281	107	7	1	271	1	269	1.17e-94	280
Dm_00005682-RA	AT3G04360.1	N/A	38.692	367	165	12	68	394	10	356	7.06e-57	192
Dm_00003965-RA	AT4G22830.1	N/A	55.195	154	60	3	18	164	5	156	9.46e-51	161
Dm_00001698-RA	AT3G26310.1	N/A	45.090	499	257	7	5	499	7	492	1.16e-149	437
Dm_00002070-RA	AT5G20630.1	N/A	68.075	213	65	1	1	213	1	210	1.32e-98	285
Dm_00001758-RA	AT4G15440.1	N/A	54.545	341	148	4	1	337	45	382	4.46e-136	392
Dm_00001640-RA	AT1G27480.1	N/A	55.782	441	167	6	1	436	1	418	2.66e-179	508
Dm_00001648-RA	AT5G42930.1	N/A	47.047	508	217	13	10	516	2	458	3.89e-152	443
Dm_00001660-RA	AT5G43020.1	N/A	55.130	653	249	10	39	684	41	656	0.0	686
Dm_00001830-RA	AT1G54570.1	N/A	59.767	686	264	6	22	703	25	702	0.0	825
Dm_00020618-RA	AT1G15520.2	N/A	61.803	610	195	3	181	785	542	1118	0.0	781
Dm_00019609-RA	AT3G59760.1	N/A	81.737	334	49	1	63	396	109	430	0.0	526
Dm_00019651-RA	AT2G04360.1	N/A	52.493	341	137	5	1	340	1	317	1.22e-114	335
Dm_00019517-RA	AT1G79060.1	N/A	47.952	415	148	14	1	402	1	360	1.17e-77	248
Dm_00019665-RA	AT5G60640.1	N/A	62.113	549	161	3	79	627	82	583	0.0	698
Dm_00019657-RA	AT5G18840.1	N/A	59.848	528	143	6	1	509	1	478	0.0	601
Dm_00019662-RA	AT3G62420.1	N/A	60.993	141	54	1	3	142	5	145	1.65e-56	173
Dm_00011720-RA	AT1G67890.2	N/A	45.931	553	242	14	3	534	5	521	2.89e-128	392
Dm_00011069-RA	AT4G02940.1	N/A	54.722	360	142	10	22	364	194	549	4.35e-116	349
Dm_00012674-RA	AT1G43670.1	N/A	85.813	289	41	0	61	349	53	341	0.0	523
Dm_00012956-RA	AT5G22830.2	N/A	76.238	303	71	1	122	424	123	424	1.28e-150	437
Dm_00012811-RA	AT5G18750.1	N/A	27.879	495	326	16	221	693	393	878	8.65e-53	196
Dm_00012202-RA	AT5G67370.1	N/A	73.171	287	70	4	37	319	44	327	2.10e-137	392
Dm_00014167-RA	AT4G18060.1	N/A	70.940	351	98	2	104	450	1	351	0.0	527
Dm_00007196-RA	AT1G32470.1	N/A	64.737	190	43	1	16	205	1	166	3.81e-79	234
Dm_00007253-RA	AT1G68570.1	N/A	70.508	295	81	2	1	291	1	293	5.06e-139	406
Dm_00007252-RA	AT1G68570.2	N/A	66.978	321	92	4	4	321	252	561	9.34e-152	437
Dm_00007437-RA	AT4G38062.1	N/A	34.615	624	390	7	1	610	1	620	2.52e-86	299
Dm_00008454-RA	AT2G38280.1	N/A	65.261	498	155	7	48	538	1	487	0.0	611
Dm_00021125-RA	AT1G51650.1	N/A	79.661	59	12	0	2	60	3	61	1.04e-33	111
Dm_00009066-RA	AT1G60010.1	N/A	47.826	207	59	5	62	253	1	173	2.58e-52	168
Dm_00011029-RA	AT2G46915.1	N/A	57.250	400	162	4	7	403	314	707	1.92e-153	450
Dm_00007855-RA	AT1G72830.1	N/A	43.049	223	94	10	25	237	42	241	1.10e-38	140
Dm_00009718-RA	AT1G49970.1	N/A	50.146	343	159	6	31	369	28	362	8.21e-110	327
Dm_00010081-RA	AT2G36930.1	N/A	75.000	116	29	0	3	118	2	117	1.78e-61	186
Dm_00009533-RA	AT5G66350.1	N/A	41.337	404	154	15	1	394	1	331	9.07e-72	228
Dm_00001566-RA	AT3G08710.1	N/A	72.727	121	33	0	66	186	13	133	5.62e-64	194
Dm_00001562-RA	AT3G08670.1	N/A	51.265	593	237	19	9	582	6	565	6.01e-129	390
Dm_00001416-RA	AT3G11330.1	N/A	54.682	534	204	8	2	535	4	499	0.0	521
Dm_00001435-RA	AT4G24760.1	N/A	68.182	374	90	6	1	357	1	362	0.0	507
Dm_00001436-RA	AT5G50260.1	N/A	67.039	358	115	1	231	588	7	361	2.01e-178	521
Dm_00001432-RA	AT3G48280.1	N/A	40.042	472	274	6	25	493	4	469	1.18e-126	379
Dm_00001433-RA	AT3G55740.1	N/A	42.105	228	130	2	34	259	24	251	1.30e-56	191
Dm_00001475-RA	AT1G32900.1	N/A	65.008	603	192	3	24	625	26	610	0.0	811
Dm_00001474-RA	AT1G64720.1	N/A	61.069	393	127	7	24	416	19	385	7.44e-171	484
Dm_00001484-RA	AT4G24140.1	N/A	57.198	514	181	10	17	519	12	497	0.0	570
Dm_00001479-RA	AT4G24150.3	N/A	37.604	359	155	15	21	360	105	413	2.22e-45	162
Dm_00001482-RA	AT1G64680.1	N/A	78.879	232	46	1	32	260	18	249	4.05e-136	384
Dm_00001489-RA	AT5G63050.2	N/A	34.211	342	208	7	22	350	2	339	5.68e-72	227
Dm_00001492-RA	AT4G17560.1	N/A	51.542	227	94	6	9	232	10	223	4.65e-62	194
Dm_00018125-RA	AT5G54380.1	N/A	71.124	845	222	15	24	855	20	855	0.0	1167
Dm_00018876-RA	AT1G30380.1	N/A	89.189	74	8	0	1	74	57	130	1.41e-41	132
Dm_00017467-RA	AT5G14880.1	N/A	63.368	778	254	10	39	797	16	781	0.0	969
Dm_00017887-RA	AT2G28100.1	N/A	51.599	469	205	6	37	499	29	481	1.24e-167	483
Dm_00018075-RA	AT5G17530.4	N/A	69.773	440	124	6	70	504	1	436	0.0	608
Dm_00016440-RA	AT1G77930.1	N/A	73.077	156	42	0	2	157	107	262	5.12e-78	233
Dm_00013090-RA	AT3G63520.1	N/A	72.212	565	123	5	18	577	3	538	0.0	847
Dm_00011817-RA	AT4G29250.1	N/A	43.939	462	222	9	4	447	14	456	2.55e-126	374
Dm_00011101-RA	AT5G08410.1	N/A	53.947	152	51	4	39	187	47	182	3.80e-42	140
Dm_00011949-RA	AT4G18910.1	N/A	61.728	243	84	2	1	236	54	294	3.73e-104	303
Dm_00012298-RA	AT1G30910.1	N/A	62.540	315	106	1	3	317	16	318	5.81e-148	419
Dm_00011166-RA	AT2G31040.1	N/A	50.716	349	126	7	97	415	1	333	2.68e-108	323
Dm_00012936-RA	AT5G60690.1	N/A	75.882	879	162	12	1	866	1	842	0.0	1350
Dm_00014108-RA	AT2G24260.2	N/A	74.432	176	32	3	222	392	18	185	8.06e-81	251
Dm_00006939-RA	AT4G01100.1	N/A	79.360	344	65	3	1	343	1	339	0.0	569
Dm_00007333-RA	AT5G60580.3	N/A	58.313	415	160	6	28	436	38	445	2.41e-156	452
Dm_00005404-RA	AT5G19540.1	N/A	70.764	301	86	2	1	299	148	448	9.93e-155	441
Dm_00006268-RA	AT1G34550.1	N/A	52.632	779	224	15	1	772	95	735	0.0	701
Dm_00018619-RA	AT3G10670.1	N/A	82.661	248	43	0	119	366	91	338	5.93e-150	427
Dm_00005879-RA	AT1G15960.1	N/A	71.023	528	113	4	1	528	32	519	0.0	743
Dm_00005882-RA	AT1G58280.4	N/A	58.000	250	78	2	1	225	25	272	2.68e-98	288
Dm_00006740-RA	AT1G68560.1	N/A	70.333	900	245	5	37	930	31	914	0.0	1346
Dm_00006746-RA	AT4G10620.1	N/A	48.730	433	205	3	261	689	154	573	5.16e-141	426
Dm_00006702-RA	AT2G20260.1	N/A	53.378	148	58	2	6	147	3	145	1.02e-40	133
Dm_00009352-RA	AT4G28650.1	N/A	63.584	1038	337	14	7	1036	6	1010	0.0	1262
Dm_00008368-RA	AT4G13710.1	N/A	78.820	373	79	0	14	386	98	470	0.0	651
Dm_00009852-RA	AT3G18370.1	N/A	54.049	568	244	4	39	601	257	812	0.0	557
Dm_00021059-RA	AT2G26670.1	N/A	69.167	240	74	0	1	240	43	282	2.23e-126	359
Dm_00005318-RA	AT3G51060.1	N/A	43.488	430	161	17	1	409	1	369	1.53e-80	252
Dm_00006723-RA	AT4G33090.1	N/A	54.323	694	287	5	20	710	155	821	0.0	773
Dm_00007120-RA	AT5G43745.1	N/A	62.544	283	94	4	132	414	90	360	9.36e-123	375
Dm_00013236-RA	AT4G34530.1	N/A	64.901	151	38	4	257	393	154	303	5.84e-56	189
Dm_00013238-RA	AT3G48530.1	N/A	27.483	433	229	13	37	438	38	416	4.89e-38	144
Dm_00012379-RA	AT1G21550.1	N/A	39.535	172	79	5	1	166	1	153	9.32e-31	109
Dm_00012810-RA	AT2G47490.1	N/A	73.248	157	40	1	19	175	83	237	1.51e-69	214
Dm_00010854-RA	AT5G60800.1	N/A	41.639	305	132	5	34	335	22	283	4.40e-42	147
Dm_00001329-RA	AT1G06390.1	N/A	87.760	384	42	3	1	384	1	379	0.0	699
Dm_00001346-RA	AT5G22870.1	N/A	36.872	179	112	1	23	200	29	207	2.12e-40	137
Dm_00001342-RA	AT2G27920.1	N/A	64.269	431	150	2	33	459	29	459	0.0	573
Dm_00001345-RA	AT2G27950.1	N/A	44.136	324	179	1	1	324	1	322	2.24e-68	244
Dm_00001336-RA	AT2G42770.1	N/A	38.679	212	72	6	22	183	23	226	3.80e-33	119
Dm_00002216-RA	AT3G17640.1	N/A	53.828	418	160	6	18	433	5	391	4.65e-138	401
Dm_00002238-RA	AT4G35760.2	N/A	60.345	290	111	2	75	364	80	365	4.72e-119	350
Dm_00002220-RA	AT3G21760.1	N/A	42.308	494	251	13	14	485	2	483	2.69e-119	358
Dm_00002237-RA	AT4G35560.2	N/A	44.889	949	431	20	15	939	15	895	0.0	758
Dm_00001989-RA	AT1G69530.1	N/A	75.397	252	60	1	1	252	1	250	8.76e-142	397
Dm_00001619-RA	AT1G02560.1	N/A	70.270	296	79	4	1	288	1	295	5.96e-146	412
Dm_00015634-RA	AT3G23400.1	N/A	72.566	113	31	0	1	113	172	284	4.91e-58	180
Dm_00011425-RA	AT1G54350.1	N/A	65.217	552	159	9	1	548	160	682	0.0	698
Dm_00013746-RA	AT1G02065.2	N/A	57.143	84	36	0	39	122	152	235	1.43e-27	102
Dm_00015531-RA	AT3G45050.3	N/A	57.480	127	53	1	93	218	32	158	4.31e-44	145
Dm_00015583-RA	AT1G19660.1	N/A	52.786	341	120	4	1	318	1	323	1.13e-124	360
Dm_00015457-RA	AT5G12250.1	N/A	92.558	430	32	0	1	430	1	430	0.0	825
Dm_00019774-RA	AT3G24050.1	N/A	48.598	214	88	6	7	207	58	262	1.48e-46	155
Dm_00020120-RA	AT1G66370.1	N/A	73.077	78	21	0	33	110	7	84	1.53e-38	130
Dm_00018240-RA	AT3G44200.2	N/A	59.615	624	225	13	1	611	1	610	0.0	667
Dm_00018513-RA	AT3G18440.1	N/A	39.300	514	283	10	42	545	75	569	4.45e-109	338
Dm_00018717-RA	AT5G06690.1	N/A	54.229	201	68	5	1	193	26	210	1.45e-73	221
Dm_00001143-RA	AT3G50760.1	N/A	70.175	342	87	5	16	354	7	336	1.78e-178	499
Dm_00001151-RA	AT1G75080.2	N/A	61.398	329	94	9	14	324	22	335	7.62e-101	300
Dm_00001147-RA	AT2G23790.1	N/A	46.863	271	121	5	87	349	72	327	8.20e-76	238
Dm_00001157-RA	AT3G50700.1	N/A	46.016	502	199	14	9	501	2	440	9.70e-121	362
Dm_00000732-RA	AT1G67940.1	N/A	70.455	264	64	3	3	266	14	263	4.05e-130	369
Dm_00000733-RA	AT5G05810.1	N/A	49.695	328	118	11	66	371	52	354	1.03e-73	236
Dm_00000736-RA	AT5G57330.1	N/A	80.198	303	60	0	16	318	9	311	0.0	523
Dm_00000737-RA	AT4G25910.1	N/A	69.524	210	61	3	34	241	28	236	7.07e-93	273
Dm_00000176-RA	AT5G53580.1	N/A	74.194	341	88	0	34	374	24	364	0.0	548
Dm_00000192-RA	AT1G75390.1	N/A	42.775	173	66	4	18	186	28	171	6.94e-36	124
Dm_00000190-RA	AT5G53730.1	N/A	52.336	214	100	2	1	213	1	213	5.90e-75	225
Dm_00000193-RA	AT5G54160.1	N/A	68.392	367	110	3	1	367	1	361	0.0	526
Dm_00001742-RA	AT4G34350.1	N/A	76.972	469	103	3	1	467	1	466	0.0	749
Dm_00001740-RA	AT2G16050.1	N/A	72.653	245	59	3	1	240	1	242	5.76e-133	374
Dm_00001749-RA	AT1G11750.1	N/A	62.673	217	78	1	72	285	40	256	7.72e-101	296
Dm_00001355-RA	AT4G37200.1	N/A	78.531	177	38	0	52	228	85	261	1.59e-108	313
Dm_00001364-RA	AT4G25000.1	N/A	62.406	399	145	3	369	766	29	423	0.0	531
Dm_00001864-RA	AT4G34240.4	N/A	60.461	521	183	2	44	564	36	533	0.0	622
Dm_00001869-RA	AT3G05270.1	N/A	41.988	674	283	9	1	626	1	614	6.83e-133	403
Dm_00001875-RA	AT5G40850.1	N/A	71.751	354	89	3	96	448	26	369	6.31e-171	484
Dm_00020465-RA	AT1G73590.1	N/A	63.091	634	148	17	1	581	1	601	0.0	712
Dm_00020427-RA	AT3G16770.1	N/A	50.365	137	56	4	1	126	1	136	6.27e-37	132
Dm_00017286-RA	AT3G52250.2	N/A	37.985	953	523	21	199	1126	283	1192	6.05e-149	499
Dm_00016992-RA	AT4G05520.1	N/A	66.003	603	140	7	28	629	6	544	0.0	786
Dm_00017967-RA	AT4G24660.2	N/A	46.311	244	63	5	74	313	47	226	8.28e-65	204
Dm_00018171-RA	AT2G45970.1	N/A	73.574	526	138	1	1	525	1	526	0.0	815
Dm_00018931-RA	AT3G14930.1	N/A	79.027	329	63	1	1	323	78	406	0.0	554
Dm_00018842-RA	AT5G07620.1	N/A	47.594	374	150	5	40	412	29	357	3.36e-112	333
Dm_00005782-RA	AT1G04250.1	N/A	44.017	234	92	8	1	210	7	225	2.24e-51	166
Dm_00005781-RA	AT1G80380.2	N/A	68.074	379	117	3	131	508	81	456	0.0	550
Dm_00006840-RA	AT1G78170.1	N/A	38.164	207	97	7	42	237	35	221	9.82e-27	103
Dm_00004894-RA	AT5G37360.1	N/A	47.101	276	72	6	59	292	33	276	5.89e-65	207
Dm_00006569-RA	AT4G18810.1	N/A	78.351	291	63	0	10	300	302	592	7.89e-170	484
Dm_00006568-RA	AT4G18810.1	N/A	63.470	219	71	2	31	240	39	257	6.19e-90	277
Dm_00021116-RA	AT1G48910.1	N/A	50.990	202	95	1	16	213	2	203	5.70e-73	226
Dm_00004666-RA	AT4G17720.1	N/A	70.721	222	52	4	5	217	63	280	1.49e-96	288
Dm_00003992-RA	AT2G04700.1	N/A	67.010	97	9	1	1	97	44	117	2.32e-40	130
Dm_00004667-RA	AT5G54290.1	N/A	73.764	263	32	1	56	318	89	314	3.38e-118	345
Dm_00003438-RA	AT4G38900.1	N/A	50.247	607	197	28	1	591	1	518	8.30e-145	432
Dm_00007339-RA	AT3G55640.1	N/A	68.340	259	82	0	62	320	64	322	7.71e-130	375
Dm_00008834-RA	AT3G56650.1	N/A	76.211	227	48	2	50	275	41	262	3.02e-126	360
Dm_00009016-RA	AT5G24910.1	N/A	53.440	436	165	7	4	406	101	531	1.46e-161	465
Dm_00008048-RA	AT1G06730.1	N/A	56.724	409	147	5	81	463	74	478	7.79e-158	457
Dm_00005763-RA	AT3G57400.1	N/A	38.491	530	247	12	21	543	17	474	1.68e-88	281
Dm_00008418-RA	AT1G70070.1	N/A	70.015	667	198	2	133	798	120	785	0.0	955
Dm_00001029-RA	AT3G24460.1	N/A	66.332	398	120	2	11	407	18	402	0.0	559
Dm_00001033-RA	AT3G24420.1	N/A	44.884	303	134	7	1	302	1	271	3.72e-85	257
Dm_00000961-RA	AT5G50900.1	N/A	56.584	562	223	11	5	558	7	555	0.0	556
Dm_00000969-RA	AT5G13170.1	N/A	51.220	205	99	1	1	205	31	234	2.82e-69	214
Dm_00000965-RA	AT5G50860.1	N/A	58.900	618	193	15	1	599	1	576	0.0	657
Dm_00000972-RA	AT5G50740.1	N/A	55.351	271	105	5	49	319	29	283	1.54e-77	238
Dm_00000978-RA	AT5G13080.1	N/A	81.111	90	17	0	97	186	53	142	9.45e-52	163
Dm_00006179-RA	AT2G39890.2	N/A	75.395	443	108	1	1	443	1	442	0.0	695
Dm_00006070-RA	AT1G13820.1	N/A	63.804	326	97	2	27	352	23	327	1.48e-152	433
Dm_00006224-RA	AT5G58560.1	N/A	56.338	284	108	2	27	310	40	307	9.43e-110	321
Dm_00006404-RA	AT5G62360.1	N/A	48.795	166	74	4	41	203	43	200	1.19e-48	158
Dm_00008954-RA	AT1G10310.1	N/A	64.758	227	61	3	2	223	6	218	6.70e-101	293
Dm_00009616-RA	AT4G37790.1	N/A	53.199	297	109	10	2	289	3	278	7.05e-83	251
Dm_00010665-RA	AT1G11000.1	N/A	48.760	121	48	6	1	114	423	536	2.55e-24	98.6
Dm_00001385-RA	AT3G10130.1	N/A	69.000	200	62	0	1	200	109	308	6.94e-96	281
Dm_00001387-RA	AT5G03880.1	N/A	69.792	288	79	1	49	328	52	339	4.30e-148	420
Dm_00001393-RA	AT5G03940.1	N/A	73.088	353	81	4	1	351	1	341	1.01e-170	492
Dm_00001408-RA	AT5G04820.1	N/A	39.914	233	114	9	19	228	11	240	3.45e-35	128
Dm_00001710-RA	AT3G25920.1	N/A	61.654	266	90	2	1	262	1	258	1.69e-108	315
Dm_00001852-RA	AT5G63420.1	N/A	63.073	872	240	10	1	812	32	881	0.0	1070
Dm_00014655-RA	AT5G51545.1	N/A	47.692	195	91	4	1	194	1	185	1.46e-47	154
Dm_00013731-RA	AT1G74160.1	N/A	41.732	1016	459	39	65	1044	106	1024	0.0	565
Dm_00014822-RA	AT3G15030.2	N/A	49.762	420	165	15	104	501	25	420	5.76e-96	297
Dm_00013762-RA	AT4G31980.1	N/A	40.654	428	228	11	1	417	267	679	1.25e-92	293
Dm_00013168-RA	AT2G46210.1	N/A	62.640	447	167	0	2	448	3	449	0.0	616
Dm_00003861-RA	AT5G57040.1	N/A	86.822	129	17	0	13	141	69	197	3.52e-84	245
Dm_00004428-RA	AT4G30340.1	N/A	67.234	470	149	3	15	479	23	492	0.0	672
Dm_00019509-RA	AT5G07440.2	N/A	87.591	411	51	0	1	411	1	411	0.0	762
Dm_00020240-RA	AT3G61130.1	N/A	70.522	709	151	7	1	687	1	673	0.0	1019
Dm_00020825-RA	AT1G48450.1	N/A	65.054	372	122	6	10	376	55	423	4.88e-162	461
Dm_00020699-RA	AT5G27560.4	N/A	68.667	300	80	3	54	339	40	339	5.99e-140	407
Dm_00011342-RA	AT1G30440.1	N/A	65.574	671	190	14	1	647	4	657	0.0	838
Dm_00010526-RA	AT2G26710.1	N/A	62.357	526	171	6	19	543	16	515	0.0	675
Dm_00000525-RA	AT3G04890.1	N/A	45.982	224	83	4	34	255	24	211	6.90e-53	171
Dm_00000528-RA	AT1G54520.1	N/A	63.610	349	97	5	88	432	69	391	3.96e-135	394
Dm_00000523-RA	AT3G04870.1	N/A	83.254	418	67	2	35	452	16	430	0.0	736
Dm_00000546-RA	AT1G08820.1	N/A	36.308	325	170	11	67	361	68	385	9.99e-49	169
Dm_00018561-RA	AT3G63430.2	N/A	46.865	303	118	12	481	780	246	508	2.32e-62	218
Dm_00017025-RA	AT3G11760.1	N/A	44.757	782	308	22	1	747	1	693	0.0	570
Dm_00018757-RA	AT1G53210.1	N/A	45.918	294	150	6	44	333	239	527	4.70e-66	218
Dm_00005513-RA	AT1G11545.1	N/A	74.403	293	73	2	12	302	12	304	1.89e-171	477
Dm_00006240-RA	AT1G79560.3	N/A	60.788	584	209	6	55	627	67	641	0.0	736
Dm_00006157-RA	AT1G58410.1	N/A	33.546	942	520	27	15	946	15	860	3.65e-130	415
Dm_00004694-RA	AT3G54820.1	N/A	77.143	280	61	1	6	282	4	283	2.37e-155	435
Dm_00000931-RA	AT3G24660.1	N/A	70.706	652	188	3	29	679	25	674	0.0	883
Dm_00000344-RA	AT5G46230.1	N/A	43.885	139	71	2	9	147	10	141	2.30e-40	133
Dm_00000347-RA	AT2G34460.1	N/A	71.774	248	64	4	1	246	35	278	6.81e-127	361
Dm_00010734-RA	AT3G18290.1	N/A	62.321	1258	452	11	1	1242	1	1252	0.0	1565
Dm_00009132-RA	AT5G41410.1	N/A	45.407	577	204	16	161	698	105	609	3.44e-137	416
Dm_00019259-RA	AT3G55330.1	N/A	65.385	208	71	1	8	215	22	228	4.65e-96	280
Dm_00016804-RA	AT3G13750.1	N/A	73.770	854	213	4	1	850	1	847	0.0	1322
Dm_00011199-RA	AT5G12470.1	N/A	73.519	287	76	0	106	392	98	384	1.33e-157	449
Dm_00011198-RA	AT3G63490.1	N/A	53.543	381	126	5	1	381	12	341	1.59e-128	373
Dm_00009798-RA	AT3G09220.1	N/A	54.562	537	199	5	1	535	32	525	0.0	586
Dm_00003521-RA	AT2G26975.1	N/A	54.478	134	54	2	11	143	7	134	4.35e-44	142
Dm_00003522-RA	AT2G26975.1	N/A	54.400	125	54	2	8	129	8	132	3.42e-40	131
Dm_00003707-RA	AT1G74040.1	N/A	74.035	570	142	3	59	622	48	617	0.0	884
Dm_00004200-RA	AT1G22640.1	N/A	71.654	127	36	0	1	127	1	127	1.12e-65	207
Dm_00003819-RA	AT2G45330.2	N/A	70.751	253	69	2	57	308	38	286	3.04e-117	340
Dm_00003878-RA	AT1G68800.1	N/A	85.938	64	9	0	134	197	107	170	2.02e-29	119
Dm_00004339-RA	AT5G20950.3	N/A	73.529	646	140	4	14	659	85	699	0.0	954
Dm_00019866-RA	AT5G13530.2	N/A	74.854	855	211	1	1	851	768	1622	0.0	1336
Dm_00017049-RA	AT5G60230.2	N/A	54.545	231	103	1	1	229	6	236	1.73e-87	259
Dm_00019633-RA	AT1G11260.1	N/A	79.605	152	31	0	1	152	1	152	5.13e-81	248
Dm_00019313-RA	AT5G40330.1	N/A	57.576	132	56	0	26	157	1	132	3.02e-53	171
Dm_00012902-RA	AT2G42130.1	N/A	58.261	230	72	3	203	428	43	252	4.67e-84	259
Dm_00013288-RA	AT3G55360.1	N/A	84.672	274	42	0	7	280	37	310	0.0	502
Dm_00012032-RA	AT2G42220.1	N/A	74.396	207	40	2	59	265	38	231	5.90e-108	312
Dm_00004417-RA	AT4G09460.1	N/A	53.140	207	67	5	4	183	3	206	8.81e-71	215
Dm_00004095-RA	AT1G22030.1	N/A	54.783	345	135	7	1	336	1	333	3.11e-111	327
Dm_00004101-RA	AT4G08500.1	N/A	40.828	676	242	20	8	611	3	592	4.02e-130	404
Dm_00004482-RA	AT5G12250.1	N/A	87.576	491	17	3	80	568	1	449	0.0	890
Dm_00004480-RA	AT2G26770.2	N/A	56.977	516	190	2	1	516	1	484	0.0	587
Dm_00004078-RA	AT1G21340.1	N/A	37.319	276	117	13	19	273	20	260	1.21e-38	136
Dm_00004350-RA	AT5G67385.1	N/A	61.646	644	191	11	36	663	1	604	0.0	771
Dm_00004120-RA	AT4G26640.2	N/A	48.759	564	234	14	116	670	36	553	1.09e-156	464
Dm_00011942-RA	AT1G78060.1	N/A	63.263	754	243	7	28	757	22	765	0.0	985
Dm_00011567-RA	AT2G03220.1	N/A	55.611	606	217	7	1	602	1	558	0.0	675
Dm_00011833-RA	AT1G77690.1	N/A	85.021	474	65	2	1	472	1	470	0.0	803
Dm_00011055-RA	AT4G01860.2	N/A	67.692	65	21	0	2	66	1238	1302	1.06e-24	100
Dm_00008668-RA	AT3G54790.3	N/A	48.395	779	360	8	21	789	6	752	0.0	629
Dm_00012614-RA	AT5G22930.1	N/A	48.558	208	93	5	9	213	11	207	1.28e-50	165
Dm_00007619-RA	AT4G22580.1	N/A	69.363	408	118	2	49	456	35	435	0.0	599
Dm_00007618-RA	AT1G70420.1	N/A	33.538	325	131	12	33	351	27	272	4.58e-34	127
Dm_00011847-RA	AT2G27290.1	N/A	60.104	193	55	4	13	191	6	190	4.01e-61	189
Dm_00004266-RA	AT1G12410.1	N/A	50.867	173	80	2	79	247	95	266	1.43e-57	186
Dm_00004192-RA	AT1G06240.1	N/A	61.456	371	125	4	8	370	17	377	1.70e-162	461
Dm_00004187-RA	AT3G15030.2	N/A	40.426	423	176	19	13	389	26	418	1.35e-60	202
Dm_00004186-RA	AT2G42360.1	N/A	41.063	207	106	5	6	202	14	214	1.22e-44	149
Dm_00004434-RA	AT3G14870.1	N/A	49.222	514	214	16	27	539	1	468	1.06e-152	446
Dm_00004443-RA	AT1G78800.1	N/A	73.935	399	98	1	12	410	7	399	0.0	635
Dm_00004435-RA	AT1G53310.3	N/A	87.707	968	113	3	3	968	4	967	0.0	1736
Dm_00003345-RA	AT1G63690.1	N/A	67.665	501	128	5	16	499	25	508	0.0	673
Dm_00003343-RA	AT4G00440.2	N/A	30.169	885	484	33	54	897	1	792	7.86e-64	231
Dm_00004723-RA	AT1G07090.1	N/A	75.940	133	32	0	71	203	29	161	3.82e-78	233
Dm_00004490-RA	AT1G65450.1	N/A	55.437	469	167	6	11	472	12	445	0.0	523
Dm_00005138-RA	AT4G13670.1	N/A	49.749	398	177	6	6	395	2	384	9.11e-124	363
Dm_00003463-RA	AT4G33520.1	N/A	63.551	107	32	2	183	288	136	236	4.62e-38	136
Dm_00003466-RA	AT5G17330.1	N/A	83.300	503	75	3	1	495	1	502	0.0	877
Dm_00000660-RA	AT2G25870.1	N/A	67.206	494	131	3	87	557	99	584	0.0	644
Dm_00000256-RA	AT2G41040.1	N/A	66.524	233	59	2	78	291	79	311	1.70e-105	322
Dm_00000263-RA	AT3G46920.1	N/A	53.106	644	237	7	714	1323	469	1081	0.0	608
Dm_00000274-RA	AT3G42640.1	N/A	84.137	933	133	2	10	929	18	948	0.0	1592
Dm_00000288-RA	AT5G63510.1	N/A	75.486	257	54	2	4	260	5	252	1.43e-138	390
Dm_00000292-RA	AT4G24930.1	N/A	58.696	230	89	2	1	229	1	225	1.83e-88	261
Dm_00000324-RA	AT3G48460.1	N/A	53.552	366	162	2	25	390	23	380	2.81e-144	415
Dm_00014499-RA	AT1G60060.1	N/A	64.174	321	65	9	1	278	1	314	1.03e-129	376
Dm_00018564-RA	AT3G60320.1	N/A	61.179	814	261	13	1	777	1	796	0.0	878
Dm_00017117-RA	AT1G22850.2	N/A	70.698	215	51	2	103	315	65	269	8.50e-96	288
Dm_00015002-RA	AT2G30570.1	N/A	56.376	149	45	5	4	150	3	133	7.21e-39	128
Dm_00014247-RA	AT4G04880.1	N/A	63.517	381	111	4	3	383	1	353	2.45e-163	462
Dm_00007056-RA	AT4G39050.1	N/A	65.640	1039	266	16	35	1027	28	1021	0.0	1239
Dm_00007061-RA	AT1G26910.1	N/A	87.317	205	17	2	1	203	1	198	2.65e-128	362
Dm_00007058-RA	AT1G75540.1	N/A	43.721	215	83	6	1	194	1	198	1.71e-51	169
Dm_00007445-RA	AT3G12610.1	N/A	60.694	346	135	1	20	364	27	372	4.09e-152	433
Dm_00008095-RA	AT1G12800.1	N/A	37.389	674	304	15	196	793	133	764	8.47e-105	340
Dm_00008342-RA	AT5G64250.2	N/A	76.292	329	77	1	4	332	2	329	0.0	516
Dm_00000105-RA	AT1G03130.1	N/A	86.503	163	21	1	60	221	42	204	5.69e-103	296
Dm_00000100-RA	AT1G52720.1	N/A	40.458	131	45	4	13	139	13	114	8.95e-24	89.4
Dm_00000118-RA	AT1G20190.1	N/A	75.949	237	57	0	530	766	16	252	1.30e-132	394
Dm_00000128-RA	AT1G76100.1	N/A	63.793	174	57	4	1	171	1	171	1.47e-69	208
Dm_00000146-RA	AT1G63610.1	N/A	67.222	360	67	8	9	356	18	338	3.66e-146	417
Dm_00000160-RA	AT1G42540.1	N/A	58.065	930	359	11	18	938	12	919	0.0	1097
Dm_00008218-RA	AT5G65220.1	N/A	53.165	158	72	2	10	167	3	158	7.78e-46	148
Dm_00007850-RA	AT3G21250.2	N/A	62.706	1456	533	6	34	1487	11	1458	0.0	1790
Dm_00008265-RA	AT3G19490.1	N/A	87.018	493	63	1	45	536	83	575	0.0	822
Dm_00006323-RA	AT5G56040.2	N/A	51.254	1116	481	11	28	1132	26	1089	0.0	1084
Dm_00006326-RA	AT5G50150.1	N/A	66.162	396	84	7	53	413	40	420	0.0	528
Dm_00006436-RA	AT3G01550.2	N/A	66.867	166	52	1	79	244	57	219	7.20e-77	237
Dm_00011841-RA	AT3G08900.1	N/A	81.783	258	45	1	49	304	94	351	2.29e-161	454
Dm_00012085-RA	AT1G77490.1	N/A	74.740	384	79	5	56	438	43	409	0.0	585
Dm_00014076-RA	AT1G75710.1	N/A	40.041	492	204	16	2	457	22	458	1.06e-88	282
Dm_00014100-RA	AT1G77930.1	N/A	60.289	277	92	4	3	277	2	262	8.72e-109	316
Dm_00012305-RA	AT5G57240.1	N/A	49.738	382	185	5	1	378	1	379	2.74e-133	386
Dm_00013098-RA	AT1G54780.1	N/A	69.072	291	72	4	22	305	6	285	1.43e-131	375
Dm_00013977-RA	AT3G49800.1	N/A	44.276	463	201	12	1	441	1	428	9.28e-100	307
Dm_00013976-RA	AT2G22870.1	N/A	63.009	319	92	4	1	313	1	299	8.85e-146	412
Dm_00000872-RA	AT5G55930.1	N/A	68.138	725	229	2	22	745	32	755	0.0	1033
Dm_00000868-RA	AT4G17500.1	N/A	54.032	248	100	5	3	237	2	248	4.34e-77	234
Dm_00000878-RA	AT5G47390.1	N/A	61.538	377	111	11	1	355	1	365	6.58e-134	386
Dm_00000898-RA	AT4G17300.2	N/A	62.226	638	134	9	6	608	22	587	0.0	783
Dm_00000903-RA	AT4G16570.1	N/A	58.982	707	258	13	3	694	34	723	0.0	820
Dm_00000408-RA	AT5G17210.1	N/A	50.222	225	91	3	2	223	1	207	2.68e-75	226
Dm_00000416-RA	AT5G54090.1	N/A	48.965	821	334	6	93	904	50	794	0.0	744
Dm_00000419-RA	AT1G33060.1	N/A	35.727	543	268	18	1	478	19	545	1.54e-77	258
Dm_00000434-RA	AT3G49350.1	N/A	63.480	523	168	8	37	554	33	537	0.0	620
Dm_00013105-RA	AT5G54510.1	N/A	74.183	612	143	3	37	648	16	612	0.0	953
Dm_00011851-RA	AT5G13000.1	N/A	73.695	1992	435	23	1	1940	1	1955	0.0	2956
Dm_00014368-RA	AT1G77210.1	N/A	75.149	503	125	0	1	503	1	503	0.0	793
Dm_00015003-RA	AT5G11950.3	N/A	73.039	204	55	0	1	204	1	204	3.92e-115	327
Dm_00017885-RA	AT3G25150.1	N/A	34.699	415	231	7	14	410	16	408	2.36e-65	219
Dm_00018080-RA	AT5G67480.1	N/A	61.186	371	134	2	5	375	6	366	1.74e-168	476
Dm_00016296-RA	AT2G41250.1	N/A	81.513	238	43	1	72	309	53	289	3.33e-138	392
Dm_00017484-RA	AT2G30900.1	N/A	48.442	353	170	6	6	350	17	365	1.04e-122	358
Dm_00003460-RA	AT1G59870.1	N/A	63.706	1441	466	7	8	1419	31	1443	0.0	1934
Dm_00003945-RA	AT2G27680.1	N/A	77.480	373	67	2	42	414	27	382	0.0	607
Dm_00010815-RA	AT1G75240.1	N/A	44.628	242	121	4	128	369	73	301	3.88e-58	191
Dm_00012322-RA	AT3G51480.1	N/A	57.536	909	372	5	121	1027	3	899	0.0	1098
Dm_00012870-RA	AT1G72480.1	N/A	72.098	491	129	4	25	507	17	507	0.0	738
Dm_00010746-RA	AT4G18220.1	N/A	49.148	352	154	2	4	355	41	367	1.01e-115	342
Dm_00012743-RA	AT3G55800.1	N/A	78.788	396	80	4	1	395	1	393	0.0	615
Dm_00006047-RA	AT1G51110.1	N/A	61.165	412	139	5	63	468	11	407	2.79e-169	483
Dm_00007255-RA	AT2G05990.1	N/A	68.916	415	99	4	1	413	1	387	0.0	547
Dm_00007263-RA	AT3G45140.1	N/A	55.030	825	354	7	456	1276	85	896	0.0	941
Dm_00007264-RA	AT3G45140.1	N/A	48.348	333	162	5	68	395	136	463	3.81e-106	333
Dm_00006089-RA	AT1G74160.1	N/A	27.788	1076	631	39	1	1002	1	1004	9.03e-55	207
Dm_00006266-RA	AT3G27750.1	N/A	54.146	205	79	5	23	227	24	213	7.10e-62	193
Dm_00007232-RA	AT5G61480.1	N/A	60.526	988	349	15	44	1021	49	1005	0.0	1157
Dm_00006779-RA	AT4G14930.2	N/A	64.634	246	80	3	4	242	13	258	5.76e-113	327
Dm_00006997-RA	AT2G37210.1	N/A	78.469	209	32	1	3	198	4	212	6.82e-120	339
Dm_00017314-RA	AT3G11670.1	N/A	72.243	544	141	3	65	606	273	808	0.0	831
Dm_00017671-RA	AT3G51970.1	N/A	48.718	351	168	5	8	357	1	340	1.98e-106	316
Dm_00015919-RA	AT4G17980.1	N/A	58.984	256	65	4	30	275	1	226	1.98e-95	285
Dm_00014754-RA	AT4G14760.2	N/A	34.855	1796	1012	27	1	1759	35	1709	0.0	793
Dm_00014701-RA	AT2G41010.1	N/A	35.366	246	133	9	13	248	9	238	8.87e-28	106
Dm_00014841-RA	AT5G17000.1	N/A	63.798	337	93	2	8	315	3	339	2.35e-150	438
Dm_00013194-RA	AT1G52870.2	N/A	61.960	347	101	7	291	627	11	336	2.05e-145	426
Dm_00013195-RA	AT3G15520.4	N/A	59.298	285	105	5	38	312	12	295	6.97e-104	308
Dm_00012713-RA	AT5G46060.1	N/A	46.119	219	108	2	4	219	6	217	3.79e-54	176
Dm_00007348-RA	AT2G29630.2	N/A	92.944	411	29	0	54	464	225	635	0.0	821
Dm_00007845-RA	AT5G20260.2	N/A	61.240	387	144	4	11	396	85	466	8.74e-179	506
Dm_00008520-RA	AT1G75350.1	N/A	55.725	131	54	2	3	129	2	132	1.16e-50	158
Dm_00016663-RA	AT4G05460.1	N/A	45.215	303	149	6	3	299	5	296	2.74e-76	235
Dm_00015780-RA	AT5G22580.1	N/A	58.416	101	42	0	4	104	6	106	3.62e-39	128
Dm_00013668-RA	AT1G66150.1	N/A	72.964	921	238	6	40	955	27	941	0.0	1349
Dm_00014470-RA	AT1G32080.1	N/A	72.573	412	105	2	69	475	54	462	0.0	584
Dm_00014320-RA	AT1G60010.1	N/A	43.005	193	88	3	1	193	1	171	7.23e-46	149
Dm_00016581-RA	AT5G09660.2	N/A	68.627	306	36	2	4	249	5	310	9.10e-138	404
Dm_00001021-RA	AT1G74960.3	N/A	83.295	437	72	1	191	627	106	541	0.0	750
Dm_00000771-RA	AT3G52870.1	N/A	54.657	408	139	4	23	397	48	442	1.41e-147	427
Dm_00000769-RA	AT3G52890.4	N/A	60.627	574	160	15	303	829	380	934	0.0	656
Dm_00000785-RA	AT2G36270.2	N/A	47.619	441	166	11	47	451	31	442	1.24e-99	305
Dm_00000807-RA	AT3G52600.1	N/A	60.647	587	193	11	2	559	9	586	0.0	697
Dm_00000918-RA	AT4G01800.1	N/A	86.056	710	99	0	3	712	268	977	0.0	1283
Dm_00000917-RA	AT4G01800.3	N/A	77.232	224	47	1	70	293	61	280	1.85e-112	348
Dm_00000215-RA	AT5G17170.1	N/A	57.609	276	92	8	1	256	1	271	5.55e-89	265
Dm_00000232-RA	AT3G03050.1	N/A	74.084	1146	256	8	4	1115	7	1145	0.0	1755
Dm_00000250-RA	AT4G27600.1	N/A	69.880	415	98	5	83	472	41	453	0.0	574
Dm_00001128-RA	AT5G48460.1	N/A	72.688	692	149	4	1	690	1	654	0.0	1036
Dm_00001127-RA	AT5G48480.1	N/A	46.154	143	75	2	11	152	12	153	7.47e-31	109
Dm_00001293-RA	AT3G57070.1	N/A	47.942	413	181	8	38	442	29	415	1.77e-108	327
Dm_00001299-RA	AT2G41370.1	N/A	64.060	537	119	8	9	540	10	477	0.0	634
Dm_00012515-RA	AT3G59420.1	N/A	67.210	921	260	17	13	919	3	895	0.0	1195
Dm_00011267-RA	AT1G07010.1	N/A	69.435	301	92	0	19	319	62	362	1.89e-155	441
Dm_00008462-RA	AT5G25220.1	N/A	62.633	471	96	12	1	443	1	419	0.0	526
Dm_00018979-RA	AT3G62410.1	N/A	66.197	71	20	3	60	126	43	113	2.66e-21	84.0
Dm_00010481-RA	AT4G18960.1	N/A	69.141	256	66	3	4	250	1	252	6.27e-120	342
Dm_00012504-RA	AT4G08455.1	N/A	56.098	205	87	2	2	205	68	270	1.29e-69	213
Dm_00012968-RA	AT4G17720.1	N/A	63.755	229	74	3	28	251	68	292	4.09e-88	265
