Dm_00007090-RA	AT4G34490.2	N/A	66.042	480	146	4	1	469	68	541	0.0	623
Dm_00007080-RA	AT3G24550.1	N/A	56.360	511	189	8	61	541	122	628	1.02e-180	524
Dm_00007086-RA	AT1G79850.1	N/A	65.693	137	38	3	31	162	17	149	1.77e-49	156
Dm_00006491-RA	AT5G45360.1	N/A	56.274	263	102	2	43	305	23	272	3.34e-103	306
Dm_00006505-RA	AT1G57610.2	N/A	55.882	170	62	3	22	185	124	286	4.96e-59	186
Dm_00007450-RA	AT2G06520.1	N/A	72.368	76	20	1	51	126	42	116	1.30e-25	93.6
Dm_00007459-RA	AT3G01470.1	N/A	54.362	149	62	3	57	204	67	210	4.18e-43	150
Dm_00006698-RA	AT4G16510.1	N/A	69.397	232	68	2	3	234	4	232	3.80e-115	329
Dm_00006673-RA	AT1G60470.1	N/A	76.676	343	69	3	1	341	1	334	0.0	541
Dm_00006818-RA	AT3G24880.3	N/A	59.821	112	43	1	539	648	537	648	7.88e-36	146
Dm_00006971-RA	AT3G44020.1	N/A	65.217	92	27	2	55	141	55	146	1.58e-37	126
Dm_00009212-RA	AT3G59600.1	N/A	47.368	76	40	0	8	83	27	102	4.02e-24	89.7
Dm_00016462-RA	AT3G01500.4	N/A	54.924	264	82	4	7	246	2	252	1.42e-95	281
Dm_00015832-RA	AT5G19380.1	N/A	63.824	387	134	3	42	426	52	434	5.57e-154	444
Dm_00016707-RA	AT1G24590.1	N/A	75.556	90	9	2	55	131	27	116	1.67e-38	140
Dm_00017164-RA	AT4G02070.1	N/A	56.414	1411	456	23	1	1342	1	1321	0.0	1469
Dm_00007317-RA	AT5G57780.1	N/A	34.615	182	79	5	16	197	11	152	1.40e-25	97.8
Dm_00007390-RA	AT3G18680.1	N/A	89.627	241	25	0	84	324	88	328	1.07e-159	450
Dm_00006060-RA	AT1G02080.2	N/A	34.139	331	176	3	43	372	32	321	4.68e-50	181
Dm_00006146-RA	AT5G54270.1	N/A	78.169	284	30	2	8	289	2	255	1.65e-154	453
Dm_00007274-RA	AT5G37830.1	N/A	82.859	1266	212	2	1	1263	1	1264	0.0	2174
Dm_00006765-RA	AT5G19320.1	N/A	72.008	493	135	2	11	500	10	502	0.0	682
Dm_00007786-RA	AT5G18570.1	N/A	46.629	178	86	2	277	452	363	533	4.28e-42	161
Dm_00006063-RA	AT4G28720.1	N/A	67.233	412	129	2	10	415	12	423	0.0	606
Dm_00007873-RA	AT3G63530.2	N/A	43.617	188	70	5	51	209	61	241	1.08e-42	144
Dm_00009382-RA	AT1G02520.2	N/A	71.371	1247	348	4	42	1286	39	1278	0.0	1808
Dm_00008988-RA	AT1G54100.2	N/A	78.982	452	60	1	12	428	42	493	0.0	723
Dm_00008447-RA	AT4G02260.2	N/A	60.000	820	252	12	1	758	1	806	0.0	959
Dm_00009050-RA	AT1G04960.1	N/A	59.193	223	89	2	3	225	19	239	4.92e-97	286
Dm_00008211-RA	AT3G16340.1	N/A	69.268	1243	339	5	1575	2803	203	1416	0.0	1822
Dm_00006810-RA	AT3G61320.3	N/A	65.942	414	132	4	8	412	58	471	0.0	516
Dm_00008826-RA	AT5G27850.1	N/A	86.096	187	26	0	1	187	1	187	3.89e-118	332
Dm_00020780-RA	AT5G02960.1	N/A	90.625	96	9	0	1	96	1	96	5.25e-59	178
Dm_00020779-RA	AT5G02960.1	N/A	78.049	123	8	2	27	149	39	142	1.08e-59	181
Dm_00020606-RA	AT3G16050.1	N/A	61.333	300	111	3	3	302	10	304	4.87e-129	370
Dm_00018445-RA	AT4G13420.1	N/A	50.759	593	246	6	1	551	197	785	0.0	601
Dm_00018446-RA	AT4G13420.1	N/A	50.920	163	68	3	39	200	37	188	2.77e-44	157
Dm_00016802-RA	AT5G08570.3	N/A	86.640	509	68	0	1	509	1	509	0.0	934
Dm_00005824-RA	AT1G24020.2	N/A	45.860	157	82	2	1	157	1	154	3.76e-43	140
Dm_00006625-RA	AT1G56050.1	N/A	77.311	119	27	0	1	119	228	346	1.41e-57	183
Dm_00007238-RA	AT4G34810.1	N/A	55.340	103	37	3	78	172	15	116	4.23e-30	107
Dm_00007240-RA	AT5G35450.1	N/A	34.657	554	299	14	1	540	350	854	2.63e-76	259
Dm_00007239-RA	AT4G34800.1	N/A	53.763	93	33	2	8	98	6	90	3.13e-29	100
Dm_00009399-RA	AT1G63220.1	N/A	60.656	122	45	2	45	165	24	143	1.51e-44	144
Dm_00009562-RA	AT4G32700.2	N/A	75.233	751	130	3	13	707	520	1270	0.0	1119
Dm_00008254-RA	AT2G44480.1	N/A	57.883	444	179	2	57	500	78	513	0.0	557
Dm_00008253-RA	AT2G44480.1	N/A	62.457	293	109	1	3	295	93	384	1.96e-136	396
Dm_00006933-RA	AT4G37560.1	N/A	78.889	450	95	0	1	450	1	450	0.0	746
Dm_00009571-RA	AT2G19520.1	N/A	76.596	470	92	5	1	470	51	502	0.0	746
Dm_00007737-RA	AT3G22550.1	N/A	35.484	310	147	12	1	307	1	260	4.14e-38	136
Dm_00008869-RA	AT4G37080.2	N/A	42.992	635	235	12	121	671	17	608	3.38e-131	400
Dm_00008327-RA	AT4G08300.1	N/A	40.351	342	198	1	9	344	3	344	4.78e-90	276
Dm_00008597-RA	AT3G07160.1	N/A	72.222	288	66	3	5	283	221	503	1.02e-142	443
Dm_00008596-RA	AT3G07160.3	N/A	71.242	153	43	1	2	154	1	152	2.20e-63	214
Dm_00009171-RA	AT3G11590.1	N/A	38.915	627	297	20	19	595	16	606	5.55e-94	301
Dm_00008322-RA	AT2G26250.1	N/A	74.322	553	133	5	1	547	1	550	0.0	870
Dm_00007158-RA	AT3G17970.1	N/A	65.320	594	200	2	1	594	1	588	0.0	696
Dm_00007894-RA	AT3G53130.1	N/A	77.432	514	106	3	27	539	35	539	0.0	833
Dm_00007885-RA	AT3G10060.1	N/A	72.043	186	51	1	4	189	24	208	7.81e-88	258
Dm_00017046-RA	AT4G29060.2	N/A	43.797	395	194	10	1	388	1	374	9.69e-86	287
Dm_00016020-RA	AT5G49760.1	N/A	49.596	742	267	11	4	650	224	953	0.0	662
Dm_00015263-RA	AT1G02910.1	N/A	74.211	380	89	2	65	435	74	453	0.0	565
Dm_00016316-RA	AT5G49460.2	N/A	92.270	608	47	0	1	608	1	608	0.0	1137
Dm_00018210-RA	AT4G36130.1	N/A	91.085	258	23	0	1	258	1	258	3.22e-180	495
Dm_00017323-RA	AT5G45890.1	N/A	48.083	339	164	6	16	344	10	346	1.41e-108	321
Dm_00018465-RA	AT3G01470.1	N/A	46.316	190	77	5	39	222	66	236	3.32e-42	146
Dm_00018314-RA	AT4G17040.1	N/A	59.216	255	102	1	40	292	51	305	1.07e-107	315
Dm_00016345-RA	AT3G54960.1	N/A	64.240	467	159	3	76	541	94	553	0.0	627
Dm_00020965-RA	AT5G19220.1	N/A	61.022	372	85	7	1	366	1	318	2.78e-145	421
Dm_00020742-RA	AT1G59780.2	N/A	34.296	277	128	10	91	314	566	841	5.55e-27	112
Dm_00017360-RA	AT3G50660.1	N/A	68.826	494	121	6	25	497	31	512	0.0	690
Dm_00009545-RA	AT5G46570.1	N/A	70.631	555	96	4	1	555	1	488	0.0	799
Dm_00010656-RA	AT2G03390.1	N/A	69.178	292	81	4	177	460	39	329	1.24e-143	414
Dm_00010655-RA	AT2G03420.1	N/A	62.590	139	52	0	52	190	32	170	4.61e-55	172
Dm_00010892-RA	AT5G55220.1	N/A	58.349	533	209	4	88	616	1	524	0.0	631
Dm_00010135-RA	AT3G06730.1	N/A	76.296	135	27	1	66	200	53	182	8.50e-75	223
Dm_00015741-RA	AT2G29970.1	N/A	40.468	1112	531	33	1	1092	1	1001	0.0	672
Dm_00015394-RA	AT3G05230.1	N/A	72.785	158	41	1	1	158	1	156	6.27e-85	246
Dm_00015953-RA	AT4G22920.1	N/A	66.270	252	71	3	1	249	1	241	4.97e-119	341
Dm_00015363-RA	AT1G32210.1	N/A	87.963	108	13	0	31	138	1	108	5.21e-65	193
Dm_00015709-RA	AT4G18910.1	N/A	63.699	292	89	5	1	277	1	290	2.03e-125	359
Dm_00015375-RA	AT1G64940.1	N/A	48.496	532	247	10	1	529	1	508	4.59e-169	488
Dm_00015321-RA	AT1G63970.1	N/A	82.840	169	27	1	69	237	59	225	8.97e-102	295
Dm_00015597-RA	AT5G11320.1	N/A	68.510	416	106	3	7	422	5	395	0.0	585
Dm_00015859-RA	AT4G20130.1	N/A	66.591	443	141	4	55	492	19	459	0.0	630
Dm_00014696-RA	AT5G57030.1	N/A	77.215	474	103	1	83	556	56	524	0.0	774
Dm_00014642-RA	AT2G32700.6	N/A	51.556	225	98	4	531	746	372	594	4.54e-61	220
Dm_00002524-RA	AT2G38290.1	N/A	66.122	490	130	3	7	496	4	457	0.0	628
Dm_00002531-RA	AT5G63620.1	N/A	73.698	384	81	2	72	436	44	426	0.0	600
Dm_00002525-RA	AT5G08650.1	N/A	85.926	540	76	0	79	618	140	679	0.0	956
Dm_00003404-RA	AT4G38540.1	N/A	51.436	383	165	3	14	378	26	405	3.10e-135	392
Dm_00003843-RA	AT3G46780.1	N/A	53.552	549	202	12	12	549	4	510	2.98e-165	479
Dm_00003167-RA	AT1G13820.1	N/A	59.517	331	109	1	27	357	22	327	9.49e-146	416
Dm_00018776-RA	AT4G10340.1	N/A	80.565	283	50	3	12	293	2	280	1.21e-148	418
Dm_00019031-RA	AT5G30510.1	N/A	69.544	417	116	3	1	417	1	406	0.0	580
Dm_00019008-RA	AT2G30520.1	N/A	64.636	591	191	6	57	633	7	593	0.0	758
Dm_00012240-RA	AT3G59980.1	N/A	56.275	247	80	6	62	286	33	273	6.92e-81	245
Dm_00012510-RA	AT1G26190.1	N/A	70.250	679	174	7	1	657	1	673	0.0	949
Dm_00012511-RA	AT3G25570.1	N/A	66.571	350	110	4	8	354	1	346	3.73e-164	463
Dm_00012748-RA	AT4G02600.2	N/A	62.474	485	142	7	5	456	4	481	0.0	588
Dm_00012507-RA	AT4G16390.1	N/A	50.548	730	316	9	1	723	1	692	0.0	720
Dm_00010817-RA	AT3G08940.2	N/A	79.094	287	57	2	1	287	1	284	8.17e-163	454
Dm_00002741-RA	AT1G75250.1	N/A	53.922	102	38	3	2	100	4	99	3.17e-32	110
Dm_00002783-RA	AT3G04740.1	N/A	58.650	1555	498	29	1	1528	1	1437	0.0	1649
Dm_00002784-RA	AT5G28750.1	N/A	80.851	47	9	0	165	211	58	104	4.04e-21	85.9
Dm_00002801-RA	AT2G44310.1	N/A	35.971	139	85	2	2	138	3	139	2.19e-21	85.5
Dm_00002353-RA	AT5G65860.2	N/A	74.847	326	80	1	1	324	1	326	0.0	525
Dm_00002360-RA	AT3G01400.1	N/A	75.362	345	79	4	1	340	1	344	0.0	514
Dm_00002998-RA	AT5G50340.1	N/A	58.509	523	168	7	114	599	101	611	0.0	581
Dm_00002999-RA	AT1G52080.1	N/A	42.977	477	222	10	2	465	1	440	3.83e-109	340
Dm_00016653-RA	AT5G45680.1	N/A	65.385	130	26	1	111	221	77	206	1.16e-54	174
Dm_00018144-RA	AT3G47600.1	N/A	48.187	386	126	8	1	365	1	333	7.39e-108	319
Dm_00019545-RA	AT2G37570.1	N/A	76.171	491	107	7	11	496	1	486	0.0	756
Dm_00015757-RA	AT3G57520.1	N/A	75.800	781	181	5	1	781	1	773	0.0	1258
Dm_00012024-RA	AT5G61380.1	N/A	60.851	235	58	2	27	261	5	205	5.61e-89	278
Dm_00012421-RA	AT3G27870.2	N/A	71.527	583	158	4	3	584	2	577	0.0	866
Dm_00012420-RA	AT3G27870.3	N/A	69.637	606	144	2	4	604	386	956	0.0	884
Dm_00010478-RA	AT5G25050.1	N/A	60.922	499	187	2	1	496	2	495	0.0	613
Dm_00012414-RA	AT4G25040.1	N/A	37.500	144	84	1	6	149	32	169	3.43e-22	87.8
Dm_00013440-RA	AT3G53090.2	N/A	56.628	1192	447	14	1	1175	1	1139	0.0	1313
Dm_00013442-RA	AT2G36670.2	N/A	63.732	477	156	5	26	499	38	500	0.0	619
Dm_00011625-RA	AT5G44000.1	N/A	64.800	375	125	3	35	407	18	387	1.11e-174	494
Dm_00011624-RA	AT3G04400.1	N/A	97.143	140	4	0	1	140	1	140	9.58e-98	277
Dm_00021040-RA	AT5G65710.1	N/A	53.605	957	397	15	35	965	25	960	0.0	944
Dm_00020851-RA	AT3G56860.10	N/A	59.447	434	136	11	94	510	68	478	6.54e-153	445
Dm_00020816-RA	AT3G54050.2	N/A	89.098	266	27	1	18	281	150	415	2.58e-180	503
Dm_00008546-RA	AT1G75330.1	N/A	77.208	351	75	2	24	373	29	375	0.0	555
Dm_00009101-RA	AT5G15450.1	N/A	79.774	974	140	7	61	1024	42	968	0.0	1574
Dm_00009869-RA	AT3G20000.1	N/A	66.441	295	78	3	38	314	1	292	1.65e-144	410
Dm_00008688-RA	AT2G09990.1	N/A	81.295	139	26	0	5	143	8	146	2.08e-84	244
Dm_00008689-RA	AT4G34090.1	N/A	58.974	390	83	4	23	412	11	323	5.12e-156	445
Dm_00008693-RA	AT4G34131.1	N/A	47.233	506	215	10	8	505	7	468	1.01e-157	458
Dm_00008692-RA	AT3G58140.1	N/A	75.935	428	97	4	8	433	6	429	0.0	672
Dm_00009099-RA	AT1G70630.7	N/A	52.450	694	287	11	92	769	8	674	0.0	673
Dm_00003163-RA	AT2G20780.1	N/A	68.566	509	142	5	20	528	24	514	0.0	686
Dm_00002498-RA	AT5G49660.1	N/A	62.814	917	333	7	24	937	27	938	0.0	1169
Dm_00002013-RA	AT1G10830.1	N/A	71.656	314	86	1	64	374	53	366	2.84e-170	480
Dm_00002014-RA	AT5G16740.1	N/A	60.839	429	156	4	43	470	3	420	9.78e-171	487
Dm_00002867-RA	AT4G31390.1	N/A	89.941	338	33	1	128	465	91	427	0.0	635
Dm_00002190-RA	AT5G13500.2	N/A	68.144	361	112	1	7	367	1	358	0.0	521
Dm_00002200-RA	AT2G26810.2	N/A	60.741	135	48	3	16	150	119	248	3.67e-48	156
Dm_00015910-RA	AT2G39805.2	N/A	47.097	310	124	4	1	309	1	271	1.97e-96	286
Dm_00016103-RA	AT2G29540.1	N/A	62.766	94	35	0	1	94	1	94	1.08e-39	129
Dm_00015048-RA	AT2G47390.1	N/A	72.608	993	226	7	1	981	2	960	0.0	1470
Dm_00019462-RA	AT2G36980.1	N/A	50.562	623	288	6	3	606	2	623	0.0	628
Dm_00018430-RA	AT3G02550.1	N/A	49.455	275	116	4	1	273	1	254	7.82e-83	249
Dm_00017811-RA	AT2G35500.1	N/A	71.141	149	43	0	5	153	232	380	2.03e-66	207
Dm_00017595-RA	AT2G14960.1	N/A	78.852	610	107	4	1	609	1	589	0.0	994
Dm_00017188-RA	AT5G66055.1	N/A	49.637	413	182	5	41	453	4	390	5.73e-127	375
Dm_00017910-RA	AT1G58340.1	N/A	72.016	511	135	3	13	515	17	527	0.0	708
Dm_00010879-RA	AT4G15090.3	N/A	29.101	378	237	4	50	410	223	586	8.62e-50	181
Dm_00009965-RA	AT3G20860.1	N/A	60.135	296	70	4	13	261	1	295	8.78e-125	375
Dm_00009428-RA	AT1G04220.1	N/A	71.313	495	127	5	20	499	28	522	0.0	746
Dm_00011008-RA	AT1G14520.1	N/A	79.457	258	53	0	19	276	48	305	3.19e-158	444
Dm_00010706-RA	AT4G25670.1	N/A	54.074	135	50	2	9	143	13	135	1.44e-39	134
Dm_00010708-RA	AT5G52545.2	N/A	63.265	147	51	2	7	150	8	154	7.94e-60	182
Dm_00010915-RA	AT4G08350.1	N/A	69.484	698	186	9	2	674	130	825	0.0	945
Dm_00015198-RA	AT3G57090.2	N/A	51.462	171	53	7	1	143	1	169	5.40e-48	152
Dm_00015633-RA	AT2G26080.1	N/A	83.683	1048	162	4	1	1044	1	1043	0.0	1801
Dm_00015851-RA	AT2G43560.1	N/A	78.977	176	36	1	48	223	49	223	1.58e-92	271
Dm_00016284-RA	AT4G35900.2	N/A	45.729	199	69	11	101	282	62	238	1.02e-29	113
Dm_00003041-RA	AT3G27230.1	N/A	72.115	416	108	4	1	415	1	409	0.0	615
Dm_00002827-RA	AT1G15110.3	N/A	77.017	409	84	2	24	423	18	425	0.0	655
Dm_00002744-RA	AT1G75280.1	N/A	66.667	309	98	3	3	309	4	309	3.94e-153	431
Dm_00017317-RA	AT3G07300.2	N/A	79.218	409	82	2	75	482	1	407	0.0	643
Dm_00017683-RA	AT4G35840.1	N/A	72.845	232	63	0	7	238	5	236	1.33e-125	355
Dm_00018151-RA	AT3G22600.1	N/A	41.753	194	80	7	5	194	6	170	6.45e-34	119
Dm_00017995-RA	AT1G15390.1	N/A	74.757	206	51	1	83	288	64	268	7.89e-112	324
Dm_00018197-RA	AT1G42970.1	N/A	89.153	378	40	1	26	403	71	447	0.0	673
Dm_00018131-RA	AT5G14030.3	N/A	61.828	186	62	3	16	192	10	195	2.36e-76	227
Dm_00018142-RA	AT1G21640.1	N/A	58.871	868	315	7	50	910	53	885	0.0	992
Dm_00005218-RA	AT3G14270.2	N/A	40.649	524	223	17	1	503	1	457	5.94e-93	310
Dm_00006263-RA	AT5G62650.1	N/A	45.996	537	251	12	8	529	4	516	4.34e-142	420
Dm_00005902-RA	AT4G35920.1	N/A	35.350	314	149	9	40	306	7	313	5.40e-41	147
Dm_00005180-RA	AT5G40390.1	N/A	66.071	784	255	8	20	800	8	783	0.0	1074
Dm_00005690-RA	AT5G01410.2	N/A	89.389	311	31	2	1	311	1	309	0.0	564
Dm_00005966-RA	AT2G38280.1	N/A	70.016	637	143	3	145	762	230	837	0.0	937
Dm_00014805-RA	AT1G58100.1	N/A	46.135	414	135	16	85	483	57	397	5.60e-81	257
Dm_00015945-RA	AT1G12820.1	N/A	70.906	574	162	2	1	569	1	574	0.0	854
Dm_00014887-RA	AT1G64760.1	N/A	68.162	468	128	3	5	467	1	452	0.0	645
Dm_00015729-RA	AT5G60450.2	N/A	57.011	756	286	17	50	794	37	764	0.0	795
Dm_00006380-RA	AT1G77940.1	N/A	80.198	101	20	0	1	101	1	101	5.45e-59	176
Dm_00007720-RA	AT1G71696.1	N/A	48.770	244	97	4	11	227	174	416	5.60e-68	215
Dm_00006411-RA	AT1G71020.1	N/A	60.559	644	216	9	19	656	9	620	0.0	718
Dm_00007756-RA	AT3G59780.1	N/A	40.488	410	212	4	73	450	99	508	5.08e-92	293
Dm_00005857-RA	AT5G52370.1	N/A	54.610	141	38	5	17	156	19	134	1.13e-37	126
Dm_00008025-RA	AT5G04360.2	N/A	64.686	909	288	3	341	1245	85	964	0.0	1232
Dm_00006866-RA	AT4G25650.1	N/A	61.404	399	116	4	69	432	67	462	0.0	520
Dm_00006867-RA	AT4G25650.1	N/A	57.143	84	36	0	2	85	452	535	1.51e-31	115
Dm_00007002-RA	AT3G01280.1	N/A	66.667	276	92	0	1	276	1	276	1.73e-137	389
Dm_00018593-RA	AT1G64940.1	N/A	50.099	507	215	15	43	534	20	503	5.53e-166	481
Dm_00015513-RA	AT1G09630.1	N/A	82.883	222	30	3	1	220	1	216	7.77e-134	375
Dm_00015241-RA	AT4G15545.1	N/A	55.967	243	74	5	14	254	126	337	5.28e-81	247
Dm_00015240-RA	AT4G15545.1	N/A	59.184	98	40	0	12	109	11	108	3.73e-29	107
Dm_00014872-RA	AT1G61580.1	N/A	85.492	386	56	0	1	386	1	386	0.0	684
Dm_00014507-RA	AT1G26220.1	N/A	64.975	197	60	1	1	188	1	197	3.33e-89	260
Dm_00015333-RA	AT4G35310.2	N/A	81.514	568	91	6	9	574	1	556	0.0	936
Dm_00002638-RA	AT4G37300.1	N/A	48.305	118	52	3	7	124	1	109	3.70e-27	101
Dm_00002632-RA	AT3G24320.1	N/A	64.653	1109	322	9	93	1183	53	1109	0.0	1482
Dm_00002775-RA	AT1G25375.1	N/A	51.008	496	218	2	1	471	1	496	1.82e-168	513
Dm_00003048-RA	AT1G79600.1	N/A	78.503	628	135	0	96	723	75	702	0.0	1028
Dm_00003047-RA	AT1G76570.1	N/A	71.667	300	81	1	48	343	28	327	3.44e-167	469
Dm_00003074-RA	AT3G61060.1	N/A	55.253	257	113	2	20	274	25	281	2.94e-108	315
Dm_00007117-RA	AT4G31780.2	N/A	72.028	429	102	6	49	465	37	459	0.0	615
Dm_00006311-RA	AT5G49930.1	N/A	66.632	950	241	12	1	934	1	890	0.0	1234
Dm_00006888-RA	AT4G15560.1	N/A	83.008	665	84	1	50	685	52	716	0.0	1140
Dm_00005952-RA	AT1G44970.1	N/A	59.644	337	85	3	339	624	10	346	1.71e-128	382
Dm_00005951-RA	AT5G57960.1	N/A	73.500	200	29	1	3	202	111	286	4.58e-90	275
Dm_00007507-RA	AT4G13410.2	N/A	39.423	312	109	8	1	312	162	393	2.07e-59	196
Dm_00008176-RA	AT5G13770.1	N/A	47.586	580	273	10	53	629	39	590	6.36e-180	524
Dm_00012405-RA	AT4G37930.1	N/A	84.749	518	72	3	1	512	1	517	0.0	915
Dm_00011299-RA	AT1G43710.1	N/A	78.158	467	92	2	26	492	26	482	0.0	780
Dm_00009269-RA	AT1G72680.1	N/A	69.341	349	106	1	9	357	8	355	0.0	506
Dm_00012134-RA	AT5G41580.1	N/A	29.051	506	220	14	60	485	92	538	3.80e-34	141
Dm_00011117-RA	AT5G54600.1	N/A	66.250	160	51	3	65	224	40	196	7.72e-74	223
Dm_00011179-RA	AT4G11600.1	N/A	71.765	85	24	0	13	97	141	225	1.72e-41	136
Dm_00009527-RA	AT5G13800.2	N/A	61.625	443	153	3	75	513	36	465	0.0	568
Dm_00008120-RA	AT4G01690.1	N/A	59.194	571	142	7	97	667	58	537	0.0	630
Dm_00021056-RA	AT5G46800.1	N/A	74.333	300	71	2	1	294	1	300	1.46e-161	451
Dm_00009030-RA	AT4G12910.1	N/A	48.881	268	96	4	1	243	246	497	1.16e-84	261
Dm_00009940-RA	AT5G35100.3	N/A	64.286	280	85	6	45	321	23	290	1.83e-108	318
Dm_00009946-RA	AT1G55090.1	N/A	75.192	782	137	4	1	782	1	725	0.0	1238
Dm_00009945-RA	AT4G24040.1	N/A	57.734	556	227	5	44	591	71	626	0.0	657
Dm_00008185-RA	AT4G04640.1	N/A	80.495	323	63	0	55	377	49	371	0.0	546
Dm_00008184-RA	AT1G11720.1	N/A	70.126	954	252	5	416	1363	116	1042	0.0	1419
Dm_00008186-RA	AT1G64570.1	N/A	48.708	271	121	5	486	749	377	636	3.62e-64	233
Dm_00005284-RA	AT5G23120.2	N/A	81.481	351	58	3	63	409	78	425	0.0	585
Dm_00020951-RA	AT3G20770.1	N/A	60.364	550	182	14	1	546	2	519	0.0	604
Dm_00019331-RA	AT4G21090.1	N/A	84.746	118	18	0	7	124	80	197	6.02e-73	216
Dm_00004547-RA	AT3G12110.1	N/A	96.286	377	14	0	1	377	1	377	0.0	766
Dm_00005608-RA	AT5G11880.1	N/A	44.512	164	78	4	2	155	3	163	8.73e-26	105
Dm_00005602-RA	AT1G75250.1	N/A	59.596	99	36	2	75	173	1	95	2.20e-34	119
Dm_00005035-RA	AT1G56580.1	N/A	58.955	134	54	1	10	142	9	142	4.78e-54	168
Dm_00004345-RA	AT2G44860.2	N/A	66.864	169	46	2	104	272	1	159	1.56e-75	227
Dm_00004867-RA	AT1G14345.1	N/A	73.377	154	35	2	74	221	33	186	4.59e-76	228
Dm_00005091-RA	AT1G14590.1	N/A	57.252	262	111	1	5	266	81	341	1.29e-112	330
Dm_00005092-RA	AT1G61770.1	N/A	69.286	280	85	1	18	296	21	300	1.29e-137	391
Dm_00005010-RA	AT4G36220.1	N/A	70.192	520	142	4	3	512	4	520	0.0	726
Dm_00016975-RA	AT5G49030.3	N/A	72.656	512	136	1	2	509	752	1263	0.0	807
Dm_00014890-RA	AT5G02710.1	N/A	47.917	192	69	4	4	194	5	166	5.90e-54	175
Dm_00014698-RA	AT1G15520.2	N/A	45.477	398	169	4	2	351	460	857	1.51e-108	345
Dm_00014699-RA	AT1G15520.2	N/A	50.602	249	50	5	18	193	946	1194	3.28e-67	223
Dm_00008639-RA	AT1G44750.1	N/A	64.463	363	128	1	35	396	14	376	7.27e-148	424
Dm_00009111-RA	AT5G61410.2	N/A	81.119	286	45	3	2	287	4	280	2.14e-167	465
Dm_00009113-RA	AT5G59720.1	N/A	34.946	186	81	7	1	171	1	161	2.27e-21	85.5
Dm_00010003-RA	AT5G21170.1	N/A	54.783	230	87	3	42	268	66	281	5.77e-89	266
Dm_00010019-RA	AT3G25220.1	N/A	86.667	120	16	0	22	141	25	144	3.24e-76	224
Dm_00010018-RA	AT3G07320.1	N/A	62.198	455	161	4	11	465	14	457	0.0	582
Dm_00019248-RA	AT4G18930.1	N/A	37.500	176	98	3	149	313	5	179	3.07e-32	118
Dm_00019152-RA	AT1G53350.1	N/A	35.852	569	291	20	1	553	351	861	7.69e-66	231
Dm_00019151-RA	AT1G50180.1	N/A	34.930	355	203	10	1	351	1	331	2.16e-50	181
Dm_00019145-RA	AT4G09800.1	N/A	77.596	183	9	1	1	183	2	152	1.60e-96	276
Dm_00004601-RA	AT5G35730.1	N/A	61.633	490	127	6	11	484	9	453	0.0	587
Dm_00005439-RA	AT4G18380.2	N/A	34.908	381	210	9	17	377	18	380	1.03e-51	177
Dm_00005437-RA	AT2G13360.1	N/A	87.781	401	49	0	1	401	1	401	0.0	747
Dm_00004259-RA	AT1G77610.1	N/A	83.529	340	50	2	1	339	1	335	0.0	586
Dm_00006000-RA	AT2G16600.1	N/A	84.118	170	27	0	2	171	3	172	8.39e-110	310
Dm_00020678-RA	AT4G38810.1	N/A	52.918	257	115	3	1	257	1	251	1.91e-92	273
Dm_00013453-RA	AT2G37220.1	N/A	65.728	213	57	3	62	258	56	268	2.16e-84	262
Dm_00013255-RA	AT5G02120.1	N/A	80.328	61	12	0	1	61	50	110	7.69e-31	103
Dm_00013196-RA	AT2G33510.1	N/A	43.043	230	86	6	1	227	1	188	3.05e-47	154
Dm_00012371-RA	AT2G41000.1	N/A	53.886	193	71	4	3	188	2	183	2.49e-49	158
Dm_00020026-RA	AT3G22380.3	N/A	37.925	1764	710	78	2	1597	1	1547	0.0	638
Dm_00019954-RA	AT2G27090.1	N/A	50.636	472	203	12	1	469	1	445	1.41e-121	372
Dm_00019984-RA	AT5G08680.1	N/A	92.947	397	28	0	1	397	162	558	0.0	761
Dm_00019981-RA	AT2G34770.1	N/A	61.290	155	60	0	20	174	77	231	1.87e-70	213
Dm_00020388-RA	AT1G07090.1	N/A	69.281	153	42	1	58	205	30	182	2.73e-79	236
Dm_00018220-RA	AT5G54470.1	N/A	70.130	77	23	0	2	78	4	80	1.29e-33	120
Dm_00007598-RA	AT2G20450.1	N/A	81.061	132	25	0	2	133	3	134	2.38e-74	218
Dm_00005775-RA	AT4G28850.1	N/A	54.639	291	126	3	293	580	5	292	2.11e-110	332
Dm_00008204-RA	AT1G08490.1	N/A	75.935	428	76	1	35	462	62	462	0.0	672
Dm_00013357-RA	AT2G05760.1	N/A	85.385	520	74	1	1	518	1	520	0.0	913
Dm_00015163-RA	AT2G21290.1	N/A	58.163	98	38	1	6	103	4	98	2.53e-27	96.3
Dm_00015165-RA	AT4G38970.1	N/A	82.195	410	56	3	5	411	3	398	0.0	679
Dm_00014221-RA	AT1G53840.1	N/A	50.847	590	267	8	1	576	1	581	0.0	558
Dm_00010776-RA	AT2G37690.1	N/A	63.095	420	117	4	172	591	260	641	0.0	526
Dm_00016241-RA	AT1G05370.1	N/A	54.721	466	160	12	50	513	1	417	9.46e-160	460
Dm_00016904-RA	AT1G32170.1	N/A	63.245	302	109	1	23	324	12	311	5.32e-149	424
Dm_00016676-RA	AT5G02560.1	N/A	83.007	153	23	2	1	150	1	153	2.30e-79	231
Dm_00017142-RA	AT4G29080.1	N/A	53.495	329	98	10	6	321	8	294	4.26e-98	292
Dm_00003298-RA	AT4G25630.1	N/A	87.805	246	30	0	65	310	74	319	1.36e-161	453
Dm_00003301-RA	AT5G52440.1	N/A	67.939	131	42	0	48	178	33	163	5.91e-58	183
Dm_00003244-RA	AT5G35370.1	N/A	54.430	869	360	14	21	870	21	872	0.0	919
Dm_00003563-RA	AT1G01320.3	N/A	50.839	1192	399	35	3	1139	724	1783	0.0	1003
Dm_00003096-RA	AT3G09640.1	N/A	82.787	244	41	1	26	269	4	246	8.05e-149	416
Dm_00003094-RA	AT2G28550.3	N/A	45.270	444	174	14	1	420	1	399	5.72e-87	275
Dm_00003099-RA	AT5G02880.1	N/A	55.191	366	152	2	103	457	26	390	3.91e-121	387
Dm_00003350-RA	AT4G36870.4	N/A	36.617	467	180	19	36	479	21	394	3.65e-28	118
Dm_00003351-RA	AT4G36870.4	N/A	80.220	91	16	1	1	89	405	495	5.67e-47	157
Dm_00010922-RA	AT2G44160.1	N/A	76.290	620	121	1	8	627	1	594	0.0	1015
Dm_00008000-RA	AT1G15520.1	N/A	57.547	1451	509	16	37	1445	38	1423	0.0	1677
Dm_00008887-RA	AT1G67740.1	N/A	51.759	199	71	5	14	208	10	187	2.94e-47	154
Dm_00010147-RA	AT2G20700.1	N/A	55.000	140	56	2	30	169	27	159	3.20e-49	156
Dm_00002697-RA	AT1G01060.4	N/A	42.323	749	299	22	41	772	12	644	9.36e-114	359
Dm_00002709-RA	AT1G35420.3	N/A	64.103	234	79	2	122	355	45	273	9.54e-112	327
Dm_00002713-RA	AT1G22540.1	N/A	63.204	568	176	5	53	620	15	549	0.0	684
Dm_00002654-RA	AT4G36950.1	N/A	47.826	368	157	9	3	368	2	336	1.65e-103	308
Dm_00002650-RA	AT5G67030.1	N/A	68.646	421	132	0	3	423	247	667	0.0	611
Dm_00002659-RA	AT4G34040.1	N/A	50.000	102	51	0	402	503	564	665	1.14e-26	114
Dm_00003237-RA	AT2G46510.1	N/A	40.480	583	230	17	5	514	6	544	7.98e-116	353
Dm_00002466-RA	AT5G42390.1	N/A	75.372	1141	264	7	116	1244	100	1235	0.0	1777
Dm_00002472-RA	AT2G31160.1	N/A	76.506	166	33	1	40	199	19	184	1.54e-81	243
Dm_00011169-RA	AT5G61430.1	N/A	49.020	357	150	7	8	362	10	336	1.38e-111	329
Dm_00009873-RA	AT3G11940.2	N/A	74.757	206	26	1	15	220	13	192	5.80e-110	314
Dm_00016374-RA	AT2G23970.1	N/A	42.361	144	72	4	1	135	106	247	6.95e-35	121
Dm_00016261-RA	AT1G32990.1	N/A	82.123	179	27	1	61	239	45	218	1.42e-102	297
Dm_00014607-RA	AT5G66770.1	N/A	50.444	563	236	10	28	563	38	584	0.0	523
Dm_00014046-RA	AT3G02380.1	N/A	49.883	427	127	19	2	421	1	347	5.38e-114	338
Dm_00014262-RA	AT5G39740.1	N/A	72.948	329	52	1	130	458	1	292	2.01e-174	491
Dm_00013957-RA	AT5G65730.1	N/A	65.517	290	86	1	11	300	15	290	9.26e-148	417
Dm_00014806-RA	AT1G01630.1	N/A	57.085	247	101	3	3	247	11	254	3.38e-100	292
Dm_00015276-RA	AT3G19450.1	N/A	76.243	362	80	1	1	362	1	356	0.0	526
Dm_00008970-RA	AT2G44480.2	N/A	48.544	412	200	1	1	400	1	412	1.90e-151	435
Dm_00009880-RA	AT2G13650.1	N/A	76.803	319	71	2	58	375	1	317	1.41e-167	471
Dm_00011013-RA	AT4G08180.2	N/A	68.493	219	64	1	70	283	540	758	9.81e-105	325
Dm_00010549-RA	AT3G07640.1	N/A	41.294	201	115	3	10	209	1	199	4.84e-46	159
Dm_00011281-RA	AT4G28390.1	N/A	83.990	381	55	3	22	399	2	379	0.0	620
Dm_00009377-RA	AT3G32930.2	N/A	59.774	266	79	6	1	255	1	249	1.40e-104	303
Dm_00010797-RA	AT1G35620.1	N/A	57.407	432	180	3	22	450	10	440	0.0	513
Dm_00010795-RA	AT4G09510.1	N/A	85.219	548	78	3	14	559	11	557	0.0	984
Dm_00003357-RA	AT5G66590.1	N/A	49.367	158	64	3	46	201	42	185	1.01e-48	157
Dm_00003359-RA	AT4G37240.1	N/A	52.632	152	62	2	1	152	1	142	1.33e-47	152
Dm_00003322-RA	AT5G33320.1	N/A	67.294	425	106	5	1	409	1	408	0.0	530
Dm_00003329-RA	AT3G48200.1	N/A	50.000	1130	454	18	31	1121	31	1088	0.0	1011
Dm_00003672-RA	AT4G27800.1	N/A	64.205	352	120	3	54	404	41	387	7.54e-163	463
Dm_00003132-RA	AT1G03220.1	N/A	37.500	456	212	13	6	413	1	431	1.28e-78	250
Dm_00003136-RA	AT1G08980.1	N/A	61.268	426	146	7	10	424	4	421	1.62e-177	502
Dm_00003151-RA	AT3G05410.2	N/A	52.381	294	105	5	1	273	1	280	2.01e-101	297
Dm_00003144-RA	AT3G05350.1	N/A	78.378	222	34	1	162	383	480	687	7.77e-122	370
Dm_00003145-RA	AT3G05350.1	N/A	74.725	91	21	1	59	149	63	151	6.85e-40	143
Dm_00010980-RA	AT2G40540.5	N/A	46.491	798	311	21	36	735	15	794	0.0	599
Dm_00010492-RA	AT1G66070.2	N/A	67.778	90	29	0	27	116	95	184	4.58e-41	137
Dm_00010491-RA	AT1G48380.1	N/A	49.615	260	97	3	17	263	21	259	3.55e-83	254
Dm_00011086-RA	AT4G31600.1	N/A	77.469	324	72	1	1	324	1	323	6.02e-180	500
Dm_00010254-RA	AT4G12290.1	N/A	61.757	808	227	10	1	794	1	740	0.0	1004
Dm_00010394-RA	AT4G22240.1	N/A	68.459	279	80	2	42	319	37	308	2.79e-131	376
Dm_00010235-RA	AT3G48940.1	N/A	76.923	65	15	0	3	67	111	175	4.42e-28	99.0
Dm_00011243-RA	AT1G04820.1	N/A	96.322	435	16	0	1	435	1	435	0.0	852
Dm_00015786-RA	AT2G45510.1	N/A	55.588	340	141	5	51	383	112	448	6.27e-127	375
Dm_00015960-RA	AT1G07320.2	N/A	70.954	241	60	2	32	269	31	264	7.33e-115	335
Dm_00015961-RA	AT3G47060.1	N/A	70.765	797	199	11	12	804	22	788	0.0	1053
Dm_00015471-RA	AT3G27960.1	N/A	54.612	683	261	8	41	720	19	655	0.0	728
Dm_00006344-RA	AT5G23860.2	N/A	94.444	198	11	0	1	198	233	430	9.01e-142	403
Dm_00006343-RA	AT1G20010.1	N/A	81.618	136	24	1	1	135	1	136	3.23e-85	256
Dm_00005151-RA	AT1G22450.1	N/A	51.515	198	77	5	22	208	1	190	3.30e-58	182
Dm_00006095-RA	AT3G04580.1	N/A	52.679	784	322	13	24	794	18	765	0.0	748
Dm_00005539-RA	AT4G35840.1	N/A	73.128	227	59	1	13	239	12	236	1.22e-123	350
Dm_00005540-RA	AT5G66060.1	N/A	70.775	284	65	3	1	267	2	284	3.12e-150	421
Dm_00006483-RA	AT1G52590.1	N/A	61.688	154	18	1	8	161	60	172	1.38e-59	182
Dm_00012344-RA	AT5G62390.1	N/A	40.655	519	190	14	1	478	1	442	2.92e-91	285
Dm_00014704-RA	AT2G27990.1	N/A	47.445	274	130	3	280	553	252	511	5.88e-69	235
Dm_00013887-RA	AT1G64060.1	N/A	77.922	616	134	2	21	635	330	944	0.0	1023
Dm_00012801-RA	AT2G05620.2	N/A	66.165	133	40	3	1	128	1	133	5.23e-54	166
Dm_00015191-RA	AT3G25140.1	N/A	81.614	533	70	1	3	535	55	559	0.0	909
Dm_00015167-RA	AT2G17972.1	N/A	58.491	106	41	1	72	174	53	158	3.60e-38	128
Dm_00014769-RA	AT4G00720.1	N/A	83.889	360	58	0	8	367	103	462	0.0	654
Dm_00014858-RA	AT5G51110.2	N/A	59.487	195	74	2	13	206	3	193	1.68e-80	238
Dm_00013023-RA	AT1G04980.1	N/A	72.727	341	82	2	5	334	107	447	0.0	511
Dm_00013864-RA	AT5G22340.1	N/A	46.691	272	109	4	9	244	51	322	5.99e-77	236
Dm_00015408-RA	AT5G61670.2	N/A	87.649	251	31	0	114	364	57	307	6.79e-164	461
Dm_00010723-RA	AT4G04350.1	N/A	68.695	1019	253	6	67	1080	14	971	0.0	1432
Dm_00010722-RA	AT4G04330.1	N/A	80.488	123	24	0	46	168	45	167	1.78e-70	211
Dm_00009700-RA	AT5G19220.1	N/A	75.676	222	42	1	5	226	313	522	7.27e-122	356
Dm_00003210-RA	AT1G07070.1	N/A	61.607	112	28	2	1	97	1	112	2.51e-43	139
Dm_00002371-RA	AT3G16150.1	N/A	80.368	326	63	1	1	326	1	325	0.0	541
Dm_00002689-RA	AT2G05160.3	N/A	44.639	513	231	11	3	511	1	464	2.35e-126	379
Dm_00002679-RA	AT5G55660.1	N/A	61.257	191	72	2	198	386	300	490	1.83e-69	240
Dm_00003195-RA	AT1G02140.1	N/A	81.560	141	26	0	1	141	1	141	9.52e-85	244
Dm_00003196-RA	AT1G70750.1	N/A	48.011	377	141	9	531	899	409	738	1.64e-77	268
Dm_00006286-RA	AT4G08170.2	N/A	75.000	284	70	1	49	332	39	321	1.24e-145	415
Dm_00006287-RA	AT1G50030.1	N/A	75.638	2274	483	10	1	2240	16	2252	0.0	3450
Dm_00006510-RA	AT2G46140.1	N/A	61.212	165	64	0	67	231	2	166	2.52e-72	218
Dm_00005724-RA	AT5G05080.1	N/A	65.543	267	75	5	8	274	2	251	8.55e-116	333
Dm_00005725-RA	AT3G56940.1	N/A	82.396	409	54	3	1	391	1	409	0.0	677
Dm_00005567-RA	AT4G38790.1	N/A	82.213	253	42	2	5	255	6	257	2.33e-151	424
Dm_00006498-RA	AT4G27950.1	N/A	39.683	315	141	11	11	279	12	323	4.41e-51	172
Dm_00012727-RA	AT4G18220.1	N/A	56.798	331	141	1	21	351	42	370	4.21e-136	393
Dm_00011661-RA	AT1G78630.1	N/A	67.521	234	53	3	30	258	25	240	2.24e-106	308
Dm_00010453-RA	AT3G54340.1	N/A	61.871	139	53	0	1	139	1	139	3.16e-58	181
Dm_00012473-RA	AT1G08450.3	N/A	75.806	248	59	1	19	266	13	259	2.36e-141	403
Dm_00012476-RA	AT5G36170.1	N/A	68.519	432	103	1	57	488	55	453	0.0	615
Dm_00011355-RA	AT1G79490.1	N/A	77.649	774	164	2	48	812	63	836	0.0	1269
Dm_00009960-RA	AT1G66400.1	N/A	35.503	169	77	4	54	222	16	152	2.77e-23	92.8
Dm_00012514-RA	AT1G56500.3	N/A	44.737	190	60	4	330	474	446	635	2.35e-36	143
Dm_00013250-RA	AT4G26210.2	N/A	75.806	62	15	0	12	73	60	121	3.64e-31	105
Dm_00006182-RA	AT1G47830.1	N/A	96.094	128	5	0	3	130	2	129	8.36e-88	251
Dm_00006187-RA	AT4G13420.1	N/A	57.050	766	307	4	33	788	32	785	0.0	895
Dm_00005653-RA	AT3G51820.1	N/A	71.314	373	69	5	1	359	1	349	1.49e-177	499
Dm_00005894-RA	AT5G27700.1	N/A	54.255	94	13	1	14	107	18	81	4.04e-27	95.5
Dm_00004579-RA	AT1G63650.1	N/A	39.204	653	281	21	7	627	5	573	1.20e-133	404
Dm_00004750-RA	AT5G39850.1	N/A	90.374	187	18	0	1	187	1	187	2.26e-123	347
Dm_00005842-RA	AT5G64940.1	N/A	71.353	761	152	9	19	772	23	724	0.0	1027
Dm_00004878-RA	AT2G21710.1	N/A	57.565	575	219	6	68	621	35	605	0.0	687
Dm_00006504-RA	AT4G14465.1	N/A	45.748	341	120	9	1	337	1	280	8.03e-67	212
Dm_00005621-RA	AT3G08010.1	N/A	69.010	384	107	3	1	382	1	374	0.0	548
Dm_00005618-RA	AT2G28305.1	N/A	65.816	196	67	0	13	208	6	201	6.37e-97	281
Dm_00005620-RA	AT3G63510.1	N/A	73.425	365	96	1	79	442	49	413	0.0	581
Dm_00006122-RA	AT3G09920.4	N/A	66.626	821	247	14	1	803	1	812	0.0	1083
Dm_00006125-RA	AT3G28630.1	N/A	53.115	305	119	6	365	657	37	329	1.44e-91	287
Dm_00018933-RA	AT5G10460.1	N/A	68.874	302	93	1	14	315	6	306	1.14e-157	442
Dm_00019059-RA	AT1G55480.1	N/A	71.197	309	74	5	59	367	42	335	8.32e-145	413
Dm_00012435-RA	AT3G26040.1	N/A	30.303	462	279	18	4	450	1	434	1.89e-56	193
Dm_00013978-RA	AT4G28740.1	N/A	66.538	260	85	2	4	262	89	347	1.40e-128	368
Dm_00013911-RA	AT4G01040.1	N/A	59.729	442	162	7	1	438	1	430	0.0	540
Dm_00013910-RA	AT4G01037.1	N/A	58.195	543	181	8	1	513	1	527	0.0	555
Dm_00014895-RA	AT2G43080.1	N/A	81.053	95	18	0	5	99	188	282	2.89e-54	172
Dm_00014407-RA	AT3G12280.2	N/A	63.895	842	286	8	67	908	158	981	0.0	1040
Dm_00013613-RA	AT2G43030.1	N/A	81.448	221	41	0	90	310	51	271	1.23e-122	352
Dm_00013612-RA	AT4G39050.1	N/A	60.317	1197	268	19	35	1221	28	1027	0.0	1259
Dm_00016630-RA	AT1G70560.1	N/A	50.689	363	163	6	4	366	37	383	9.28e-126	367
Dm_00015242-RA	AT4G26230.1	N/A	85.593	118	16	1	1	118	1	117	7.76e-70	205
Dm_00009447-RA	AT5G51460.2	N/A	61.240	387	129	6	3	377	7	384	1.80e-164	466
Dm_00008018-RA	AT5G07350.2	N/A	65.973	961	280	10	10	962	8	929	0.0	1242
Dm_00010603-RA	AT4G10340.1	N/A	82.042	284	45	3	11	293	2	280	3.41e-148	419
Dm_00010760-RA	AT2G23840.1	N/A	65.333	150	52	0	1	150	133	282	9.58e-73	220
Dm_00011217-RA	AT4G21670.1	N/A	44.802	1087	403	23	5	1029	7	958	0.0	806
Dm_00011590-RA	AT4G36380.1	N/A	63.256	430	136	4	7	428	105	520	0.0	561
Dm_00012495-RA	AT1G63690.1	N/A	57.651	562	122	7	26	522	25	535	0.0	592
Dm_00011870-RA	AT1G01630.1	N/A	62.903	248	92	0	5	252	2	249	5.65e-117	335
Dm_00011871-RA	AT1G28140.1	N/A	65.873	252	81	1	100	351	33	279	2.24e-111	326
Dm_00011513-RA	AT5G52660.1	N/A	52.830	318	116	6	1	303	1	299	3.89e-101	300
Dm_00012097-RA	AT2G34860.1	N/A	72.800	125	30	3	39	159	62	186	3.04e-59	182
Dm_00016685-RA	AT3G61510.1	N/A	56.338	284	94	6	1	275	212	474	4.16e-101	304
Dm_00017750-RA	AT5G25460.1	N/A	65.301	366	124	1	7	369	4	369	0.0	518
Dm_00003660-RA	AT5G57800.1	N/A	64.434	627	217	3	5	625	3	629	0.0	869
Dm_00003750-RA	AT2G20570.1	N/A	40.959	459	144	15	72	497	56	420	5.70e-75	243
Dm_00003646-RA	AT2G27860.1	N/A	82.212	416	46	2	4	419	2	389	0.0	721
Dm_00003642-RA	AT5G22850.1	N/A	55.102	490	174	3	10	498	6	450	0.0	543
Dm_00003645-RA	AT3G44830.1	N/A	64.861	683	207	11	17	688	5	665	0.0	852
Dm_00003305-RA	AT1G02260.1	N/A	59.642	503	151	5	1	454	3	502	0.0	586
Dm_00020551-RA	AT3G08040.1	N/A	62.906	523	165	4	14	534	24	519	0.0	604
Dm_00019513-RA	AT5G43830.1	N/A	63.296	267	80	2	1	266	1	250	6.61e-129	366
Dm_00020569-RA	AT4G08520.1	N/A	70.787	178	52	0	103	280	4	181	5.38e-94	275
Dm_00018559-RA	AT1G68010.1	N/A	87.990	383	41	2	3	385	2	379	0.0	676
Dm_00019383-RA	AT4G15000.1	N/A	82.707	133	23	0	1	133	1	133	4.48e-79	229
Dm_00020560-RA	AT1G22840.1	N/A	88.288	111	13	0	34	144	1	111	3.59e-71	209
Dm_00020562-RA	AT3G47430.1	N/A	67.686	229	59	4	3	221	4	227	6.35e-100	290
Dm_00020563-RA	AT5G51920.1	N/A	43.833	600	251	12	70	668	42	556	2.64e-167	491
Dm_00007860-RA	AT4G07410.2	N/A	54.186	430	174	6	1	419	285	702	6.25e-148	437
Dm_00007864-RA	AT3G12203.2	N/A	42.298	383	129	3	154	485	38	379	5.10e-94	290
Dm_00007377-RA	AT5G19450.2	N/A	80.699	544	88	3	1	539	1	532	0.0	909
Dm_00007134-RA	AT1G74850.1	N/A	63.515	825	291	5	21	841	25	843	0.0	1110
Dm_00007713-RA	AT2G37220.1	N/A	57.088	261	93	6	55	301	13	268	2.77e-89	268
Dm_00017245-RA	AT1G21680.1	N/A	36.311	694	346	25	7	665	33	665	1.66e-113	358
Dm_00017798-RA	AT2G40610.1	N/A	77.912	249	49	3	9	256	10	253	1.70e-143	402
Dm_00017721-RA	AT2G40280.1	N/A	66.736	478	115	5	123	587	77	523	0.0	670
Dm_00017826-RA	AT5G02250.1	N/A	66.792	801	258	4	1	793	2	802	0.0	1049
Dm_00016348-RA	AT3G55700.1	N/A	46.624	474	221	7	21	486	4	453	3.22e-148	431
Dm_00010666-RA	AT5G50920.1	N/A	82.911	790	111	4	1	774	145	926	0.0	1285
Dm_00012115-RA	AT1G44350.1	N/A	62.471	437	153	5	51	484	36	464	0.0	526
Dm_00011692-RA	AT5G35170.2	N/A	65.868	501	140	4	82	552	71	570	0.0	684
Dm_00011695-RA	AT3G18760.1	N/A	52.318	151	23	1	1	151	1	102	3.16e-47	153
Dm_00013232-RA	AT5G26667.2	N/A	87.342	158	20	0	1	158	22	179	2.31e-101	290
Dm_00013234-RA	AT5G26667.2	N/A	83.425	181	28	1	1	181	1	179	1.52e-108	309
Dm_00012469-RA	AT1G62750.1	N/A	78.934	807	143	5	46	849	1	783	0.0	1271
Dm_00012350-RA	AT4G26790.2	N/A	66.163	331	112	0	21	351	20	350	2.49e-168	473
Dm_00011212-RA	AT4G00330.1	N/A	46.739	184	78	6	31	201	101	277	1.29e-42	149
Dm_00005108-RA	AT4G03280.1	N/A	73.160	231	57	3	1	228	1	229	7.73e-105	302
Dm_00005029-RA	AT2G30620.2	N/A	66.316	95	27	1	49	138	60	154	1.40e-34	124
Dm_00005067-RA	AT4G22590.1	N/A	67.089	395	98	6	1	393	1	365	0.0	518
Dm_00005062-RA	AT3G21360.1	N/A	58.333	96	40	0	4	99	211	306	2.60e-38	130
Dm_00019536-RA	AT5G65530.1	N/A	50.501	499	174	10	33	526	26	456	7.08e-161	465
Dm_00014960-RA	AT4G16470.1	N/A	56.180	445	195	0	100	544	45	489	7.29e-173	504
Dm_00015911-RA	AT2G36090.1	N/A	29.582	311	143	9	129	438	32	267	1.40e-31	126
Dm_00016253-RA	AT4G37530.1	N/A	54.062	320	123	4	26	334	23	329	6.08e-119	346
Dm_00014362-RA	AT2G34640.1	N/A	62.937	429	135	5	93	507	26	444	0.0	523
Dm_00004091-RA	AT3G63540.1	N/A	77.931	145	28	2	120	264	3	143	1.03e-79	237
Dm_00005081-RA	AT2G28290.1	N/A	76.052	618	122	2	677	1294	457	1048	0.0	916
Dm_00005387-RA	AT2G17380.1	N/A	87.500	160	20	0	1	160	2	161	1.58e-106	301
Dm_00005391-RA	AT5G64050.1	N/A	73.438	576	138	5	2	574	3	566	0.0	878
Dm_00008053-RA	AT2G34250.2	N/A	86.737	475	46	2	180	637	1	475	0.0	823
Dm_00008472-RA	AT4G37750.1	N/A	51.901	526	157	15	1	489	1	467	2.10e-151	450
Dm_00007486-RA	AT4G27950.1	N/A	48.458	227	91	8	8	226	11	219	1.38e-46	161
Dm_00007634-RA	AT5G51010.1	N/A	69.524	105	31	1	81	185	50	153	2.69e-51	162
Dm_00008624-RA	AT1G17020.1	N/A	47.368	361	154	6	11	352	11	354	3.24e-106	323
Dm_00003493-RA	AT4G29230.2	N/A	43.182	132	52	3	57	180	374	490	8.43e-25	100
Dm_00003272-RA	AT1G23100.1	N/A	80.000	95	19	0	1	95	1	95	5.76e-53	160
Dm_00003277-RA	AT1G70780.1	N/A	56.061	132	57	1	5	135	9	140	2.65e-51	159
Dm_00003015-RA	AT4G29750.1	N/A	49.259	607	249	6	338	906	236	821	0.0	556
Dm_00003915-RA	AT3G07810.2	N/A	61.538	507	151	12	26	503	1	492	0.0	541
Dm_00017254-RA	AT5G47520.1	N/A	65.625	224	21	2	86	256	1	221	1.34e-96	282
Dm_00017008-RA	AT3G55280.2	N/A	82.581	155	26	1	1	155	1	154	1.34e-62	189
Dm_00017359-RA	AT4G19030.2	N/A	55.000	120	47	2	9	128	20	132	6.92e-39	131
Dm_00014196-RA	AT1G72690.1	N/A	54.945	91	32	2	45	134	3	85	1.25e-24	90.5
Dm_00015414-RA	AT1G64500.1	N/A	46.933	375	180	9	1	366	1	365	3.68e-106	316
Dm_00013341-RA	AT5G13650.1	N/A	77.206	680	146	4	1	679	1	672	0.0	1079
Dm_00013948-RA	AT1G48160.1	N/A	72.414	87	23	1	7	92	9	95	2.59e-42	135
Dm_00013947-RA	AT3G12620.1	N/A	70.822	377	106	3	3	378	4	377	0.0	554
Dm_00015204-RA	AT4G35987.1	N/A	55.682	176	65	2	29	191	129	304	6.77e-67	209
Dm_00020412-RA	AT5G22620.2	N/A	64.381	452	138	5	74	516	44	481	0.0	581
Dm_00020829-RA	AT5G64140.1	N/A	90.769	65	5	1	1	65	1	64	1.53e-36	117
Dm_00020595-RA	AT4G31530.1	N/A	67.094	234	48	1	111	315	91	324	2.48e-110	323
Dm_00013970-RA	AT4G27760.1	N/A	69.730	370	104	2	9	378	15	376	0.0	513
Dm_00012569-RA	AT5G48440.1	N/A	58.178	428	167	4	54	475	38	459	6.35e-174	499
Dm_00012609-RA	AT5G18280.1	N/A	66.463	328	105	3	21	343	109	436	8.01e-146	420
Dm_00003292-RA	AT2G35940.1	N/A	45.959	631	240	19	152	758	126	679	2.53e-126	392
Dm_00003109-RA	AT1G01320.3	N/A	51.131	1946	643	47	2	1852	57	1789	0.0	1708
Dm_00003457-RA	AT5G38240.3	N/A	39.467	375	180	10	21	387	213	548	1.72e-84	269
Dm_00003448-RA	AT5G66470.2	N/A	72.727	319	67	1	2	320	129	427	1.53e-174	490
Dm_00014684-RA	AT3G63170.1	N/A	55.882	170	62	1	9	178	119	275	3.13e-63	196
Dm_00014071-RA	AT3G57680.1	N/A	69.488	449	121	4	3	436	71	518	0.0	649
Dm_00014218-RA	AT3G49010.2	N/A	72.159	176	44	1	33	203	16	191	2.21e-87	257
Dm_00013735-RA	AT5G12110.1	N/A	72.368	228	63	0	1	228	1	228	6.20e-105	302
Dm_00013737-RA	AT5G19500.1	N/A	67.880	467	140	4	9	474	24	481	0.0	592
Dm_00012289-RA	AT5G44730.1	N/A	75.000	252	61	2	1	251	3	253	1.49e-145	407
Dm_00020048-RA	AT1G62610.3	N/A	64.311	283	96	1	1	283	1	278	2.74e-133	379
Dm_00020129-RA	AT4G25950.1	N/A	50.000	108	52	1	56	163	1	106	5.58e-31	108
Dm_00020164-RA	AT3G13620.1	N/A	59.657	466	175	5	2	467	5	457	0.0	545
Dm_00019493-RA	AT3G22370.1	N/A	50.000	180	70	6	1	169	2	172	2.38e-49	162
Dm_00020641-RA	AT3G05560.1	N/A	81.301	123	19	2	1	123	1	119	6.99e-56	170
Dm_00005418-RA	AT3G61470.1	N/A	90.278	216	20	1	42	256	37	252	1.74e-146	410
Dm_00004901-RA	AT5G63960.1	N/A	75.554	1129	218	7	5	1128	20	1095	0.0	1754
Dm_00004907-RA	AT5G26660.1	N/A	52.190	274	123	3	1	266	1	274	4.18e-90	276
Dm_00005170-RA	AT1G11860.3	N/A	87.500	408	50	1	4	410	15	422	0.0	743
Dm_00005267-RA	AT2G30170.1	N/A	63.241	253	78	1	17	269	59	296	2.42e-119	343
Dm_00004734-RA	AT4G26860.1	N/A	70.370	243	62	3	1	234	1	242	2.10e-118	338
Dm_00006114-RA	AT3G13470.1	N/A	80.725	524	79	3	1	524	1	502	0.0	808
Dm_00007915-RA	AT4G38970.1	N/A	85.464	399	56	2	1	398	1	398	0.0	702
Dm_00006803-RA	AT5G54540.1	N/A	30.037	273	133	8	70	333	74	297	2.18e-22	95.5
Dm_00006747-RA	AT1G67280.2	N/A	88.068	176	21	0	10	185	80	255	8.12e-113	323
Dm_00006748-RA	AT1G67280.1	N/A	75.385	130	28	2	49	177	41	167	4.36e-64	202
Dm_00007537-RA	AT1G11720.1	N/A	64.740	1038	316	11	66	1058	10	1042	0.0	1363
Dm_00015745-RA	AT4G22890.2	N/A	67.314	309	94	2	1	309	1	302	3.07e-148	418
Dm_00015826-RA	AT1G59740.1	N/A	70.598	585	141	8	2	569	3	573	0.0	834
Dm_00014846-RA	AT3G14610.1	N/A	50.099	503	237	4	24	524	21	511	0.0	530
Dm_00015987-RA	AT4G36920.1	N/A	58.478	289	90	6	84	366	47	311	1.08e-90	283
Dm_00016101-RA	AT5G27540.1	N/A	67.470	332	81	4	2	330	6	313	5.69e-157	457
Dm_00019551-RA	AT3G61490.3	N/A	62.201	209	66	3	1	209	5	200	2.19e-87	269
Dm_00019149-RA	AT5G65360.1	N/A	100.000	136	0	0	1	136	1	136	7.61e-96	272
Dm_00017041-RA	AT5G01590.1	N/A	61.800	500	168	6	1	493	1	484	0.0	639
Dm_00016459-RA	AT1G11960.2	N/A	79.048	105	22	0	1	105	1	105	1.31e-55	182
Dm_00017863-RA	AT1G08280.1	N/A	50.483	414	182	6	43	449	1	398	2.85e-137	400
Dm_00019608-RA	AT5G38530.1	N/A	77.547	481	103	3	15	491	27	506	0.0	795
Dm_00009455-RA	AT1G67310.1	N/A	57.877	584	237	7	273	848	402	984	0.0	630
Dm_00009896-RA	AT5G59250.1	N/A	81.182	457	86	0	34	490	102	558	0.0	733
Dm_00007666-RA	AT2G34770.1	N/A	52.814	231	98	1	1	220	1	231	2.83e-82	245
Dm_00008738-RA	AT4G33140.1	N/A	76.119	201	40	1	134	326	147	347	4.17e-115	337
Dm_00009295-RA	AT5G19450.2	N/A	73.396	530	136	2	1	525	1	530	0.0	835
Dm_00002601-RA	AT3G01430.1	N/A	34.737	190	86	8	3	172	2	173	1.93e-22	89.4
Dm_00002600-RA	AT3G48000.1	N/A	72.727	572	119	6	1	569	1	538	0.0	862
Dm_00002394-RA	AT3G53520.1	N/A	68.820	449	123	9	14	459	1	435	0.0	595
Dm_00002400-RA	AT5G36790.2	N/A	77.534	365	71	5	8	368	4	361	0.0	545
Dm_00002404-RA	AT3G03310.1	N/A	68.161	446	134	3	146	589	6	445	0.0	619
Dm_00002248-RA	AT5G57170.2	N/A	74.561	114	29	0	1	114	1	114	2.51e-58	176
Dm_00012912-RA	AT5G08100.1	N/A	79.683	315	59	1	1	315	2	311	0.0	506
Dm_00012913-RA	AT1G18580.1	N/A	74.674	537	134	2	1	535	1	537	0.0	844
Dm_00013432-RA	AT1G12110.1	N/A	64.094	596	200	8	1	588	1	590	0.0	753
Dm_00013892-RA	AT5G51990.1	N/A	54.587	218	83	5	288	499	14	221	3.25e-64	208
Dm_00013984-RA	AT4G04770.1	N/A	74.912	570	121	5	4	564	1	557	0.0	865
Dm_00014550-RA	AT1G67730.1	N/A	60.515	233	75	2	157	389	30	245	4.38e-96	293
Dm_00014399-RA	AT1G66670.1	N/A	66.415	265	76	3	50	301	39	303	4.95e-124	358
Dm_00004934-RA	AT1G15870.1	N/A	51.500	200	92	2	53	252	48	242	6.98e-66	205
Dm_00004587-RA	AT1G72370.2	N/A	68.905	283	43	2	2	284	5	242	9.66e-137	391
Dm_00004151-RA	AT5G04170.1	N/A	58.639	191	76	3	87	274	164	354	1.75e-74	231
Dm_00004918-RA	AT5G62810.1	N/A	53.571	224	92	5	23	242	24	239	4.73e-56	194
Dm_00004919-RA	AT5G62790.1	N/A	84.807	441	62	1	12	447	31	471	0.0	756
Dm_00004916-RA	AT1G79040.1	N/A	70.423	142	34	4	1	136	1	140	2.61e-62	187
Dm_00004650-RA	AT3G61040.1	N/A	46.737	475	237	5	32	502	32	494	1.23e-156	455
Dm_00005487-RA	AT5G09250.4	N/A	50.000	98	44	2	1	94	1	97	4.43e-25	90.9
Dm_00005494-RA	AT5G63810.1	N/A	66.957	690	210	4	319	998	58	739	0.0	967
Dm_00005762-RA	AT2G37090.1	N/A	53.846	351	134	7	1	327	1	347	1.46e-121	354
Dm_00005544-RA	AT4G14990.1	N/A	50.060	839	353	19	1	825	1	787	0.0	717
Dm_00006073-RA	AT4G01150.1	N/A	64.458	166	56	1	6	171	2	164	4.31e-69	207
Dm_00006081-RA	AT2G46220.1	N/A	65.079	189	62	1	66	254	55	239	6.53e-92	272
Dm_00014106-RA	AT1G19485.1	N/A	33.182	440	236	13	130	525	8	433	2.70e-68	235
Dm_00013941-RA	AT2G24820.1	N/A	77.094	406	92	1	23	427	133	538	0.0	674
Dm_00011902-RA	AT1G59960.1	N/A	53.614	332	147	2	1	331	1	326	1.61e-139	398
Dm_00012739-RA	AT1G20050.1	N/A	62.443	221	76	2	10	225	5	223	5.23e-87	257
Dm_00013869-RA	AT3G19800.2	N/A	55.396	139	60	2	6	144	47	183	5.54e-52	165
Dm_00017336-RA	AT4G15720.1	N/A	52.961	591	266	6	29	608	27	616	0.0	644
Dm_00020001-RA	AT5G08680.1	N/A	92.947	397	28	0	1	397	162	558	0.0	761
Dm_00020374-RA	AT4G19030.1	N/A	75.000	88	22	0	5	92	205	292	1.82e-41	138
Dm_00018090-RA	AT1G66400.1	N/A	48.366	153	70	1	13	165	10	153	2.47e-45	146
Dm_00008106-RA	AT1G72020.1	N/A	59.259	81	32	1	35	114	17	97	1.65e-30	104
Dm_00008043-RA	AT1G73020.3	N/A	64.769	650	225	3	1	649	1	647	0.0	860
Dm_00008045-RA	AT4G29410.1	N/A	70.175	114	33	1	58	170	1	114	5.44e-50	159
Dm_00007469-RA	AT5G02810.1	N/A	41.720	628	240	25	41	584	104	689	3.98e-85	280
Dm_00006537-RA	AT4G02990.2	N/A	71.734	421	117	2	27	446	98	517	0.0	624
Dm_00008812-RA	AT5G13980.2	N/A	67.701	709	193	8	1	681	3	703	0.0	983
Dm_00008374-RA	AT1G23400.1	N/A	60.771	571	177	7	1	543	1	552	0.0	640
Dm_00007581-RA	AT3G16980.1	N/A	83.333	114	19	0	1	114	1	114	4.13e-72	210
Dm_00007036-RA	AT4G21210.1	N/A	64.187	363	120	4	51	404	42	403	7.91e-165	468
Dm_00006892-RA	AT4G22190.1	N/A	45.963	322	116	15	3	294	55	348	6.86e-52	176
Dm_00005346-RA	AT4G36470.1	N/A	44.595	222	95	4	103	317	1	201	4.00e-57	190
Dm_00007771-RA	AT4G01440.4	N/A	54.098	122	55	1	1	121	1	122	1.05e-36	126
Dm_00008138-RA	AT2G35390.2	N/A	78.663	389	56	1	34	422	41	402	0.0	635
Dm_00008141-RA	AT3G54130.1	N/A	67.251	171	47	3	1	162	82	252	2.64e-74	225
Dm_00008080-RA	AT3G56200.1	N/A	53.364	431	200	1	5	435	2	431	6.58e-165	471
Dm_00008079-RA	AT3G59490.2	N/A	54.839	279	110	5	7	285	31	293	9.17e-97	286
Dm_00007385-RA	AT1G02850.2	N/A	57.710	428	155	1	15	442	86	487	0.0	535
Dm_00012468-RA	AT5G06580.1	N/A	68.937	602	136	6	1	586	1	567	0.0	819
Dm_00012578-RA	AT1G68660.1	N/A	86.047	86	12	0	16	101	74	159	4.59e-52	160
Dm_00014413-RA	AT5G28060.1	N/A	83.333	132	22	0	1	132	1	132	1.30e-78	228
Dm_00012857-RA	AT3G21300.1	N/A	72.332	506	137	2	62	564	49	554	0.0	767
Dm_00014447-RA	AT2G42590.2	N/A	76.623	231	54	0	75	305	12	242	2.80e-129	369
Dm_00012269-RA	AT1G50450.1	N/A	74.809	393	99	0	35	427	36	428	0.0	613
Dm_00016921-RA	AT5G58330.2	N/A	78.271	428	77	4	22	448	30	442	0.0	671
Dm_00017809-RA	AT3G14690.1	N/A	47.180	532	239	4	7	536	20	511	0.0	531
Dm_00018186-RA	AT3G14240.1	N/A	74.252	769	175	4	51	816	27	775	0.0	1174
Dm_00019285-RA	AT1G74730.1	N/A	74.359	156	40	0	3	158	43	198	1.59e-62	191
Dm_00019482-RA	AT1G60000.1	N/A	70.370	162	47	1	90	250	83	244	6.37e-79	239
Dm_00018909-RA	AT2G24270.2	N/A	87.500	496	62	0	1	496	41	536	0.0	920
Dm_00019337-RA	AT2G21960.1	N/A	81.560	282	52	0	55	336	50	331	9.07e-167	468
Dm_00019456-RA	AT3G07320.1	N/A	62.198	455	161	4	11	465	14	457	0.0	582
Dm_00018215-RA	AT2G21050.1	N/A	78.758	499	67	2	7	505	2	461	0.0	825
Dm_00019097-RA	AT3G14850.2	N/A	48.113	318	160	3	33	346	34	350	6.17e-114	335
Dm_00018737-RA	AT5G60390.1	N/A	94.655	449	24	0	1	449	1	449	0.0	884
Dm_00017791-RA	AT4G05200.1	N/A	46.995	649	305	13	47	685	15	634	0.0	570
Dm_00019716-RA	AT5G59750.1	N/A	73.278	479	116	4	40	514	32	502	0.0	707
Dm_00018222-RA	AT2G40590.1	N/A	77.381	84	19	0	17	100	30	113	1.97e-42	136
Dm_00017128-RA	AT1G16740.1	N/A	87.931	116	14	0	1	116	1	116	7.77e-73	213
Dm_00018343-RA	AT3G22845.1	N/A	81.773	203	37	0	20	222	12	214	1.05e-128	362
Dm_00014491-RA	AT3G62920.1	N/A	59.677	62	25	0	12	73	17	78	1.49e-23	85.1
Dm_00011448-RA	AT1G79620.1	N/A	60.952	945	270	12	41	896	37	971	0.0	1100
Dm_00011573-RA	AT5G06580.1	N/A	65.691	615	158	6	1	610	1	567	0.0	806
Dm_00009220-RA	AT2G39730.1	N/A	80.652	460	87	2	9	467	16	474	0.0	779
Dm_00010611-RA	AT4G39410.1	N/A	84.615	52	8	0	42	93	192	243	4.23e-27	101
Dm_00011165-RA	AT5G09830.1	N/A	85.000	60	9	0	4	63	21	80	3.32e-34	112
Dm_00013328-RA	AT2G02850.1	N/A	58.268	127	50	2	4	128	3	128	1.31e-49	154
Dm_00012642-RA	AT3G14420.2	N/A	90.786	369	32	1	1	369	1	367	0.0	675
Dm_00013566-RA	AT1G27390.1	N/A	55.474	137	60	1	41	176	1	137	1.81e-44	148
Dm_00014322-RA	AT5G04510.1	N/A	76.031	509	98	2	13	518	4	491	0.0	800
Dm_00007962-RA	AT1G03650.1	N/A	63.226	155	57	0	1	155	1	155	4.79e-73	216
Dm_00011000-RA	AT4G09650.1	N/A	50.973	257	100	4	1	255	1	233	2.15e-80	241
Dm_00010990-RA	AT1G32060.1	N/A	80.645	403	68	3	1	403	1	393	0.0	671
Dm_00008193-RA	AT3G17040.1	N/A	59.011	627	214	8	31	624	22	638	0.0	711
Dm_00009817-RA	AT2G38120.1	N/A	72.515	513	82	4	30	537	25	483	0.0	762
Dm_00011187-RA	AT2G37260.1	N/A	44.191	482	194	18	1	469	1	420	1.95e-103	315
Dm_00015607-RA	AT5G56890.1	N/A	55.718	682	261	12	87	750	455	1113	0.0	689
Dm_00002422-RA	AT4G37270.1	N/A	72.316	708	194	2	113	819	95	801	0.0	1025
Dm_00002417-RA	AT3G50120.1	N/A	59.563	549	187	7	1000	1535	3	529	0.0	666
Dm_00002512-RA	AT1G52510.1	N/A	78.338	337	69	1	89	421	32	368	0.0	561
Dm_00002509-RA	AT1G80070.1	N/A	95.151	2186	90	4	2	2174	1	2183	0.0	4259
Dm_00002856-RA	AT1G59940.1	N/A	52.340	235	86	4	7	232	1	218	7.18e-70	214
Dm_00002543-RA	AT5G01740.1	N/A	41.436	181	81	8	1	175	1	162	4.19e-34	118
Dm_00002536-RA	AT5G06290.1	N/A	82.301	226	32	1	67	292	56	273	9.70e-138	390
Dm_00002922-RA	AT3G01370.1	N/A	50.201	996	431	17	47	1008	47	1011	0.0	868
Dm_00002278-RA	AT1G22840.1	N/A	86.486	111	15	0	1	111	1	111	3.70e-70	205
Dm_00007824-RA	AT5G04770.1	N/A	74.147	557	142	2	17	573	15	569	0.0	806
Dm_00007664-RA	AT1G24540.1	N/A	52.214	542	226	6	3	534	2	520	0.0	581
Dm_00007433-RA	AT1G20020.1	N/A	78.108	370	73	4	1	363	1	369	0.0	586
Dm_00008155-RA	AT3G12110.1	N/A	97.878	377	8	0	1	377	1	377	0.0	773
Dm_00009737-RA	AT1G11330.2	N/A	68.217	129	41	0	63	191	630	758	3.24e-53	191
Dm_00011295-RA	AT3G01500.1	N/A	73.810	252	57	1	4	246	19	270	2.32e-135	382
Dm_00009841-RA	AT1G10200.1	N/A	55.747	174	49	3	4	149	3	176	1.01e-63	195
Dm_00005972-RA	AT4G33865.1	N/A	88.889	54	6	0	1	54	1	54	8.32e-30	105
Dm_00007628-RA	AT3G27820.1	N/A	82.278	237	42	0	1	237	1	237	3.06e-135	389
Dm_00007627-RA	AT3G27820.1	N/A	61.074	298	109	4	17	312	195	487	6.37e-110	328
Dm_00007767-RA	AT4G18100.1	N/A	82.540	126	22	0	1	126	1	126	1.97e-75	220
Dm_00007945-RA	AT3G54890.1	N/A	81.967	244	37	2	5	248	3	239	9.89e-140	392
Dm_00014134-RA	AT1G77720.1	N/A	48.737	792	302	16	53	817	56	770	0.0	682
Dm_00015874-RA	AT2G45720.2	N/A	56.441	590	216	14	1	586	1	553	0.0	621
Dm_00015176-RA	AT5G22800.2	N/A	75.444	900	217	4	188	1085	104	1001	0.0	1400
Dm_00015771-RA	AT1G25260.1	N/A	64.681	235	62	2	1	214	1	235	4.52e-102	295
Dm_00000834-RA	AT5G54770.1	N/A	73.333	360	85	5	65	424	1	349	0.0	535
Dm_00000833-RA	AT1G54290.1	N/A	90.123	81	8	0	1	81	1	81	1.66e-52	159
Dm_00000579-RA	AT3G05345.1	N/A	57.676	241	79	4	25	248	10	244	3.10e-95	280
Dm_00000584-RA	AT4G14950.1	N/A	60.546	403	149	5	8	402	15	415	2.32e-174	493
Dm_00000587-RA	AT1G09020.1	N/A	70.348	489	123	3	1	470	1	486	0.0	691
Dm_00000619-RA	AT1G56220.1	N/A	67.500	120	30	3	1	111	1	120	3.24e-42	136
Dm_00000605-RA	AT3G05480.1	N/A	57.568	403	147	6	3	402	1	382	1.86e-162	464
Dm_00001139-RA	AT1G74970.1	N/A	70.918	196	46	2	24	219	23	207	1.75e-93	272
Dm_00001144-RA	AT4G36830.1	N/A	53.623	276	113	5	11	283	6	269	3.53e-91	273
Dm_00004330-RA	AT2G21530.1	N/A	61.739	115	44	0	80	194	85	199	1.25e-47	156
Dm_00003802-RA	AT2G03200.1	N/A	43.026	423	214	12	43	448	47	459	1.15e-99	306
Dm_00004168-RA	AT1G15370.1	N/A	76.923	130	29	1	21	150	18	146	1.65e-72	214
Dm_00004170-RA	AT4G32320.1	N/A	55.649	239	56	3	37	227	90	326	1.09e-87	263
Dm_00003377-RA	AT4G38400.1	N/A	49.819	277	107	3	17	291	19	265	4.20e-82	248
Dm_00004420-RA	AT1G71090.1	N/A	64.254	456	147	5	10	461	4	447	0.0	580
Dm_00000455-RA	AT5G24270.2	N/A	65.044	226	65	2	6	226	1	217	1.35e-102	296
Dm_00000464-RA	AT5G53170.1	N/A	65.531	734	217	8	67	770	59	786	0.0	927
Dm_00001235-RA	AT1G20200.1	N/A	78.659	492	87	5	1	478	1	488	0.0	741
Dm_00001242-RA	AT1G76080.1	N/A	60.000	320	103	4	1	320	8	302	2.55e-132	379
Dm_00001241-RA	AT1G20270.1	N/A	79.167	288	59	1	1	288	1	287	9.64e-174	481
Dm_00001267-RA	AT4G35090.1	N/A	87.984	491	59	0	1	491	1	491	0.0	929
Dm_00000623-RA	AT1G15520.1	N/A	67.336	1445	448	3	1	1443	1	1423	0.0	2081
Dm_00000629-RA	AT5G25530.2	N/A	68.103	348	95	5	1	343	1	337	3.43e-165	464
Dm_00000640-RA	AT5G11480.1	N/A	77.381	252	57	0	69	320	67	318	4.96e-142	404
Dm_00016064-RA	AT1G34350.1	N/A	66.667	162	52	1	1	160	1	162	2.61e-75	222
Dm_00017367-RA	AT2G07050.1	N/A	48.966	145	63	4	1	144	1	135	2.05e-39	140
Dm_00016395-RA	AT3G53620.1	N/A	78.704	216	41	1	56	266	1	216	4.47e-127	360
Dm_00016773-RA	AT3G12080.1	N/A	75.000	536	130	2	112	644	108	642	0.0	833
Dm_00011878-RA	AT4G03200.1	N/A	69.946	742	194	3	35	747	77	818	0.0	1088
Dm_00011885-RA	AT4G25450.1	N/A	66.810	699	197	9	22	709	40	714	0.0	923
Dm_00011681-RA	AT1G01860.1	N/A	62.805	328	118	1	16	343	19	342	6.41e-148	422
Dm_00012970-RA	AT5G62740.1	N/A	87.589	282	35	0	1	282	1	282	0.0	518
Dm_00012019-RA	AT1G47960.2	N/A	37.736	159	86	3	48	206	21	166	1.55e-27	102
Dm_00012028-RA	AT4G34020.1	N/A	60.345	406	146	3	79	482	79	471	3.85e-172	493
Dm_00016651-RA	AT2G36620.1	N/A	84.076	157	25	0	1	157	1	157	2.54e-86	250
Dm_00016757-RA	AT4G12230.1	N/A	77.049	305	49	2	1	305	25	308	4.80e-171	487
Dm_00016627-RA	AT4G09730.1	N/A	62.654	648	189	11	23	664	18	618	0.0	739
Dm_00016456-RA	AT1G31330.1	N/A	70.085	234	57	4	1	234	1	221	1.76e-111	319
Dm_00001639-RA	AT2G18110.1	N/A	81.140	228	43	0	5	232	4	231	1.10e-117	335
Dm_00001964-RA	AT1G65295.1	N/A	82.353	68	11	1	56	122	48	115	3.11e-36	120
Dm_00001977-RA	AT1G31800.1	N/A	78.727	550	108	2	71	614	42	588	0.0	889
Dm_00001980-RA	AT3G47860.1	N/A	63.175	315	108	5	18	328	43	353	2.45e-138	396
Dm_00002175-RA	AT1G14030.1	N/A	68.288	473	140	6	24	492	16	482	0.0	645
Dm_00002030-RA	AT2G30390.1	N/A	70.332	482	84	6	24	457	40	510	0.0	628
Dm_00001538-RA	AT2G31970.1	N/A	67.997	1303	410	2	1	1296	1	1303	0.0	1778
Dm_00005336-RA	AT5G40330.1	N/A	66.055	109	37	0	11	119	8	116	1.20e-50	163
Dm_00005334-RA	AT4G16720.1	N/A	90.640	203	19	0	14	216	2	204	6.41e-126	354
Dm_00005337-RA	AT4G16760.1	N/A	78.506	656	140	1	9	663	3	658	0.0	1091
Dm_00004619-RA	AT1G13560.1	N/A	89.130	46	5	0	37	82	1	46	2.20e-24	94.4
Dm_00004890-RA	AT2G04842.2	N/A	82.305	616	105	2	54	669	39	650	0.0	1083
Dm_00004884-RA	AT1G04970.1	N/A	57.112	457	192	2	47	500	27	482	0.0	554
Dm_00016852-RA	AT1G75460.1	N/A	76.522	230	45	4	66	294	57	278	4.97e-114	330
Dm_00015446-RA	AT3G03610.1	N/A	61.812	309	75	3	2	271	5	309	1.62e-134	384
Dm_00016822-RA	AT3G26590.1	N/A	61.569	497	173	2	46	542	1	479	0.0	617
Dm_00016619-RA	AT5G51970.1	N/A	82.418	364	60	1	134	493	1	364	0.0	629
Dm_00011746-RA	AT3G62830.1	N/A	65.769	260	79	4	1	258	1	252	1.36e-111	330
Dm_00011260-RA	AT4G12830.1	N/A	67.918	293	67	2	11	277	89	380	2.19e-141	403
Dm_00011173-RA	AT1G77120.1	N/A	77.215	395	73	2	3	397	2	379	0.0	635
Dm_00011171-RA	AT2G20490.1	N/A	55.435	92	6	2	1	92	1	57	9.03e-24	86.3
Dm_00010497-RA	AT4G01410.1	N/A	50.262	191	90	2	40	230	41	226	6.02e-55	176
Dm_00010495-RA	AT2G46820.2	N/A	50.000	114	47	3	34	142	35	143	3.25e-23	90.5
Dm_00011718-RA	AT2G28150.1	N/A	53.631	537	213	19	1	517	1	521	2.22e-148	436
Dm_00011427-RA	AT1G68740.1	N/A	70.640	797	217	9	1	793	1	784	0.0	1103
Dm_00019784-RA	AT1G33260.2	N/A	52.830	318	125	8	54	350	28	341	8.90e-106	315
Dm_00019621-RA	AT4G19120.2	N/A	76.645	608	129	6	1	607	1	596	0.0	994
Dm_00019599-RA	AT2G31840.1	N/A	65.737	251	78	2	38	280	98	348	1.78e-112	328
Dm_00019346-RA	AT3G43540.1	N/A	62.457	293	109	1	70	361	37	329	4.97e-126	367
Dm_00004715-RA	AT1G06680.1	N/A	71.587	271	69	2	1	271	1	263	1.04e-134	381
Dm_00004695-RA	AT2G04270.7	N/A	48.777	736	283	11	239	896	59	778	0.0	624
Dm_00004040-RA	AT1G08780.1	N/A	72.093	129	33	1	1	126	1	129	1.64e-63	189
Dm_00004815-RA	AT1G80230.1	N/A	68.932	103	16	1	7	109	66	152	2.31e-46	147
Dm_00003926-RA	AT2G23420.1	N/A	76.207	580	115	3	1	580	1	557	0.0	913
Dm_00003933-RA	AT4G37040.1	N/A	72.165	291	61	2	3	273	59	349	1.62e-150	424
Dm_00003929-RA	AT4G33985.1	N/A	52.795	161	61	4	1	156	1	151	2.80e-41	140
Dm_00003925-RA	AT1G23740.1	N/A	70.629	143	42	0	1	143	244	386	8.13e-70	215
Dm_00003928-RA	AT1G22340.1	N/A	54.737	475	207	5	2	473	9	478	0.0	539
Dm_00003930-RA	AT3G50370.2	N/A	40.757	2326	967	81	50	2284	1	2006	0.0	1211
Dm_00004500-RA	AT4G00030.1	N/A	67.241	174	56	1	44	217	37	209	1.86e-84	249
Dm_00001322-RA	AT2G43040.2	N/A	66.395	613	188	4	74	684	1	597	0.0	762
Dm_00001208-RA	AT1G65260.1	N/A	71.131	336	86	5	1	331	1	330	1.19e-164	462
Dm_00001217-RA	AT4G12800.2	N/A	69.915	236	51	4	1	233	63	281	1.70e-88	265
Dm_00001219-RA	AT3G02830.1	N/A	54.137	423	122	10	69	467	16	390	1.83e-148	429
Dm_00001226-RA	AT3G04600.3	N/A	78.218	303	51	3	1	289	1	302	5.86e-176	493
Dm_00001221-RA	AT5G16530.1	N/A	70.822	353	100	2	1	352	1	351	0.0	516
Dm_00001933-RA	AT2G01830.6	N/A	61.848	920	313	9	29	936	88	981	0.0	1106
Dm_00002315-RA	AT1G80760.1	N/A	64.444	315	80	6	1	294	1	304	2.20e-129	372
Dm_00002319-RA	AT1G80730.1	N/A	39.320	206	77	11	89	286	63	228	1.50e-25	101
Dm_00002055-RA	AT4G25720.4	N/A	54.511	266	96	3	1	246	1	261	1.01e-89	266
Dm_00004072-RA	AT1G01490.4	N/A	45.161	155	72	3	4	151	55	203	1.39e-21	86.7
Dm_00002614-RA	AT1G05260.1	N/A	44.037	327	169	7	10	327	4	325	4.15e-83	254
Dm_00003654-RA	AT3G15940.2	N/A	57.402	716	267	8	23	730	11	696	0.0	761
Dm_00003655-RA	AT1G15670.1	N/A	44.828	377	189	9	1	376	1	359	2.29e-97	294
Dm_00003584-RA	AT3G13120.2	N/A	61.616	198	64	4	1	193	1	191	6.41e-68	206
Dm_00003595-RA	AT4G26690.1	N/A	54.545	726	318	5	6	729	44	759	0.0	770
Dm_00020307-RA	AT2G39080.1	N/A	57.692	312	97	4	40	335	55	347	2.98e-123	358
Dm_00020358-RA	AT1G48830.1	N/A	73.298	191	51	0	1	191	1	191	4.27e-105	300
Dm_00020362-RA	AT3G51970.1	N/A	48.718	351	168	5	8	357	1	340	1.98e-106	316
Dm_00020314-RA	AT1G79480.2	N/A	59.028	144	53	3	208	350	250	388	4.98e-40	145
Dm_00001456-RA	AT1G61040.2	N/A	53.352	731	247	13	1	726	1	642	0.0	614
Dm_00001459-RA	AT1G51700.1	N/A	37.356	174	89	4	40	213	33	186	8.54e-29	108
Dm_00001466-RA	AT2G20860.2	N/A	63.830	470	69	5	22	489	1	371	0.0	534
Dm_00001470-RA	AT2G29990.1	N/A	66.805	482	157	3	41	520	28	508	0.0	658
Dm_00002086-RA	AT4G16650.1	N/A	75.304	494	118	2	49	541	41	531	0.0	751
Dm_00002092-RA	AT4G16600.1	N/A	69.191	383	118	0	1	383	112	494	0.0	577
Dm_00002093-RA	AT2G45140.1	N/A	61.710	269	66	4	19	283	2	237	3.66e-102	298
Dm_00002147-RA	AT5G08400.2	N/A	68.379	253	55	2	70	298	49	300	1.44e-125	360
Dm_00002146-RA	AT5G08380.1	N/A	78.261	322	69	1	2	323	76	396	0.0	537
Dm_00002163-RA	AT5G25160.1	N/A	42.857	224	87	8	76	278	32	235	1.97e-39	137
Dm_00002152-RA	AT5G07660.1	N/A	67.376	282	85	1	13	287	5	286	9.33e-134	405
Dm_00001798-RA	AT5G26940.2	N/A	44.083	338	154	10	6	340	1	306	6.23e-82	252
Dm_00001803-RA	AT1G22660.4	N/A	58.588	524	187	5	68	561	81	604	0.0	599
Dm_00001802-RA	AT2G47470.1	N/A	69.589	365	107	1	1	365	1	361	0.0	520
Dm_00001812-RA	AT1G02560.1	N/A	69.767	301	79	4	1	294	1	296	1.74e-146	414
Dm_00001819-RA	AT3G17100.1	N/A	46.203	158	79	3	39	190	49	206	2.44e-34	122
Dm_00001820-RA	AT1G09280.1	N/A	54.450	382	131	6	21	400	241	581	2.87e-135	400
Dm_00008845-RA	AT3G56480.1	N/A	63.211	492	170	6	1	487	1	486	0.0	607
Dm_00008672-RA	AT5G54080.2	N/A	83.488	430	69	1	21	450	13	440	0.0	766
Dm_00007947-RA	AT2G04360.1	N/A	52.493	341	137	5	1	340	1	317	1.22e-114	335
Dm_00009633-RA	AT5G17870.1	N/A	67.164	67	19	2	37	100	31	97	9.79e-27	95.9
Dm_00016524-RA	AT4G25570.1	N/A	52.055	219	95	2	6	220	6	218	1.33e-76	231
Dm_00015934-RA	AT4G09670.1	N/A	61.127	355	135	3	10	363	7	359	6.18e-166	468
Dm_00016110-RA	AT5G14970.1	N/A	49.719	356	141	9	17	363	25	351	5.40e-101	303
Dm_00008736-RA	AT5G20250.4	N/A	73.158	760	193	4	1	760	96	844	0.0	1173
Dm_00012553-RA	AT3G56860.10	N/A	59.447	434	136	11	94	510	68	478	6.54e-153	445
Dm_00000466-RA	AT5G60540.1	N/A	71.103	263	61	5	1	257	1	254	5.52e-129	366
Dm_00000493-RA	AT2G28000.1	N/A	88.720	461	51	1	60	519	31	491	0.0	808
Dm_00000494-RA	AT2G28000.1	N/A	81.053	95	18	0	6	100	492	586	1.41e-40	140
Dm_00000496-RA	AT5G05370.1	N/A	70.833	72	21	0	1	72	1	72	1.36e-37	120
Dm_00014373-RA	AT5G47010.1	N/A	90.391	281	27	0	1	281	257	537	2.16e-179	528
Dm_00011652-RA	AT5G38660.1	N/A	77.835	194	42	1	1	193	83	276	3.42e-108	311
Dm_00014939-RA	AT5G60970.1	N/A	87.952	83	10	0	57	139	47	129	1.18e-45	160
Dm_00015465-RA	AT2G43945.1	N/A	70.270	148	43	1	22	169	79	225	1.21e-67	207
Dm_00012338-RA	AT1G78300.1	N/A	88.095	252	29	1	4	254	3	254	7.33e-163	451
Dm_00015637-RA	AT5G10170.1	N/A	88.627	510	58	0	1	510	1	510	0.0	966
Dm_00013870-RA	AT5G40950.1	N/A	66.845	187	51	5	3	182	4	186	1.87e-73	220
Dm_00012332-RA	AT1G07070.1	N/A	86.667	105	14	0	1	105	1	105	1.67e-65	194
Dm_00012774-RA	AT3G62760.1	N/A	55.251	219	98	0	1	219	1	219	9.01e-88	259
Dm_00014131-RA	AT1G71691.2	N/A	69.970	333	99	1	54	385	52	384	5.39e-176	495
Dm_00014053-RA	AT2G45790.1	N/A	69.192	198	29	2	12	177	36	233	1.18e-89	265
Dm_00014157-RA	AT1G50460.3	N/A	63.514	296	84	3	1	296	151	422	8.76e-129	373
Dm_00013075-RA	AT5G04420.1	N/A	54.297	512	226	3	9	512	2	513	0.0	551
Dm_00014229-RA	AT3G15190.1	N/A	56.545	191	66	4	1	178	1	187	2.49e-62	192
Dm_00011665-RA	AT5G22020.1	N/A	69.643	392	118	1	1	392	5	395	0.0	560
Dm_00009997-RA	AT5G46330.2	N/A	36.174	575	341	10	2	572	41	593	2.58e-86	291
Dm_00008308-RA	AT1G53050.1	N/A	47.018	721	306	14	1	685	1	681	0.0	601
Dm_00008316-RA	AT4G28390.1	N/A	82.540	378	62	3	3	376	2	379	0.0	605
Dm_00009037-RA	AT4G03210.1	N/A	73.427	286	67	2	17	302	13	289	1.15e-166	464
Dm_00009225-RA	AT3G15360.1	N/A	67.308	104	34	0	72	175	88	191	9.45e-53	167
Dm_00001082-RA	AT3G50820.1	N/A	75.367	341	73	5	2	341	1	331	2.02e-179	500
Dm_00001085-RA	AT4G10380.1	N/A	77.978	277	58	3	31	306	29	303	2.20e-155	436
Dm_00001096-RA	AT5G26742.2	N/A	69.985	663	163	7	7	662	13	646	0.0	889
Dm_00000677-RA	AT1G29120.5	N/A	58.691	443	123	5	20	456	64	452	1.32e-163	469
Dm_00000696-RA	AT4G18480.1	N/A	80.879	387	72	1	24	408	35	421	0.0	615
Dm_00000687-RA	AT1G29070.1	N/A	70.455	88	21	1	4	91	73	155	9.13e-31	106
Dm_00000700-RA	AT2G29120.1	N/A	30.435	851	502	22	11	814	3	810	1.66e-122	392
Dm_00000706-RA	AT5G45960.1	N/A	34.524	168	108	1	5	170	144	311	1.01e-34	125
Dm_00001821-RA	AT1G56580.1	N/A	51.282	156	60	2	1	156	1	140	2.06e-49	158
Dm_00001824-RA	AT1G09340.1	N/A	83.481	339	56	0	37	375	34	372	0.0	607
Dm_00001816-RA	AT1G56500.1	N/A	67.554	601	168	5	1	583	1	592	0.0	827
Dm_00001817-RA	AT1G56500.3	N/A	56.294	286	82	2	53	337	557	800	4.57e-101	317
Dm_00001825-RA	AT3G62290.3	N/A	94.444	72	4	0	34	105	110	181	3.44e-45	144
Dm_00002061-RA	AT4G33200.4	N/A	78.648	651	131	2	1	643	9	659	0.0	1065
Dm_00001499-RA	AT1G10390.2	N/A	43.633	479	188	16	350	754	106	576	2.46e-61	227
Dm_00001505-RA	AT1G55690.4	N/A	52.913	618	247	8	38	612	9	625	0.0	593
Dm_00001520-RA	AT3G13224.2	N/A	67.347	294	78	6	1	283	1	287	2.67e-111	328
Dm_00001517-RA	AT4G26570.1	N/A	80.180	222	44	0	6	227	5	226	9.12e-132	370
Dm_00001590-RA	AT2G01110.1	N/A	70.845	343	90	4	2	343	7	340	4.20e-153	434
Dm_00001599-RA	AT2G01170.2	N/A	65.138	327	110	2	54	380	104	426	1.21e-149	430
Dm_00001603-RA	AT3G02600.1	N/A	67.568	296	88	2	7	298	43	334	1.23e-148	421
Dm_00015742-RA	AT4G09320.1	N/A	80.870	115	22	0	2	116	34	148	3.85e-67	199
Dm_00015824-RA	AT2G31400.1	N/A	65.670	836	269	6	48	882	89	907	0.0	1120
Dm_00008931-RA	AT4G23160.1	N/A	45.072	690	320	12	61	738	40	682	0.0	564
Dm_00009272-RA	AT1G34640.1	N/A	48.148	108	56	0	1	108	1	108	9.33e-31	105
Dm_00008491-RA	AT2G26440.1	N/A	61.583	518	183	7	548	1049	29	546	0.0	652
Dm_00008496-RA	AT5G20840.1	N/A	58.354	814	317	13	188	990	29	831	0.0	912
Dm_00010150-RA	AT3G44890.1	N/A	61.224	196	75	1	2	197	3	197	1.74e-81	241
Dm_00009621-RA	AT1G47420.1	N/A	62.048	166	63	0	36	201	74	239	1.06e-76	231
Dm_00012682-RA	AT5G61170.1	N/A	70.349	172	17	1	11	182	5	142	3.39e-82	240
Dm_00010564-RA	AT2G35410.1	N/A	46.286	175	93	1	92	265	87	261	1.24e-51	171
Dm_00011832-RA	AT2G38330.1	N/A	58.397	524	189	4	69	591	7	502	0.0	541
Dm_00007822-RA	AT5G15740.1	N/A	72.257	483	113	4	50	528	35	500	0.0	738
Dm_00013261-RA	AT3G04400.1	N/A	97.857	140	3	0	1	140	1	140	3.49e-98	278
Dm_00010932-RA	AT2G47240.2	N/A	55.000	680	221	5	3	618	1	659	0.0	759
Dm_00011945-RA	AT1G70580.1	N/A	83.576	481	70	1	2	473	1	481	0.0	838
Dm_00011031-RA	AT2G45290.2	N/A	80.514	739	136	3	1	732	1	738	0.0	1250
Dm_00011394-RA	AT4G28760.1	N/A	37.778	900	447	26	1	875	112	923	1.06e-150	467
Dm_00009153-RA	AT3G63140.1	N/A	76.724	348	81	0	69	416	59	406	0.0	567
Dm_00010773-RA	AT3G01180.1	N/A	64.605	760	223	9	87	820	53	792	0.0	967
Dm_00011580-RA	AT3G01980.4	N/A	56.226	265	116	0	8	272	2	266	2.09e-112	325
Dm_00001175-RA	AT3G10160.1	N/A	60.356	449	159	4	92	530	51	490	0.0	545
Dm_00001179-RA	AT3G10150.2	N/A	66.298	362	95	4	43	402	47	383	6.81e-172	499
Dm_00001174-RA	AT3G57190.1	N/A	50.685	219	98	6	2	216	185	397	4.91e-63	202
Dm_00001173-RA	AT3G57190.1	N/A	41.429	210	107	4	79	274	44	251	4.87e-43	151
Dm_00001194-RA	AT4G27990.1	N/A	48.421	190	73	7	62	249	49	215	7.37e-47	155
Dm_00001205-RA	AT5G59240.1	N/A	79.787	188	20	1	20	207	27	196	3.01e-107	307
Dm_00001199-RA	AT3G23700.1	N/A	57.756	303	128	0	16	318	90	392	5.03e-119	348
Dm_00000003-RA	AT3G54200.1	N/A	42.130	216	111	5	1	214	32	235	1.05e-38	134
Dm_00000026-RA	AT5G01850.1	N/A	76.364	330	74	2	29	357	6	332	0.0	513
Dm_00000047-RA	AT5G05350.1	N/A	41.282	390	195	8	33	402	97	472	4.39e-93	291
Dm_00000050-RA	AT5G03570.2	N/A	60.913	504	182	4	54	553	14	506	0.0	595
Dm_00017636-RA	AT4G39955.1	N/A	61.022	313	117	3	1	308	1	313	2.82e-150	425
Dm_00017447-RA	AT2G40070.1	N/A	59.016	610	189	16	1	559	1	600	0.0	545
Dm_00017688-RA	AT3G51370.1	N/A	74.869	382	91	2	1	382	1	377	0.0	604
Dm_00017559-RA	AT3G14470.1	N/A	31.458	871	513	25	17	852	13	834	3.65e-114	374
Dm_00017690-RA	AT1G06820.1	N/A	84.600	500	77	0	103	602	73	572	0.0	886
Dm_00017965-RA	AT5G14260.2	N/A	77.586	464	98	2	60	520	42	502	0.0	743
Dm_00017438-RA	AT5G17670.1	N/A	72.932	266	65	3	48	312	33	292	5.63e-139	395
Dm_00016118-RA	AT4G01940.1	N/A	60.173	231	73	5	54	266	2	231	1.57e-88	263
Dm_00004015-RA	AT2G16485.1	N/A	58.387	310	109	5	263	564	767	1064	1.34e-97	327
Dm_00004049-RA	AT4G18170.1	N/A	82.022	89	16	0	123	211	148	236	2.21e-48	164
Dm_00004052-RA	AT4G18240.1	N/A	61.843	1009	304	9	7	949	43	1036	0.0	1224
Dm_00004053-RA	AT1G29930.1	N/A	85.502	269	36	3	1	268	1	267	4.09e-166	461
Dm_00004068-RA	AT1G30000.1	N/A	70.159	630	169	6	1	622	1	619	0.0	881
Dm_00004140-RA	AT1G33140.1	N/A	85.052	194	29	0	1	194	1	194	3.81e-120	338
Dm_00020114-RA	AT5G35530.1	N/A	89.041	219	19	1	1	214	1	219	3.28e-141	399
Dm_00020443-RA	AT3G14850.2	N/A	40.694	317	147	2	32	307	34	350	1.49e-87	266
Dm_00020244-RA	AT1G29700.1	N/A	64.384	292	98	2	20	311	35	320	8.07e-133	382
Dm_00016865-RA	AT3G22370.1	N/A	79.343	213	37	1	34	239	142	354	3.51e-124	356
Dm_00019946-RA	AT4G38180.1	N/A	36.534	479	278	7	2	471	172	633	1.59e-101	327
Dm_00001780-RA	AT2G36460.1	N/A	82.353	357	52	2	1	346	1	357	0.0	591
Dm_00001783-RA	AT5G03670.1	N/A	30.973	565	241	20	7	478	4	512	7.28e-40	150
Dm_00001887-RA	AT5G55960.1	N/A	66.932	629	199	2	286	905	17	645	0.0	858
Dm_00001300-RA	AT5G23300.1	N/A	79.625	427	70	3	25	438	18	440	0.0	676
Dm_00001315-RA	AT4G27290.2	N/A	50.358	838	383	10	116	936	1	822	0.0	812
Dm_00005944-RA	AT2G23390.2	N/A	55.263	228	86	1	114	325	39	266	2.42e-84	258
Dm_00005187-RA	AT4G15440.1	N/A	53.202	406	167	4	126	531	1	383	8.56e-155	447
Dm_00005186-RA	AT1G05070.1	N/A	57.297	185	63	2	12	188	6	182	8.89e-71	213
Dm_00005584-RA	AT1G12250.2	N/A	80.583	206	30	1	12	207	1	206	1.45e-119	338
Dm_00005301-RA	AT4G19460.1	N/A	64.024	492	168	5	1	483	24	515	0.0	654
Dm_00005272-RA	AT5G48730.1	N/A	65.259	521	156	2	1	521	1	496	0.0	687
Dm_00005007-RA	AT5G35080.1	N/A	56.710	231	91	3	115	344	59	281	2.52e-90	272
Dm_00004999-RA	AT5G20300.2	N/A	49.682	787	380	11	1	783	1	775	0.0	763
Dm_00008294-RA	AT1G31770.1	N/A	75.453	607	137	5	39	644	50	645	0.0	911
Dm_00009280-RA	AT2G46600.1	N/A	68.142	113	36	0	21	133	19	131	7.39e-53	163
Dm_00008730-RA	AT3G54110.1	N/A	72.810	331	57	3	20	349	3	301	3.32e-175	489
Dm_00006246-RA	AT3G01060.1	N/A	75.705	461	105	3	5	465	1	454	0.0	699
Dm_00008856-RA	AT1G68830.1	N/A	77.636	550	118	3	28	575	16	562	0.0	872
Dm_00006682-RA	AT1G63690.1	N/A	73.855	524	110	3	26	540	25	530	0.0	786
Dm_00003937-RA	AT2G26340.1	N/A	61.940	134	49	2	36	167	120	253	8.20e-47	153
Dm_00003994-RA	AT3G05625.1	N/A	59.504	242	54	6	21	226	12	245	4.11e-90	266
Dm_00003995-RA	AT3G16780.1	N/A	88.043	184	22	0	1	184	1	184	1.38e-117	332
Dm_00004570-RA	AT4G17140.1	N/A	50.331	1663	639	21	31	1648	351	1871	0.0	1523
Dm_00005049-RA	AT1G15520.2	N/A	63.311	586	187	6	149	731	287	847	0.0	769
Dm_00005050-RA	AT1G15520.1	N/A	53.226	186	45	4	86	234	817	997	6.63e-49	172
Dm_00005053-RA	AT1G15520.1	N/A	53.841	1471	560	16	48	1452	6	1423	0.0	1561
Dm_00003762-RA	AT3G52180.1	N/A	61.417	381	140	3	1	377	1	378	5.17e-162	459
Dm_00003763-RA	AT3G52170.4	N/A	67.816	87	28	0	1	87	1	87	3.63e-32	129
Dm_00003765-RA	AT5G04460.1	N/A	58.746	909	309	12	9	900	4	863	0.0	903
Dm_00003769-RA	AT5G04440.2	N/A	72.093	129	20	1	52	180	57	169	5.35e-62	192
Dm_00004677-RA	AT1G76490.1	N/A	66.452	620	168	6	1	618	51	632	0.0	825
Dm_00004683-RA	AT1G79460.1	N/A	46.164	756	366	9	74	799	35	779	0.0	638
Dm_00004680-RA	AT4G38160.1	N/A	56.966	323	137	2	64	384	5	327	3.42e-139	400
Dm_00004215-RA	AT5G60700.2	N/A	71.340	963	243	6	1	961	1	932	0.0	1431
Dm_00004212-RA	AT1G08030.2	N/A	64.286	294	96	3	43	328	25	317	1.69e-137	402
Dm_00004221-RA	AT3G27230.1	N/A	42.262	336	182	6	55	390	86	409	2.48e-88	273
Dm_00005229-RA	AT5G17230.1	N/A	75.434	403	91	4	27	424	22	421	0.0	607
Dm_00004645-RA	AT2G28260.1	N/A	52.288	612	265	9	129	730	43	637	0.0	649
Dm_00005658-RA	AT5G42870.3	N/A	51.485	404	177	6	684	1084	431	818	1.89e-112	375
Dm_00005702-RA	AT1G14270.1	N/A	66.667	282	93	1	3	284	72	352	3.95e-137	391
Dm_00004942-RA	AT5G10360.1	N/A	89.558	249	25	1	1	248	1	249	4.24e-163	451
Dm_00004838-RA	AT5G61240.1	N/A	84.416	308	36	1	54	361	29	324	0.0	537
Dm_00004839-RA	AT1G69330.1	N/A	54.093	281	107	7	1	271	1	269	1.17e-94	280
Dm_00005678-RA	AT3G04340.1	N/A	57.143	1225	495	7	115	1324	108	1317	0.0	1385
Dm_00003965-RA	AT4G22830.1	N/A	55.195	154	60	3	18	164	5	156	9.46e-51	161
Dm_00001703-RA	AT4G20360.1	N/A	87.302	441	51	3	49	487	39	476	0.0	761
Dm_00001698-RA	AT3G26310.1	N/A	45.090	499	257	7	5	499	7	492	1.16e-149	437
Dm_00002078-RA	AT3G45310.1	N/A	73.626	364	90	3	1	364	1	358	0.0	573
Dm_00001769-RA	AT5G42570.1	N/A	60.648	216	85	0	2	217	1	216	4.57e-95	277
Dm_00001665-RA	AT4G00340.1	N/A	29.588	801	475	21	47	828	30	760	3.49e-104	340
Dm_00001830-RA	AT1G54570.1	N/A	59.767	686	264	6	22	703	25	702	0.0	825
Dm_00020492-RA	AT1G71480.3	N/A	69.091	110	34	0	91	200	70	179	2.90e-54	171
Dm_00018940-RA	AT1G66200.1	N/A	84.270	356	56	0	1	356	1	356	0.0	644
Dm_00020586-RA	AT5G38970.1	N/A	66.598	482	140	4	50	530	1	462	0.0	672
Dm_00020618-RA	AT1G15520.2	N/A	61.803	610	195	3	181	785	542	1118	0.0	781
Dm_00019651-RA	AT2G04360.1	N/A	52.493	341	137	5	1	340	1	317	1.22e-114	335
Dm_00019661-RA	AT4G19003.3	N/A	78.613	173	37	0	67	239	1	173	1.56e-105	303
Dm_00019673-RA	AT4G20360.1	N/A	87.302	441	51	3	49	487	39	476	0.0	761
Dm_00012674-RA	AT1G43670.1	N/A	85.813	289	41	0	61	349	53	341	0.0	523
Dm_00012675-RA	AT1G43670.1	N/A	96.226	53	2	0	1	53	1	53	1.17e-31	112
Dm_00012956-RA	AT5G22830.2	N/A	76.238	303	71	1	122	424	123	424	1.28e-150	437
Dm_00012812-RA	AT1G06620.1	N/A	47.645	361	177	3	17	372	12	365	5.48e-121	354
Dm_00013121-RA	AT5G17910.1	N/A	39.797	691	307	21	1	640	1	633	4.10e-95	337
Dm_00012202-RA	AT5G67370.1	N/A	73.171	287	70	4	37	319	44	327	2.10e-137	392
Dm_00012784-RA	AT1G36320.1	N/A	47.714	350	156	4	93	439	77	402	2.64e-109	329
Dm_00013656-RA	AT5G14680.1	N/A	73.188	138	37	0	54	191	4	141	6.19e-77	228
Dm_00007196-RA	AT1G32470.1	N/A	64.737	190	43	1	16	205	1	166	3.81e-79	234
Dm_00008131-RA	AT5G16370.1	N/A	61.879	564	197	6	1	562	1	548	0.0	710
Dm_00007976-RA	AT1G13980.2	N/A	77.307	1441	313	5	1	1437	1	1431	0.0	2287
Dm_00007438-RA	AT4G33630.3	N/A	47.539	711	326	11	11	702	1	683	0.0	554
Dm_00008454-RA	AT2G38280.1	N/A	65.261	498	155	7	48	538	1	487	0.0	611
Dm_00007813-RA	AT1G26880.1	N/A	93.043	115	8	0	1	115	1	115	1.89e-74	217
Dm_00006466-RA	AT4G21450.2	N/A	66.990	103	28	1	52	154	74	170	1.30e-41	140
Dm_00021125-RA	AT1G51650.1	N/A	79.661	59	12	0	2	60	3	61	1.04e-33	111
Dm_00017797-RA	AT2G27710.4	N/A	53.125	96	19	1	1	96	1	70	5.64e-23	87.8
Dm_00012066-RA	AT2G32060.3	N/A	76.699	103	24	0	1	103	25	127	4.08e-54	166
Dm_00011459-RA	AT1G03600.1	N/A	66.423	137	41	1	42	173	38	174	8.34e-61	186
Dm_00011332-RA	AT5G58420.1	N/A	89.695	262	27	0	65	326	1	262	0.0	501
Dm_00009412-RA	AT4G22990.1	N/A	76.312	705	154	4	1	698	1	699	0.0	1092
Dm_00009536-RA	AT1G75500.2	N/A	62.183	394	96	6	1	346	1	389	9.85e-169	475
Dm_00009534-RA	AT4G39090.1	N/A	67.895	380	107	4	1	378	1	367	0.0	536
Dm_00009695-RA	AT3G26720.1	N/A	79.961	509	96	2	3	505	1	509	0.0	857
Dm_00001422-RA	AT3G48260.1	N/A	58.367	490	157	12	9	491	3	452	0.0	542
Dm_00001435-RA	AT4G24760.1	N/A	68.182	374	90	6	1	357	1	362	0.0	507
Dm_00001475-RA	AT1G32900.1	N/A	65.008	603	192	3	24	625	26	610	0.0	811
Dm_00001474-RA	AT1G64720.1	N/A	61.069	393	127	7	24	416	19	385	7.44e-171	484
Dm_00001479-RA	AT4G24150.3	N/A	37.604	359	155	15	21	360	105	413	2.22e-45	162
Dm_00001482-RA	AT1G64680.1	N/A	78.879	232	46	1	32	260	18	249	4.05e-136	384
Dm_00001488-RA	AT4G24130.1	N/A	61.905	147	56	0	16	162	11	157	5.01e-66	200
Dm_00001492-RA	AT4G17560.1	N/A	51.542	227	94	6	9	232	10	223	4.65e-62	194
Dm_00018126-RA	AT5G54370.1	N/A	56.034	348	142	4	1	348	1	337	8.50e-146	415
Dm_00018876-RA	AT1G30380.1	N/A	89.189	74	8	0	1	74	57	130	1.41e-41	132
Dm_00016237-RA	AT5G11390.1	N/A	39.144	631	301	11	3	569	1	612	1.15e-112	357
Dm_00018075-RA	AT5G17530.4	N/A	69.773	440	124	6	70	504	1	436	0.0	608
Dm_00016440-RA	AT1G77930.1	N/A	73.077	156	42	0	2	157	107	262	5.12e-78	233
Dm_00013386-RA	AT4G31570.3	N/A	35.489	1747	1014	25	440	2129	394	2084	0.0	775
Dm_00013090-RA	AT3G63520.1	N/A	72.212	565	123	5	18	577	3	538	0.0	847
Dm_00011101-RA	AT5G08410.1	N/A	53.947	152	51	4	39	187	47	182	3.80e-42	140
Dm_00011949-RA	AT4G18910.1	N/A	61.728	243	84	2	1	236	54	294	3.73e-104	303
Dm_00011781-RA	AT5G47320.1	N/A	64.789	71	21	2	1	70	131	198	7.31e-23	90.5
Dm_00014551-RA	AT4G13550.1	N/A	48.655	446	191	7	1	427	200	626	4.42e-130	397
Dm_00014519-RA	AT5G41040.1	N/A	70.833	432	121	2	4	432	26	455	0.0	634
Dm_00011166-RA	AT2G31040.1	N/A	50.716	349	126	7	97	415	1	333	2.68e-108	323
Dm_00014002-RA	AT5G06750.1	N/A	65.625	384	126	3	1	378	8	391	0.0	508
Dm_00013877-RA	AT1G18080.1	N/A	79.758	331	54	2	7	336	3	321	0.0	549
Dm_00014107-RA	AT2G32060.3	N/A	70.161	124	37	0	69	192	21	144	3.95e-61	187
Dm_00013560-RA	AT5G25610.1	N/A	49.733	374	148	9	9	347	21	389	1.35e-104	313
Dm_00012311-RA	AT4G13250.1	N/A	75.116	430	100	2	85	507	49	478	0.0	664
Dm_00006901-RA	AT1G17880.1	N/A	81.818	132	22	2	11	142	21	150	1.21e-70	210
Dm_00006939-RA	AT4G01100.1	N/A	79.360	344	65	3	1	343	1	339	0.0	569
Dm_00007334-RA	AT5G60600.1	N/A	83.401	741	122	1	10	750	1	740	0.0	1303
Dm_00007337-RA	AT2G37190.1	N/A	89.634	164	17	0	1	164	1	164	3.45e-105	298
Dm_00017180-RA	AT4G37480.1	N/A	52.670	412	184	6	270	675	109	515	1.49e-144	433
Dm_00017181-RA	AT4G33910.1	N/A	66.429	280	91	3	13	291	9	286	1.41e-137	390
Dm_00018739-RA	AT1G44960.1	N/A	66.977	215	71	0	23	237	21	235	2.73e-106	308
Dm_00018590-RA	AT3G11340.1	N/A	45.610	467	234	9	23	489	1	447	8.05e-135	397
Dm_00018748-RA	AT5G46050.1	N/A	67.364	478	148	4	4	479	109	580	0.0	639
Dm_00007308-RA	AT3G02720.1	N/A	74.870	386	96	1	1	385	1	386	0.0	609
Dm_00005924-RA	AT4G12910.1	N/A	65.580	491	131	7	11	470	14	497	0.0	659
Dm_00006870-RA	AT3G49010.2	N/A	80.628	191	37	0	2	192	1	191	2.06e-115	327
Dm_00005882-RA	AT1G58280.4	N/A	58.000	250	78	2	1	225	25	272	2.68e-98	288
Dm_00006983-RA	AT4G38650.1	N/A	59.479	422	154	3	14	434	157	562	0.0	542
Dm_00006645-RA	AT3G07700.2	N/A	75.802	686	145	8	1	680	1	671	0.0	1057
Dm_00006702-RA	AT2G20260.1	N/A	53.378	148	58	2	6	147	3	145	1.02e-40	133
Dm_00008876-RA	AT1G78070.1	N/A	72.543	346	94	1	29	373	104	449	0.0	533
Dm_00009129-RA	AT3G07140.2	N/A	59.505	647	236	7	27	673	19	639	0.0	743
Dm_00008368-RA	AT4G13710.1	N/A	78.820	373	79	0	14	386	98	470	0.0	651
Dm_00008381-RA	AT5G10260.1	N/A	93.532	201	13	0	1	201	1	201	1.34e-139	388
Dm_00009852-RA	AT3G18370.1	N/A	54.049	568	244	4	39	601	257	812	0.0	557
Dm_00009483-RA	AT3G11940.2	N/A	77.033	209	45	1	1	209	1	206	2.54e-116	331
Dm_00021014-RA	AT4G07960.1	N/A	73.435	719	163	9	1	711	1	699	0.0	1030
Dm_00020949-RA	AT3G10130.1	N/A	71.429	168	47	1	1	167	82	249	2.39e-85	254
Dm_00007173-RA	AT2G45590.1	N/A	42.503	767	297	24	1	707	1	683	1.81e-146	444
Dm_00005318-RA	AT3G51060.1	N/A	43.488	430	161	17	1	409	1	369	1.53e-80	252
Dm_00006723-RA	AT4G33090.1	N/A	54.323	694	287	5	20	710	155	821	0.0	773
Dm_00012222-RA	AT3G61590.3	N/A	64.286	420	131	6	10	416	6	419	0.0	547
Dm_00013229-RA	AT4G28706.1	N/A	67.697	356	103	2	51	398	50	401	6.58e-173	493
Dm_00010854-RA	AT5G60800.1	N/A	41.639	305	132	5	34	335	22	283	4.40e-42	147
Dm_00012503-RA	AT3G02080.1	N/A	88.182	110	13	0	10	119	29	138	1.15e-68	203
Dm_00001346-RA	AT5G22870.1	N/A	36.872	179	112	1	23	200	29	207	2.12e-40	137
Dm_00001342-RA	AT2G27920.1	N/A	64.269	431	150	2	33	459	29	459	0.0	573
Dm_00001336-RA	AT2G42770.1	N/A	38.679	212	72	6	22	183	23	226	3.80e-33	119
Dm_00002233-RA	AT4G15080.1	N/A	52.450	755	282	23	26	761	16	712	0.0	666
Dm_00002227-RA	AT4G15110.1	N/A	73.835	558	124	3	49	603	40	578	0.0	877
Dm_00002237-RA	AT4G35560.2	N/A	44.889	949	431	20	15	939	15	895	0.0	758
Dm_00002224-RA	AT3G21790.1	N/A	42.942	503	254	11	422	913	2	482	1.18e-124	386
Dm_00001989-RA	AT1G69530.1	N/A	75.397	252	60	1	1	252	1	250	8.76e-142	397
Dm_00001987-RA	AT1G69523.1	N/A	56.140	228	91	2	3	229	80	299	2.02e-92	273
Dm_00001997-RA	AT1G09157.1	N/A	53.846	247	86	7	1	223	1	243	1.58e-73	223
Dm_00001993-RA	AT5G39660.1	N/A	39.921	506	208	17	7	467	3	457	2.38e-92	288
Dm_00001616-RA	AT5G26820.1	N/A	66.406	512	167	3	5	513	59	568	0.0	660
Dm_00001623-RA	AT1G09210.1	N/A	84.225	374	58	1	8	381	6	378	0.0	612
Dm_00001619-RA	AT1G02560.1	N/A	70.270	296	79	4	1	288	1	295	5.96e-146	412
Dm_00001627-RA	AT3G62630.1	N/A	47.482	417	164	17	23	425	4	379	4.47e-85	265
Dm_00015695-RA	AT3G10420.2	N/A	58.201	756	238	9	1	752	1	682	0.0	778
Dm_00016417-RA	AT1G24590.1	N/A	38.062	289	76	9	12	284	20	221	1.93e-41	148
Dm_00014129-RA	AT1G51080.1	N/A	44.574	258	101	7	41	287	58	284	2.37e-51	170
Dm_00015542-RA	AT3G16730.1	N/A	46.207	725	306	18	36	743	6	663	0.0	561
Dm_00015663-RA	AT5G65420.4	N/A	49.065	214	105	3	64	275	43	254	4.36e-69	215
Dm_00011425-RA	AT1G54350.1	N/A	65.217	552	159	9	1	548	160	682	0.0	698
Dm_00012708-RA	AT3G22950.2	N/A	85.714	119	17	0	11	129	65	183	4.01e-73	216
Dm_00015583-RA	AT1G19660.1	N/A	52.786	341	120	4	1	318	1	323	1.13e-124	360
Dm_00015457-RA	AT5G12250.1	N/A	92.558	430	32	0	1	430	1	430	0.0	825
Dm_00014623-RA	AT2G24090.1	N/A	85.455	55	8	0	94	148	66	120	3.85e-26	96.7
Dm_00015665-RA	AT2G42590.2	N/A	73.664	262	66	1	1	259	1	262	4.25e-143	402
Dm_00017599-RA	AT1G11330.1	N/A	54.885	348	146	4	272	611	496	840	1.89e-127	395
Dm_00019827-RA	AT4G32690.1	N/A	76.301	173	35	1	1	167	1	173	5.23e-96	275
Dm_00019768-RA	AT3G45400.1	N/A	66.057	492	141	6	1	486	3	474	0.0	649
Dm_00018653-RA	AT1G08450.1	N/A	78.827	307	64	1	19	324	75	381	0.0	508
Dm_00018692-RA	AT1G23750.1	N/A	78.832	137	28	1	1	136	1	137	1.33e-77	226
Dm_00018717-RA	AT5G06690.1	N/A	54.229	201	68	5	1	193	26	210	1.45e-73	221
Dm_00014751-RA	AT1G70600.1	N/A	87.671	146	18	0	1	146	1	146	5.97e-92	263
Dm_00014750-RA	AT3G26580.1	N/A	53.239	355	148	4	1	342	1	350	8.46e-125	362
Dm_00018087-RA	AT5G13520.1	N/A	75.433	289	66	1	1	289	333	616	8.57e-159	456
Dm_00018596-RA	AT4G01970.2	N/A	58.324	859	323	16	21	864	79	917	0.0	995
Dm_00001147-RA	AT2G23790.1	N/A	46.863	271	121	5	87	349	72	327	8.20e-76	238
Dm_00001157-RA	AT3G50700.1	N/A	46.016	502	199	14	9	501	2	440	9.70e-121	362
Dm_00000732-RA	AT1G67940.1	N/A	70.455	264	64	3	3	266	14	263	4.05e-130	369
Dm_00000737-RA	AT4G25910.1	N/A	69.524	210	61	3	34	241	28	236	7.07e-93	273
Dm_00000745-RA	AT4G30200.2	N/A	45.515	747	299	23	3	684	11	714	0.0	532
Dm_00000761-RA	AT5G57610.1	N/A	49.906	1060	419	27	59	1083	18	1000	0.0	881
Dm_00000766-RA	AT5G57630.2	N/A	56.010	416	145	6	1	392	1	402	3.01e-156	446
Dm_00000759-RA	AT4G30310.2	N/A	77.005	561	100	3	47	590	10	558	0.0	899
Dm_00000170-RA	AT5G06060.1	N/A	59.176	267	97	1	12	278	4	258	5.30e-115	332
Dm_00000176-RA	AT5G53580.1	N/A	74.194	341	88	0	34	374	24	364	0.0	548
Dm_00000182-RA	AT4G00820.1	N/A	35.088	342	172	7	3	309	145	471	1.13e-41	151
Dm_00000204-RA	AT3G49550.1	N/A	70.213	141	37	3	74	211	1	139	1.34e-66	209
Dm_00001742-RA	AT4G34350.1	N/A	76.972	469	103	3	1	467	1	466	0.0	749
Dm_00001740-RA	AT2G16050.1	N/A	72.653	245	59	3	1	240	1	242	5.76e-133	374
Dm_00001355-RA	AT4G37200.1	N/A	78.531	177	38	0	52	228	85	261	1.59e-108	313
Dm_00001364-RA	AT4G25000.1	N/A	62.406	399	145	3	369	766	29	423	0.0	531
Dm_00001361-RA	AT1G10200.1	N/A	82.418	91	16	0	5	95	4	94	1.96e-52	164
Dm_00001672-RA	AT2G36850.1	N/A	69.472	1212	247	10	64	1183	723	1903	0.0	1659
Dm_00001671-RA	AT2G36850.1	N/A	66.049	162	43	2	1	161	271	421	9.22e-66	218
Dm_00001677-RA	AT3G48420.1	N/A	71.724	290	65	4	56	332	34	319	3.45e-137	392
Dm_00001678-RA	AT4G24805.1	N/A	78.351	194	41	1	53	245	51	244	4.62e-110	318
Dm_00001674-RA	AT3G48425.1	N/A	68.108	370	105	3	1	368	1	359	0.0	528
Dm_00020345-RA	AT1G50320.1	N/A	71.552	116	32	1	80	194	66	181	1.10e-57	179
Dm_00019697-RA	AT3G12500.1	N/A	62.937	286	88	4	1	280	53	326	3.96e-120	347
Dm_00020460-RA	AT1G16720.1	N/A	77.976	504	102	3	166	664	99	598	0.0	803
Dm_00018264-RA	AT2G30540.1	N/A	66.667	99	33	0	1	99	1	99	9.88e-50	153
Dm_00018580-RA	AT3G22230.1	N/A	81.203	133	25	0	1	133	1	133	4.41e-75	224
Dm_00018540-RA	AT3G14830.3	N/A	52.228	404	146	9	1	368	1	393	2.08e-122	362
Dm_00018918-RA	AT5G23740.1	N/A	68.750	128	26	2	1	126	1	116	3.18e-49	155
Dm_00018917-RA	AT3G48930.1	N/A	87.719	57	7	0	8	64	103	159	2.86e-33	111
Dm_00018842-RA	AT5G07620.1	N/A	47.594	374	150	5	40	412	29	357	3.36e-112	333
Dm_00016041-RA	AT3G26100.5	N/A	66.261	575	149	5	1	573	1	532	0.0	767
Dm_00018631-RA	AT2G40010.1	N/A	71.788	358	59	2	1	358	1	316	5.01e-175	489
Dm_00005781-RA	AT1G80380.2	N/A	68.074	379	117	3	131	508	81	456	0.0	550
Dm_00005549-RA	AT1G63660.1	N/A	73.872	532	138	1	1	532	1	531	0.0	827
Dm_00006684-RA	AT5G03380.1	N/A	37.143	420	181	13	25	403	15	392	7.44e-57	191
Dm_00006685-RA	AT3G45020.4	N/A	62.069	116	42	1	20	135	2	115	6.42e-46	146
Dm_00005748-RA	AT5G54530.1	N/A	66.949	118	39	0	33	150	28	145	5.18e-54	168
Dm_00006569-RA	AT4G18810.1	N/A	78.351	291	63	0	10	300	302	592	7.89e-170	484
Dm_00006568-RA	AT4G18810.1	N/A	63.470	219	71	2	31	240	39	257	6.19e-90	277
Dm_00020201-RA	AT4G25150.1	N/A	55.714	280	92	2	8	287	8	255	9.77e-108	313
Dm_00003992-RA	AT2G04700.1	N/A	67.010	97	9	1	1	97	44	117	2.32e-40	130
Dm_00004866-RA	AT2G19330.1	N/A	62.829	304	92	4	16	317	96	380	7.47e-129	373
Dm_00004094-RA	AT2G42690.1	N/A	59.705	407	159	2	26	427	4	410	0.0	524
Dm_00004667-RA	AT5G54290.1	N/A	73.764	263	32	1	56	318	89	314	3.38e-118	345
Dm_00004566-RA	AT5G24510.1	N/A	65.591	93	32	0	1	93	1	93	3.62e-35	116
Dm_00003434-RA	AT4G34700.1	N/A	70.000	80	24	0	2	81	6	85	4.90e-39	125
Dm_00003435-RA	AT4G34710.1	N/A	68.213	733	175	11	1	711	1	697	0.0	983
Dm_00003443-RA	AT5G18030.1	N/A	60.811	74	29	0	23	96	13	86	5.57e-31	105
Dm_00003442-RA	AT2G21210.1	N/A	54.167	96	42	2	21	115	3	97	3.79e-32	108
Dm_00007555-RA	AT2G42740.1	N/A	95.000	180	9	0	1	180	2	181	5.80e-128	357
Dm_00008320-RA	AT2G37240.1	N/A	65.957	188	45	3	47	215	42	229	7.32e-81	242
Dm_00008834-RA	AT3G56650.1	N/A	76.211	227	48	2	50	275	41	262	3.02e-126	360
Dm_00008048-RA	AT1G06730.1	N/A	56.724	409	147	5	81	463	74	478	7.79e-158	457
Dm_00008570-RA	AT5G64290.1	N/A	67.778	180	58	0	47	226	92	271	1.94e-82	256
Dm_00005763-RA	AT3G57400.1	N/A	38.491	530	247	12	21	543	17	474	1.68e-88	281
Dm_00008418-RA	AT1G70070.1	N/A	70.015	667	198	2	133	798	120	785	0.0	955
Dm_00001032-RA	AT3G24430.1	N/A	82.713	457	71	2	85	541	76	524	0.0	783
Dm_00001056-RA	AT5G20140.2	N/A	72.293	314	86	1	60	372	51	364	2.29e-176	496
Dm_00000963-RA	AT5G50870.1	N/A	62.019	208	61	2	1	208	1	190	7.09e-91	265
Dm_00000977-RA	AT3G27010.1	N/A	48.276	232	83	9	23	236	62	274	8.57e-52	172
Dm_00000978-RA	AT5G13080.1	N/A	81.111	90	17	0	97	186	53	142	9.45e-52	163
Dm_00000981-RA	AT5G50460.1	N/A	91.304	69	6	0	1	69	1	69	1.33e-41	130
Dm_00006798-RA	AT3G03710.1	N/A	77.318	604	135	1	70	673	74	675	0.0	927
Dm_00005708-RA	AT1G78300.1	N/A	88.672	256	27	1	3	256	2	257	4.69e-167	462
Dm_00004802-RA	AT1G64430.2	N/A	59.055	381	148	4	89	466	71	446	1.09e-162	471
Dm_00006226-RA	AT2G30080.1	N/A	61.394	373	104	5	1	365	1	341	2.44e-150	427
Dm_00006220-RA	AT1G07890.8	N/A	82.667	225	39	0	1	225	1	225	1.08e-142	399
Dm_00007820-RA	AT5G57610.1	N/A	51.142	1138	413	33	43	1138	18	1054	0.0	967
Dm_00007817-RA	AT2G03120.1	N/A	81.287	342	64	0	1	342	1	342	0.0	554
Dm_00009921-RA	AT1G67430.1	N/A	82.432	74	11	1	3	76	104	175	1.74e-38	125
Dm_00010470-RA	AT1G18640.2	N/A	78.733	221	47	0	19	239	75	295	1.15e-131	373
Dm_00008954-RA	AT1G10310.1	N/A	64.758	227	61	3	2	223	6	218	6.70e-101	293
Dm_00009616-RA	AT4G37790.1	N/A	53.199	297	109	10	2	289	3	278	7.05e-83	251
Dm_00010233-RA	AT3G26900.1	N/A	58.049	205	83	1	55	256	76	280	4.13e-78	241
Dm_00001387-RA	AT5G03880.1	N/A	69.792	288	79	1	49	328	52	339	4.30e-148	420
Dm_00001393-RA	AT5G03940.1	N/A	73.088	353	81	4	1	351	1	341	1.01e-170	492
Dm_00001405-RA	AT3G02875.1	N/A	68.408	402	127	0	28	429	28	429	0.0	575
Dm_00001844-RA	AT5G37350.1	N/A	78.230	418	83	3	48	463	39	450	0.0	690
Dm_00001852-RA	AT5G63420.1	N/A	63.073	872	240	10	1	812	32	881	0.0	1070
Dm_00001857-RA	AT1G56110.1	N/A	75.536	466	83	3	1	465	1	436	0.0	737
Dm_00015291-RA	AT3G25410.1	N/A	73.699	365	91	1	72	436	72	431	0.0	530
Dm_00014657-RA	AT4G25290.1	N/A	47.458	649	291	6	30	677	76	675	0.0	597
Dm_00014821-RA	AT3G18190.1	N/A	86.220	537	73	1	3	539	1	536	0.0	945
Dm_00014822-RA	AT3G15030.2	N/A	49.762	420	165	15	104	501	25	420	5.76e-96	297
Dm_00013762-RA	AT4G31980.1	N/A	40.654	428	228	11	1	417	267	679	1.25e-92	293
Dm_00015090-RA	AT5G20700.1	N/A	35.115	262	110	10	1	216	1	248	1.76e-29	110
Dm_00020630-RA	AT3G48980.2	N/A	54.394	421	170	8	62	469	97	508	2.00e-162	470
Dm_00003484-RA	AT4G34270.1	N/A	62.587	286	91	2	1	270	1	286	4.98e-128	367
Dm_00003907-RA	AT1G74680.1	N/A	52.953	508	178	7	8	512	4	453	0.0	535
Dm_00003863-RA	AT4G33080.1	N/A	72.340	470	97	5	23	475	16	469	0.0	690
Dm_00003861-RA	AT5G57040.1	N/A	86.822	129	17	0	13	141	69	197	3.52e-84	245
Dm_00004428-RA	AT4G30340.1	N/A	67.234	470	149	3	15	479	23	492	0.0	672
Dm_00020436-RA	AT2G33700.1	N/A	55.469	384	157	6	1	380	3	376	1.87e-141	407
Dm_00020552-RA	AT4G13420.1	N/A	53.714	754	289	8	35	730	34	785	0.0	805
Dm_00020699-RA	AT5G27560.4	N/A	68.667	300	80	3	54	339	40	339	5.99e-140	407
Dm_00011289-RA	AT1G69040.2	N/A	73.536	461	109	6	1	454	1	455	0.0	689
Dm_00000528-RA	AT1G54520.1	N/A	63.610	349	97	5	88	432	69	391	3.96e-135	394
Dm_00000523-RA	AT3G04870.1	N/A	83.254	418	67	2	35	452	16	430	0.0	736
Dm_00000538-RA	AT5G27140.2	N/A	64.169	427	116	4	1	426	1	391	0.0	522
Dm_00000552-RA	AT5G27220.4	N/A	24.059	611	383	14	53	616	399	975	1.74e-25	114
Dm_00000546-RA	AT1G08820.1	N/A	36.308	325	170	11	67	361	68	385	9.99e-49	169
Dm_00000566-RA	AT5G27380.1	N/A	65.619	509	153	3	76	584	52	538	0.0	698
Dm_00017025-RA	AT3G11760.1	N/A	44.757	782	308	22	1	747	1	693	0.0	570
Dm_00020393-RA	AT1G64520.1	N/A	78.277	267	58	0	1	267	1	267	5.44e-144	404
Dm_00005513-RA	AT1G11545.1	N/A	74.403	293	73	2	12	302	12	304	1.89e-171	477
Dm_00006856-RA	AT1G07790.1	N/A	78.431	153	13	4	1	138	1	148	4.09e-69	205
Dm_00006860-RA	AT2G28200.1	N/A	40.000	235	112	9	66	291	72	286	8.40e-41	143
Dm_00006855-RA	AT3G53180.1	N/A	57.189	932	282	13	4	919	2	832	0.0	1017
Dm_00006240-RA	AT1G79560.3	N/A	60.788	584	209	6	55	627	67	641	0.0	736
Dm_00006157-RA	AT1G58410.1	N/A	33.546	942	520	27	15	946	15	860	3.65e-130	415
Dm_00004694-RA	AT3G54820.1	N/A	77.143	280	61	1	6	282	4	283	2.37e-155	435
Dm_00000924-RA	AT3G24830.1	N/A	81.356	177	32	1	1	177	1	176	1.43e-104	300
Dm_00000931-RA	AT3G24660.1	N/A	70.706	652	188	3	29	679	25	674	0.0	883
Dm_00000932-RA	AT4G13710.1	N/A	79.200	375	78	0	14	388	96	470	0.0	657
Dm_00000344-RA	AT5G46230.1	N/A	43.885	139	71	2	9	147	10	141	2.30e-40	133
Dm_00000347-RA	AT2G34460.1	N/A	71.774	248	64	4	1	246	35	278	6.81e-127	361
Dm_00000368-RA	AT3G29760.3	N/A	56.219	201	86	2	212	412	318	516	1.19e-78	254
Dm_00000369-RA	AT5G08070.2	N/A	51.176	170	75	4	51	218	10	173	3.17e-44	154
Dm_00000374-RA	AT1G24625.1	N/A	48.485	132	47	5	86	213	57	171	1.50e-30	113
Dm_00010734-RA	AT3G18290.1	N/A	62.321	1258	452	11	1	1242	1	1252	0.0	1565
Dm_00010938-RA	AT1G09580.1	N/A	70.561	214	59	3	8	221	8	217	1.09e-105	303
Dm_00017620-RA	AT4G32810.1	N/A	65.422	509	168	5	71	573	64	570	0.0	728
Dm_00016804-RA	AT3G13750.1	N/A	73.770	854	213	4	1	850	1	847	0.0	1322
Dm_00011194-RA	AT5G13720.1	N/A	84.536	194	30	0	80	273	68	261	2.27e-117	337
Dm_00011199-RA	AT5G12470.1	N/A	73.519	287	76	0	106	392	98	384	1.33e-157	449
Dm_00011198-RA	AT3G63490.1	N/A	53.543	381	126	5	1	381	12	341	1.59e-128	373
Dm_00009173-RA	AT1G32160.1	N/A	62.264	265	98	2	11	273	133	397	6.94e-118	345
Dm_00010650-RA	AT5G60860.1	N/A	93.056	216	14	1	2	217	3	217	8.37e-150	415
Dm_00014645-RA	AT1G60230.1	N/A	80.057	351	70	0	18	368	106	456	0.0	597
Dm_00016139-RA	AT1G79160.1	N/A	47.664	214	71	7	45	246	55	239	1.27e-48	160
Dm_00015838-RA	AT1G67060.1	N/A	62.791	172	25	2	2	135	64	234	4.47e-65	197
Dm_00016743-RA	AT5G15490.1	N/A	89.375	480	51	0	1	480	1	480	0.0	899
Dm_00016742-RA	AT5G15490.1	N/A	64.394	132	21	1	1	106	349	480	1.77e-53	174
Dm_00015674-RA	AT4G36130.1	N/A	91.860	258	21	0	1	258	1	258	4.83e-180	495
Dm_00003521-RA	AT2G26975.1	N/A	54.478	134	54	2	11	143	7	134	4.35e-44	142
Dm_00003522-RA	AT2G26975.1	N/A	54.400	125	54	2	8	129	8	132	3.42e-40	131
Dm_00004196-RA	AT1G01260.1	N/A	44.103	619	214	17	1	528	3	580	1.10e-147	437
Dm_00003878-RA	AT1G68800.1	N/A	85.938	64	9	0	134	197	107	170	2.02e-29	119
Dm_00003879-RA	AT3G25690.4	N/A	66.603	1042	271	14	5	1027	4	987	0.0	1192
Dm_00019769-RA	AT1G72640.1	N/A	51.906	341	97	8	1	329	1	286	4.77e-102	303
Dm_00012902-RA	AT2G42130.1	N/A	58.261	230	72	3	203	428	43	252	4.67e-84	259
Dm_00013384-RA	AT5G07020.1	N/A	74.359	78	19	1	50	126	103	180	5.10e-30	109
Dm_00013288-RA	AT3G55360.1	N/A	84.672	274	42	0	7	280	37	310	0.0	502
Dm_00013287-RA	AT3G46520.1	N/A	97.613	377	9	0	1	377	1	377	0.0	768
Dm_00014463-RA	AT1G74050.1	N/A	65.984	244	69	2	28	271	4	233	2.01e-101	295
Dm_00004417-RA	AT4G09460.1	N/A	53.140	207	67	5	4	183	3	206	8.81e-71	215
Dm_00004097-RA	AT1G77840.1	N/A	62.389	452	143	7	1	448	1	429	0.0	531
Dm_00003647-RA	AT5G45960.1	N/A	51.250	80	38	1	35	114	46	124	3.84e-22	89.7
Dm_00004010-RA	AT1G15250.1	N/A	84.946	93	14	0	1	93	2	94	2.65e-54	164
Dm_00004348-RA	AT5G66770.1	N/A	53.443	610	236	13	1	588	1	584	0.0	553
Dm_00004350-RA	AT5G67385.1	N/A	61.646	644	191	11	36	663	1	604	0.0	771
Dm_00004353-RA	AT1G64810.1	N/A	55.990	384	126	4	180	521	52	434	1.56e-147	432
Dm_00004034-RA	AT1G09970.1	N/A	59.938	971	369	9	7	972	1	956	0.0	1116
Dm_00004133-RA	AT4G26700.1	N/A	72.287	682	184	4	1	678	1	681	0.0	1010
Dm_00004138-RA	AT1G07020.1	N/A	37.356	174	76	4	13	186	3	143	9.47e-25	94.4
Dm_00009502-RA	AT3G12290.1	N/A	84.775	289	44	0	13	301	7	295	2.80e-179	496
Dm_00012060-RA	AT1G48160.1	N/A	71.910	89	24	1	7	94	9	97	1.50e-42	136
Dm_00010866-RA	AT5G02860.3	N/A	57.851	484	184	4	1	481	1	467	0.0	561
Dm_00010865-RA	AT5G02860.3	N/A	71.014	345	98	1	1	343	469	813	0.0	522
Dm_00009490-RA	AT2G40400.3	N/A	73.101	316	85	0	132	447	115	430	5.04e-174	503
Dm_00011900-RA	AT5G01360.1	N/A	68.524	359	107	1	23	381	82	434	0.0	555
Dm_00011901-RA	AT3G58450.1	N/A	70.492	61	18	0	1	61	133	193	1.63e-27	98.2
Dm_00011466-RA	AT1G10760.1	N/A	64.669	1418	410	12	90	1501	67	1399	0.0	1773
Dm_00012357-RA	AT1G63830.1	N/A	64.961	254	58	7	3	254	4	228	2.21e-108	313
Dm_00012272-RA	AT2G44620.1	N/A	77.966	59	13	0	42	100	64	122	1.94e-28	99.8
Dm_00013701-RA	AT2G44770.1	N/A	77.056	231	53	0	41	271	34	264	7.65e-135	382
Dm_00012941-RA	AT1G15820.1	N/A	78.400	250	50	2	17	266	13	258	3.12e-139	392
Dm_00012266-RA	AT4G29820.1	N/A	67.179	195	64	0	81	275	28	222	1.98e-99	290
Dm_00012835-RA	AT5G04290.1	N/A	38.915	1051	453	31	1	995	1	918	2.58e-176	574
Dm_00010408-RA	AT5G20500.1	N/A	68.992	129	38	2	4	131	5	132	4.82e-61	184
Dm_00011621-RA	AT4G31940.1	N/A	49.603	504	235	10	50	547	33	523	2.27e-172	498
Dm_00011847-RA	AT2G27290.1	N/A	60.104	193	55	4	13	191	6	190	4.01e-61	189
Dm_00004266-RA	AT1G12410.1	N/A	50.867	173	80	2	79	247	95	266	1.43e-57	186
Dm_00002871-RA	AT5G26660.1	N/A	79.412	136	28	0	1	136	1	136	4.75e-79	245
Dm_00004187-RA	AT3G15030.2	N/A	40.426	423	176	19	13	389	26	418	1.35e-60	202
Dm_00004186-RA	AT2G42360.1	N/A	41.063	207	106	5	6	202	14	214	1.22e-44	149
Dm_00004443-RA	AT1G78800.1	N/A	73.935	399	98	1	12	410	7	399	0.0	635
Dm_00003345-RA	AT1G63690.1	N/A	67.665	501	128	5	16	499	25	508	0.0	673
Dm_00004723-RA	AT1G07090.1	N/A	75.940	133	32	0	71	203	29	161	3.82e-78	233
Dm_00005138-RA	AT4G13670.1	N/A	49.749	398	177	6	6	395	2	384	9.11e-124	363
Dm_00003463-RA	AT4G33520.1	N/A	63.551	107	32	2	183	288	136	236	4.62e-38	136
Dm_00003466-RA	AT5G17330.1	N/A	83.300	503	75	3	1	495	1	502	0.0	877
Dm_00000660-RA	AT2G25870.1	N/A	67.206	494	131	3	87	557	99	584	0.0	644
Dm_00000665-RA	AT2G25940.1	N/A	69.325	489	137	5	5	493	3	478	0.0	699
Dm_00000256-RA	AT2G41040.1	N/A	66.524	233	59	2	78	291	79	311	1.70e-105	322
Dm_00000292-RA	AT4G24930.1	N/A	58.696	230	89	2	1	229	1	225	1.83e-88	261
Dm_00000299-RA	AT1G67340.1	N/A	60.231	347	122	4	18	364	41	371	5.02e-140	403
Dm_00000305-RA	AT5G63400.1	N/A	79.253	241	50	0	2	242	6	246	2.22e-148	414
Dm_00000320-RA	AT3G48470.1	N/A	46.243	173	81	2	6	173	98	263	8.85e-42	153
Dm_00000518-RA	AT4G34670.1	N/A	84.109	258	39	2	1	256	5	262	1.01e-154	431
Dm_00000529-RA	AT5G28050.1	N/A	83.851	161	26	0	5	165	25	185	4.75e-100	286
Dm_00000527-RA	AT3G04910.1	N/A	50.681	734	249	19	1	660	4	698	0.0	642
Dm_00017117-RA	AT1G22850.2	N/A	70.698	215	51	2	103	315	65	269	8.50e-96	288
Dm_00017483-RA	AT4G40060.1	N/A	45.531	358	106	15	1	333	1	294	2.56e-79	244
Dm_00015002-RA	AT2G30570.1	N/A	56.376	149	45	5	4	150	3	133	7.21e-39	128
Dm_00014247-RA	AT4G04880.1	N/A	63.517	381	111	4	3	383	1	353	2.45e-163	462
Dm_00007056-RA	AT4G39050.1	N/A	65.640	1039	266	16	35	1027	28	1021	0.0	1239
Dm_00007059-RA	AT2G21385.1	N/A	57.726	343	118	3	61	389	1	330	4.31e-134	387
Dm_00007061-RA	AT1G26910.1	N/A	87.317	205	17	2	1	203	1	198	2.65e-128	362
Dm_00007058-RA	AT1G75540.1	N/A	43.721	215	83	6	1	194	1	198	1.71e-51	169
Dm_00007445-RA	AT3G12610.1	N/A	60.694	346	135	1	20	364	27	372	4.09e-152	433
Dm_00008095-RA	AT1G12800.1	N/A	37.389	674	304	15	196	793	133	764	8.47e-105	340
Dm_00007564-RA	AT3G16640.1	N/A	69.375	160	41	1	14	165	9	168	9.02e-78	229
Dm_00007984-RA	AT4G32140.1	N/A	65.128	390	94	3	1	348	1	390	3.53e-168	474
Dm_00000083-RA	AT2G26690.1	N/A	70.157	573	164	3	83	653	1	568	0.0	789
Dm_00000105-RA	AT1G03130.1	N/A	86.503	163	21	1	60	221	42	204	5.69e-103	296
Dm_00000118-RA	AT1G20190.1	N/A	75.949	237	57	0	530	766	16	252	1.30e-132	394
Dm_00000120-RA	AT1G76010.1	N/A	69.841	189	55	2	1	188	1	188	7.59e-78	239
Dm_00000128-RA	AT1G76100.1	N/A	63.793	174	57	4	1	171	1	171	1.47e-69	208
Dm_00007361-RA	AT5G16710.1	N/A	74.419	172	43	1	15	186	67	237	5.08e-97	283
Dm_00006583-RA	AT2G38130.2	N/A	65.969	191	29	1	14	204	11	165	2.25e-88	258
Dm_00008218-RA	AT5G65220.1	N/A	53.165	158	72	2	10	167	3	158	7.78e-46	148
Dm_00007850-RA	AT3G21250.2	N/A	62.706	1456	533	6	34	1487	11	1458	0.0	1790
Dm_00008428-RA	AT1G14720.1	N/A	66.258	326	106	3	1	326	1	322	1.06e-155	439
Dm_00005643-RA	AT3G63500.3	N/A	37.026	1002	510	26	155	1092	34	978	1.04e-138	454
Dm_00006319-RA	AT3G11010.1	N/A	35.565	956	455	19	328	1220	34	891	8.98e-133	431
Dm_00006436-RA	AT3G01550.2	N/A	66.867	166	52	1	79	244	57	219	7.20e-77	237
Dm_00013600-RA	AT4G27410.2	N/A	66.929	254	63	4	1	253	1	234	1.62e-114	335
Dm_00012085-RA	AT1G77490.1	N/A	74.740	384	79	5	56	438	43	409	0.0	585
Dm_00014100-RA	AT1G77930.1	N/A	60.289	277	92	4	3	277	2	262	8.72e-109	316
Dm_00011593-RA	AT5G02500.1	N/A	92.485	652	44	2	64	711	1	651	0.0	1234
Dm_00012305-RA	AT5G57240.1	N/A	49.738	382	185	5	1	378	1	379	2.74e-133	386
Dm_00013098-RA	AT1G54780.1	N/A	69.072	291	72	4	22	305	6	285	1.43e-131	375
Dm_00013761-RA	AT5G06610.1	N/A	55.330	394	147	8	1	392	1	367	2.35e-151	432
Dm_00004943-RA	AT4G28720.1	N/A	69.975	403	116	3	9	406	9	411	0.0	606
Dm_00005770-RA	AT3G45850.1	N/A	69.820	1057	310	2	5	1052	9	1065	0.0	1515
Dm_00005773-RA	AT3G45780.1	N/A	68.848	1024	275	18	1	1008	1	996	0.0	1359
Dm_00004466-RA	AT5G63940.1	N/A	49.793	723	310	16	39	748	21	703	0.0	614
Dm_00004468-RA	AT5G63950.1	N/A	66.939	735	219	2	325	1037	353	1085	0.0	1015
Dm_00005527-RA	AT1G36730.1	N/A	62.661	466	141	10	1	460	1	439	0.0	543
Dm_00005533-RA	AT1G77800.5	N/A	40.206	679	331	16	1	666	13	629	6.11e-143	455
Dm_00019822-RA	AT1G15510.1	N/A	59.475	876	342	7	1	873	1	866	0.0	1071
Dm_00000713-RA	AT1G28480.1	N/A	50.394	127	41	2	61	187	33	137	2.61e-35	121
Dm_00000711-RA	AT5G46060.1	N/A	53.782	238	96	5	4	235	6	235	3.03e-70	216
Dm_00000718-RA	AT5G46110.2	N/A	90.950	221	20	0	1	221	71	291	1.02e-149	418
Dm_00000724-RA	AT3G15210.1	N/A	52.239	134	42	4	57	189	19	131	4.24e-33	122
Dm_00000898-RA	AT4G17300.2	N/A	62.226	638	134	9	6	608	22	587	0.0	783
Dm_00000407-RA	AT5G17060.1	N/A	90.476	189	18	0	1	189	1	189	1.01e-130	365
Dm_00000410-RA	AT3G18110.1	N/A	58.019	1403	564	9	49	1432	20	1416	0.0	1656
Dm_00000416-RA	AT5G54090.1	N/A	48.965	821	334	6	93	904	50	794	0.0	744
Dm_00000423-RA	AT3G49400.2	N/A	39.978	923	474	20	1	892	1	874	0.0	617
Dm_00000424-RA	AT1G32790.1	N/A	68.077	260	68	3	152	403	70	322	2.03e-119	352
Dm_00000420-RA	AT4G34590.1	N/A	45.638	149	68	3	32	180	24	159	5.44e-32	113
Dm_00012994-RA	AT1G69740.1	N/A	80.425	424	68	4	9	421	11	430	0.0	647
Dm_00010869-RA	AT3G47340.1	N/A	78.766	551	91	2	11	537	28	576	0.0	915
Dm_00011253-RA	AT2G36900.1	N/A	64.840	219	76	1	7	225	8	225	6.25e-106	305
Dm_00011851-RA	AT5G13000.1	N/A	73.695	1992	435	23	1	1940	1	1955	0.0	2956
Dm_00009806-RA	AT4G35550.1	N/A	50.164	305	95	7	6	293	4	268	1.95e-78	239
Dm_00013802-RA	AT4G15830.1	N/A	54.575	306	121	4	1	302	1	292	1.48e-105	310
Dm_00013339-RA	AT5G27280.1	N/A	61.212	165	49	5	22	183	26	178	5.19e-60	187
Dm_00014556-RA	AT2G45790.1	N/A	79.641	167	26	1	9	175	25	183	2.41e-91	271
Dm_00015003-RA	AT5G11950.3	N/A	73.039	204	55	0	1	204	1	204	3.92e-115	327
Dm_00018077-RA	AT4G30960.1	N/A	73.050	423	109	2	11	428	17	439	0.0	621
Dm_00017769-RA	AT3G60160.3	N/A	66.690	1429	464	5	14	1437	41	1462	0.0	1964
Dm_00017875-RA	AT5G58480.1	N/A	62.443	442	153	5	37	478	25	453	0.0	570
Dm_00017484-RA	AT2G30900.1	N/A	48.442	353	170	6	6	350	17	365	1.04e-122	358
Dm_00018073-RA	AT3G22380.3	N/A	38.462	1742	746	76	1	1607	1	1551	0.0	657
Dm_00018092-RA	AT4G15930.1	N/A	68.254	126	30	2	1	120	1	122	9.20e-57	172
Dm_00004408-RA	AT5G45390.1	N/A	68.047	169	54	0	48	216	124	292	6.90e-80	241
Dm_00003948-RA	AT2G27690.1	N/A	60.465	473	168	5	39	502	32	494	0.0	582
Dm_00003945-RA	AT2G27680.1	N/A	77.480	373	67	2	42	414	27	382	0.0	607
Dm_00004176-RA	AT4G24120.1	N/A	68.120	665	212	0	1	665	9	673	0.0	974
Dm_00007763-RA	AT3G21090.1	N/A	60.949	653	205	5	7	648	76	689	0.0	810
Dm_00011607-RA	AT2G41640.1	N/A	56.751	511	186	11	29	535	13	492	0.0	563
Dm_00012322-RA	AT3G51480.1	N/A	57.536	909	372	5	121	1027	3	899	0.0	1098
Dm_00012743-RA	AT3G55800.1	N/A	78.788	396	80	4	1	395	1	393	0.0	615
Dm_00006047-RA	AT1G51110.1	N/A	61.165	412	139	5	63	468	11	407	2.79e-169	483
Dm_00006089-RA	AT1G74160.1	N/A	27.788	1076	631	39	1	1002	1	1004	9.03e-55	207
Dm_00006266-RA	AT3G27750.1	N/A	54.146	205	79	5	23	227	24	213	7.10e-62	193
Dm_00007232-RA	AT5G61480.1	N/A	60.526	988	349	15	44	1021	49	1005	0.0	1157
Dm_00006997-RA	AT2G37210.1	N/A	78.469	209	32	1	3	198	4	212	6.82e-120	339
Dm_00016073-RA	AT3G47370.2	N/A	87.931	116	13	1	1	115	1	116	8.88e-70	205
Dm_00017671-RA	AT3G51970.1	N/A	48.718	351	168	5	8	357	1	340	1.98e-106	316
Dm_00017667-RA	AT3G11430.1	N/A	65.253	495	161	7	8	496	12	501	0.0	635
Dm_00013629-RA	AT5G19550.1	N/A	89.552	67	7	0	45	111	338	404	1.60e-38	133
Dm_00014723-RA	AT3G20890.1	N/A	58.781	279	81	3	1	247	15	291	1.03e-103	307
Dm_00013837-RA	AT2G18360.1	N/A	66.019	309	101	3	1	305	1	309	2.36e-150	424
Dm_00013195-RA	AT3G15520.4	N/A	59.298	285	105	5	38	312	12	295	6.97e-104	308
Dm_00006677-RA	AT1G47480.1	N/A	39.935	308	172	6	34	340	14	309	1.34e-68	218
Dm_00006678-RA	AT4G32260.1	N/A	58.952	229	79	5	88	314	3	218	1.27e-67	211
Dm_00007551-RA	AT4G27090.1	N/A	84.615	130	20	0	1	130	1	130	2.71e-75	221
Dm_00007348-RA	AT2G29630.2	N/A	92.944	411	29	0	54	464	225	635	0.0	821
Dm_00005860-RA	AT4G21320.1	N/A	69.123	285	87	1	2	286	3	286	7.71e-143	416
Dm_00007846-RA	AT5G20280.1	N/A	69.188	1084	286	14	1	1079	1	1041	0.0	1492
Dm_00008518-RA	AT1G19660.1	N/A	52.581	310	123	3	1	287	1	309	3.56e-109	319
Dm_00016663-RA	AT4G05460.1	N/A	45.215	303	149	6	3	299	5	296	2.74e-76	235
Dm_00016546-RA	AT5G13070.1	N/A	83.060	183	31	0	1	183	1	183	2.36e-121	340
Dm_00016510-RA	AT3G24830.1	N/A	81.690	213	32	1	1	213	1	206	9.25e-129	361
Dm_00015989-RA	AT4G31990.1	N/A	82.898	421	72	0	75	495	31	451	0.0	745
Dm_00014470-RA	AT1G32080.1	N/A	72.573	412	105	2	69	475	54	462	0.0	584
Dm_00016581-RA	AT5G09660.2	N/A	68.627	306	36	2	4	249	5	310	9.10e-138	404
Dm_00000780-RA	AT3G52820.1	N/A	67.792	385	124	0	1	385	50	434	0.0	560
Dm_00000791-RA	AT2G27530.2	N/A	82.915	199	31	1	1	196	1	199	6.28e-107	306
Dm_00000918-RA	AT4G01800.1	N/A	86.056	710	99	0	3	712	268	977	0.0	1283
Dm_00000917-RA	AT4G01800.3	N/A	77.232	224	47	1	70	293	61	280	1.85e-112	348
Dm_00000925-RA	AT2G32720.1	N/A	72.727	121	33	0	1	121	1	121	4.87e-67	199
Dm_00000215-RA	AT5G17170.1	N/A	57.609	276	92	8	1	256	1	271	5.55e-89	265
Dm_00000221-RA	AT1G50240.2	N/A	48.988	1482	559	21	1	1450	1	1317	0.0	1258
Dm_00000253-RA	AT1G65010.1	N/A	42.254	781	339	8	31	805	30	704	7.85e-149	475
Dm_00000250-RA	AT4G27600.1	N/A	69.880	415	98	5	83	472	41	453	0.0	574
Dm_00001111-RA	AT3G12270.1	N/A	52.146	629	248	12	16	629	11	601	0.0	599
Dm_00001115-RA	AT3G25250.1	N/A	52.668	431	172	9	34	463	10	409	1.11e-143	418
Dm_00001127-RA	AT5G48480.1	N/A	46.154	143	75	2	11	152	12	153	7.47e-31	109
Dm_00001277-RA	AT5G04130.1	N/A	81.138	668	121	2	69	736	70	732	0.0	1084
Dm_00001285-RA	AT5G04140.1	N/A	79.891	1651	299	7	1	1647	1	1622	0.0	2723
Dm_00001281-RA	AT3G12250.2	N/A	64.929	211	47	3	55	240	2	210	3.73e-87	262
Dm_00001299-RA	AT2G41370.1	N/A	64.060	537	119	8	9	540	10	477	0.0	634
Dm_00001295-RA	AT2G41380.1	N/A	60.902	266	100	1	1	262	1	266	6.09e-116	333
Dm_00015015-RA	AT1G48570.1	N/A	38.810	353	116	7	64	337	54	385	8.40e-67	218
Dm_00015144-RA	AT1G58060.1	N/A	46.781	233	88	3	1	232	1	198	1.70e-55	192
Dm_00013899-RA	AT3G20330.1	N/A	81.424	323	57	1	86	405	68	390	0.0	541
Dm_00011240-RA	AT2G32180.1	N/A	69.343	137	33	3	13	147	10	139	1.49e-61	186
Dm_00011267-RA	AT1G07010.1	N/A	69.435	301	92	0	19	319	62	362	1.89e-155	441
Dm_00012855-RA	AT2G47790.1	N/A	63.061	379	128	6	144	516	20	392	3.11e-171	489
Dm_00008759-RA	AT1G54115.1	N/A	51.750	657	270	14	9	649	15	640	0.0	620
Dm_00018979-RA	AT3G62410.1	N/A	66.197	71	20	3	60	126	43	113	2.66e-21	84.0
Dm_00021067-RA	AT5G10050.1	N/A	64.945	271	95	0	5	275	6	276	3.37e-138	391
Dm_00021033-RA	AT3G57550.2	N/A	68.340	259	79	2	25	282	66	322	3.32e-124	360
Dm_00012772-RA	AT2G47160.1	N/A	77.637	711	147	4	3	708	1	704	0.0	1113
Dm_00013008-RA	AT3G10410.1	N/A	53.106	499	168	9	6	444	4	496	4.92e-179	510
Dm_00011631-RA	AT1G79510.2	N/A	64.815	216	73	3	75	288	61	275	1.02e-99	293
Dm_00010481-RA	AT4G18960.1	N/A	69.141	256	66	3	4	250	1	252	6.27e-120	342
Dm_00012968-RA	AT4G17720.1	N/A	63.755	229	74	3	28	251	68	292	4.09e-88	265
Dm_00012223-RA	AT3G22660.1	N/A	61.724	290	98	3	43	325	10	293	2.27e-116	338
