Dm_00007071-RA	sp|Q9M9M4.1|	RecName: Full=Cellulose synthase-like protein D3; Short=AtCslD3; AltName: Full=Protein KOJAK [Arabidopsis thaliana]	80.087	1155	209	9	5	1154	7	1145	0.0	1927
Dm_00007459-RA	sp|Q02283.1|	RecName: Full=Homeobox-leucine zipper protein HAT5; AltName: Full=HD-ZIP protein ATHB-1; AltName: Full=Homeodomain transcription factor ATHB-1; AltName: Full=Homeodomain-leucine zipper protein HAT5; Short=HD-ZIP protein 5 [Arabidopsis thaliana]	54.362	149	62	3	57	204	67	210	3.65e-42	150
Dm_00007394-RA	sp|F4HW02.1|	RecName: Full=GABA transporter 1; Short=AtGAT1; AltName: Full=Bidirectional amino acid transporter 1 [Arabidopsis thaliana]	64.013	314	112	1	4	316	138	451	7.73e-136	395
Dm_00007395-RA	sp|F4HW02.1|	RecName: Full=GABA transporter 1; Short=AtGAT1; AltName: Full=Bidirectional amino acid transporter 1 [Arabidopsis thaliana]	71.739	92	26	0	29	120	15	106	3.83e-42	147
Dm_00007779-RA	sp|Q67YU0.1|	RecName: Full=Cytokinin dehydrogenase 5; AltName: Full=Cytokinin oxidase 5; Short=AtCKX5; Short=AtCKX6; Short=CKO5; Flags: Precursor [Arabidopsis thaliana]	61.856	582	151	13	3	583	9	520	0.0	694
Dm_00007238-RA	sp|Q9FJF9.1|	RecName: Full=Auxin-responsive protein SAUR21; AltName: Full=Protein SMALL AUXIN UP RNA 21 [Arabidopsis thaliana]	52.703	74	35	0	98	171	13	86	1.15e-25	97.1
Dm_00007319-RA	sp|Q9M0B6.1|	RecName: Full=UDP-glucuronate 4-epimerase 1; AltName: Full=UDP-glucuronic acid epimerase 1; Short=AtUGlcAE3 [Arabidopsis thaliana]	84.561	421	62	1	7	427	4	421	0.0	736
Dm_00006932-RA	sp|Q9SN23.1|	RecName: Full=LOB domain-containing protein 38; AltName: Full=ASYMMETRIC LEAVES 2-like protein 40; Short=AS2-like protein 40 [Arabidopsis thaliana]	63.285	207	45	6	1	191	1	192	9.08e-77	235
Dm_00008322-RA	sp|Q570B4.2|	RecName: Full=3-ketoacyl-CoA synthase 10; Short=KCS-10; AltName: Full=Protein FIDDLEHEAD; AltName: Full=Very long-chain fatty acid condensing enzyme 10; Short=VLCFA condensing enzyme 10 [Arabidopsis thaliana]	74.322	553	133	5	1	547	1	550	0.0	870
Dm_00015386-RA	sp|O64823.1|	RecName: Full=Calcium uniporter protein 2, mitochondrial; Flags: Precursor [Arabidopsis thaliana]	48.266	346	142	9	1	327	1	328	1.78e-103	311
Dm_00017323-RA	sp|A2XQE8.1|	RecName: Full=Senescence-specific cysteine protease SAG39; AltName: Full=Cysteine proteinase SAG39; AltName: Full=Protein SENESCENCE-ASSOCIATED GENE 39; Flags: Precursor [Oryza sativa Indica Group]	51.343	335	155	6	15	343	6	338	1.64e-118	348
Dm_00015375-RA	sp|Q42602.2|	RecName: Full=Cytochrome P450 89A2; AltName: Full=ATH 6-1; AltName: Full=CYPLXXXIX [Arabidopsis thaliana]	50.413	484	214	9	51	529	41	503	1.18e-147	436
Dm_00011839-RA	sp|Q9SFC7.1|	RecName: Full=F-box protein At3g07870 [Arabidopsis thaliana]	26.368	402	221	12	68	435	28	388	3.29e-26	113
Dm_00002551-RA	sp|Q9LK43.1|	RecName: Full=Receptor-like kinase TMK4; AltName: Full=BAK1-associating receptor-like kinase 1; AltName: Full=Leucine-rich repeat receptor-like kinases TMK4; AltName: Full=Transmembrane kinase 4; Flags: Precursor [Arabidopsis thaliana]	61.381	927	321	15	31	942	24	928	0.0	1073
Dm_00017595-RA	sp|O82333.1|	RecName: Full=Probable indole-3-acetic acid-amido synthetase GH3.1; AltName: Full=Auxin-responsive GH3-like protein 1; Short=AtGH3-1 [Arabidopsis thaliana]	78.852	610	107	4	1	609	1	589	0.0	994
Dm_00017384-RA	sp|O22283.1|	RecName: Full=Probable E3 ubiquitin-protein ligase RHC2A; AltName: Full=RING-H2 finger C2a; AltName: Full=RING-H2 zinc finger protein RHC2a; AltName: Full=RING-type E3 ubiquitin transferase RHC2A [Arabidopsis thaliana]	51.524	328	133	9	11	318	3	324	3.47e-97	298
Dm_00010587-RA	sp|P93111.1|	RecName: Full=Glutamyl-tRNA reductase 1, chloroplastic; Short=GluTR; Flags: Precursor [Cucumis sativus]	76.460	565	119	3	1	564	1	552	0.0	863
Dm_00002759-RA	sp|P29162.1|	RecName: Full=L-ascorbate oxidase homolog; AltName: Full=Pollen-specific protein NTP303; Flags: Precursor [Nicotiana tabacum]	51.159	561	236	7	13	559	9	545	0.0	575
Dm_00002831-RA	sp|Q9ZT50.1|	RecName: Full=E3 ubiquitin-protein ligase RHA2A; AltName: Full=RING-H2 finger A2a; AltName: Full=RING-H2 zinc finger protein RHA2a; AltName: Full=RING-type E3 ubiquitin transferase RHA2A [Arabidopsis thaliana]	48.851	174	67	3	1	173	1	153	1.26e-46	152
Dm_00017908-RA	sp|Q766C3.1|	RecName: Full=Aspartic proteinase nepenthesin-1; AltName: Full=Nepenthesin-I; Flags: Precursor [Nepenthes gracilis]	58.499	453	157	11	1	446	1	429	1.86e-164	473
Dm_00018833-RA	sp|Q96289.1|	RecName: Full=Zinc finger protein ZAT10; AltName: Full=Salt-tolerance zinc finger [Arabidopsis thaliana]	38.491	265	114	10	1	262	1	219	2.01e-43	150
Dm_00015327-RA	sp|O23160.1|	RecName: Full=Transcription factor MYB73; AltName: Full=Myb-related protein 73; Short=AtMYB73 [Arabidopsis thaliana]	49.346	306	106	9	15	305	6	277	3.94e-85	262
Dm_00003075-RA	sp|O80450.1|	RecName: Full=Trihelix transcription factor GT-3b; AltName: Full=Transcription factor GT-1-like; AltName: Full=Trihelix DNA-binding protein GT-3b [Arabidopsis thaliana]	54.417	283	114	3	7	289	16	283	5.22e-72	226
Dm_00017219-RA	sp|F4IB81.1|	RecName: Full=LysM domain receptor-like kinase 3; Short=LysM-containing receptor-like kinase 3; Flags: Precursor [Arabidopsis thaliana]	30.814	344	200	10	104	443	324	633	1.22e-33	137
Dm_00010003-RA	sp|Q84VQ1.1|	RecName: Full=SNF1-related protein kinase regulatory subunit beta-1; Short=AKIN subunit beta-1; Short=AKINB1; Short=AKINbeta1 [Arabidopsis thaliana]	54.783	230	87	3	42	268	66	281	5.04e-88	266
Dm_00005912-RA	sp|Q9LIP9.1|	RecName: Full=Glutamine--fructose-6-phosphate aminotransferase [isomerizing] 1; Short=AtGFAT; Short=AtGFAT1; Short=Glutamine:fructose-6-phosphate amidotransferase 1; AltName: Full=D-fructose-6-phosphate amidotransferase GFAT1; AltName: Full=Hexosephosphate aminotransferase GFAT1 [Arabidopsis thaliana]	82.617	512	85	3	4	513	168	677	0.0	851
Dm_00010147-RA	sp|Q6NLF4.1|	RecName: Full=GPI-anchored protein LLG2; AltName: Full=LORELEI-like-GPI-anchored protein 2; Flags: Precursor [Arabidopsis thaliana]	55.000	140	56	2	30	169	27	159	2.79e-48	156
Dm_00002642-RA	sp|P93007.1|	RecName: Full=Ethylene-responsive transcription factor ERF112 [Arabidopsis thaliana]	61.111	90	27	2	86	171	41	126	1.18e-28	111
Dm_00002654-RA	sp|Q9SND6.1|	RecName: Full=Mitogen-activated protein kinase kinase kinase 20; Short=MAPKK kinase 20; AltName: Full=Protein ABA-INSENSITIVE PROTEIN KINASE 1 [Arabidopsis thaliana]	44.054	370	174	7	3	368	2	342	5.48e-94	287
Dm_00003237-RA	sp|Q9ZPY8.2|	RecName: Full=Transcription factor ABA-INDUCIBLE bHLH-TYPE; Short=AtAIB; AltName: Full=Basic helix-loop-helix protein 17; Short=AtbHLH17; Short=bHLH 17; AltName: Full=Transcription factor EN 35; AltName: Full=bHLH transcription factor bHLH017 [Arabidopsis thaliana]	40.480	583	230	17	5	514	6	544	6.96e-115	353
Dm_00014046-RA	sp|Q96502.1|	RecName: Full=Zinc finger protein CONSTANS-LIKE 2 [Arabidopsis thaliana]	49.883	427	127	19	2	421	1	347	4.70e-113	338
Dm_00008658-RA	sp|Q9SGD2.1|	RecName: Full=Beta-1,6-galactosyltransferase GALT29A; AltName: Full=GT29 family galactosyltransferase 1; Short=AtGALT29A; AltName: Full=Sialyltransferase-like protein GT29A [Arabidopsis thaliana]	47.368	437	180	9	43	468	1	398	4.86e-130	385
Dm_00015487-RA	sp|Q9M2V7.2|	RecName: Full=ABC transporter G family member 16; Short=ABC transporter ABCG.16; Short=AtABCG16; AltName: Full=Probable white-brown complex homolog protein 16; Short=AtWBC16 [Arabidopsis thaliana]	65.793	763	207	8	1	737	1	735	0.0	971
Dm_00002369-RA	sp|O23160.1|	RecName: Full=Transcription factor MYB73; AltName: Full=Myb-related protein 73; Short=AtMYB73 [Arabidopsis thaliana]	50.645	310	90	8	1	283	1	274	6.69e-88	268
Dm_00003204-RA	sp|Q9M9Q6.1|	RecName: Full=Serine carboxypeptidase-like 50; Flags: Precursor [Arabidopsis thaliana]	57.212	416	163	7	33	445	28	431	4.63e-165	475
Dm_00006513-RA	sp|O04609.1|	RecName: Full=WRKY transcription factor 22; AltName: Full=WRKY DNA-binding protein 22 [Arabidopsis thaliana]	50.000	246	83	10	186	418	80	298	4.77e-61	202
Dm_00013145-RA	sp|O22174.1|	RecName: Full=Ethylene-responsive transcription factor ERF008 [Arabidopsis thaliana]	61.392	158	45	4	6	155	20	169	3.36e-52	166
Dm_00006187-RA	sp|Q9M7K4.1|	RecName: Full=Potassium transporter 5; Short=AtHAK1; Short=AtHAK5; Short=AtPOT5 [Arabidopsis thaliana]	57.050	766	307	4	33	788	32	785	0.0	895
Dm_00005898-RA	sp|Q3EAF9.1|	RecName: Full=Probable protein phosphatase 2C 49; Short=AtPP2C49 [Arabidopsis thaliana]	58.656	387	124	8	1	355	1	383	5.25e-151	433
Dm_00006125-RA	sp|Q9FNK5.1|	RecName: Full=F-box protein At5g46170 [Arabidopsis thaliana]	33.141	347	184	8	11	322	22	355	1.38e-39	153
Dm_00013079-RA	sp|Q8RXN8.1|	RecName: Full=DCD domain-containing protein NRP; AltName: Full=Asparagine-rich protein; Short=N-rich protein; AltName: Full=GDA1-like protein [Arabidopsis thaliana]	54.670	364	127	6	4	350	6	348	6.73e-113	335
Dm_00014799-RA	sp|P37822.1|	RecName: Full=Phospho-2-dehydro-3-deoxyheptonate aldolase 2, chloroplastic; AltName: Full=3-deoxy-D-arabino-heptulosonate 7-phosphate synthase 2; AltName: Full=DAHP synthase 2; AltName: Full=Phospho-2-keto-3-deoxyheptonate aldolase 2; Flags: Precursor [Solanum tuberosum]	81.275	502	75	2	23	524	29	511	0.0	857
Dm_00010742-RA	sp|Q9LRA7.1|	RecName: Full=Probable alpha,alpha-trehalose-phosphate synthase [UDP-forming] 9; AltName: Full=Trehalose-6-phosphate synthase 9; Short=AtTPS9 [Arabidopsis thaliana]	67.460	882	265	4	1	876	1	866	0.0	1244
Dm_00016884-RA	sp|Q766C3.1|	RecName: Full=Aspartic proteinase nepenthesin-1; AltName: Full=Nepenthesin-I; Flags: Precursor [Nepenthes gracilis]	31.957	460	268	15	4	450	8	435	8.60e-63	212
Dm_00003754-RA	sp|O80340.1|	RecName: Full=Ethylene-responsive transcription factor 4; Short=AtERF4; AltName: Full=Ethylene-responsive element-binding factor 4; Short=EREBP-4; AltName: Full=Protein RELATED TO APETALA2 5 [Arabidopsis thaliana]	73.077	78	15	1	8	85	9	80	7.48e-32	120
Dm_00003312-RA	sp|Q9C6L5.1|	RecName: Full=3-ketoacyl-CoA synthase 5; Short=KCS-5; AltName: Full=Eceriferum 60; AltName: Full=Very long-chain fatty acid condensing enzyme 5; Short=VLCFA condensing enzyme 5 [Arabidopsis thaliana]	56.795	493	207	4	12	503	5	492	0.0	598
Dm_00017881-RA	sp|Q6R2K3.1|	RecName: Full=Protein STRUBBELIG-RECEPTOR FAMILY 3; AltName: Full=Leucine-rich repeat receptor kinase-like protein SRF3; Flags: Precursor [Arabidopsis thaliana]	52.219	766	313	9	23	769	34	765	0.0	743
Dm_00013313-RA	sp|Q9LHJ8.1|	RecName: Full=Zinc finger A20 and AN1 domain-containing stress-associated protein 5; Short=AtSAP5 [Arabidopsis thaliana]	81.818	66	12	0	78	143	95	160	3.20e-36	125
Dm_00010489-RA	sp|Q9LDD1.1|	RecName: Full=Probable BOI-related E3 ubiquitin-protein ligase 3; AltName: Full=RING-type E3 ubiquitin transferase BRG3 [Arabidopsis thaliana]	34.579	214	123	4	122	323	126	334	1.11e-30	121
Dm_00014056-RA	sp|P83958.2|	RecName: Full=Thaumatin-like protein; AltName: Allergen=Act c 2; Flags: Precursor [Actinidia chinensis var. chinensis]	51.131	221	95	5	13	225	10	225	4.69e-69	214
Dm_00015199-RA	sp|Q9SJ81.1|	RecName: Full=Fasciclin-like arabinogalactan protein 7; Flags: Precursor [Arabidopsis thaliana]	62.121	198	72	2	1	197	1	196	3.67e-75	231
Dm_00015203-RA	sp|A0A1P8B554.1|	RecName: Full=Thaumatin-like protein 1; Short=AtTLP1; Flags: Precursor [Arabidopsis thaliana]	54.086	257	103	4	8	256	8	257	1.13e-90	271
Dm_00006445-RA	sp|Q94B38.2|	RecName: Full=Glucose-6-phosphate/phosphate translocator 2, chloroplastic; Short=AtGPT2; Flags: Precursor [Arabidopsis thaliana]	73.003	363	56	3	67	429	49	369	3.03e-180	512
Dm_00017863-RA	sp|Q9SGD2.1|	RecName: Full=Beta-1,6-galactosyltransferase GALT29A; AltName: Full=GT29 family galactosyltransferase 1; Short=AtGALT29A; AltName: Full=Sialyltransferase-like protein GT29A [Arabidopsis thaliana]	50.483	414	182	6	43	449	1	398	2.49e-136	400
Dm_00012692-RA	sp|Q9FNA2.1|	RecName: Full=Polyamine oxidase 1; Short=AtPAO1; AltName: Full=N(1)-acetylpolyamine oxidase; AltName: Full=Spermine oxidase [Arabidopsis thaliana]	70.917	447	120	3	23	463	20	462	0.0	655
Dm_00013892-RA	sp|Q9FJ93.1|	RecName: Full=Dehydration-responsive element-binding protein 1D; Short=Protein DREB1D; AltName: Full=C-repeat/dehydration-responsive element-binding factor 4; Short=C-repeat-binding factor 4; Short=CRT/DRE-binding factor 4 [Arabidopsis thaliana]	54.587	218	83	5	288	499	14	221	2.84e-63	208
Dm_00004650-RA	sp|Q8VWZ7.1|	RecName: Full=Geraniol 8-hydroxylase; AltName: Full=Cytochrome P450 76B6; AltName: Full=Geraniol 10-hydroxylase; Short=CrG10H [Catharanthus roseus]	49.701	501	238	6	3	501	2	490	0.0	521
Dm_00006082-RA	sp|Q3EBF7.1|	RecName: Full=Delta(8)-fatty-acid desaturase 2; AltName: Full=Delta(8)-sphingolipid desaturase 2; AltName: Full=Sphingoid long-chain base desaturase 2; Short=Sphingoid LCB desaturase 2; AltName: Full=Sphingolipid 8-(E/Z)-desaturase 2 [Arabidopsis thaliana]	70.946	444	129	0	9	452	6	449	0.0	698
Dm_00019935-RA	sp|P08299.1|	RecName: Full=Pathogenesis-related protein 1A; Short=PR-1A; Flags: Precursor [Nicotiana tabacum]	62.411	141	52	1	29	169	29	168	2.03e-59	185
Dm_00007558-RA	sp|Q9M088.1|	RecName: Full=Glucan endo-1,3-beta-glucosidase 5; AltName: Full=(1->3)-beta-glucan endohydrolase 5; Short=(1->3)-beta-glucanase 5; AltName: Full=Beta-1,3-endoglucanase 5; Short=Beta-1,3-glucanase 5; Flags: Precursor [Arabidopsis thaliana]	59.420	483	186	4	5	482	6	483	0.0	609
Dm_00007734-RA	sp|O48780.1|	RecName: Full=3-ketoacyl-CoA synthase 11; Short=KCS-11; AltName: Full=Very long-chain fatty acid condensing enzyme 11; Short=VLCFA condensing enzyme 11 [Arabidopsis thaliana]	82.556	493	86	0	18	510	17	509	0.0	885
Dm_00017809-RA	sp|H2DH21.1|	RecName: Full=Cytochrome P450 CYP72A219; AltName: Full=Cytochrome P450 CYP72A129 [Panax ginseng]	53.672	531	211	3	5	534	18	514	0.0	565
Dm_00017675-RA	sp|Q9SYM5.1|	RecName: Full=Trifunctional UDP-glucose 4,6-dehydratase/UDP-4-keto-6-deoxy-D-glucose 3,5-epimerase/UDP-4-keto-L-rhamnose-reductase RHM1; AltName: Full=Protein REPRESSOR OF LRX1 1; AltName: Full=Rhamnose biosynthetic enzyme 1; Short=AtRHM1; Includes: RecName: Full=UDP-glucose 4,6-dehydratase; Includes: RecName: Full=UDP-4-keto-6-deoxy-D-glucose 3,5-epimerase/UDP-4-keto-L-rhamnose 4-keto-reductase [Arabidopsis thaliana]	85.693	671	94	2	74	744	1	669	0.0	1229
Dm_00013065-RA	sp|O04023.1|	RecName: Full=Protein SRC2 homolog; Short=AtSRC2 [Arabidopsis thaliana]	40.364	275	121	8	1	253	1	254	7.43e-47	163
Dm_00002852-RA	sp|O04536.1|	RecName: Full=Probable galacturonosyltransferase-like 9; AltName: Full=Like glycosyl transferase 8 [Arabidopsis thaliana]	70.732	369	104	3	8	373	6	373	0.0	548
Dm_00002855-RA	sp|O04532.1|	RecName: Full=Formin-like protein 8; Short=AtFH8; Short=AtFORMIN-1; Flags: Precursor [Arabidopsis thaliana]	51.008	496	202	10	368	862	292	747	3.61e-160	489
Dm_00007431-RA	sp|A0A1P8B554.1|	RecName: Full=Thaumatin-like protein 1; Short=AtTLP1; Flags: Precursor [Arabidopsis thaliana]	63.672	256	85	4	6	253	5	260	9.20e-113	327
Dm_00003547-RA	sp|P02877.2|	RecName: Full=Pro-hevein; AltName: Full=Major hevein; Contains: RecName: Full=Hevein; AltName: Allergen=Hev b 6; Contains: RecName: Full=Win-like protein; Flags: Precursor [Hevea brasiliensis]	68.657	134	36	1	11	144	7	134	5.60e-59	184
Dm_00004157-RA	sp|O24646.1|	RecName: Full=Transcription factor HY5; AltName: Full=Protein LONG HYPOCOTYL 5; AltName: Full=bZIP transcription factor 56; Short=AtbZIP56 [Arabidopsis thaliana]	72.593	135	35	2	1	134	34	167	1.50e-54	171
Dm_00000436-RA	sp|A2ZEX7.1|	RecName: Full=Chalcone synthase 1; Short=OsCHS1; AltName: Full=Naregenin-chalcone synthase [Oryza sativa Indica Group]	67.347	392	128	0	7	398	1	392	0.0	588
Dm_00004705-RA	sp|Q96255.1|	RecName: Full=Phosphoserine aminotransferase 1, chloroplastic; Short=AtPSAT1; AltName: Full=Phosphohydroxythreonine aminotransferase; Flags: Precursor [Arabidopsis thaliana]	76.709	395	83	4	48	440	42	429	0.0	638
Dm_00004813-RA	sp|O48786.1|	RecName: Full=Cytochrome P450 734A1; AltName: Full=Protein PHYB ACTIVATION-TAGGED SUPPRESSOR 1 [Arabidopsis thaliana]	60.821	536	182	8	20	554	7	515	0.0	650
Dm_00001931-RA	sp|Q5PNY6.1|	RecName: Full=U-box domain-containing protein 21; AltName: Full=Plant U-box protein 21; AltName: Full=RING-type E3 ubiquitin transferase PUB21 [Arabidopsis thaliana]	38.280	465	230	13	35	492	21	435	2.96e-91	287
Dm_00002614-RA	sp|Q9FEQ8.1|	RecName: Full=Peroxidase 2; AltName: Full=Plasma membrane-bound peroxidase 2; Short=pmPOX2; Flags: Precursor [Zea mays]	48.534	307	149	5	26	327	31	333	1.94e-90	276
Dm_00019497-RA	sp|Q9ZSD4.1|	RecName: Full=Syntaxin-121; Short=AtSYP121; AltName: Full=Protein SYNTAXIN OF PLANTS 121; AltName: Full=Syntaxin-related protein At-Syr1 [Arabidopsis thaliana]	68.403	288	82	2	1	279	1	288	3.27e-132	382
Dm_00002159-RA	sp|Q9FFU6.1|	RecName: Full=Cytochrome b561, DM13 and DOMON domain-containing protein At5g54830; AltName: Full=Protein b561A.tha1; Flags: Precursor [Arabidopsis thaliana]	61.591	880	321	9	1	877	42	907	0.0	1107
Dm_00014758-RA	sp|O82161.1|	RecName: Full=Protein PHOSPHATE-INDUCED 1; Flags: Precursor [Nicotiana tabacum]	74.242	66	17	0	94	159	248	313	3.99e-28	108
Dm_00011404-RA	sp|O82161.1|	RecName: Full=Protein PHOSPHATE-INDUCED 1; Flags: Precursor [Nicotiana tabacum]	75.325	154	33	1	1	149	160	313	3.73e-83	249
Dm_00011665-RA	sp|Q8VWF6.1|	RecName: Full=Protein STRICTOSIDINE SYNTHASE-LIKE 3; Short=AtSSL3; AltName: Full=Strictosidine synthase 9; Short=AtSS9; Flags: Precursor [Arabidopsis thaliana]	65.464	388	133	1	5	392	3	389	0.0	548
Dm_00009997-RA	sp|Q9FL28.1|	RecName: Full=LRR receptor-like serine/threonine-protein kinase FLS2; AltName: Full=Protein FLAGELLIN-SENSING 2; AltName: Full=Protein FLAGELLIN-SENSITIVE 2; Flags: Precursor [Arabidopsis thaliana]	36.174	575	341	10	2	572	41	593	2.25e-85	291
Dm_00001090-RA	sp|A2XDK8.1|	RecName: Full=UPF0496 protein 1 [Oryza sativa Indica Group]	49.620	395	188	6	1	391	1	388	1.25e-114	342
Dm_00001597-RA	sp|Q84R94.1|	RecName: Full=Protein TIFY 10a; Short=OsTIFY10a; AltName: Full=Jasmonate ZIM domain-containing protein 6; Short=OsJAZ6; AltName: Full=OsJAZ5 [Oryza sativa Japonica Group]	34.615	234	102	10	2	200	3	220	7.64e-27	105
Dm_00000033-RA	sp|Q9LZW3.1|	RecName: Full=U-box domain-containing protein 16; AltName: Full=Plant U-box protein 16; AltName: Full=RING-type E3 ubiquitin transferase PUB16 [Arabidopsis thaliana]	53.383	665	286	10	1	657	1	649	0.0	622
Dm_00017695-RA	sp|Q93XX5.1|	RecName: Full=PI-PLC X domain-containing protein At5g67130; Flags: Precursor [Arabidopsis thaliana]	57.801	282	119	0	4	285	78	359	1.10e-119	352
Dm_00004018-RA	sp|O82161.1|	RecName: Full=Protein PHOSPHATE-INDUCED 1; Flags: Precursor [Nicotiana tabacum]	64.427	253	76	7	6	257	5	244	1.04e-104	309
Dm_00001320-RA	sp|Q9SKX5.1|	RecName: Full=Polyamine oxidase 2; Short=AtPAO2; AltName: Full=Amine oxidase 1 [Arabidopsis thaliana]	78.947	475	96	2	2	472	16	490	0.0	770
Dm_00005399-RA	sp|P29602.3|	RecName: Full=Cucumber peeling cupredoxin; Short=CPC; AltName: Full=Stellacyanin [Cucumis sativus]	45.794	107	55	3	29	132	3	109	2.45e-24	96.7
Dm_00021072-RA	sp|A2XQE8.1|	RecName: Full=Senescence-specific cysteine protease SAG39; AltName: Full=Cysteine proteinase SAG39; AltName: Full=Protein SENESCENCE-ASSOCIATED GENE 39; Flags: Precursor [Oryza sativa Indica Group]	50.595	336	155	8	15	342	6	338	1.52e-115	341
Dm_00009021-RA	sp|Q9SVG3.1|	RecName: Full=Berberine bridge enzyme-like 21; Short=AtBBE-like 21; Flags: Precursor [Arabidopsis thaliana]	56.548	504	211	5	55	553	35	535	0.0	554
Dm_00010291-RA	sp|A0A4D6Q411.1|	RecName: Full=Transcription factor MYB1; AltName: Full=Myb-related protein 1; Short=CcMYB1 [Crocosmia x crocosmiiflora]	66.279	172	44	3	1	167	1	163	2.65e-74	231
Dm_00001554-RA	sp|Q9SVG9.1|	RecName: Full=Calcium-binding protein CML42; AltName: Full=Calmodulin-like protein 42 [Arabidopsis thaliana]	56.132	212	67	3	13	224	6	191	2.26e-72	221
Dm_00017932-RA	sp|Q6H4M2.1|	RecName: Full=Potassium transporter 19; AltName: Full=OsHAK19 [Oryza sativa Japonica Group]	52.666	769	322	3	20	784	12	742	0.0	827
Dm_00013565-RA	sp|O82752.1|	RecName: Full=Protein DETOXIFICATION 49; Short=AtDTX49; AltName: Full=Multidrug and toxic compound extrusion protein 49; Short=MATE protein 49; AltName: Full=Protein NOVEL ION CARRIER 1; Short=Protein NIC1 [Arabidopsis thaliana]	68.737	483	142	4	24	504	10	485	0.0	598
Dm_00013980-RA	sp|Q9SNC6.1|	RecName: Full=U-box domain-containing protein 13; AltName: Full=Plant U-box protein 13; AltName: Full=RING-type E3 ubiquitin transferase PUB13 [Arabidopsis thaliana]	60.610	688	225	5	1	683	1	647	0.0	810
Dm_00009307-RA	sp|Q9FDY4.1|	RecName: Full=BTB/POZ domain and ankyrin repeat-containing protein NPR1; Short=OsNPR1; AltName: Full=NPR1 homolog 1; Short=OsNH1 [Oryza sativa Japonica Group]	55.216	556	216	6	35	577	27	562	0.0	570
Dm_00012597-RA	sp|Q9LQU4.1|	RecName: Full=Protein PLANT CADMIUM RESISTANCE 2; Short=AtPCR2 [Arabidopsis thaliana]	61.702	141	53	1	29	168	12	152	4.18e-60	186
Dm_00001342-RA	sp|Q67Y83.2|	RecName: Full=Serine carboxypeptidase-like 51; Flags: Precursor [Arabidopsis thaliana]	64.269	431	150	2	33	459	29	459	0.0	573
Dm_00001995-RA	sp|Q9LQX2.1|	RecName: Full=E3 ubiquitin-protein ligase MPSR1; AltName: Full=Protein MISFOLDED PROTEIN SENSING RING E3 LIGASE 1; AltName: Full=RING-type E3 ubiquitin transferase MPSR1 [Arabidopsis thaliana]	45.045	222	75	7	7	227	10	185	7.66e-52	170
Dm_00018769-RA	sp|O22808.1|	RecName: Full=Protein LYK5; AltName: Full=LysM domain receptor-like kinase 5; AltName: Full=LysM-containing receptor-like kinase 5; Flags: Precursor [Arabidopsis thaliana]	50.000	680	280	17	27	683	12	654	0.0	564
Dm_00001746-RA	sp|Q8VZ80.2|	RecName: Full=Polyol transporter 5; AltName: Full=Protein POLYOL TRANSPORTER 5; Short=AtPLT5; AltName: Full=Sugar-proton symporter PLT5 [Arabidopsis thaliana]	70.307	522	144	5	9	526	1	515	0.0	730
Dm_00001350-RA	sp|Q96289.1|	RecName: Full=Zinc finger protein ZAT10; AltName: Full=Salt-tolerance zinc finger [Arabidopsis thaliana]	35.613	351	91	13	1	344	1	223	9.38e-42	148
Dm_00019697-RA	sp|Q09023.1|	RecName: Full=Endochitinase CH25; Flags: Precursor [Brassica napus]	64.605	291	83	5	1	285	40	316	5.39e-127	367
Dm_00017058-RA	sp|Q9LYV6.1|	RecName: Full=GEM-like protein 5 [Arabidopsis thaliana]	61.328	256	93	2	7	261	16	266	4.09e-119	345
Dm_00004346-RA	sp|Q9FE06.1|	RecName: Full=Protein EXORDIUM-like 2; Flags: Precursor [Arabidopsis thaliana]	60.797	301	112	4	15	313	9	305	4.50e-128	370
Dm_00003435-RA	sp|Q43075.1|	RecName: Full=Arginine decarboxylase; Short=ADC; Short=ARGDC [Pisum sativum]	67.285	755	208	11	1	743	1	728	0.0	1020
Dm_00005783-RA	sp|Q9XIP8.1|	RecName: Full=Protein CDI; AltName: Full=Protein CADMIUM INDUCED [Arabidopsis thaliana]	80.172	232	46	0	42	273	21	252	6.15e-149	420
Dm_00001846-RA	sp|Q5MAU8.1|	RecName: Full=Probable inactive purple acid phosphatase 27; Flags: Precursor [Arabidopsis thaliana]	78.802	217	46	0	1	217	395	611	6.93e-128	376
Dm_00003862-RA	sp|Q9M2U3.1|	RecName: Full=Protein ALP1-like [Arabidopsis thaliana]	31.288	326	184	12	164	463	53	364	3.06e-37	144
Dm_00004196-RA	sp|Q9LNJ5.1|	RecName: Full=Transcription factor bHLH13; AltName: Full=Basic helix-loop-helix protein 13; Short=AtbHLH13; Short=bHLH 13; AltName: Full=Transcription factor EN 39; AltName: Full=bHLH transcription factor bHLH013 [Arabidopsis thaliana]	44.103	619	214	17	1	528	3	580	9.58e-147	437
Dm_00004133-RA	sp|Q7G188.2|	RecName: Full=Fimbrin-1; Short=AtFIM1; AltName: Full=Fimbrin1 [Arabidopsis thaliana]	72.287	682	184	4	1	678	1	681	0.0	1010
Dm_00012655-RA	sp|Q42602.2|	RecName: Full=Cytochrome P450 89A2; AltName: Full=ATH 6-1; AltName: Full=CYPLXXXIX [Arabidopsis thaliana]	57.950	478	182	7	44	519	38	498	0.0	532
Dm_00011848-RA	sp|Q9LXM2.1|	RecName: Full=Probable CCR4-associated factor 1 homolog 9 [Arabidopsis thaliana]	71.841	277	62	3	10	283	17	280	9.28e-140	397
Dm_00007129-RA	sp|Q9FNN6.1|	RecName: Full=Transcription factor SRM1; AltName: Full=Myb-related protein SRM1; AltName: Full=Protein SALT-RELATED MYB 1 [Arabidopsis thaliana]	53.846	182	82	1	17	196	9	190	3.03e-58	189
Dm_00006920-RA	sp|O48786.1|	RecName: Full=Cytochrome P450 734A1; AltName: Full=Protein PHYB ACTIVATION-TAGGED SUPPRESSOR 1 [Arabidopsis thaliana]	60.821	536	182	8	20	554	7	515	0.0	650
Dm_00003959-RA	sp|Q8VWZ7.1|	RecName: Full=Geraniol 8-hydroxylase; AltName: Full=Cytochrome P450 76B6; AltName: Full=Geraniol 10-hydroxylase; Short=CrG10H [Catharanthus roseus]	50.794	504	234	3	4	507	1	490	0.0	539
Dm_00000869-RA	sp|O80341.1|	RecName: Full=Ethylene-responsive transcription factor 5; Short=AtERF5; AltName: Full=Ethylene-responsive element-binding factor 5; Short=EREBP-5 [Arabidopsis thaliana]	55.224	201	72	5	178	378	118	300	7.40e-57	190
Dm_00015937-RA	sp|O80340.1|	RecName: Full=Ethylene-responsive transcription factor 4; Short=AtERF4; AltName: Full=Ethylene-responsive element-binding factor 4; Short=EREBP-4; AltName: Full=Protein RELATED TO APETALA2 5 [Arabidopsis thaliana]	60.317	126	38	3	12	128	9	131	1.01e-38	136
Dm_00018080-RA	sp|Q9FJX5.1|	RecName: Full=BTB/POZ and TAZ domain-containing protein 4; AltName: Full=BTB and TAZ domain protein 4 [Arabidopsis thaliana]	61.186	371	134	2	5	375	6	366	1.52e-167	476
Dm_00016891-RA	sp|Q9LHJ9.1|	RecName: Full=Probable protein phosphatase 2C 38; Short=AtPP2C38 [Arabidopsis thaliana]	71.538	390	94	4	3	391	4	377	0.0	573
Dm_00000779-RA	sp|Q9SJM6.1|	RecName: Full=Zinc finger A20 and AN1 domain-containing stress-associated protein 4; Short=AtSAP4 [Arabidopsis thaliana]	50.000	178	68	3	1	174	1	161	7.68e-55	173
Dm_00001115-RA	sp|Q9LSF1.1|	RecName: Full=Serine/threonine-protein kinase OXI1; AltName: Full=AGC serine/threonine-protein kinase subfamily 2 member 1; AltName: Full=Protein OXIDATIVE SIGNAL-INDUCIBLE 1 [Arabidopsis thaliana]	52.668	431	172	9	34	463	10	409	9.72e-143	418
Dm_00013008-RA	sp|P32826.2|	RecName: Full=Serine carboxypeptidase-like 49; Flags: Precursor [Arabidopsis thaliana]	53.106	499	168	9	6	444	4	496	4.30e-178	510
Dm_00013069-RA	sp|Q9FSB9.1|	RecName: Full=Chalcone synthase 1; AltName: Full=Naringenin-chalcone synthase 1 [Ruta graveolens]	69.966	293	88	0	1	293	99	391	4.73e-155	441
Dm_00013070-RA	sp|Q7XT99.2|	RecName: Full=Probable aldo-keto reductase 2 [Oryza sativa Japonica Group]	74.052	343	86	3	12	353	11	351	0.0	531
