Dm_00007095-RA	sp|C0LGK4.1|	RecName: Full=Probable LRR receptor-like serine/threonine-protein kinase At2g16250; Flags: Precursor [Arabidopsis thaliana]	56.009	857	337	13	41	892	32	853	0.0	880
Dm_00006887-RA	sp|Q9C7Z9.2|	RecName: Full=Serine carboxypeptidase-like 18; Flags: Precursor [Arabidopsis thaliana]	44.770	478	221	7	15	486	19	459	1.03e-139	412
Dm_00007897-RA	sp|Q38832.2|	RecName: Full=Auxin-responsive protein IAA14; AltName: Full=Indoleacetic acid-induced protein 14; AltName: Full=Protein SOLITARY ROOT [Arabidopsis thaliana]	48.230	226	68	7	1	182	1	221	4.08e-58	184
Dm_00008809-RA	sp|Q9LEC8.1|	RecName: Full=Glutamate dehydrogenase B; Short=GDH B [Nicotiana plumbaginifolia]	87.105	411	53	0	1	411	1	411	0.0	763
Dm_00008420-RA	sp|Q9ZU46.1|	RecName: Full=Receptor protein kinase-like protein ZAR1; AltName: Full=Protein ZYGOTIC ARREST 1; Flags: Precursor [Arabidopsis thaliana]	37.845	724	355	16	6	654	6	709	1.85e-134	414
Dm_00015104-RA	sp|Q7XA42.2|	RecName: Full=Putative disease resistance protein RGA1; AltName: Full=RGA3-blb [Solanum bulbocastanum]	32.518	818	469	22	21	823	17	766	2.17e-109	364
Dm_00019600-RA	sp|O65468.2|	RecName: Full=Cysteine-rich receptor-like protein kinase 8; Short=Cysteine-rich RLK8; Flags: Precursor [Arabidopsis thaliana]	46.596	661	313	14	49	703	50	676	0.0	567
Dm_00019581-RA	sp|Q9FIJ4.1|	RecName: Full=DNA repair RAD52-like protein 2, chloroplastic; AltName: Full=Organellar DNA-binding protein 2; Flags: Precursor [Arabidopsis thaliana]	74.483	145	26	2	71	204	55	199	4.68e-72	219
Dm_00010043-RA	sp|A6QP05.1|	RecName: Full=Dehydrogenase/reductase SDR family member 12; AltName: Full=Short-chain dehydrogenase/reductase family 40C member 1; Short=Protein SDR40C1 [Bos taurus]	43.750	304	160	6	95	396	4	298	2.07e-78	248
Dm_00011431-RA	sp|F4J8G7.1|	RecName: Full=Protein virilizer homolog; AltName: Full=Protein EMBRYO DEFECTIVE 2016 [Arabidopsis thaliana]	59.400	500	183	5	49	529	682	1180	5.17e-175	580
Dm_00002759-RA	sp|P29162.1|	RecName: Full=L-ascorbate oxidase homolog; AltName: Full=Pollen-specific protein NTP303; Flags: Precursor [Nicotiana tabacum]	51.159	561	236	7	13	559	9	545	0.0	575
Dm_00018179-RA	sp|Q9FLD7.1|	RecName: Full=Beta-glucuronosyltransferase GlcAT14A; AltName: Full=GT14 family glucuronic acid transferase 1; Short=AtGlcAT14A [Arabidopsis thaliana]	53.867	375	147	5	61	434	98	447	9.26e-135	397
Dm_00018071-RA	sp|Q9SR82.1|	RecName: Full=Putative pentatricopeptide repeat-containing protein At3g08820 [Arabidopsis thaliana]	34.690	565	341	10	23	579	29	573	8.94e-111	352
Dm_00002620-RA	sp|Q9SVY0.1|	RecName: Full=DNA-directed RNA polymerase I subunit 1; AltName: Full=DNA-directed RNA polymerase I subunit RPA1; Short=DNA polymerase I subunit A1; AltName: Full=Nuclear RNA polymerase A1 [Arabidopsis thaliana]	49.094	1711	765	28	10	1692	23	1655	0.0	1552
Dm_00002777-RA	sp|Q9C9H1.1|	RecName: Full=Zinc finger protein GIS3; AltName: Full=Protein GLABROUS INFLORESCENCE STEMS 3 [Arabidopsis thaliana]	38.783	263	108	11	1	231	1	242	2.73e-32	120
Dm_00007921-RA	sp|A2XKU9.1|	RecName: Full=Costars family protein [Oryza sativa Indica Group]	79.268	82	17	0	1	82	1	82	2.18e-43	138
Dm_00012381-RA	sp|Q336N8.1|	RecName: Full=Lysine-specific demethylase JMJ706; AltName: Full=Jumonji domain-containing protein 706; AltName: Full=Lysine-specific histone demethylase JMJ706; AltName: Full=Protein JUMONJI 706; AltName: Full=[histone H3]-trimethyl-L-lysine(9) demethylase JMJ706 [Oryza sativa Japonica Group]	52.461	772	307	10	11	761	2	734	0.0	751
Dm_00021056-RA	sp|Q93XM7.1|	RecName: Full=Mitochondrial carnitine/acylcarnitine carrier-like protein; AltName: Full=Carnitine/acylcarnitine translocase-like protein; Short=CAC-like protein; AltName: Full=Protein A BOUT DE SOUFFLE [Arabidopsis thaliana]	74.333	300	71	2	1	294	1	300	1.28e-160	451
Dm_00020951-RA	sp|O24606.1|	RecName: Full=Protein ETHYLENE INSENSITIVE 3 [Arabidopsis thaliana]	60.364	550	182	14	1	546	2	519	0.0	604
Dm_00017591-RA	sp|Q9C7N2.1|	RecName: Full=MACPF domain-containing protein CAD1; AltName: Full=Protein CONSTITUTIVELY ACTIVATED CELL DEATH 1; Short=Protein CAD1 [Arabidopsis thaliana]	65.841	565	179	5	25	588	10	561	0.0	760
Dm_00005014-RA	sp|Q9SD33.2|	RecName: Full=PHAF1 protein At3g51130 [Arabidopsis thaliana]	81.186	388	70	1	2	389	11	395	0.0	677
Dm_00010003-RA	sp|Q84VQ1.1|	RecName: Full=SNF1-related protein kinase regulatory subunit beta-1; Short=AKIN subunit beta-1; Short=AKINB1; Short=AKINbeta1 [Arabidopsis thaliana]	54.783	230	87	3	42	268	66	281	5.04e-88	266
Dm_00013849-RA	sp|Q9M022.1|	RecName: Full=E3 ubiquitin-protein ligase AIRP2; AltName: Full=Protein ABA INSENSITIVE RING PROTEIN 2; Short=AtAIRP2; AltName: Full=RING-type E3 ubiquitin transferase AIRP2 [Arabidopsis thaliana]	40.217	276	125	2	74	349	2	237	1.80e-67	215
Dm_00003237-RA	sp|Q9ZPY8.2|	RecName: Full=Transcription factor ABA-INDUCIBLE bHLH-TYPE; Short=AtAIB; AltName: Full=Basic helix-loop-helix protein 17; Short=AtbHLH17; Short=bHLH 17; AltName: Full=Transcription factor EN 35; AltName: Full=bHLH transcription factor bHLH017 [Arabidopsis thaliana]	40.480	583	230	17	5	514	6	544	6.96e-115	353
Dm_00013957-RA	sp|Q8LF99.2|	RecName: Full=Probable xyloglucan endotransglucosylase/hydrolase protein 6; Short=At-XTH6; Short=XTH-6; Flags: Precursor [Arabidopsis thaliana]	65.517	290	86	1	11	300	15	290	8.08e-147	417
Dm_00015132-RA	sp|Q8GW31.1|	RecName: Full=mRNA-decapping enzyme subunit 2; Short=AtDCP2; Short=Protein DECAPPING 2; AltName: Full=M(7)GpppN-mRNA hydrolase DCP2; AltName: Full=Protein TRIDENT [Arabidopsis thaliana]	58.871	372	96	4	4	318	2	373	8.06e-154	438
Dm_00008528-RA	sp|A0A3Q7H216.1|	RecName: Full=Transcription factor MTB3; AltName: Full=Basic helix-loop-helix protein 138; AltName: Full=Protein MYC2-TARGETED BHLH 3; AltName: Full=Transcription factor bHLH138; AltName: Full=bHLH transcription factor bHLH138 [Solanum lycopersicum]	50.200	500	218	13	1	495	1	474	3.61e-139	413
Dm_00006483-RA	sp|Q9SSR1.1|	RecName: Full=DCC family protein At1g52590, chloroplastic; Flags: Precursor [Arabidopsis thaliana]	61.688	154	18	1	8	161	60	172	1.20e-58	182
Dm_00012187-RA	sp|Q39224.1|	RecName: Full=Protein SRG1; Short=AtSRG1; AltName: Full=Protein SENESCENCE-RELATED GENE 1 [Arabidopsis thaliana]	43.314	344	186	5	17	357	17	354	3.76e-103	311
Dm_00013860-RA	sp|O49204.1|	RecName: Full=Adenylyl-sulfate kinase, chloroplastic; AltName: Full=ATP adenosine-5'-phosphosulfate 3'-phosphotransferase; AltName: Full=Adenosine-5'-phosphosulfate kinase; Short=APS kinase; Flags: Precursor [Catharanthus roseus]	81.618	136	24	1	25	160	145	279	2.07e-73	225
Dm_00016184-RA	sp|Q9LTC0.1|	RecName: Full=Probable serine/threonine-protein kinase PBL19; AltName: Full=PBS1-like protein 19 [Arabidopsis thaliana]	63.231	359	124	5	7	364	23	374	1.12e-153	441
Dm_00009477-RA	sp|Q9FN92.1|	RecName: Full=Probable receptor-like protein kinase At5g59700; Flags: Precursor [Arabidopsis thaliana]	52.415	828	322	17	68	850	27	827	0.0	775
Dm_00010742-RA	sp|Q9LRA7.1|	RecName: Full=Probable alpha,alpha-trehalose-phosphate synthase [UDP-forming] 9; AltName: Full=Trehalose-6-phosphate synthase 9; Short=AtTPS9 [Arabidopsis thaliana]	67.460	882	265	4	1	876	1	866	0.0	1244
Dm_00011220-RA	sp|F4JGZ1.1|	RecName: Full=Mediator of RNA polymerase II transcription subunit 16; AltName: Full=Protein SENSITIVE TO FREEZING 6 [Arabidopsis thaliana]	71.291	1146	274	16	25	1136	106	1230	0.0	1557
Dm_00003543-RA	sp|F4I9T0.1|	RecName: Full=BEACH domain-containing protein B; AltName: Full=BEACH-domain homolog B [Arabidopsis thaliana]	62.405	2378	823	19	2	2359	278	2604	0.0	3013
Dm_00003312-RA	sp|Q9C6L5.1|	RecName: Full=3-ketoacyl-CoA synthase 5; Short=KCS-5; AltName: Full=Eceriferum 60; AltName: Full=Very long-chain fatty acid condensing enzyme 5; Short=VLCFA condensing enzyme 5 [Arabidopsis thaliana]	56.795	493	207	4	12	503	5	492	0.0	598
Dm_00020511-RA	sp|A2XUW1.1|	RecName: Full=Cyclin-dependent kinase G-2; Short=CDKG;2 [Oryza sativa Indica Group]	52.417	786	282	18	1	770	1	710	0.0	673
Dm_00020562-RA	sp|Q01IH3.1|	RecName: Full=Peroxisomal membrane protein 11-4; AltName: Full=OsPEX11-4; AltName: Full=Peroxin-11-4 [Oryza sativa Indica Group]	72.197	223	53	4	3	221	5	222	6.96e-110	317
Dm_00012251-RA	sp|Q8W485.1|	RecName: Full=Uncharacterized protein At5g50100, chloroplastic; Flags: Precursor [Arabidopsis thaliana]	64.088	181	57	3	56	235	41	214	1.38e-81	245
Dm_00012350-RA	sp|Q8VY93.1|	RecName: Full=GDSL esterase/lipase At4g26790; AltName: Full=Extracellular lipase At4g26790; Flags: Precursor [Arabidopsis thaliana]	66.163	331	112	0	21	351	20	350	2.17e-167	473
Dm_00016246-RA	sp|P93733.4|	RecName: Full=Phospholipase D beta 1; Short=AtPLDbeta1; Short=PLD beta 1; Short=PLDbeta [Arabidopsis thaliana]	64.519	1102	255	19	82	1137	72	1083	0.0	1362
Dm_00010126-RA	sp|Q9FKS8.1|	RecName: Full=Lysine histidine transporter 1 [Arabidopsis thaliana]	81.364	440	80	1	3	440	7	446	0.0	752
Dm_00008480-RA	sp|Q9Y7K5.2|	RecName: Full=Uncharacterized WD repeat-containing protein C2A9.03 [Schizosaccharomyces pombe 972h-]	29.275	386	240	13	70	448	66	425	1.97e-35	139
Dm_00008555-RA	sp|F8WKW1.1|	RecName: Full=7-deoxyloganetin glucosyltransferase; AltName: Full=Genipin glucosyltransferase; AltName: Full=UDP-glucose glucosyltransferase 2; Short=GjUGT2; AltName: Full=UDP-glycosyltransferase 85A24 [Gardenia jasminoides]	61.331	481	172	9	15	492	11	480	0.0	597
Dm_00006351-RA	sp|Q54NS9.1|	RecName: Full=Apoptosis-inducing factor homolog A [Dictyostelium discoideum]	31.316	380	218	11	9	354	26	396	5.01e-45	162
Dm_00003258-RA	sp|Q64M78.1|	RecName: Full=Protein MEI2-like 4; Short=OML4; AltName: Full=MEI2-like protein 4 [Oryza sativa Japonica Group]	50.118	425	174	11	295	702	548	951	7.98e-112	366
Dm_00014187-RA	sp|O04203.1|	RecName: Full=Nematode resistance protein-like HSPRO2; AltName: Full=AKINbetagamma-interacting protein 2; AltName: Full=Ortholog of sugar beet HS1 PRO-1 protein 2; AltName: Full=Protein Hs1pro-2 [Arabidopsis thaliana]	51.168	471	189	6	1	468	1	433	2.26e-160	464
Dm_00014543-RA	sp|Q93ZH7.1|	RecName: Full=Protein IQ-DOMAIN 2; Short=AtIQD2 [Arabidopsis thaliana]	37.121	528	224	14	1	513	1	435	1.77e-78	256
Dm_00012498-RA	sp|Q64M78.1|	RecName: Full=Protein MEI2-like 4; Short=OML4; AltName: Full=MEI2-like protein 4 [Oryza sativa Japonica Group]	47.560	963	395	28	1	933	69	951	0.0	662
Dm_00003178-RA	sp|Q9LQ98.1|	RecName: Full=Ninja-family protein AFP1; AltName: Full=ABI five-binding protein 1; Short=ABI5-binding protein 1 [Arabidopsis thaliana]	38.987	395	147	10	42	416	19	339	2.59e-62	207
Dm_00002904-RA	sp|F4HTH8.1|	RecName: Full=Katanin p80 WD40 repeat-containing subunit B1 homolog KTN80.2; AltName: Full=DDB1 binding WD40 hypersensitive to ABA 3; Short=DWD hypersensitive to ABA 3 [Arabidopsis thaliana]	73.750	160	41	1	4	163	9	167	5.80e-76	265
Dm_00006863-RA	sp|Q9SYH1.1|	RecName: Full=Probable GTP diphosphokinase RSH3, chloroplastic; AltName: Full=RelA/SpoT homolog 3; Short=AtRSH3; AltName: Full=ppGpp synthetase RSH3; Flags: Precursor [Arabidopsis thaliana]	62.450	743	216	16	7	728	15	715	0.0	834
Dm_00018910-RA	sp|Q9M7I7.1|	RecName: Full=Chlorophyllase-2; Short=AtCLH2; AltName: Full=Chlorophyll-chlorophyllido hydrolase 2; Short=Chlase 2 [Arabidopsis thaliana]	53.526	312	137	3	9	313	5	315	7.96e-115	337
Dm_00014456-RA	sp|Q9SFV2.1|	RecName: Full=FHA domain-containing protein FHA2; AltName: Full=Protein FORKHEAD-ASSOCIATED DOMAIN 2; Short=AtFHA2 [Arabidopsis thaliana]	63.288	365	76	5	1	352	1	320	5.23e-148	423
Dm_00002855-RA	sp|O04532.1|	RecName: Full=Formin-like protein 8; Short=AtFH8; Short=AtFORMIN-1; Flags: Precursor [Arabidopsis thaliana]	51.008	496	202	10	368	862	292	747	3.61e-160	489
Dm_00009812-RA	sp|Q93WN0.1|	RecName: Full=Selenium-binding protein 2; AltName: Full=Protein EMBRYO SAC DEVELOPMENT ARREST 38 [Arabidopsis thaliana]	74.194	310	79	1	6	315	2	310	1.88e-177	502
Dm_00000832-RA	sp|O48915.1|	RecName: Full=Protein NDR1; AltName: Full=Non-race specific disease resistance protein 1; Short=AtNDR1; Flags: Precursor [Arabidopsis thaliana]	35.961	203	120	4	6	208	2	194	1.70e-36	130
Dm_00000603-RA	sp|Q948T9.1|	RecName: Full=Respiratory burst oxidase homolog protein B; AltName: Full=NADPH oxidase RBOHB; AltName: Full=StRBOHB [Solanum tuberosum]	70.986	903	215	11	29	930	11	867	0.0	1336
Dm_00003552-RA	sp|F4HXQ7.1|	RecName: Full=Myosin-binding protein 1 [Arabidopsis thaliana]	42.258	310	138	8	541	847	771	1042	1.67e-51	200
Dm_00003557-RA	sp|Q93WU6.2|	RecName: Full=Probable WRKY transcription factor 74; AltName: Full=WRKY DNA-binding protein 74 [Arabidopsis thaliana]	48.286	350	141	13	14	351	4	325	1.27e-78	248
Dm_00004413-RA	sp|Q9SSJ8.1|	RecName: Full=Putative 1-phosphatidylinositol-3-phosphate 5-kinase FAB1C; Short=Phosphatidylinositol 3-phosphate 5-kinase; AltName: Full=Phosphatidylinositol 3-phosphate 5-kinase type III; Short=PIPkin-III; Short=Type III PIP kinase; AltName: Full=Protein FORMS APLOID AND BINUCLEATE CELLS 1C [Arabidopsis thaliana]	54.101	1146	421	23	1	1102	564	1648	0.0	1116
Dm_00001234-RA	sp|Q9LNU3.1|	RecName: Full=Expansin-A11; Short=AtEXPA11; AltName: Full=Alpha-expansin-11; Short=At-EXP11; Short=AtEx11; AltName: Full=Ath-ExpAlpha-1.14; Flags: Precursor [Arabidopsis thaliana]	76.050	238	56	1	227	464	16	252	3.06e-135	392
Dm_00001247-RA	sp|P46423.1|	RecName: Full=Glutathione S-transferase; AltName: Full=25 kDa auxin-binding protein; AltName: Full=GST class-phi [Hyoscyamus muticus]	50.000	212	102	2	3	214	1	208	1.11e-70	217
Dm_00000623-RA	sp|H6WS94.1|	RecName: Full=Pleiotropic drug resistance protein 1; AltName: Full=ABC transporter G family PDR1; AltName: Full=Strigolactone transporter [Petunia x hybrida]	72.195	1453	393	3	1	1443	1	1452	0.0	2240
Dm_00015419-RA	sp|F4JN00.1|	RecName: Full=CMP-sialic acid transporter 4; Short=CMP-SA-Tr 4; Short=CMP-Sia-Tr 4 [Arabidopsis thaliana]	73.941	307	40	2	1	269	1	305	6.06e-162	456
Dm_00015134-RA	sp|O24301.1|	RecName: Full=Sucrose synthase 2; AltName: Full=Sucrose-UDP glucosyltransferase 2 [Pisum sativum]	84.568	486	74	1	1	485	79	564	0.0	860
Dm_00001629-RA	sp|A0A1U8IPT1.1|	RecName: Full=Calmodulin-binding protein 60 B; AltName: Full=GhCBP60B [Gossypium hirsutum]	39.899	396	181	3	37	431	44	383	2.50e-86	285
Dm_00004972-RA	sp|F4K1J4.1|	RecName: Full=Histone-lysine N-methyltransferase ATXR7; AltName: Full=Protein SET DOMAIN GROUP 25; AltName: Full=Trithorax-related protein 7 [Arabidopsis thaliana]	58.663	329	99	6	1019	1339	1122	1421	7.22e-102	360
Dm_00003585-RA	sp|Q9SJ41.1|	RecName: Full=Zinc finger CCCH domain-containing protein 18; Short=AtC3H18 [Arabidopsis thaliana]	52.103	428	166	13	1	422	1	395	1.06e-131	396
Dm_00003591-RA	sp|Q94EH2.1|	RecName: Full=Chloroplastic import inner membrane translocase subunit TIM22-2; AltName: Full=Hypothetical outer plastid envelope protein of 20 kDa; Short=Hypothetical protein 20 [Arabidopsis thaliana]	61.856	194	62	3	13	198	17	206	7.80e-74	224
Dm_00002159-RA	sp|Q9FFU6.1|	RecName: Full=Cytochrome b561, DM13 and DOMON domain-containing protein At5g54830; AltName: Full=Protein b561A.tha1; Flags: Precursor [Arabidopsis thaliana]	61.591	880	321	9	1	877	42	907	0.0	1107
Dm_00001819-RA	sp|Q9LSN7.1|	RecName: Full=Transcription factor bHLH147; AltName: Full=ATBS1 interacting factor 3; AltName: Full=Basic helix-loop-helix protein 147; Short=AtbHLH147; Short=bHLH 147; AltName: Full=Transcription factor EN 142; AltName: Full=bHLH transcription factor bHLH147 [Arabidopsis thaliana]	46.203	158	79	3	39	190	49	206	2.13e-33	122
Dm_00008277-RA	sp|F4JCN9.1|	RecName: Full=Transcription factor PRE4; AltName: Full=Basic helix-loop-helix protein 161; Short=AtbHLH161; Short=bHLH 161; AltName: Full=Protein BANQUO 3; AltName: Full=Protein PACLOBUTRAZOL RESISTANCE 4; AltName: Full=bHLH transcription factor bHLH161 [Arabidopsis thaliana]	81.132	53	10	0	11	63	39	91	3.42e-23	86.3
Dm_00014513-RA	sp|Q42059.2|	RecName: Full=Endoglucanase 6; AltName: Full=Endo-1,4-beta glucanase 6; Flags: Precursor [Arabidopsis thaliana]	73.058	605	140	2	20	603	17	619	0.0	929
Dm_00010528-RA	sp|P98204.1|	RecName: Full=Phospholipid-transporting ATPase 1; Short=AtALA1; AltName: Full=Aminophospholipid flippase 1 [Arabidopsis thaliana]	67.931	1160	335	6	67	1226	14	1136	0.0	1640
Dm_00001919-RA	sp|Q9DCD2.1|	RecName: Full=Pre-mRNA-splicing factor SYF1; AltName: Full=XPA-binding protein 2 [Mus musculus]	48.443	867	384	12	16	861	28	852	0.0	815
Dm_00001602-RA	sp|Q9XI60.1|	RecName: Full=Lipid phosphate phosphatase 2; Short=AtLPP2; AltName: Full=Phosphatidic acid phosphatase 2; Short=AtPAP2; AltName: Full=Prenyl diphosphate phosphatase [Arabidopsis thaliana]	68.836	292	84	2	1	287	1	290	2.77e-144	411
Dm_00010333-RA	sp|K4CI52.1|	RecName: Full=Abscisic acid 8'-hydroxylase CYP707A2; Short=ABA 8'-hydroxylase CYP707A2; Short=SlCYP707A2; AltName: Full=Cytochrome P450 707A2 [Solanum lycopersicum]	71.670	473	110	6	3	464	6	465	0.0	698
Dm_00010382-RA	sp|P25818.1|	RecName: Full=Aquaporin TIP1-1; AltName: Full=Aquaporin TIP; AltName: Full=Gamma-tonoplast intrinsic protein; Short=Gamma-TIP; AltName: Full=Tonoplast intrinsic protein 1-1; Short=AtTIP1;1; AltName: Full=Tonoplast intrinsic protein, root-specific RB7 [Arabidopsis thaliana]	80.478	251	49	0	1	251	1	251	2.40e-147	414
Dm_00011123-RA	sp|Q944A7.1|	RecName: Full=Serine/threonine-protein kinase BSK1; AltName: Full=Brassinosteroid-signaling kinase 1 [Arabidopsis thaliana]	87.281	456	56	1	49	504	55	508	0.0	848
Dm_00017167-RA	sp|O22799.2|	RecName: Full=Uncharacterized protein At2g33490 [Arabidopsis thaliana]	44.729	664	263	22	1	621	1	603	7.58e-145	436
Dm_00017526-RA	sp|Q9FY79.1|	RecName: Full=Laccase-14; AltName: Full=Benzenediol:oxygen oxidoreductase 14; AltName: Full=Diphenol oxidase 14; AltName: Full=Urishiol oxidase 14; Flags: Precursor [Arabidopsis thaliana]	47.648	489	241	8	4	489	93	569	1.41e-166	486
Dm_00016479-RA	sp|Q9NCL8.1|	RecName: Full=Phosphatidylinositol transfer protein 1; Short=PtdIns transfer protein 1; AltName: Full=DdPITP1 [Dictyostelium discoideum]	38.431	255	139	6	4	255	3	242	1.65e-58	191
Dm_00016865-RA	sp|Q07185.1|	RecName: Full=Ubiquinol oxidase 1, mitochondrial; AltName: Full=Alternative oxidase 1; Flags: Precursor [Glycine max]	90.659	182	17	0	58	239	140	321	4.58e-125	360
Dm_00008636-RA	sp|Q05091.1|	RecName: Full=Polygalacturonase inhibitor; AltName: Full=Polygalacturonase-inhibiting protein; Short=PGIG; Flags: Precursor [Pyrus communis]	59.697	330	127	4	5	334	6	329	1.98e-132	383
Dm_00009478-RA	sp|Q9SH89.1|	RecName: Full=O-fucosyltransferase 19; Short=O-FucT-19; AltName: Full=O-fucosyltransferase family protein [Arabidopsis thaliana]	76.906	446	99	3	22	465	195	638	0.0	725
Dm_00005048-RA	sp|Q76CU2.1|	RecName: Full=Pleiotropic drug resistance protein 1; AltName: Full=NtPDR1 [Nicotiana tabacum]	73.444	1446	354	6	11	1448	11	1434	0.0	2211
Dm_00003477-RA	sp|O65695.1|	RecName: Full=Auxin-responsive protein SAUR50; AltName: Full=Protein SMALL AUXIN UP RNA 50 [Arabidopsis thaliana]	71.963	107	27	2	1	107	1	104	8.91e-52	161
Dm_00007196-RA	sp|Q39732.1|	RecName: Full=Glycine cleavage system H protein, mitochondrial; Flags: Precursor [Flaveria anomala]	67.539	191	32	3	16	205	1	162	6.01e-82	243
Dm_00008686-RA	sp|Q8L7S8.2|	RecName: Full=DEAD-box ATP-dependent RNA helicase 3, chloroplastic; AltName: Full=Protein EMBRYO DEFECTIVE 1138; Flags: Precursor [Arabidopsis thaliana]	67.857	112	32	1	110	221	130	237	3.61e-38	146
Dm_00007652-RA	sp|Q9XID5.2|	RecName: Full=Protein PSK SIMULATOR 1; Short=AtPSI1 [Arabidopsis thaliana]	64.444	675	208	12	1	661	1	657	0.0	847
Dm_00011711-RA	sp|Q94AI4.1|	RecName: Full=N6-adenosine-methyltransferase non-catalytic subunit MTB; AltName: Full=Methyltransferase-like protein 1; AltName: Full=Protein EMBRYO DEFECTIVE 1691; AltName: Full=Protein METTL14 homolog [Arabidopsis thaliana]	54.490	657	193	17	499	1105	175	775	0.0	570
Dm_00001587-RA	sp|Q9SR86.1|	RecName: Full=Alanine--glyoxylate aminotransferase 2 homolog 3, mitochondrial; AltName: Full=Beta-alanine-pyruvate aminotransferase 3; Flags: Precursor [Arabidopsis thaliana]	77.303	445	101	0	37	481	23	467	0.0	743
Dm_00017488-RA	sp|P53392.1|	RecName: Full=High affinity sulfate transporter 2 [Stylosanthes hamata]	68.326	663	189	5	1	653	1	652	0.0	915
Dm_00012786-RA	sp|Q3E958.1|	RecName: Full=Ethylene-responsive transcription factor SHINE 3 [Arabidopsis thaliana]	51.174	213	73	3	2	214	1	182	3.23e-68	210
Dm_00013980-RA	sp|Q9SNC6.1|	RecName: Full=U-box domain-containing protein 13; AltName: Full=Plant U-box protein 13; AltName: Full=RING-type E3 ubiquitin transferase PUB13 [Arabidopsis thaliana]	60.610	688	225	5	1	683	1	647	0.0	810
Dm_00005879-RA	sp|Q9S9N8.2|	RecName: Full=Metal transporter Nramp6; Short=AtNramp6 [Arabidopsis thaliana]	71.023	528	113	4	1	528	32	519	0.0	743
Dm_00009307-RA	sp|Q9FDY4.1|	RecName: Full=BTB/POZ domain and ankyrin repeat-containing protein NPR1; Short=OsNPR1; AltName: Full=NPR1 homolog 1; Short=OsNH1 [Oryza sativa Japonica Group]	55.216	556	216	6	35	577	27	562	0.0	570
Dm_00008368-RA	sp|Q944R1.1|	RecName: Full=Probable pectate lyase 15; AltName: Full=Pectate lyase A11; Flags: Precursor [Arabidopsis thaliana]	78.820	373	79	0	14	386	98	470	0.0	651
Dm_00001330-RA	sp|P46643.1|	RecName: Full=Aspartate aminotransferase, mitochondrial; AltName: Full=Transaminase A; Flags: Precursor [Arabidopsis thaliana]	81.010	416	69	1	19	434	25	430	0.0	731
Dm_00018651-RA	sp|O00410.4|	RecName: Full=Importin-5; Short=Imp5; AltName: Full=Importin subunit beta-3; AltName: Full=Karyopherin beta-3; AltName: Full=Ran-binding protein 5; Short=RanBP5 [Homo sapiens]	37.476	1062	615	16	23	1062	10	1044	0.0	712
Dm_00001157-RA	sp|Q9SCQ6.1|	RecName: Full=Zinc finger protein GAI-ASSOCIATED FACTOR 1; AltName: Full=Protein indeterminate-domain 2 [Arabidopsis thaliana]	46.016	502	199	14	9	501	2	440	8.47e-120	362
Dm_00000737-RA	sp|Q84RQ7.1|	RecName: Full=NifU-like protein 3, chloroplastic; Short=AtCNfu3; Short=AtCnfU-IVa; Flags: Precursor [Arabidopsis thaliana]	69.524	210	61	3	34	241	28	236	6.17e-92	273
Dm_00000756-RA	sp|Q9LK64.1|	RecName: Full=ABC transporter C family member 3; Short=ABC transporter ABCC.3; Short=AtABCC3; AltName: Full=ATP-energized glutathione S-conjugate pump 3; AltName: Full=Glutathione S-conjugate-transporting ATPase 3; AltName: Full=Multidrug resistance-associated protein 3 [Arabidopsis thaliana]	66.779	1490	474	11	29	1505	31	1512	0.0	1971
Dm_00001366-RA	sp|Q9SA91.2|	RecName: Full=Protein PSK SIMULATOR 2; Short=AtPSI2 [Arabidopsis thaliana]	49.515	618	268	14	1	606	1	586	0.0	529
Dm_00001873-RA	sp|Q9FFN7.1|	RecName: Full=Diacylglycerol kinase 2; Short=AtDGK2; Short=DAG kinase 2; AltName: Full=Diglyceride kinase 2; Short=DGK 2 [Arabidopsis thaliana]	68.247	696	215	5	22	716	22	712	0.0	986
Dm_00018264-RA	sp|O04341.1|	RecName: Full=Monothiol glutaredoxin-S9; Short=AtGrxS9; AltName: Full=Protein ROXY 7 [Arabidopsis thaliana]	66.667	99	33	0	1	99	1	99	8.63e-49	153
Dm_00004567-RA	sp|Q0P5W1.1|	RecName: Full=Vacuolar protein sorting-associated protein 8 homolog [Mus musculus]	23.700	1519	852	46	532	1978	141	1424	6.55e-96	346
Dm_00008933-RA	sp|Q7XZU0.1|	RecName: Full=Probable phosphoinositide phosphatase SAC9; Short=AtSAC9; AltName: Full=Protein SUPPRESSOR OF ACTIN 9; AltName: Full=SAC domain protein 9 [Arabidopsis thaliana]	73.869	199	52	0	8	206	7	205	6.04e-98	316
Dm_00006067-RA	sp|Q9C5W6.1|	RecName: Full=14-3-3-like protein GF14 iota; AltName: Full=General regulatory factor 12 [Arabidopsis thaliana]	73.191	235	35	3	1	207	29	263	1.24e-118	341
Dm_00008955-RA	sp|P27489.1|	RecName: Full=Chlorophyll a-b binding protein 13, chloroplastic; AltName: Full=LHCII type III CAB-13; Flags: Precursor [Solanum lycopersicum]	85.660	265	36	1	2	266	3	265	2.02e-168	468
Dm_00001389-RA	sp|O04846.2|	RecName: Full=Alpha carbonic anhydrase 1, chloroplastic; Short=AtaCA1; Short=AtalphaCA1; AltName: Full=Alpha carbonate dehydratase 1; Flags: Precursor [Arabidopsis thaliana]	44.841	252	133	4	17	264	16	265	3.90e-70	220
Dm_00018382-RA	sp|Q9ZUF4.1|	RecName: Full=Serine/threonine-protein kinase RIPK; AltName: Full=ACIK1A/PBL14; AltName: Full=ACRE protein ortholog 264A; Short=AtACRE264a; AltName: Full=PBS1-like protein 14; AltName: Full=RPM1-induced protein kinase [Arabidopsis thaliana]	60.836	383	139	4	5	379	4	383	1.34e-163	472
Dm_00003855-RA	sp|O82645.1|	RecName: Full=IQ domain-containing protein IQM1; AltName: Full=IQ motif-containing protein 1 [Arabidopsis thaliana]	55.515	553	170	7	38	583	2	485	0.0	561
Dm_00004454-RA	sp|Q2LZZ7.1|	RecName: Full=Serine/threonine-protein kinase tricornered; AltName: Full=NDR protein kinase; AltName: Full=Serine/threonine-protein kinase 38-like; AltName: Full=Serine/threonine-protein kinase tricorner [Drosophila pseudoobscura pseudoobscura]	48.578	457	212	6	29	464	2	456	1.35e-145	428
Dm_00004350-RA	sp|Q66GP0.2|	RecName: Full=BTB/POZ domain-containing protein SR1IP1; AltName: Full=Protein ATSR1-INTERACTION PROTEIN 1 [Arabidopsis thaliana]	61.646	644	191	11	36	663	1	604	0.0	771
Dm_00004034-RA	sp|F4I2N7.1|	RecName: Full=Receptor-like protein kinase 7; Flags: Precursor [Arabidopsis thaliana]	59.877	972	369	10	7	972	1	957	0.0	1112
Dm_00003242-RA	sp|Q43517.1|	RecName: Full=Ferredoxin-1, chloroplastic; AltName: Full=Ferredoxin I; Flags: Precursor [Solanum lycopersicum]	59.333	150	49	4	5	149	1	143	2.67e-56	175
Dm_00004725-RA	sp|B5WWZ9.1|	RecName: Full=Long-chain-alcohol oxidase FAO2; AltName: Full=Long-chain fatty alcohol oxidase 2 [Lotus japonicus]	66.090	578	188	5	116	687	172	747	0.0	775
Dm_00000296-RA	sp|F4JRR5.1|	RecName: Full=TITAN-like protein [Arabidopsis thaliana]	43.510	416	162	13	6	351	2	414	3.40e-94	293
Dm_00007689-RA	sp|F4JXF9.1|	RecName: Full=DNA-directed RNA polymerase III subunit 1; AltName: Full=DNA-directed RNA polymerase III subunit RPC1; Short=DNA polymerase I subunit C1; AltName: Full=Nuclear RNA polymerase C1 [Arabidopsis thaliana]	60.387	1136	354	13	8	1086	7	1103	0.0	1328
Dm_00007743-RA	sp|A0A1P8AUY4.1|	RecName: Full=Midasin; Short=AtMDN1; AltName: Full=Dynein-related AAA-ATPase MDN1; AltName: Full=MIDAS-containing protein 1; AltName: Full=Protein DWARF AND SHORT ROOT 1 [Arabidopsis thaliana]	37.828	2477	1205	61	17	2403	3159	5390	0.0	1341
Dm_00007744-RA	sp|A0A1P8AUY4.1|	RecName: Full=Midasin; Short=AtMDN1; AltName: Full=Dynein-related AAA-ATPase MDN1; AltName: Full=MIDAS-containing protein 1; AltName: Full=Protein DWARF AND SHORT ROOT 1 [Arabidopsis thaliana]	45.273	899	410	15	954	1782	1909	2795	0.0	702
Dm_00000118-RA	sp|Q9LNU3.1|	RecName: Full=Expansin-A11; Short=AtEXPA11; AltName: Full=Alpha-expansin-11; Short=At-EXP11; Short=AtEx11; AltName: Full=Ath-ExpAlpha-1.14; Flags: Precursor [Arabidopsis thaliana]	75.949	237	57	0	530	766	16	252	1.13e-131	394
Dm_00000137-RA	sp|Q9FH04.1|	RecName: Full=Alcohol dehydrogenase-like 7 [Arabidopsis thaliana]	70.725	386	109	3	3	384	4	389	0.0	569
Dm_00007129-RA	sp|Q9FNN6.1|	RecName: Full=Transcription factor SRM1; AltName: Full=Myb-related protein SRM1; AltName: Full=Protein SALT-RELATED MYB 1 [Arabidopsis thaliana]	53.846	182	82	1	17	196	9	190	3.03e-58	189
Dm_00013393-RA	sp|Q7XA42.2|	RecName: Full=Putative disease resistance protein RGA1; AltName: Full=RGA3-blb [Solanum bulbocastanum]	32.656	836	461	26	23	850	17	758	7.46e-111	369
Dm_00018080-RA	sp|Q9FJX5.1|	RecName: Full=BTB/POZ and TAZ domain-containing protein 4; AltName: Full=BTB and TAZ domain protein 4 [Arabidopsis thaliana]	61.186	371	134	2	5	375	6	366	1.52e-167	476
Dm_00003948-RA	sp|Q9ZUX1.1|	RecName: Full=Cytochrome P450 94C1; AltName: Full=12-hydroxyjasmonoyl-L-amino acid 12-hydroxylase [Arabidopsis thaliana]	60.465	473	168	5	39	502	32	494	0.0	582
Dm_00012969-RA	sp|Q94BY9.1|	RecName: Full=Rab GTPase-activating protein 22 [Arabidopsis thaliana]	47.541	122	63	1	327	448	338	458	2.68e-32	134
Dm_00016470-RA	sp|Q9SI72.1|	RecName: Full=Pectinesterase inhibitor 9; AltName: Full=Pectin methylesterase inhibitor 9; Short=AtPMEI9; Flags: Precursor [Arabidopsis thaliana]	47.486	179	91	3	27	202	20	198	4.27e-52	169
Dm_00016891-RA	sp|Q9LHJ9.1|	RecName: Full=Probable protein phosphatase 2C 38; Short=AtPP2C38 [Arabidopsis thaliana]	71.538	390	94	4	3	391	4	377	0.0	573
Dm_00016567-RA	sp|Q9SZ96.1|	RecName: Full=UDP-rhamnose/UDP-galactose transporter 5; Short=UDP-Rha/UDP-Gal transporter 5; AltName: Full=Bi-functional UDP-rhamnose/UDP-galactose transporter [Arabidopsis thaliana]	69.912	339	87	2	49	387	6	329	2.02e-172	487
Dm_00000816-RA	sp|P93735.1|	RecName: Full=Early light-induced protein 1, chloroplastic; Flags: Precursor [Arabidopsis thaliana]	70.701	157	39	2	44	197	43	195	6.16e-63	196
Dm_00000925-RA	sp|P49098.1|	RecName: Full=Cytochrome b5 [Nicotiana tabacum]	80.992	121	23	0	1	121	1	121	6.65e-74	219
Dm_00019713-RA	sp|O24542.1|	RecName: Full=Auxin-induced protein 22D; AltName: Full=Indole-3-acetic acid-induced protein ARG13 [Vigna radiata var. radiata]	62.011	179	49	4	10	188	10	169	2.56e-68	209
