Dm_00007790-RA	AT1G25510.1	N/A	62.845	471	163	5	27	494	22	483	0.0	567
Dm_00006505-RA	AT1G57610.2	N/A	55.882	170	62	3	22	185	124	286	4.96e-59	186
Dm_00006673-RA	AT1G60470.1	N/A	76.676	343	69	3	1	341	1	334	0.0	541
Dm_00006592-RA	AT5G67540.2	N/A	70.779	462	120	5	15	463	12	471	0.0	682
Dm_00006595-RA	AT3G49900.1	N/A	42.157	408	200	10	5	400	86	469	1.54e-85	270
Dm_00008588-RA	AT1G17455.1	N/A	68.421	114	36	0	1	114	1	114	5.09e-53	162
Dm_00009155-RA	AT1G27385.1	N/A	42.534	221	62	8	5	225	1	156	1.96e-41	141
Dm_00018629-RA	AT1G80300.1	N/A	76.423	615	128	8	1	604	1	609	0.0	893
Dm_00007317-RA	AT5G57780.1	N/A	34.615	182	79	5	16	197	11	152	1.40e-25	97.8
Dm_00006717-RA	AT4G36910.1	N/A	64.796	196	36	2	3	198	69	231	1.61e-86	255
Dm_00009382-RA	AT1G02520.2	N/A	71.371	1247	348	4	42	1286	39	1278	0.0	1808
Dm_00007918-RA	AT5G18670.1	N/A	56.098	533	198	12	1	529	1	501	0.0	547
Dm_00008211-RA	AT3G16340.1	N/A	69.268	1243	339	5	1575	2803	203	1416	0.0	1822
Dm_00020975-RA	AT5G35220.1	N/A	68.609	532	124	7	74	573	24	544	0.0	702
Dm_00020664-RA	AT1G79430.2	N/A	45.602	432	148	17	1	419	1	358	1.64e-86	268
Dm_00020029-RA	AT1G51700.1	N/A	44.755	143	64	2	49	189	29	158	1.61e-30	116
Dm_00018445-RA	AT4G13420.1	N/A	50.759	593	246	6	1	551	197	785	0.0	601
Dm_00016802-RA	AT5G08570.3	N/A	86.640	509	68	0	1	509	1	509	0.0	934
Dm_00007238-RA	AT4G34810.1	N/A	55.340	103	37	3	78	172	15	116	4.23e-30	107
Dm_00007240-RA	AT5G35450.1	N/A	34.657	554	299	14	1	540	350	854	2.63e-76	259
Dm_00007241-RA	AT1G50180.1	N/A	38.776	343	192	10	6	343	4	333	8.64e-64	218
Dm_00009399-RA	AT1G63220.1	N/A	60.656	122	45	2	45	165	24	143	1.51e-44	144
Dm_00008254-RA	AT2G44480.1	N/A	57.883	444	179	2	57	500	78	513	0.0	557
Dm_00008253-RA	AT2G44480.1	N/A	62.457	293	109	1	3	295	93	384	1.96e-136	396
Dm_00006637-RA	AT5G65685.2	N/A	54.660	397	155	4	20	397	39	429	1.81e-148	436
Dm_00009423-RA	AT4G11090.1	N/A	54.157	421	180	4	1	419	17	426	8.69e-167	476
Dm_00009560-RA	AT2G29890.1	N/A	55.581	430	186	4	5	432	18	444	3.13e-167	494
Dm_00009379-RA	AT1G04360.1	N/A	43.188	345	160	7	28	349	32	363	1.78e-79	248
Dm_00008391-RA	AT5G62580.2	N/A	42.013	626	301	16	8	616	2	582	2.43e-132	402
Dm_00009354-RA	AT3G19900.1	N/A	61.386	202	73	2	74	273	23	221	1.99e-77	234
Dm_00007894-RA	AT3G53130.1	N/A	77.432	514	106	3	27	539	35	539	0.0	833
Dm_00016121-RA	AT3G04910.1	N/A	62.367	566	165	14	1	535	4	552	0.0	677
Dm_00014396-RA	AT3G57800.2	N/A	49.874	397	161	18	1	380	1	376	5.92e-92	281
Dm_00018210-RA	AT4G36130.1	N/A	91.085	258	23	0	1	258	1	258	3.22e-180	495
Dm_00018314-RA	AT4G17040.1	N/A	59.216	255	102	1	40	292	51	305	1.07e-107	315
Dm_00016345-RA	AT3G54960.1	N/A	64.240	467	159	3	76	541	94	553	0.0	627
Dm_00020965-RA	AT5G19220.1	N/A	61.022	372	85	7	1	366	1	318	2.78e-145	421
Dm_00009545-RA	AT5G46570.1	N/A	70.631	555	96	4	1	555	1	488	0.0	799
Dm_00010594-RA	AT1G12330.1	N/A	52.008	498	172	13	16	491	20	472	7.07e-158	459
Dm_00010655-RA	AT2G03420.1	N/A	62.590	139	52	0	52	190	32	170	4.61e-55	172
Dm_00010894-RA	AT5G55230.3	N/A	69.811	583	133	8	1	575	40	587	0.0	768
Dm_00010892-RA	AT5G55220.1	N/A	58.349	533	209	4	88	616	1	524	0.0	631
Dm_00009518-RA	AT3G30530.1	N/A	58.710	155	57	3	14	164	16	167	2.72e-53	167
Dm_00015741-RA	AT2G29970.1	N/A	40.468	1112	531	33	1	1092	1	1001	0.0	672
Dm_00010826-RA	AT5G60580.3	N/A	50.109	459	184	13	25	468	19	447	6.70e-136	403
Dm_00015983-RA	AT1G12990.1	N/A	79.897	388	75	1	6	390	4	391	0.0	674
Dm_00015375-RA	AT1G64940.1	N/A	48.496	532	247	10	1	529	1	508	4.59e-169	488
Dm_00015859-RA	AT4G20130.1	N/A	66.591	443	141	4	55	492	19	459	0.0	630
Dm_00002532-RA	AT4G33280.2	N/A	44.311	167	61	2	4	169	3	138	8.56e-40	146
Dm_00003391-RA	AT1G45207.3	N/A	47.759	580	225	20	32	601	20	531	1.21e-129	391
Dm_00003396-RA	AT5G67090.1	N/A	41.688	794	359	22	1	780	29	732	0.0	559
Dm_00018776-RA	AT4G10340.1	N/A	80.565	283	50	3	12	293	2	280	1.21e-148	418
Dm_00019060-RA	AT3G13510.1	N/A	77.670	412	92	0	16	427	7	418	0.0	687
Dm_00019008-RA	AT2G30520.1	N/A	64.636	591	191	6	57	633	7	593	0.0	758
Dm_00012510-RA	AT1G26190.1	N/A	70.250	679	174	7	1	657	1	673	0.0	949
Dm_00012511-RA	AT3G25570.1	N/A	66.571	350	110	4	8	354	1	346	3.73e-164	463
Dm_00012748-RA	AT4G02600.2	N/A	62.474	485	142	7	5	456	4	481	0.0	588
Dm_00011683-RA	AT3G22190.3	N/A	53.453	391	154	9	7	389	34	404	8.98e-103	311
Dm_00010817-RA	AT3G08940.2	N/A	79.094	287	57	2	1	287	1	284	8.17e-163	454
Dm_00013010-RA	AT4G33600.1	N/A	47.990	398	195	6	114	509	64	451	2.36e-131	390
Dm_00002794-RA	AT5G28300.1	N/A	35.607	601	209	18	154	721	102	557	1.16e-80	270
Dm_00002353-RA	AT5G65860.2	N/A	74.847	326	80	1	1	324	1	326	0.0	525
Dm_00002994-RA	AT1G47890.1	N/A	37.015	1005	547	14	624	1573	46	1019	3.45e-163	521
Dm_00002999-RA	AT1G52080.1	N/A	42.977	477	222	10	2	465	1	440	3.83e-109	340
Dm_00002592-RA	AT1G70420.1	N/A	36.948	249	112	8	82	320	58	271	4.76e-38	136
Dm_00019494-RA	AT3G05200.1	N/A	36.232	345	165	14	11	340	16	320	7.67e-48	168
Dm_00019545-RA	AT2G37570.1	N/A	76.171	491	107	7	11	496	1	486	0.0	756
Dm_00014124-RA	AT3G13690.1	N/A	58.709	666	256	10	7	660	22	680	0.0	732
Dm_00015757-RA	AT3G57520.1	N/A	75.800	781	181	5	1	781	1	773	0.0	1258
Dm_00012414-RA	AT4G25040.1	N/A	37.500	144	84	1	6	149	32	169	3.43e-22	87.8
Dm_00011640-RA	AT2G13650.5	N/A	53.676	272	65	7	7	271	25	242	1.16e-74	228
Dm_00013441-RA	AT5G03820.1	N/A	64.972	354	118	3	12	360	4	356	5.46e-173	485
Dm_00020891-RA	AT3G06080.2	N/A	50.737	475	143	8	1	394	1	465	4.98e-158	453
Dm_00020845-RA	AT1G07030.1	N/A	66.154	325	97	3	8	332	9	320	5.22e-146	418
Dm_00009865-RA	AT5G53760.2	N/A	58.261	575	182	13	34	559	8	573	0.0	629
Dm_00008693-RA	AT4G34131.1	N/A	47.233	506	215	10	8	505	7	468	1.01e-157	458
Dm_00009099-RA	AT1G70630.7	N/A	52.450	694	287	11	92	769	8	674	0.0	673
Dm_00008762-RA	AT2G37860.4	N/A	65.337	326	79	2	202	527	141	432	1.79e-148	433
Dm_00002007-RA	AT5G48560.2	N/A	35.938	320	143	10	46	353	50	319	3.48e-29	117
Dm_00002008-RA	AT1G05810.1	N/A	78.995	219	44	1	1	219	1	217	1.82e-125	353
Dm_00002412-RA	AT3G50120.1	N/A	43.421	228	106	5	1	213	1	220	6.05e-56	186
Dm_00002416-RA	AT3G50120.1	N/A	53.632	468	175	10	55	498	73	522	5.08e-170	490
Dm_00013170-RA	AT1G48830.1	N/A	76.440	191	45	0	1	191	1	191	4.47e-109	310
Dm_00015567-RA	AT5G49690.1	N/A	46.715	137	72	1	2	138	316	451	1.32e-37	133
Dm_00009965-RA	AT3G20860.1	N/A	60.135	296	70	4	13	261	1	295	8.78e-125	375
Dm_00009776-RA	AT1G19330.2	N/A	83.696	92	14	1	67	157	26	117	4.95e-46	157
Dm_00008508-RA	AT4G01070.1	N/A	63.617	470	161	6	8	476	7	467	0.0	597
Dm_00012916-RA	AT3G12930.1	N/A	65.761	184	54	1	96	270	54	237	1.83e-85	255
Dm_00015633-RA	AT2G26080.1	N/A	83.683	1048	162	4	1	1044	1	1043	0.0	1801
Dm_00002122-RA	AT1G68390.1	N/A	60.870	299	114	2	111	407	109	406	1.41e-134	392
Dm_00002118-RA	AT5G27390.1	N/A	58.431	255	83	5	1	246	1	241	3.35e-101	294
Dm_00002827-RA	AT1G15110.3	N/A	77.017	409	84	2	24	423	18	425	0.0	655
Dm_00002744-RA	AT1G75280.1	N/A	66.667	309	98	3	3	309	4	309	3.94e-153	431
Dm_00002734-RA	AT1G75210.3	N/A	71.803	305	81	2	23	323	28	331	3.28e-152	446
Dm_00002735-RA	AT1G75210.3	N/A	82.540	63	11	0	10	72	475	537	8.54e-33	118
Dm_00019141-RA	AT5G61210.1	N/A	56.272	279	104	6	1	273	1	267	5.65e-93	277
Dm_00017317-RA	AT3G07300.2	N/A	79.218	409	82	2	75	482	1	407	0.0	643
Dm_00018313-RA	AT4G02580.1	N/A	39.184	245	33	4	1	154	1	220	5.59e-45	149
Dm_00017683-RA	AT4G35840.1	N/A	72.845	232	63	0	7	238	5	236	1.33e-125	355
Dm_00018179-RA	AT3G03690.1	N/A	74.667	300	67	4	64	360	54	347	2.66e-161	459
Dm_00017570-RA	AT5G19290.1	N/A	64.970	334	102	5	5	336	4	324	3.80e-157	451
Dm_00016997-RA	AT1G63800.1	N/A	78.191	188	33	2	1	183	1	185	4.36e-106	302
Dm_00017412-RA	AT3G14067.1	N/A	63.043	782	271	7	4	780	1	769	0.0	955
Dm_00016699-RA	AT1G68910.3	N/A	39.848	527	251	8	32	507	23	534	6.57e-92	292
Dm_00017335-RA	AT1G64380.1	N/A	47.278	349	112	11	18	325	18	335	4.80e-64	206
Dm_00006263-RA	AT5G62650.1	N/A	45.996	537	251	12	8	529	4	516	4.34e-142	420
Dm_00005180-RA	AT5G40390.1	N/A	66.071	784	255	8	20	800	8	783	0.0	1074
Dm_00005177-RA	AT5G50130.1	N/A	64.832	327	105	3	1	318	1	326	3.98e-155	438
Dm_00012900-RA	AT2G45600.1	N/A	56.402	328	128	5	2	325	9	325	4.58e-128	369
Dm_00012979-RA	AT2G39130.1	N/A	66.007	556	158	7	8	543	6	550	0.0	724
Dm_00014934-RA	AT5G52060.1	N/A	52.315	216	95	2	7	222	41	248	1.10e-74	231
Dm_00006614-RA	AT5G67360.1	N/A	69.452	766	217	4	4	767	6	756	0.0	1105
Dm_00007519-RA	AT2G22620.1	N/A	56.583	638	247	8	24	651	59	676	0.0	720
Dm_00007001-RA	AT5G15080.1	N/A	71.915	470	109	6	3	457	21	482	0.0	692
Dm_00007002-RA	AT3G01280.1	N/A	66.667	276	92	0	1	276	1	276	1.73e-137	389
Dm_00018593-RA	AT1G64940.1	N/A	50.099	507	215	15	43	534	20	503	5.53e-166	481
Dm_00014662-RA	AT1G24260.3	N/A	74.658	146	30	1	1	139	1	146	4.74e-72	216
Dm_00014994-RA	AT4G22790.1	N/A	60.669	478	187	1	12	488	2	479	0.0	581
Dm_00015367-RA	AT3G11690.1	N/A	39.487	195	80	6	18	199	33	202	1.68e-26	102
Dm_00002624-RA	AT1G15760.1	N/A	42.291	227	97	9	3	224	5	202	6.23e-51	164
Dm_00003048-RA	AT1G79600.1	N/A	78.503	628	135	0	96	723	75	702	0.0	1028
Dm_00005952-RA	AT1G44970.1	N/A	59.644	337	85	3	339	624	10	346	1.71e-128	382
Dm_00005951-RA	AT5G57960.1	N/A	73.500	200	29	1	3	202	111	286	4.58e-90	275
Dm_00007507-RA	AT4G13410.2	N/A	39.423	312	109	8	1	312	162	393	2.07e-59	196
Dm_00008176-RA	AT5G13770.1	N/A	47.586	580	273	10	53	629	39	590	6.36e-180	524
Dm_00012405-RA	AT4G37930.1	N/A	84.749	518	72	3	1	512	1	517	0.0	915
Dm_00011299-RA	AT1G43710.1	N/A	78.158	467	92	2	26	492	26	482	0.0	780
Dm_00010805-RA	AT3G29360.1	N/A	90.208	480	47	0	41	520	1	480	0.0	918
Dm_00012610-RA	AT2G47600.1	N/A	60.839	286	78	5	11	262	20	305	4.84e-106	322
Dm_00009527-RA	AT5G13800.2	N/A	61.625	443	153	3	75	513	36	465	0.0	568
Dm_00020318-RA	AT5G49690.1	N/A	40.773	233	121	4	3	235	2	217	2.00e-52	177
Dm_00009944-RA	AT5G13230.1	N/A	55.527	769	336	3	61	828	45	808	0.0	888
Dm_00008232-RA	AT1G50900.1	N/A	75.294	85	20	1	3	86	91	175	2.53e-42	136
Dm_00008185-RA	AT4G04640.1	N/A	80.495	323	63	0	55	377	49	371	0.0	546
Dm_00005035-RA	AT1G56580.1	N/A	58.955	134	54	1	10	142	9	142	4.78e-54	168
Dm_00005091-RA	AT1G14590.1	N/A	57.252	262	111	1	5	266	81	341	1.29e-112	330
Dm_00014699-RA	AT1G15520.2	N/A	50.602	249	50	5	18	193	946	1194	3.28e-67	223
Dm_00020411-RA	AT5G15310.1	N/A	53.367	401	112	13	1	401	1	326	8.18e-123	358
Dm_00017716-RA	AT4G29190.1	N/A	50.923	379	147	13	1	364	1	355	1.42e-108	322
Dm_00019152-RA	AT1G53350.1	N/A	35.852	569	291	20	1	553	351	861	7.69e-66	231
Dm_00019151-RA	AT1G50180.1	N/A	34.930	355	203	10	1	351	1	331	2.16e-50	181
Dm_00004608-RA	AT3G21700.3	N/A	60.294	272	99	4	16	280	23	292	3.23e-106	310
Dm_00004609-RA	AT1G05200.6	N/A	62.316	881	323	6	47	924	58	932	0.0	1160
Dm_00004603-RA	AT1G05260.1	N/A	64.331	314	111	1	262	575	14	326	5.80e-150	434
Dm_00004240-RA	AT4G27100.1	N/A	72.789	441	107	3	3	442	1	429	0.0	644
Dm_00004241-RA	AT4G27080.1	N/A	68.612	497	132	6	456	952	1	473	0.0	699
Dm_00004256-RA	AT1G20370.1	N/A	59.073	496	174	9	9	499	19	490	0.0	553
Dm_00006000-RA	AT2G16600.1	N/A	84.118	170	27	0	2	171	3	172	8.39e-110	310
Dm_00011392-RA	AT1G32640.1	N/A	45.528	738	267	23	1	728	10	622	3.50e-178	523
Dm_00019854-RA	AT1G12940.1	N/A	72.269	476	131	1	14	488	17	492	0.0	708
Dm_00017862-RA	AT3G23920.1	N/A	71.546	608	138	8	1	606	1	575	0.0	872
Dm_00008142-RA	AT1G75500.2	N/A	58.228	158	61	1	30	182	115	272	1.70e-60	195
Dm_00013807-RA	AT2G35620.1	N/A	86.364	198	27	0	39	236	275	472	4.62e-123	362
Dm_00013077-RA	AT5G10820.1	N/A	59.664	476	186	1	11	480	13	488	0.0	561
Dm_00014340-RA	AT5G27690.1	N/A	56.383	94	41	0	15	108	25	118	8.19e-30	117
Dm_00016243-RA	AT1G21830.1	N/A	36.199	221	109	7	7	217	5	203	3.05e-27	103
Dm_00003301-RA	AT5G52440.1	N/A	67.939	131	42	0	48	178	33	163	5.91e-58	183
Dm_00002443-RA	AT1G71270.1	N/A	76.446	709	154	5	1	698	1	707	0.0	1102
Dm_00003851-RA	AT1G28360.1	N/A	47.317	205	84	5	15	213	3	189	4.76e-42	140
Dm_00003094-RA	AT2G28550.3	N/A	45.270	444	174	14	1	420	1	399	5.72e-87	275
Dm_00009973-RA	AT2G23060.1	N/A	67.493	363	111	3	1	363	58	413	0.0	515
Dm_00002425-RA	AT1G47510.1	N/A	57.235	311	133	0	7	317	20	330	1.03e-135	388
Dm_00002650-RA	AT5G67030.1	N/A	68.646	421	132	0	3	423	247	667	0.0	611
Dm_00003232-RA	AT1G01300.1	N/A	70.120	415	119	2	65	476	72	484	0.0	577
Dm_00002472-RA	AT2G31160.1	N/A	76.506	166	33	1	40	199	19	184	1.54e-81	243
Dm_00002473-RA	AT4G28530.1	N/A	72.050	161	29	2	1	145	1	161	5.44e-80	240
Dm_00009592-RA	AT2G30700.2	N/A	60.194	412	156	3	46	449	1	412	4.65e-180	513
Dm_00009873-RA	AT3G11940.2	N/A	74.757	206	26	1	15	220	13	192	5.80e-110	314
Dm_00009515-RA	AT3G15990.1	N/A	74.525	526	134	0	14	539	124	649	0.0	827
Dm_00009516-RA	AT3G15990.1	N/A	60.000	85	34	0	62	146	25	109	7.27e-32	120
Dm_00016374-RA	AT2G23970.1	N/A	42.361	144	72	4	1	135	106	247	6.95e-35	121
Dm_00015319-RA	AT3G14000.1	N/A	58.034	417	117	12	1	402	1	374	6.07e-144	414
Dm_00014607-RA	AT5G66770.1	N/A	50.444	563	236	10	28	563	38	584	0.0	523
Dm_00013957-RA	AT5G65730.1	N/A	65.517	290	86	1	11	300	15	290	9.26e-148	417
Dm_00010792-RA	AT1G14440.2	N/A	40.171	234	94	6	55	288	87	274	1.94e-50	170
Dm_00003357-RA	AT5G66590.1	N/A	49.367	158	64	3	46	201	42	185	1.01e-48	157
Dm_00003363-RA	AT5G66560.1	N/A	58.357	694	225	11	1	657	1	667	0.0	764
Dm_00003359-RA	AT4G37240.1	N/A	52.632	152	62	2	1	152	1	142	1.33e-47	152
Dm_00003322-RA	AT5G33320.1	N/A	67.294	425	106	5	1	409	1	408	0.0	530
Dm_00003672-RA	AT4G27800.1	N/A	64.205	352	120	3	54	404	41	387	7.54e-163	463
Dm_00003135-RA	AT1G54850.1	N/A	50.000	180	84	3	38	215	26	201	1.62e-58	184
Dm_00003696-RA	AT4G28550.3	N/A	64.017	239	81	2	2	239	6	240	2.11e-116	336
Dm_00010980-RA	AT2G40540.5	N/A	46.491	798	311	21	36	735	15	794	0.0	599
Dm_00010320-RA	AT1G12740.1	N/A	65.962	473	154	2	7	479	6	471	0.0	667
Dm_00010254-RA	AT4G12290.1	N/A	61.757	808	227	10	1	794	1	740	0.0	1004
Dm_00010235-RA	AT3G48940.1	N/A	76.923	65	15	0	3	67	111	175	4.42e-28	99.0
Dm_00008658-RA	AT1G08280.1	N/A	47.368	437	180	9	43	468	1	398	5.57e-131	385
Dm_00014955-RA	AT1G69120.2	N/A	67.836	171	55	0	1	171	1	171	1.09e-79	238
Dm_00014477-RA	AT4G00430.1	N/A	86.525	282	36	1	2	281	6	287	0.0	501
Dm_00005800-RA	AT2G41660.1	N/A	62.637	182	51	5	104	279	127	297	3.02e-69	216
Dm_00006344-RA	AT5G23860.2	N/A	94.444	198	11	0	1	198	233	430	9.01e-142	403
Dm_00006343-RA	AT1G20010.1	N/A	81.618	136	24	1	1	135	1	136	3.23e-85	256
Dm_00006899-RA	AT1G28480.1	N/A	66.667	108	33	1	49	156	33	137	1.44e-46	148
Dm_00005151-RA	AT1G22450.1	N/A	51.515	198	77	5	22	208	1	190	3.30e-58	182
Dm_00005539-RA	AT4G35840.1	N/A	73.128	227	59	1	13	239	12	236	1.22e-123	350
Dm_00006483-RA	AT1G52590.1	N/A	61.688	154	18	1	8	161	60	172	1.38e-59	182
Dm_00009757-RA	AT5G07480.1	N/A	58.571	280	110	3	1	275	78	356	2.03e-119	346
Dm_00011482-RA	AT2G36910.1	N/A	84.318	1269	193	4	67	1335	17	1279	0.0	2184
Dm_00011484-RA	AT5G57620.1	N/A	87.395	119	15	0	1	119	1	119	1.00e-73	231
Dm_00015209-RA	AT2G47460.1	N/A	68.452	168	46	3	1	167	1	162	2.11e-74	235
Dm_00014704-RA	AT2G27990.1	N/A	47.445	274	130	3	280	553	252	511	5.88e-69	235
Dm_00015188-RA	AT3G07255.1	N/A	56.566	99	42	1	350	448	193	290	2.12e-30	119
Dm_00015191-RA	AT3G25140.1	N/A	81.614	533	70	1	3	535	55	559	0.0	909
Dm_00013864-RA	AT5G22340.1	N/A	46.691	272	109	4	9	244	51	322	5.99e-77	236
Dm_00011045-RA	AT1G27680.1	N/A	64.991	577	128	7	1	565	1	515	0.0	741
Dm_00010722-RA	AT4G04330.1	N/A	80.488	123	24	0	46	168	45	167	1.78e-70	211
Dm_00009700-RA	AT5G19220.1	N/A	75.676	222	42	1	5	226	313	522	7.27e-122	356
Dm_00002371-RA	AT3G16150.1	N/A	80.368	326	63	1	1	326	1	325	0.0	541
Dm_00002660-RA	AT1G55840.1	N/A	65.653	329	72	3	17	342	29	319	5.33e-161	454
Dm_00003190-RA	AT2G01610.1	N/A	50.556	180	80	2	36	211	43	217	3.34e-58	183
Dm_00003191-RA	AT2G01610.1	N/A	50.556	180	80	2	36	211	43	217	3.34e-58	183
Dm_00003199-RA	AT1G70780.1	N/A	55.479	146	58	2	1	146	2	140	8.29e-52	161
Dm_00005725-RA	AT3G56940.1	N/A	82.396	409	54	3	1	391	1	409	0.0	677
Dm_00005870-RA	AT3G54320.3	N/A	69.886	176	47	3	80	250	53	227	1.84e-77	241
Dm_00006212-RA	AT1G47240.1	N/A	74.580	476	119	1	25	498	32	507	0.0	752
Dm_00012723-RA	AT1G61660.6	N/A	30.248	443	180	19	1	432	1	325	1.28e-32	127
Dm_00009960-RA	AT1G66400.1	N/A	35.503	169	77	4	54	222	16	152	2.77e-23	92.8
Dm_00012514-RA	AT1G56500.3	N/A	44.737	190	60	4	330	474	446	635	2.35e-36	143
Dm_00011920-RA	AT2G07680.1	N/A	61.084	1015	319	8	1	994	435	1394	0.0	1192
Dm_00005610-RA	AT4G38620.1	N/A	52.484	322	101	9	1	310	1	282	1.78e-98	291
Dm_00005842-RA	AT5G64940.1	N/A	71.353	761	152	9	19	772	23	724	0.0	1027
Dm_00006504-RA	AT4G14465.1	N/A	45.748	341	120	9	1	337	1	280	8.03e-67	212
Dm_00019300-RA	AT2G28660.1	N/A	64.286	70	24	1	69	138	178	246	6.74e-26	99.0
Dm_00019059-RA	AT1G55480.1	N/A	71.197	309	74	5	59	367	42	335	8.32e-145	413
Dm_00012435-RA	AT3G26040.1	N/A	30.303	462	279	18	4	450	1	434	1.89e-56	193
Dm_00013978-RA	AT4G28740.1	N/A	66.538	260	85	2	4	262	89	347	1.40e-128	368
Dm_00012905-RA	AT1G48405.1	N/A	34.959	246	131	6	1	243	14	233	5.83e-37	134
Dm_00016630-RA	AT1G70560.1	N/A	50.689	363	163	6	4	366	37	383	9.28e-126	367
Dm_00016295-RA	AT1G72830.1	N/A	40.068	292	143	10	24	305	41	310	1.47e-48	166
Dm_00009447-RA	AT5G51460.2	N/A	61.240	387	129	6	3	377	7	384	1.80e-164	466
Dm_00010603-RA	AT4G10340.1	N/A	82.042	284	45	3	11	293	2	280	3.41e-148	419
Dm_00010260-RA	AT4G34240.4	N/A	61.027	526	182	4	9	527	24	533	0.0	640
Dm_00011590-RA	AT4G36380.1	N/A	63.256	430	136	4	7	428	105	520	0.0	561
Dm_00012495-RA	AT1G63690.1	N/A	57.651	562	122	7	26	522	25	535	0.0	592
Dm_00011870-RA	AT1G01630.1	N/A	62.903	248	92	0	5	252	2	249	5.65e-117	335
Dm_00012144-RA	AT1G02520.2	N/A	69.723	1265	333	8	91	1332	40	1277	0.0	1760
Dm_00011513-RA	AT5G52660.1	N/A	52.830	318	116	6	1	303	1	299	3.89e-101	300
Dm_00017750-RA	AT5G25460.1	N/A	65.301	366	124	1	7	369	4	369	0.0	518
Dm_00003666-RA	AT5G57690.1	N/A	60.377	318	118	5	1	311	1	317	2.20e-133	388
Dm_00003425-RA	AT3G43810.1	N/A	100.000	124	0	0	143	266	26	149	1.60e-86	254
Dm_00003750-RA	AT2G20570.1	N/A	40.959	459	144	15	72	497	56	420	5.70e-75	243
Dm_00003754-RA	AT3G15210.1	N/A	73.077	78	15	1	8	85	9	80	8.58e-33	120
Dm_00003305-RA	AT1G02260.1	N/A	59.642	503	151	5	1	454	3	502	0.0	586
Dm_00019513-RA	AT5G43830.1	N/A	63.296	267	80	2	1	266	1	250	6.61e-129	366
Dm_00020563-RA	AT5G51920.1	N/A	43.833	600	251	12	70	668	42	556	2.64e-167	491
Dm_00007380-RA	AT2G41900.1	N/A	42.857	770	311	32	1	705	1	706	8.76e-159	476
Dm_00007378-RA	AT5G19855.1	N/A	56.164	219	75	5	1	215	1	202	1.82e-82	244
Dm_00017624-RA	AT1G53530.1	N/A	61.905	147	56	0	12	158	11	157	4.64e-68	205
Dm_00017792-RA	AT1G14900.1	N/A	56.250	80	34	1	14	92	28	107	1.26e-24	96.7
Dm_00017827-RA	AT2G29050.1	N/A	56.533	398	163	2	1	398	1	388	1.32e-160	457
Dm_00018165-RA	AT4G33700.1	N/A	66.885	459	116	4	3	461	2	424	0.0	592
Dm_00011692-RA	AT5G35170.2	N/A	65.868	501	140	4	82	552	71	570	0.0	684
Dm_00013232-RA	AT5G26667.2	N/A	87.342	158	20	0	1	158	22	179	2.31e-101	290
Dm_00013234-RA	AT5G26667.2	N/A	83.425	181	28	1	1	181	1	179	1.52e-108	309
Dm_00012350-RA	AT4G26790.2	N/A	66.163	331	112	0	21	351	20	350	2.49e-168	473
Dm_00020067-RA	AT2G32020.1	N/A	43.931	173	84	3	10	181	20	180	7.39e-48	154
Dm_00005027-RA	AT1G54460.1	N/A	52.874	174	69	5	3	164	140	312	5.04e-49	162
Dm_00005062-RA	AT3G21360.1	N/A	58.333	96	40	0	4	99	211	306	2.60e-38	130
Dm_00016253-RA	AT4G37530.1	N/A	54.062	320	123	4	26	334	23	329	6.08e-119	346
Dm_00016508-RA	AT4G14750.1	N/A	44.681	470	149	17	10	464	1	374	1.36e-100	310
Dm_00013582-RA	AT1G62990.1	N/A	87.912	91	11	0	2	92	201	291	7.81e-56	174
Dm_00013580-RA	AT1G62990.1	N/A	66.667	93	21	3	3	91	8	94	4.31e-33	116
Dm_00004091-RA	AT3G63540.1	N/A	77.931	145	28	2	120	264	3	143	1.03e-79	237
Dm_00005495-RA	AT2G44970.3	N/A	51.442	416	142	4	115	527	122	480	1.13e-142	420
Dm_00004729-RA	AT3G56130.4	N/A	48.864	176	72	3	30	196	94	260	5.55e-47	155
Dm_00005382-RA	AT5G53390.1	N/A	31.881	505	300	10	1	493	1	473	7.98e-78	252
Dm_00005386-RA	AT5G58140.7	N/A	71.411	794	163	10	12	798	171	907	0.0	1142
Dm_00007486-RA	AT4G27950.1	N/A	48.458	227	91	8	8	226	11	219	1.38e-46	161
Dm_00008481-RA	AT3G28040.1	N/A	58.196	1031	397	15	9	1035	9	1009	0.0	1121
Dm_00006353-RA	AT3G44220.1	N/A	58.852	209	80	3	6	214	4	206	3.74e-87	256
Dm_00002282-RA	AT5G44210.1	N/A	45.856	181	79	6	25	203	29	192	6.03e-36	126
Dm_00003268-RA	AT1G70940.1	N/A	70.707	693	145	15	1	688	1	640	0.0	907
Dm_00003277-RA	AT1G70780.1	N/A	56.061	132	57	1	5	135	9	140	2.65e-51	159
Dm_00003270-RA	AT1G30110.2	N/A	77.439	164	34	3	1	162	1	163	4.61e-89	260
Dm_00016390-RA	AT5G10860.1	N/A	75.728	206	41	2	1	197	1	206	4.12e-111	316
Dm_00017338-RA	AT5G41410.1	N/A	41.970	660	258	18	121	744	39	609	4.09e-138	420
Dm_00016294-RA	AT1G07930.2	N/A	76.216	370	42	4	1	325	1	369	0.0	546
Dm_00014543-RA	AT5G03040.2	N/A	37.121	528	224	14	1	513	1	435	2.02e-79	256
Dm_00013341-RA	AT5G13650.1	N/A	77.206	680	146	4	1	679	1	672	0.0	1079
Dm_00020595-RA	AT4G31530.1	N/A	67.094	234	48	1	111	315	91	324	2.48e-110	323
Dm_00010954-RA	AT3G02300.2	N/A	66.186	485	118	6	1	468	12	467	0.0	611
Dm_00003292-RA	AT2G35940.1	N/A	45.959	631	240	19	152	758	126	679	2.53e-126	392
Dm_00002906-RA	AT2G31820.1	N/A	61.085	645	189	10	2	588	15	655	0.0	734
Dm_00003447-RA	AT5G66460.1	N/A	63.084	428	155	2	3	430	2	426	0.0	556
Dm_00013924-RA	AT1G78700.1	N/A	62.398	367	90	14	1	362	1	324	2.17e-118	346
Dm_00011909-RA	AT2G45120.1	N/A	44.025	159	55	5	392	546	176	304	2.67e-25	107
Dm_00011925-RA	AT1G63855.4	N/A	65.258	213	59	3	32	232	9	218	8.75e-98	285
Dm_00012244-RA	AT5G25840.1	N/A	54.491	167	50	5	29	177	4	162	1.40e-47	154
Dm_00014071-RA	AT3G57680.1	N/A	69.488	449	121	4	3	436	71	518	0.0	649
Dm_00019493-RA	AT3G22370.1	N/A	50.000	180	70	6	1	169	2	172	2.38e-49	162
Dm_00020641-RA	AT3G05560.1	N/A	81.301	123	19	2	1	123	1	119	6.99e-56	170
Dm_00005417-RA	AT4G28220.1	N/A	68.266	542	150	1	80	621	52	571	0.0	794
Dm_00004901-RA	AT5G63960.1	N/A	75.554	1129	218	7	5	1128	20	1095	0.0	1754
Dm_00004907-RA	AT5G26660.1	N/A	52.190	274	123	3	1	266	1	274	4.18e-90	276
Dm_00006459-RA	AT2G20990.1	N/A	70.849	542	154	3	1	539	1	541	0.0	815
Dm_00007537-RA	AT1G11720.1	N/A	64.740	1038	316	11	66	1058	10	1042	0.0	1363
Dm_00014874-RA	AT4G00400.1	N/A	74.798	496	123	1	5	500	7	500	0.0	745
Dm_00014873-RA	AT2G45960.1	N/A	78.704	324	29	2	11	333	1	285	0.0	504
Dm_00015745-RA	AT4G22890.2	N/A	67.314	309	94	2	1	309	1	302	3.07e-148	418
Dm_00015826-RA	AT1G59740.1	N/A	70.598	585	141	8	2	569	3	573	0.0	834
Dm_00015778-RA	AT1G08380.1	N/A	82.474	97	11	1	8	104	50	140	1.39e-53	164
Dm_00016911-RA	AT2G17890.1	N/A	71.631	564	121	6	1	535	1	554	0.0	804
Dm_00007666-RA	AT2G34770.1	N/A	52.814	231	98	1	1	220	1	231	2.83e-82	245
Dm_00008738-RA	AT4G33140.1	N/A	76.119	201	40	1	134	326	147	347	4.17e-115	337
Dm_00008740-RA	AT5G20740.1	N/A	45.665	173	83	5	37	203	33	200	3.26e-40	136
Dm_00002595-RA	AT1G62400.1	N/A	60.135	296	113	2	27	318	51	345	1.30e-128	374
Dm_00002394-RA	AT3G53520.1	N/A	68.820	449	123	9	14	459	1	435	0.0	595
Dm_00002399-RA	AT3G02630.1	N/A	84.084	333	52	1	1	332	64	396	0.0	597
Dm_00017740-RA	AT5G42630.2	N/A	52.315	216	42	9	24	239	16	170	2.49e-43	148
Dm_00013424-RA	AT1G15550.1	N/A	56.047	339	145	2	14	352	20	354	2.44e-135	390
Dm_00013778-RA	AT1G29820.1	N/A	62.760	529	175	6	69	594	31	540	0.0	671
Dm_00013432-RA	AT1G12110.1	N/A	64.094	596	200	8	1	588	1	590	0.0	753
Dm_00013984-RA	AT4G04770.1	N/A	74.912	570	121	5	4	564	1	557	0.0	865
Dm_00011956-RA	AT5G20110.1	N/A	57.724	123	43	2	190	312	88	201	1.87e-39	139
Dm_00011529-RA	AT3G55440.1	N/A	72.308	130	28	2	87	216	64	185	9.12e-61	192
Dm_00014549-RA	AT1G67740.1	N/A	58.824	153	50	3	53	201	44	187	2.62e-43	144
Dm_00014550-RA	AT1G67730.1	N/A	60.515	233	75	2	157	389	30	245	4.38e-96	293
Dm_00004930-RA	AT1G15910.1	N/A	52.640	625	282	4	18	635	17	634	0.0	655
Dm_00004911-RA	AT3G47990.1	N/A	72.480	367	87	3	1	364	1	356	0.0	536
Dm_00005494-RA	AT5G63810.1	N/A	66.957	690	210	4	319	998	58	739	0.0	967
Dm_00005762-RA	AT2G37090.1	N/A	53.846	351	134	7	1	327	1	347	1.46e-121	354
Dm_00006077-RA	AT2G46240.1	N/A	30.419	549	293	19	161	656	261	773	1.73e-38	156
Dm_00013941-RA	AT2G24820.1	N/A	77.094	406	92	1	23	427	133	538	0.0	674
Dm_00011902-RA	AT1G59960.1	N/A	53.614	332	147	2	1	331	1	326	1.61e-139	398
Dm_00013810-RA	AT2G24230.1	N/A	51.220	902	279	19	9	840	43	853	0.0	780
Dm_00013634-RA	AT3G47950.2	N/A	78.897	526	93	4	226	734	435	959	0.0	862
Dm_00012952-RA	AT1G67050.1	N/A	39.576	283	135	10	1	266	1	264	5.32e-35	127
Dm_00016313-RA	AT2G39450.1	N/A	83.200	375	62	1	40	413	20	394	0.0	585
Dm_00018090-RA	AT1G66400.1	N/A	48.366	153	70	1	13	165	10	153	2.47e-45	146
Dm_00007469-RA	AT5G02810.1	N/A	41.720	628	240	25	41	584	104	689	3.98e-85	280
Dm_00008812-RA	AT5G13980.2	N/A	67.701	709	193	8	1	681	3	703	0.0	983
Dm_00008373-RA	AT1G70505.4	N/A	52.922	308	134	7	50	351	15	317	6.92e-110	325
Dm_00007036-RA	AT4G21210.1	N/A	64.187	363	120	4	51	404	42	403	7.91e-165	468
Dm_00005342-RA	AT1G19580.1	N/A	76.431	297	45	2	1	297	1	272	2.15e-166	463
Dm_00007771-RA	AT4G01440.4	N/A	54.098	122	55	1	1	121	1	122	1.05e-36	126
Dm_00006288-RA	AT5G23100.1	N/A	55.752	226	81	6	86	296	56	277	1.23e-68	214
Dm_00007934-RA	AT3G15030.2	N/A	43.373	415	177	16	12	389	23	416	1.08e-74	238
Dm_00008080-RA	AT3G56200.1	N/A	53.364	431	200	1	5	435	2	431	6.58e-165	471
Dm_00012580-RA	AT1G25530.1	N/A	77.076	301	69	0	48	348	20	320	8.54e-175	493
Dm_00012579-RA	AT1G25530.1	N/A	72.727	55	15	0	115	169	386	440	3.59e-22	92.0
Dm_00012363-RA	AT1G19600.1	N/A	63.802	384	105	4	12	395	2	351	7.93e-170	479
Dm_00011974-RA	AT3G13460.1	N/A	58.228	316	127	3	155	468	322	634	5.34e-122	371
Dm_00013111-RA	AT4G38470.3	N/A	66.126	493	145	8	1	483	3	483	0.0	619
Dm_00013702-RA	AT5G40270.1	N/A	65.075	335	105	2	1	335	149	471	2.96e-155	444
Dm_00018112-RA	AT5G01430.1	N/A	81.356	118	22	0	28	145	11	128	2.99e-66	198
Dm_00016921-RA	AT5G58330.2	N/A	78.271	428	77	4	22	448	30	442	0.0	671
Dm_00018033-RA	AT2G46660.1	N/A	62.727	550	180	9	6	553	3	529	0.0	666
Dm_00018186-RA	AT3G14240.1	N/A	74.252	769	175	4	51	816	27	775	0.0	1174
Dm_00014880-RA	AT5G25320.1	N/A	59.325	504	168	10	57	534	1	493	0.0	570
Dm_00018328-RA	AT3G61440.1	N/A	84.665	313	48	0	279	591	56	368	0.0	538
Dm_00019071-RA	AT2G38800.1	N/A	31.681	565	304	14	84	589	71	612	1.61e-56	201
Dm_00016930-RA	AT2G17550.2	N/A	37.089	639	286	20	358	968	150	700	4.89e-93	311
Dm_00018737-RA	AT5G60390.1	N/A	94.655	449	24	0	1	449	1	449	0.0	884
Dm_00017790-RA	AT1G11530.1	N/A	67.521	117	37	1	12	127	2	118	7.98e-58	175
Dm_00017791-RA	AT4G05200.1	N/A	46.995	649	305	13	47	685	15	634	0.0	570
Dm_00019716-RA	AT5G59750.1	N/A	73.278	479	116	4	40	514	32	502	0.0	707
Dm_00018375-RA	AT4G00730.1	N/A	66.184	828	223	12	1	805	9	802	0.0	1048
Dm_00010965-RA	AT5G08350.1	N/A	63.014	146	53	1	48	193	68	212	2.99e-62	192
Dm_00011375-RA	AT3G15030.2	N/A	45.140	463	196	17	150	597	1	420	5.57e-83	266
Dm_00010611-RA	AT4G39410.1	N/A	84.615	52	8	0	42	93	192	243	4.23e-27	101
Dm_00011348-RA	AT1G05230.11	N/A	75.558	761	139	13	32	787	1	719	0.0	1136
Dm_00011353-RA	AT1G05200.6	N/A	62.870	878	315	6	74	943	58	932	0.0	1149
Dm_00010576-RA	AT5G03795.1	N/A	65.686	408	136	1	58	465	113	516	0.0	573
Dm_00011939-RA	AT4G32060.1	N/A	68.072	332	106	0	8	339	158	489	5.13e-168	478
Dm_00012808-RA	AT1G22380.1	N/A	38.259	494	274	11	9	496	12	480	3.31e-109	333
Dm_00012162-RA	AT5G13180.1	N/A	52.288	153	65	2	15	161	12	162	8.82e-49	160
Dm_00008625-RA	AT3G12830.1	N/A	57.895	133	44	2	1	126	1	128	7.82e-46	145
Dm_00015607-RA	AT5G56890.1	N/A	55.718	682	261	12	87	750	455	1113	0.0	689
Dm_00002414-RA	AT3G50170.1	N/A	59.252	481	176	12	33	503	60	530	2.60e-180	536
Dm_00002270-RA	AT3G51480.1	N/A	53.398	927	401	8	11	935	3	900	0.0	1048
Dm_00002278-RA	AT1G22840.1	N/A	86.486	111	15	0	1	111	1	111	3.70e-70	205
Dm_00007664-RA	AT1G24540.1	N/A	52.214	542	226	6	3	534	2	520	0.0	581
Dm_00007530-RA	AT1G53320.1	N/A	69.186	344	90	3	60	392	41	379	7.25e-175	492
Dm_00009431-RA	AT2G30620.2	N/A	50.000	164	69	3	1	159	1	156	3.48e-33	121
Dm_00006787-RA	AT3G17940.1	N/A	72.266	256	61	3	13	266	93	340	1.23e-135	386
Dm_00007943-RA	AT3G07990.1	N/A	73.953	430	109	2	29	456	29	457	0.0	674
Dm_00007945-RA	AT3G54890.1	N/A	81.967	244	37	2	5	248	3	239	9.89e-140	392
Dm_00015874-RA	AT2G45720.2	N/A	56.441	590	216	14	1	586	1	553	0.0	621
Dm_00000832-RA	AT3G20600.1	N/A	35.961	203	120	4	6	208	2	194	1.94e-37	130
Dm_00000619-RA	AT1G56220.1	N/A	67.500	120	30	3	1	111	1	120	3.24e-42	136
Dm_00004330-RA	AT2G21530.1	N/A	61.739	115	44	0	80	194	85	199	1.25e-47	156
Dm_00003552-RA	AT1G08800.3	N/A	42.258	310	138	8	541	847	771	1042	1.92e-52	200
Dm_00003742-RA	AT2G39700.1	N/A	83.682	239	39	0	26	264	19	257	6.78e-157	437
Dm_00003749-RA	AT5G59480.5	N/A	55.714	280	122	2	48	327	3	280	3.08e-111	325
Dm_00003805-RA	AT4G39960.1	N/A	87.500	56	7	0	7	62	104	159	2.94e-29	107
Dm_00003802-RA	AT2G03200.1	N/A	43.026	423	214	12	43	448	47	459	1.15e-99	306
Dm_00003377-RA	AT4G38400.1	N/A	49.819	277	107	3	17	291	19	265	4.20e-82	248
Dm_00003375-RA	AT1G29500.1	N/A	47.857	140	64	1	1	140	1	131	3.18e-40	132
Dm_00000449-RA	AT3G49290.2	N/A	48.333	240	92	7	19	243	90	312	4.63e-59	189
Dm_00001234-RA	AT1G20190.1	N/A	76.050	238	56	1	227	464	16	252	3.51e-136	392
Dm_00001235-RA	AT1G20200.1	N/A	78.659	492	87	5	1	478	1	488	0.0	741
Dm_00001265-RA	AT2G30600.6	N/A	55.911	626	246	3	1	623	1	599	0.0	712
Dm_00000623-RA	AT1G15520.1	N/A	67.336	1445	448	3	1	1443	1	1423	0.0	2081
Dm_00000627-RA	AT4G32600.1	N/A	68.831	308	88	3	89	393	107	409	7.28e-154	442
Dm_00000633-RA	AT3G22550.1	N/A	44.444	126	59	3	316	441	151	265	3.22e-25	105
Dm_00000640-RA	AT5G11480.1	N/A	77.381	252	57	0	69	320	67	318	4.96e-142	404
Dm_00017171-RA	AT3G56200.1	N/A	60.880	432	165	1	10	441	4	431	0.0	520
Dm_00015171-RA	AT5G43860.1	N/A	53.205	312	138	4	9	313	5	315	2.60e-113	331
Dm_00013986-RA	AT5G25880.1	N/A	81.261	571	107	0	43	613	17	587	0.0	981
Dm_00011885-RA	AT4G25450.1	N/A	66.810	699	197	9	22	709	40	714	0.0	923
Dm_00009767-RA	AT5G04220.2	N/A	56.852	540	188	5	1	502	1	533	0.0	594
Dm_00011208-RA	AT2G47070.1	N/A	51.590	1006	339	28	3	994	10	881	0.0	897
Dm_00012951-RA	AT4G24540.1	N/A	78.689	61	13	0	57	117	1	61	4.04e-28	102
Dm_00011681-RA	AT1G01860.1	N/A	62.805	328	118	1	16	343	19	342	6.41e-148	422
Dm_00012970-RA	AT5G62740.1	N/A	87.589	282	35	0	1	282	1	282	0.0	518
Dm_00012019-RA	AT1G47960.2	N/A	37.736	159	86	3	48	206	21	166	1.55e-27	102
Dm_00016107-RA	AT4G32890.1	N/A	44.745	333	129	10	4	320	15	308	2.48e-74	231
Dm_00016627-RA	AT4G09730.1	N/A	62.654	648	189	11	23	664	18	618	0.0	739
Dm_00015844-RA	AT5G12250.1	N/A	92.650	449	14	1	53	501	1	430	0.0	845
Dm_00017189-RA	AT3G23050.2	N/A	58.140	215	60	7	14	213	11	210	2.56e-71	216
Dm_00016191-RA	AT3G22540.1	N/A	55.906	127	32	4	1	126	1	104	8.68e-38	126
Dm_00001968-RA	AT1G65320.1	N/A	64.815	432	118	9	1	424	1	406	9.44e-179	506
Dm_00001977-RA	AT1G31800.1	N/A	78.727	550	108	2	71	614	42	588	0.0	889
Dm_00001970-RA	AT1G65410.1	N/A	76.768	297	68	1	37	332	38	334	2.38e-165	465
Dm_00002179-RA	AT1G69440.1	N/A	66.929	889	249	12	30	918	147	990	0.0	1207
Dm_00002185-RA	AT3G29180.1	N/A	68.592	277	86	1	138	413	228	504	6.24e-143	417
Dm_00002175-RA	AT1G14030.1	N/A	68.288	473	140	6	24	492	16	482	0.0	645
Dm_00005287-RA	AT4G02900.2	N/A	68.913	460	143	0	14	473	137	596	0.0	670
Dm_00005289-RA	AT4G02900.3	N/A	57.917	240	62	2	1	240	1	201	7.40e-81	258
Dm_00004890-RA	AT2G04842.2	N/A	82.305	616	105	2	54	669	39	650	0.0	1083
Dm_00004884-RA	AT1G04970.1	N/A	57.112	457	192	2	47	500	27	482	0.0	554
Dm_00005233-RA	AT1G65900.1	N/A	54.242	389	128	7	24	367	14	397	7.47e-142	409
Dm_00016822-RA	AT3G26590.1	N/A	61.569	497	173	2	46	542	1	479	0.0	617
Dm_00011746-RA	AT3G62830.1	N/A	65.769	260	79	4	1	258	1	252	1.36e-111	330
Dm_00011260-RA	AT4G12830.1	N/A	67.918	293	67	2	11	277	89	380	2.19e-141	403
Dm_00010384-RA	AT4G04850.2	N/A	78.515	633	131	3	512	1144	80	707	0.0	967
Dm_00011427-RA	AT1G68740.1	N/A	70.640	797	217	9	1	793	1	784	0.0	1103
Dm_00019599-RA	AT2G31840.1	N/A	65.737	251	78	2	38	280	98	348	1.78e-112	328
Dm_00004045-RA	AT4G02590.2	N/A	56.908	304	104	9	16	305	17	307	4.01e-87	264
Dm_00003926-RA	AT2G23420.1	N/A	76.207	580	115	3	1	580	1	557	0.0	913
Dm_00003929-RA	AT4G33985.1	N/A	52.795	161	61	4	1	156	1	151	2.80e-41	140
Dm_00003928-RA	AT1G22340.1	N/A	54.737	475	207	5	2	473	9	478	0.0	539
Dm_00004504-RA	AT4G30080.1	N/A	50.202	743	261	26	15	746	16	660	0.0	610
Dm_00001322-RA	AT2G43040.2	N/A	66.395	613	188	4	74	684	1	597	0.0	762
Dm_00001208-RA	AT1G65260.1	N/A	71.131	336	86	5	1	331	1	330	1.19e-164	462
Dm_00001930-RA	AT2G01910.1	N/A	63.932	585	193	5	1	568	25	608	0.0	738
Dm_00003654-RA	AT3G15940.2	N/A	57.402	716	267	8	23	730	11	696	0.0	761
Dm_00003598-RA	AT4G26700.1	N/A	70.494	688	195	4	20	700	1	687	0.0	998
Dm_00020307-RA	AT2G39080.1	N/A	57.692	312	97	4	40	335	55	347	2.98e-123	358
Dm_00020105-RA	AT5G59020.1	N/A	37.994	329	170	8	149	472	432	731	9.71e-56	199
Dm_00020206-RA	AT3G23160.1	N/A	54.576	601	196	10	1	597	1	528	0.0	610
Dm_00020362-RA	AT3G51970.1	N/A	48.718	351	168	5	8	357	1	340	1.98e-106	316
Dm_00020377-RA	AT1G75250.1	N/A	67.073	82	22	2	1	78	1	81	3.02e-33	111
Dm_00001455-RA	AT2G18390.1	N/A	77.523	218	16	1	1	218	1	185	4.84e-108	308
Dm_00001465-RA	AT1G11120.2	N/A	60.630	127	43	4	12	132	14	139	2.13e-43	141
Dm_00001470-RA	AT2G29990.1	N/A	66.805	482	157	3	41	520	28	508	0.0	658
Dm_00001471-RA	AT1G11190.1	N/A	68.841	276	82	1	338	609	22	297	4.45e-143	417
Dm_00002085-RA	AT2G35660.1	N/A	68.800	375	112	4	2	376	63	432	0.0	541
Dm_00002086-RA	AT4G16650.1	N/A	75.304	494	118	2	49	541	41	531	0.0	751
Dm_00001799-RA	AT1G56310.1	N/A	54.211	570	242	5	1	566	1	555	0.0	587
Dm_00001812-RA	AT1G02560.1	N/A	69.767	301	79	4	1	294	1	296	1.74e-146	414
Dm_00006952-RA	AT2G03890.1	N/A	65.361	664	190	15	1	638	1	650	0.0	828
Dm_00009552-RA	AT4G35470.1	N/A	55.897	585	216	9	1	582	4	549	0.0	595
Dm_00009639-RA	AT5G49650.1	N/A	69.282	599	138	5	7	604	5	558	0.0	833
Dm_00008277-RA	AT3G47710.1	N/A	81.132	53	10	0	11	63	39	91	3.92e-24	86.3
Dm_00012921-RA	AT3G13050.2	N/A	61.789	492	170	3	62	536	1	491	0.0	572
Dm_00012472-RA	AT1G01650.1	N/A	72.472	534	135	5	20	546	12	540	0.0	783
Dm_00012957-RA	AT2G35260.1	N/A	74.638	138	31	1	147	280	87	224	7.72e-68	216
Dm_00000466-RA	AT5G60540.1	N/A	71.103	263	61	5	1	257	1	254	5.52e-129	366
Dm_00000482-RA	AT3G45010.1	N/A	67.071	495	134	6	51	543	33	500	0.0	687
Dm_00000489-RA	AT3G28150.1	N/A	45.874	412	185	13	37	443	35	413	6.45e-111	333
Dm_00014996-RA	AT3G47950.2	N/A	88.491	530	58	2	219	746	432	960	0.0	982
Dm_00014939-RA	AT5G60970.1	N/A	87.952	83	10	0	57	139	47	129	1.18e-45	160
Dm_00015475-RA	AT2G44740.1	N/A	76.923	169	37	1	4	170	2	170	5.18e-92	269
Dm_00014753-RA	AT5G17380.1	N/A	78.772	570	121	0	7	576	3	572	0.0	928
Dm_00015478-RA	AT3G03770.2	N/A	50.266	752	329	12	61	801	54	771	0.0	665
Dm_00014243-RA	AT1G11120.2	N/A	54.795	146	51	5	7	146	10	146	2.04e-37	126
Dm_00014513-RA	AT1G64390.1	N/A	73.058	605	140	2	20	603	17	619	0.0	929
Dm_00013982-RA	AT1G21980.1	N/A	69.945	732	179	9	38	751	43	751	0.0	1032
Dm_00014131-RA	AT1G71691.2	N/A	69.970	333	99	1	54	385	52	384	5.39e-176	495
Dm_00010527-RA	AT2G34140.1	N/A	79.592	49	10	0	210	258	58	106	5.73e-24	99.0
Dm_00009037-RA	AT4G03210.1	N/A	73.427	286	67	2	17	302	13	289	1.15e-166	464
Dm_00001082-RA	AT3G50820.1	N/A	75.367	341	73	5	2	341	1	331	2.02e-179	500
Dm_00001100-RA	AT4G15280.1	N/A	42.474	485	265	8	487	968	4	477	4.24e-124	401
Dm_00000686-RA	AT2G34090.4	N/A	73.164	354	95	0	1	354	105	458	0.0	531
Dm_00000688-RA	AT1G29050.1	N/A	52.890	346	137	7	71	415	60	380	1.42e-119	353
Dm_00000690-RA	AT4G18570.1	N/A	75.342	292	62	5	367	648	351	642	3.94e-144	434
Dm_00000687-RA	AT1G29070.1	N/A	70.455	88	21	1	4	91	73	155	9.13e-31	106
Dm_00000704-RA	AT5G45950.1	N/A	47.554	368	180	5	14	380	2	357	1.25e-125	366
Dm_00001821-RA	AT1G56580.1	N/A	51.282	156	60	2	1	156	1	140	2.06e-49	158
Dm_00001816-RA	AT1G56500.1	N/A	67.554	601	168	5	1	583	1	592	0.0	827
Dm_00001825-RA	AT3G62290.3	N/A	94.444	72	4	0	34	105	110	181	3.44e-45	144
Dm_00001524-RA	AT3G07680.1	N/A	65.686	204	69	1	7	209	5	208	2.10e-99	287
Dm_00001916-RA	AT2G22360.1	N/A	77.744	328	64	3	21	347	120	439	0.0	508
Dm_00001614-RA	AT1G25375.1	N/A	55.696	474	202	3	1	468	1	472	0.0	535
Dm_00002130-RA	AT5G55050.1	N/A	44.957	347	178	8	32	372	37	376	4.96e-92	281
Dm_00015742-RA	AT4G09320.1	N/A	80.870	115	22	0	2	116	34	148	3.85e-67	199
Dm_00009538-RA	AT2G20890.1	N/A	66.102	295	85	6	3	296	5	285	1.20e-132	379
Dm_00009796-RA	AT1G74840.2	N/A	52.119	236	93	6	10	240	15	235	2.76e-61	194
Dm_00010564-RA	AT2G35410.1	N/A	46.286	175	93	1	92	265	87	261	1.24e-51	171
Dm_00011394-RA	AT4G28760.1	N/A	37.778	900	447	26	1	875	112	923	1.06e-150	467
Dm_00009153-RA	AT3G63140.1	N/A	76.724	348	81	0	69	416	59	406	0.0	567
Dm_00010773-RA	AT3G01180.1	N/A	64.605	760	223	9	87	820	53	792	0.0	967
Dm_00001167-RA	AT2G41410.1	N/A	43.556	225	106	5	1	222	1	207	7.06e-50	162
Dm_00001175-RA	AT3G10160.1	N/A	60.356	449	159	4	92	530	51	490	0.0	545
Dm_00000047-RA	AT5G05350.1	N/A	41.282	390	195	8	33	402	97	472	4.39e-93	291
Dm_00017636-RA	AT4G39955.1	N/A	61.022	313	117	3	1	308	1	313	2.82e-150	425
Dm_00017593-RA	AT3G58480.1	N/A	58.674	513	168	9	3	502	90	571	0.0	573
Dm_00017688-RA	AT3G51370.1	N/A	74.869	382	91	2	1	382	1	377	0.0	604
Dm_00016540-RA	AT2G26910.1	N/A	64.296	1420	403	8	1	1346	1	1390	0.0	1838
Dm_00017705-RA	AT2G36830.1	N/A	75.100	249	62	0	1	249	1	249	1.05e-131	372
Dm_00015196-RA	AT1G06790.2	N/A	50.556	180	87	1	173	350	1	180	1.07e-60	193
Dm_00017965-RA	AT5G14260.2	N/A	77.586	464	98	2	60	520	42	502	0.0	743
Dm_00020250-RA	AT5G05340.1	N/A	56.897	174	75	0	26	199	26	199	5.80e-70	216
Dm_00015696-RA	AT5G51910.2	N/A	50.400	250	90	10	77	312	50	279	1.89e-62	201
Dm_00016300-RA	AT1G77280.2	N/A	39.875	800	358	21	4	733	7	753	2.77e-144	441
Dm_00003867-RA	AT2G27480.1	N/A	47.807	228	115	2	44	268	2	228	5.34e-71	219
Dm_00004014-RA	AT4G39010.1	N/A	72.093	473	132	0	23	495	22	494	0.0	722
Dm_00004067-RA	AT5G46240.1	N/A	52.180	757	272	11	1	750	1	674	0.0	762
Dm_00004066-RA	AT2G34510.1	N/A	72.527	364	94	3	53	412	39	400	0.0	549
Dm_00016865-RA	AT3G22370.1	N/A	79.343	213	37	1	34	239	142	354	3.51e-124	356
Dm_00001780-RA	AT2G36460.1	N/A	82.353	357	52	2	1	346	1	357	0.0	591
Dm_00001783-RA	AT5G03670.1	N/A	30.973	565	241	20	7	478	4	512	7.28e-40	150
Dm_00001791-RA	AT2G36310.1	N/A	65.395	367	88	3	19	385	9	336	2.53e-170	479
Dm_00001885-RA	AT5G55950.1	N/A	67.838	370	85	5	8	355	27	384	4.86e-173	487
Dm_00001895-RA	AT1G55810.1	N/A	82.863	461	73	2	4	463	1	456	0.0	795
Dm_00001314-RA	AT1G10850.1	N/A	57.038	682	230	16	27	700	34	660	0.0	682
Dm_00001315-RA	AT4G27290.2	N/A	50.358	838	383	10	116	936	1	822	0.0	812
Dm_00015504-RA	AT5G64300.1	N/A	78.916	498	100	4	34	529	34	528	0.0	801
Dm_00005592-RA	AT2G42750.1	N/A	65.789	342	94	5	1	321	1	340	6.16e-147	417
Dm_00005957-RA	AT5G06470.1	N/A	54.118	170	68	4	27	191	74	238	1.48e-56	179
Dm_00005187-RA	AT4G15440.1	N/A	53.202	406	167	4	126	531	1	383	8.56e-155	447
Dm_00004844-RA	AT5G40830.2	N/A	41.515	330	177	8	60	385	94	411	1.30e-85	266
Dm_00005298-RA	AT3G56160.3	N/A	60.059	338	121	3	64	397	80	407	7.47e-126	369
Dm_00005096-RA	AT3G21070.2	N/A	62.205	508	137	8	4	460	21	524	0.0	611
Dm_00005100-RA	AT5G04590.1	N/A	75.430	639	155	2	1	637	1	639	0.0	1015
Dm_00005465-RA	AT5G55230.3	N/A	74.296	568	137	6	66	627	23	587	0.0	834
Dm_00004997-RA	AT1G05500.1	N/A	70.169	590	146	4	1	590	1	560	0.0	856
Dm_00006246-RA	AT3G01060.1	N/A	75.705	461	105	3	5	465	1	454	0.0	699
Dm_00006986-RA	AT1G35190.1	N/A	69.340	212	64	1	48	259	30	240	3.12e-105	308
Dm_00009642-RA	AT3G15470.1	N/A	54.752	968	303	26	1	918	1	883	0.0	880
Dm_00008856-RA	AT1G68830.1	N/A	77.636	550	118	3	28	575	16	562	0.0	872
Dm_00006682-RA	AT1G63690.1	N/A	73.855	524	110	3	26	540	25	530	0.0	786
Dm_00004610-RA	AT3G23330.2	N/A	32.854	417	257	6	102	518	96	489	4.92e-76	253
Dm_00005053-RA	AT1G15520.1	N/A	53.841	1471	560	16	48	1452	6	1423	0.0	1561
Dm_00003769-RA	AT5G04440.2	N/A	72.093	129	20	1	52	180	57	169	5.35e-62	192
Dm_00004691-RA	AT5G43700.1	N/A	58.427	178	68	2	14	189	11	184	4.60e-74	221
Dm_00004685-RA	AT1G49740.1	N/A	69.707	307	93	0	13	319	18	324	4.94e-168	485
Dm_00004215-RA	AT5G60700.2	N/A	71.340	963	243	6	1	961	1	932	0.0	1431
Dm_00004223-RA	AT5G60210.1	N/A	44.928	621	269	12	12	622	7	564	8.13e-133	401
Dm_00004216-RA	AT2G28260.2	N/A	57.243	573	240	3	27	599	28	595	0.0	707
Dm_00004221-RA	AT3G27230.1	N/A	42.262	336	182	6	55	390	86	409	2.48e-88	273
Dm_00005229-RA	AT5G17230.1	N/A	75.434	403	91	4	27	424	22	421	0.0	607
Dm_00005699-RA	AT2G45360.1	N/A	53.879	232	89	4	1	232	1	214	4.88e-74	224
Dm_00005682-RA	AT3G04360.1	N/A	38.692	367	165	12	68	394	10	356	7.06e-57	192
Dm_00003965-RA	AT4G22830.1	N/A	55.195	154	60	3	18	164	5	156	9.46e-51	161
Dm_00001698-RA	AT3G26310.1	N/A	45.090	499	257	7	5	499	7	492	1.16e-149	437
Dm_00002070-RA	AT5G20630.1	N/A	68.075	213	65	1	1	213	1	210	1.32e-98	285
Dm_00001773-RA	AT2G32480.1	N/A	68.182	462	129	5	1	459	1	447	0.0	609
Dm_00001640-RA	AT1G27480.1	N/A	55.782	441	167	6	1	436	1	418	2.66e-179	508
Dm_00001830-RA	AT1G54570.1	N/A	59.767	686	264	6	22	703	25	702	0.0	825
Dm_00020586-RA	AT5G38970.1	N/A	66.598	482	140	4	50	530	1	462	0.0	672
Dm_00020618-RA	AT1G15520.2	N/A	61.803	610	195	3	181	785	542	1118	0.0	781
Dm_00019609-RA	AT3G59760.1	N/A	81.737	334	49	1	63	396	109	430	0.0	526
Dm_00019665-RA	AT5G60640.1	N/A	62.113	549	161	3	79	627	82	583	0.0	698
Dm_00019657-RA	AT5G18840.1	N/A	59.848	528	143	6	1	509	1	478	0.0	601
Dm_00019662-RA	AT3G62420.1	N/A	60.993	141	54	1	3	142	5	145	1.65e-56	173
Dm_00012674-RA	AT1G43670.1	N/A	85.813	289	41	0	61	349	53	341	0.0	523
Dm_00012811-RA	AT5G18750.1	N/A	27.879	495	326	16	221	693	393	878	8.65e-53	196
Dm_00012813-RA	AT4G08290.1	N/A	35.097	359	223	3	19	368	6	363	4.59e-74	235
Dm_00012202-RA	AT5G67370.1	N/A	73.171	287	70	4	37	319	44	327	2.10e-137	392
Dm_00014167-RA	AT4G18060.1	N/A	70.940	351	98	2	104	450	1	351	0.0	527
Dm_00007253-RA	AT1G68570.1	N/A	70.508	295	81	2	1	291	1	293	5.06e-139	406
Dm_00007252-RA	AT1G68570.2	N/A	66.978	321	92	4	4	321	252	561	9.34e-152	437
Dm_00006606-RA	AT5G23060.1	N/A	65.306	343	114	3	39	376	36	378	4.58e-165	468
Dm_00007875-RA	AT3G12650.1	N/A	60.140	143	57	0	101	243	91	233	1.25e-55	178
Dm_00021125-RA	AT1G51650.1	N/A	79.661	59	12	0	2	60	3	61	1.04e-33	111
Dm_00011709-RA	AT5G23950.1	N/A	52.632	152	58	5	1	140	1	150	2.18e-42	145
Dm_00010738-RA	AT5G10480.1	N/A	61.086	221	71	2	1	206	1	221	1.70e-93	272
Dm_00008591-RA	AT1G08250.1	N/A	75.266	376	81	4	62	426	28	402	0.0	548
Dm_00007855-RA	AT1G72830.1	N/A	43.049	223	94	10	25	237	42	241	1.10e-38	140
Dm_00009718-RA	AT1G49970.1	N/A	50.146	343	159	6	31	369	28	362	8.21e-110	327
Dm_00010081-RA	AT2G36930.1	N/A	75.000	116	29	0	3	118	2	117	1.78e-61	186
Dm_00009533-RA	AT5G66350.1	N/A	41.337	404	154	15	1	394	1	331	9.07e-72	228
Dm_00009695-RA	AT3G26720.1	N/A	79.961	509	96	2	3	505	1	509	0.0	857
Dm_00008274-RA	AT3G20870.3	N/A	76.898	303	43	1	1	303	1	276	2.03e-166	463
Dm_00001562-RA	AT3G08670.1	N/A	51.265	593	237	19	9	582	6	565	6.01e-129	390
Dm_00001416-RA	AT3G11330.1	N/A	54.682	534	204	8	2	535	4	499	0.0	521
Dm_00001432-RA	AT3G48280.1	N/A	40.042	472	274	6	25	493	4	469	1.18e-126	379
Dm_00001431-RA	AT3G48280.1	N/A	41.020	490	273	7	10	489	4	487	6.36e-134	396
Dm_00001474-RA	AT1G64720.1	N/A	61.069	393	127	7	24	416	19	385	7.44e-171	484
Dm_00001484-RA	AT4G24140.1	N/A	57.198	514	181	10	17	519	12	497	0.0	570
Dm_00001479-RA	AT4G24150.3	N/A	37.604	359	155	15	21	360	105	413	2.22e-45	162
Dm_00018125-RA	AT5G54380.1	N/A	71.124	845	222	15	24	855	20	855	0.0	1167
Dm_00017467-RA	AT5G14880.1	N/A	63.368	778	254	10	39	797	16	781	0.0	969
Dm_00017887-RA	AT2G28100.1	N/A	51.599	469	205	6	37	499	29	481	1.24e-167	483
Dm_00016440-RA	AT1G77930.1	N/A	73.077	156	42	0	2	157	107	262	5.12e-78	233
Dm_00018323-RA	AT5G52280.1	N/A	32.885	967	483	23	8	954	33	853	5.66e-112	365
Dm_00013090-RA	AT3G63520.1	N/A	72.212	565	123	5	18	577	3	538	0.0	847
Dm_00011949-RA	AT4G18910.1	N/A	61.728	243	84	2	1	236	54	294	3.73e-104	303
Dm_00012786-RA	AT5G25390.2	N/A	51.174	213	73	3	2	214	1	182	3.71e-69	210
Dm_00012936-RA	AT5G60690.1	N/A	75.882	879	162	12	1	866	1	842	0.0	1350
Dm_00006939-RA	AT4G01100.1	N/A	79.360	344	65	3	1	343	1	339	0.0	569
Dm_00018748-RA	AT5G46050.1	N/A	67.364	478	148	4	4	479	109	580	0.0	639
Dm_00018619-RA	AT3G10670.1	N/A	82.661	248	43	0	119	366	91	338	5.93e-150	427
Dm_00005882-RA	AT1G58280.4	N/A	58.000	250	78	2	1	225	25	272	2.68e-98	288
Dm_00006740-RA	AT1G68560.1	N/A	70.333	900	245	5	37	930	31	914	0.0	1346
Dm_00006746-RA	AT4G10620.1	N/A	48.730	433	205	3	261	689	154	573	5.16e-141	426
Dm_00006653-RA	AT4G12710.1	N/A	51.613	248	79	2	24	231	122	368	2.57e-74	231
Dm_00009352-RA	AT4G28650.1	N/A	63.584	1038	337	14	7	1036	6	1010	0.0	1262
Dm_00008368-RA	AT4G13710.1	N/A	78.820	373	79	0	14	386	98	470	0.0	651
Dm_00009303-RA	AT5G65430.3	N/A	44.531	256	126	5	6	257	1	244	6.57e-68	211
Dm_00005318-RA	AT3G51060.1	N/A	43.488	430	161	17	1	409	1	369	1.53e-80	252
Dm_00006723-RA	AT4G33090.1	N/A	54.323	694	287	5	20	710	155	821	0.0	773
Dm_00007118-RA	AT2G24220.2	N/A	48.120	133	66	1	22	151	8	140	2.26e-32	119
Dm_00007120-RA	AT5G43745.1	N/A	62.544	283	94	4	132	414	90	360	9.36e-123	375
Dm_00013236-RA	AT4G34530.1	N/A	64.901	151	38	4	257	393	154	303	5.84e-56	189
Dm_00013238-RA	AT3G48530.1	N/A	27.483	433	229	13	37	438	38	416	4.89e-38	144
Dm_00012810-RA	AT2G47490.1	N/A	73.248	157	40	1	19	175	83	237	1.51e-69	214
Dm_00001331-RA	AT5G45775.2	N/A	95.506	178	8	0	5	182	2	179	4.69e-127	355
Dm_00001346-RA	AT5G22870.1	N/A	36.872	179	112	1	23	200	29	207	2.12e-40	137
Dm_00001342-RA	AT2G27920.1	N/A	64.269	431	150	2	33	459	29	459	0.0	573
Dm_00002216-RA	AT3G17640.1	N/A	53.828	418	160	6	18	433	5	391	4.65e-138	401
Dm_00002231-RA	AT4G19645.5	N/A	58.955	268	108	1	1	266	1	268	2.27e-120	345
Dm_00002237-RA	AT4G35560.2	N/A	44.889	949	431	20	15	939	15	895	0.0	758
Dm_00001989-RA	AT1G69530.1	N/A	75.397	252	60	1	1	252	1	250	8.76e-142	397
Dm_00013746-RA	AT1G02065.2	N/A	57.143	84	36	0	39	122	152	235	1.43e-27	102
Dm_00015239-RA	AT3G22440.1	N/A	67.636	516	149	8	1	513	1	501	0.0	675
Dm_00015457-RA	AT5G12250.1	N/A	92.558	430	32	0	1	430	1	430	0.0	825
Dm_00019774-RA	AT3G24050.1	N/A	48.598	214	88	6	7	207	58	262	1.48e-46	155
Dm_00018692-RA	AT1G23750.1	N/A	78.832	137	28	1	1	136	1	137	1.33e-77	226
Dm_00018596-RA	AT4G01970.2	N/A	58.324	859	323	16	21	864	79	917	0.0	995
Dm_00001151-RA	AT1G75080.2	N/A	61.398	329	94	9	14	324	22	335	7.62e-101	300
Dm_00001147-RA	AT2G23790.1	N/A	46.863	271	121	5	87	349	72	327	8.20e-76	238
Dm_00001154-RA	AT1G47740.1	N/A	67.451	255	76	3	4	256	29	278	1.08e-116	335
Dm_00001157-RA	AT3G50700.1	N/A	46.016	502	199	14	9	501	2	440	9.70e-121	362
Dm_00000732-RA	AT1G67940.1	N/A	70.455	264	64	3	3	266	14	263	4.05e-130	369
Dm_00000733-RA	AT5G05810.1	N/A	49.695	328	118	11	66	371	52	354	1.03e-73	236
Dm_00000726-RA	AT2G19170.2	N/A	76.434	802	183	4	24	824	19	815	0.0	1266
Dm_00000736-RA	AT5G57330.1	N/A	80.198	303	60	0	16	318	9	311	0.0	523
Dm_00000738-RA	AT5G57350.3	N/A	77.362	561	90	4	79	639	164	687	0.0	888
Dm_00000766-RA	AT5G57630.2	N/A	56.010	416	145	6	1	392	1	402	3.01e-156	446
Dm_00000176-RA	AT5G53580.1	N/A	74.194	341	88	0	34	374	24	364	0.0	548
Dm_00000177-RA	AT2G46680.1	N/A	61.682	107	41	0	44	150	19	125	4.10e-39	139
Dm_00000193-RA	AT5G54160.1	N/A	68.392	367	110	3	1	367	1	361	0.0	526
Dm_00001742-RA	AT4G34350.1	N/A	76.972	469	103	3	1	467	1	466	0.0	749
Dm_00001740-RA	AT2G16050.1	N/A	72.653	245	59	3	1	240	1	242	5.76e-133	374
Dm_00001749-RA	AT1G11750.1	N/A	62.673	217	78	1	72	285	40	256	7.72e-101	296
Dm_00001355-RA	AT4G37200.1	N/A	78.531	177	38	0	52	228	85	261	1.59e-108	313
Dm_00001864-RA	AT4G34240.4	N/A	60.461	521	183	2	44	564	36	533	0.0	622
Dm_00001869-RA	AT3G05270.1	N/A	41.988	674	283	9	1	626	1	614	6.83e-133	403
Dm_00020465-RA	AT1G73590.1	N/A	63.091	634	148	17	1	581	1	601	0.0	712
Dm_00016992-RA	AT4G05520.1	N/A	66.003	603	140	7	28	629	6	544	0.0	786
Dm_00017967-RA	AT4G24660.2	N/A	46.311	244	63	5	74	313	47	226	8.28e-65	204
Dm_00018171-RA	AT2G45970.1	N/A	73.574	526	138	1	1	525	1	526	0.0	815
Dm_00018965-RA	AT1G67340.1	N/A	66.766	334	99	4	74	406	42	364	2.94e-158	451
Dm_00018842-RA	AT5G07620.1	N/A	47.594	374	150	5	40	412	29	357	3.36e-112	333
Dm_00018385-RA	AT4G39860.1	N/A	60.714	308	109	6	1	305	1	299	2.13e-113	330
Dm_00005782-RA	AT1G04250.1	N/A	44.017	234	92	8	1	210	7	225	2.24e-51	166
Dm_00006840-RA	AT1G78170.1	N/A	38.164	207	97	7	42	237	35	221	9.82e-27	103
Dm_00006684-RA	AT5G03380.1	N/A	37.143	420	181	13	25	403	15	392	7.44e-57	191
Dm_00006569-RA	AT4G18810.1	N/A	78.351	291	63	0	10	300	302	592	7.89e-170	484
Dm_00006568-RA	AT4G18810.1	N/A	63.470	219	71	2	31	240	39	257	6.19e-90	277
Dm_00006303-RA	AT1G62520.1	N/A	51.678	298	115	9	1	287	1	280	1.72e-83	252
Dm_00021116-RA	AT1G48910.1	N/A	50.990	202	95	1	16	213	2	203	5.70e-73	226
Dm_00003992-RA	AT2G04700.1	N/A	67.010	97	9	1	1	97	44	117	2.32e-40	130
Dm_00004395-RA	AT3G10410.1	N/A	61.557	411	130	6	1	411	114	496	0.0	527
Dm_00007339-RA	AT3G55640.1	N/A	68.340	259	82	0	62	320	64	322	7.71e-130	375
Dm_00009162-RA	AT1G08310.1	N/A	54.381	331	127	3	13	342	1	308	2.14e-127	368
Dm_00008834-RA	AT3G56650.1	N/A	76.211	227	48	2	50	275	41	262	3.02e-126	360
Dm_00005763-RA	AT3G57400.1	N/A	38.491	530	247	12	21	543	17	474	1.68e-88	281
Dm_00007243-RA	AT5G20240.1	N/A	70.588	85	25	0	1	85	1	85	6.72e-42	136
Dm_00000502-RA	AT2G42975.1	N/A	55.155	194	73	4	1	187	1	187	1.32e-53	169
Dm_00001029-RA	AT3G24460.1	N/A	66.332	398	120	2	11	407	18	402	0.0	559
Dm_00001056-RA	AT5G20140.2	N/A	72.293	314	86	1	60	372	51	364	2.29e-176	496
Dm_00000969-RA	AT5G13170.1	N/A	51.220	205	99	1	1	205	31	234	2.82e-69	214
Dm_00000965-RA	AT5G50860.1	N/A	58.900	618	193	15	1	599	1	576	0.0	657
Dm_00000972-RA	AT5G50740.1	N/A	55.351	271	105	5	49	319	29	283	1.54e-77	238
Dm_00000978-RA	AT5G13080.1	N/A	81.111	90	17	0	97	186	53	142	9.45e-52	163
Dm_00006220-RA	AT1G07890.8	N/A	82.667	225	39	0	1	225	1	225	1.08e-142	399
Dm_00010665-RA	AT1G11000.1	N/A	48.760	121	48	6	1	114	423	536	2.55e-24	98.6
Dm_00001387-RA	AT5G03880.1	N/A	69.792	288	79	1	49	328	52	339	4.30e-148	420
Dm_00001399-RA	AT5G06220.3	N/A	51.526	852	278	12	17	761	58	881	0.0	808
Dm_00014657-RA	AT4G25290.1	N/A	47.458	649	291	6	30	677	76	675	0.0	597
Dm_00013731-RA	AT1G74160.1	N/A	41.732	1016	459	39	65	1044	106	1024	0.0	565
Dm_00014822-RA	AT3G15030.2	N/A	49.762	420	165	15	104	501	25	420	5.76e-96	297
Dm_00013762-RA	AT4G31980.1	N/A	40.654	428	228	11	1	417	267	679	1.25e-92	293
Dm_00013741-RA	AT3G23070.1	N/A	44.348	345	144	11	6	342	5	309	2.16e-68	236
Dm_00019509-RA	AT5G07440.2	N/A	87.591	411	51	0	1	411	1	411	0.0	762
Dm_00011342-RA	AT1G30440.1	N/A	65.574	671	190	14	1	647	4	657	0.0	838
Dm_00011074-RA	AT3G12630.1	N/A	52.660	188	50	5	1	177	1	160	1.35e-53	168
Dm_00010526-RA	AT2G26710.1	N/A	62.357	526	171	6	19	543	16	515	0.0	675
Dm_00000528-RA	AT1G54520.1	N/A	63.610	349	97	5	88	432	69	391	3.96e-135	394
Dm_00000523-RA	AT3G04870.1	N/A	83.254	418	67	2	35	452	16	430	0.0	736
Dm_00000546-RA	AT1G08820.1	N/A	36.308	325	170	11	67	361	68	385	9.99e-49	169
Dm_00018561-RA	AT3G63430.2	N/A	46.865	303	118	12	481	780	246	508	2.32e-62	218
Dm_00018757-RA	AT1G53210.1	N/A	45.918	294	150	6	44	333	239	527	4.70e-66	218
Dm_00005513-RA	AT1G11545.1	N/A	74.403	293	73	2	12	302	12	304	1.89e-171	477
Dm_00006157-RA	AT1G58410.1	N/A	33.546	942	520	27	15	946	15	860	3.65e-130	415
Dm_00004694-RA	AT3G54820.1	N/A	77.143	280	61	1	6	282	4	283	2.37e-155	435
Dm_00000931-RA	AT3G24660.1	N/A	70.706	652	188	3	29	679	25	674	0.0	883
Dm_00000941-RA	AT4G28720.1	N/A	69.877	405	114	3	8	411	10	407	0.0	611
Dm_00000344-RA	AT5G46230.1	N/A	43.885	139	71	2	9	147	10	141	2.30e-40	133
Dm_00000347-RA	AT2G34460.1	N/A	71.774	248	64	4	1	246	35	278	6.81e-127	361
Dm_00010734-RA	AT3G18290.1	N/A	62.321	1258	452	11	1	1242	1	1252	0.0	1565
Dm_00009132-RA	AT5G41410.1	N/A	45.407	577	204	16	161	698	105	609	3.44e-137	416
Dm_00010650-RA	AT5G60860.1	N/A	93.056	216	14	1	2	217	3	217	8.37e-150	415
Dm_00009798-RA	AT3G09220.1	N/A	54.562	537	199	5	1	535	32	525	0.0	586
Dm_00016789-RA	AT1G08810.1	N/A	52.396	313	80	6	1	295	1	262	7.55e-95	282
Dm_00003521-RA	AT2G26975.1	N/A	54.478	134	54	2	11	143	7	134	4.35e-44	142
Dm_00003522-RA	AT2G26975.1	N/A	54.400	125	54	2	8	129	8	132	3.42e-40	131
Dm_00003707-RA	AT1G74040.1	N/A	74.035	570	142	3	59	622	48	617	0.0	884
Dm_00003715-RA	AT4G25150.1	N/A	63.178	258	89	1	8	265	8	259	6.44e-119	341
Dm_00004200-RA	AT1G22640.1	N/A	71.654	127	36	0	1	127	1	127	1.12e-65	207
Dm_00003878-RA	AT1G68800.1	N/A	85.938	64	9	0	134	197	107	170	2.02e-29	119
Dm_00003879-RA	AT3G25690.4	N/A	66.603	1042	271	14	5	1027	4	987	0.0	1192
Dm_00004339-RA	AT5G20950.3	N/A	73.529	646	140	4	14	659	85	699	0.0	954
Dm_00019633-RA	AT1G11260.1	N/A	79.605	152	31	0	1	152	1	152	5.13e-81	248
Dm_00019313-RA	AT5G40330.1	N/A	57.576	132	56	0	26	157	1	132	3.02e-53	171
Dm_00012902-RA	AT2G42130.1	N/A	58.261	230	72	3	203	428	43	252	4.67e-84	259
Dm_00013288-RA	AT3G55360.1	N/A	84.672	274	42	0	7	280	37	310	0.0	502
Dm_00012032-RA	AT2G42220.1	N/A	74.396	207	40	2	59	265	38	231	5.90e-108	312
Dm_00004411-RA	AT2G01350.1	N/A	79.365	315	65	0	6	320	34	348	0.0	522
Dm_00004095-RA	AT1G22030.1	N/A	54.783	345	135	7	1	336	1	333	3.11e-111	327
Dm_00004481-RA	AT2G30200.1	N/A	80.870	345	65	1	35	378	49	393	0.0	563
Dm_00004482-RA	AT5G12250.1	N/A	87.576	491	17	3	80	568	1	449	0.0	890
Dm_00004078-RA	AT1G21340.1	N/A	37.319	276	117	13	19	273	20	260	1.21e-38	136
Dm_00004350-RA	AT5G67385.1	N/A	61.646	644	191	11	36	663	1	604	0.0	771
Dm_00004133-RA	AT4G26700.1	N/A	72.287	682	184	4	1	678	1	681	0.0	1010
Dm_00004120-RA	AT4G26640.2	N/A	48.759	564	234	14	116	670	36	553	1.09e-156	464
Dm_00011942-RA	AT1G78060.1	N/A	63.263	754	243	7	28	757	22	765	0.0	985
Dm_00011567-RA	AT2G03220.1	N/A	55.611	606	217	7	1	602	1	558	0.0	675
Dm_00011833-RA	AT1G77690.1	N/A	85.021	474	65	2	1	472	1	470	0.0	803
Dm_00011453-RA	AT1G08480.1	N/A	64.029	139	50	0	11	149	4	142	1.37e-66	199
Dm_00008668-RA	AT3G54790.3	N/A	48.395	779	360	8	21	789	6	752	0.0	629
Dm_00012614-RA	AT5G22930.1	N/A	48.558	208	93	5	9	213	11	207	1.28e-50	165
Dm_00007619-RA	AT4G22580.1	N/A	69.363	408	118	2	49	456	35	435	0.0	599
Dm_00007618-RA	AT1G70420.1	N/A	33.538	325	131	12	33	351	27	272	4.58e-34	127
Dm_00011847-RA	AT2G27290.1	N/A	60.104	193	55	4	13	191	6	190	4.01e-61	189
Dm_00004266-RA	AT1G12410.1	N/A	50.867	173	80	2	79	247	95	266	1.43e-57	186
Dm_00004193-RA	AT2G42570.1	N/A	64.857	350	112	5	34	376	22	367	1.43e-169	478
Dm_00004187-RA	AT3G15030.2	N/A	40.426	423	176	19	13	389	26	418	1.35e-60	202
Dm_00004434-RA	AT3G14870.1	N/A	49.222	514	214	16	27	539	1	468	1.06e-152	446
Dm_00003345-RA	AT1G63690.1	N/A	67.665	501	128	5	16	499	25	508	0.0	673
Dm_00004723-RA	AT1G07090.1	N/A	75.940	133	32	0	71	203	29	161	3.82e-78	233
Dm_00004490-RA	AT1G65450.1	N/A	55.437	469	167	6	11	472	12	445	0.0	523
Dm_00003466-RA	AT5G17330.1	N/A	83.300	503	75	3	1	495	1	502	0.0	877
Dm_00000263-RA	AT3G46920.1	N/A	53.106	644	237	7	714	1323	469	1081	0.0	608
Dm_00000274-RA	AT3G42640.1	N/A	84.137	933	133	2	10	929	18	948	0.0	1592
Dm_00000281-RA	AT5G50740.1	N/A	58.015	262	103	3	57	318	29	283	1.70e-85	259
Dm_00000288-RA	AT5G63510.1	N/A	75.486	257	54	2	4	260	5	252	1.43e-138	390
Dm_00000305-RA	AT5G63400.1	N/A	79.253	241	50	0	2	242	6	246	2.22e-148	414
Dm_00000527-RA	AT3G04910.1	N/A	50.681	734	249	19	1	660	4	698	0.0	642
Dm_00018564-RA	AT3G60320.1	N/A	61.179	814	261	13	1	777	1	796	0.0	878
Dm_00017117-RA	AT1G22850.2	N/A	70.698	215	51	2	103	315	65	269	8.50e-96	288
Dm_00014247-RA	AT4G04880.1	N/A	63.517	381	111	4	3	383	1	353	2.45e-163	462
Dm_00007061-RA	AT1G26910.1	N/A	87.317	205	17	2	1	203	1	198	2.65e-128	362
Dm_00007058-RA	AT1G75540.1	N/A	43.721	215	83	6	1	194	1	198	1.71e-51	169
Dm_00007445-RA	AT3G12610.1	N/A	60.694	346	135	1	20	364	27	372	4.09e-152	433
Dm_00000084-RA	AT4G12600.1	N/A	89.764	127	13	0	4	130	2	128	2.44e-72	212
Dm_00000110-RA	AT2G26730.1	N/A	64.823	651	208	8	4	638	1	646	0.0	803
Dm_00000146-RA	AT1G63610.1	N/A	67.222	360	67	8	9	356	18	338	3.66e-146	417
Dm_00000164-RA	AT1G42550.1	N/A	49.610	897	372	22	9	890	11	842	0.0	749
Dm_00007701-RA	AT1G12360.1	N/A	73.485	660	135	7	20	675	43	666	0.0	994
Dm_00008428-RA	AT1G14720.1	N/A	66.258	326	106	3	1	326	1	322	1.06e-155	439
Dm_00006799-RA	AT2G02050.1	N/A	68.932	103	32	0	1	103	1	103	1.55e-49	152
Dm_00006323-RA	AT5G56040.2	N/A	51.254	1116	481	11	28	1132	26	1089	0.0	1084
Dm_00006326-RA	AT5G50150.1	N/A	66.162	396	84	7	53	413	40	420	0.0	528
Dm_00006436-RA	AT3G01550.2	N/A	66.867	166	52	1	79	244	57	219	7.20e-77	237
Dm_00012279-RA	AT1G75900.1	N/A	59.710	345	137	2	2	345	20	363	1.82e-153	436
Dm_00011841-RA	AT3G08900.1	N/A	81.783	258	45	1	49	304	94	351	2.29e-161	454
Dm_00011842-RA	AT1G74110.1	N/A	65.607	535	164	9	16	542	14	536	0.0	689
Dm_00014076-RA	AT1G75710.1	N/A	40.041	492	204	16	2	457	22	458	1.06e-88	282
Dm_00000872-RA	AT5G55930.1	N/A	68.138	725	229	2	22	745	32	755	0.0	1033
Dm_00000868-RA	AT4G17500.1	N/A	54.032	248	100	5	3	237	2	248	4.34e-77	234
Dm_00000433-RA	AT2G46680.1	N/A	38.314	261	131	8	35	287	19	257	2.04e-40	141
Dm_00013105-RA	AT5G54510.1	N/A	74.183	612	143	3	37	648	16	612	0.0	953
Dm_00011851-RA	AT5G13000.1	N/A	73.695	1992	435	23	1	1940	1	1955	0.0	2956
Dm_00014556-RA	AT2G45790.1	N/A	79.641	167	26	1	9	175	25	183	2.41e-91	271
Dm_00018085-RA	AT2G43850.3	N/A	70.697	488	116	4	3	476	4	478	0.0	709
Dm_00018080-RA	AT5G67480.1	N/A	61.186	371	134	2	5	375	6	366	1.74e-168	476
Dm_00017923-RA	AT1G29990.1	N/A	76.923	91	21	0	3	93	2	92	1.98e-46	145
Dm_00016296-RA	AT2G41250.1	N/A	81.513	238	43	1	72	309	53	289	3.33e-138	392
Dm_00017484-RA	AT2G30900.1	N/A	48.442	353	170	6	6	350	17	365	1.04e-122	358
Dm_00003460-RA	AT1G59870.1	N/A	63.706	1441	466	7	8	1419	31	1443	0.0	1934
Dm_00010815-RA	AT1G75240.1	N/A	44.628	242	121	4	128	369	73	301	3.88e-58	191
Dm_00012322-RA	AT3G51480.1	N/A	57.536	909	372	5	121	1027	3	899	0.0	1098
Dm_00007255-RA	AT2G05990.1	N/A	68.916	415	99	4	1	413	1	387	0.0	547
Dm_00006089-RA	AT1G74160.1	N/A	27.788	1076	631	39	1	1002	1	1004	9.03e-55	207
Dm_00007000-RA	AT4G30080.1	N/A	50.365	685	283	15	13	675	13	662	0.0	606
Dm_00006997-RA	AT2G37210.1	N/A	78.469	209	32	1	3	198	4	212	6.82e-120	339
Dm_00017671-RA	AT3G51970.1	N/A	48.718	351	168	5	8	357	1	340	1.98e-106	316
Dm_00015919-RA	AT4G17980.1	N/A	58.984	256	65	4	30	275	1	226	1.98e-95	285
Dm_00014754-RA	AT4G14760.2	N/A	34.855	1796	1012	27	1	1759	35	1709	0.0	793
Dm_00014841-RA	AT5G17000.1	N/A	63.798	337	93	2	8	315	3	339	2.35e-150	438
Dm_00013194-RA	AT1G52870.2	N/A	61.960	347	101	7	291	627	11	336	2.05e-145	426
Dm_00012713-RA	AT5G46060.1	N/A	46.119	219	108	2	4	219	6	217	3.79e-54	176
Dm_00007845-RA	AT5G20260.2	N/A	61.240	387	144	4	11	396	85	466	8.74e-179	506
Dm_00016663-RA	AT4G05460.1	N/A	45.215	303	149	6	3	299	5	296	2.74e-76	235
Dm_00015780-RA	AT5G22580.1	N/A	58.416	101	42	0	4	104	6	106	3.62e-39	128
Dm_00014320-RA	AT1G60010.1	N/A	43.005	193	88	3	1	193	1	171	7.23e-46	149
Dm_00016581-RA	AT5G09660.2	N/A	68.627	306	36	2	4	249	5	310	9.10e-138	404
Dm_00001021-RA	AT1G74960.3	N/A	83.295	437	72	1	191	627	106	541	0.0	750
Dm_00000771-RA	AT3G52870.1	N/A	54.657	408	139	4	23	397	48	442	1.41e-147	427
Dm_00000925-RA	AT2G32720.1	N/A	72.727	121	33	0	1	121	1	121	4.87e-67	199
Dm_00000241-RA	AT3G13960.1	N/A	64.286	112	36	2	22	129	16	127	1.52e-46	166
Dm_00000250-RA	AT4G27600.1	N/A	69.880	415	98	5	83	472	41	453	0.0	574
Dm_00001117-RA	AT3G25290.1	N/A	57.937	378	152	4	23	394	14	390	3.65e-156	446
Dm_00001127-RA	AT5G48480.1	N/A	46.154	143	75	2	11	152	12	153	7.47e-31	109
Dm_00001293-RA	AT3G57070.1	N/A	47.942	413	181	8	38	442	29	415	1.77e-108	327
Dm_00001299-RA	AT2G41370.1	N/A	64.060	537	119	8	9	540	10	477	0.0	634
Dm_00012515-RA	AT3G59420.1	N/A	67.210	921	260	17	13	919	3	895	0.0	1195
Dm_00011267-RA	AT1G07010.1	N/A	69.435	301	92	0	19	319	62	362	1.89e-155	441
Dm_00008759-RA	AT1G54115.1	N/A	51.750	657	270	14	9	649	15	640	0.0	620
Dm_00008462-RA	AT5G25220.1	N/A	62.633	471	96	12	1	443	1	419	0.0	526
Dm_00011612-RA	AT5G43250.1	N/A	60.769	130	41	4	5	133	2	122	1.54e-43	142
Dm_00012707-RA	AT5G51840.1	N/A	58.447	219	80	4	1	214	30	242	2.11e-78	235
Dm_00012652-RA	AT1G78420.1	N/A	51.954	435	148	15	1	408	1	401	1.42e-117	348
Dm_00012968-RA	AT4G17720.1	N/A	63.755	229	74	3	28	251	68	292	4.09e-88	265
Dm_00012223-RA	AT3G22660.1	N/A	61.724	290	98	3	43	325	10	293	2.27e-116	338
