Dm_00007071-RA	AT3G03050.1	N/A	80.087	1155	209	9	5	1154	7	1145	0.0	1927
Dm_00007459-RA	AT3G01470.1	N/A	54.362	149	62	3	57	204	67	210	4.18e-43	150
Dm_00007394-RA	AT1G08230.4	N/A	64.013	314	112	1	4	316	19	332	2.38e-139	397
Dm_00007395-RA	AT1G08230.2	N/A	71.739	92	26	0	29	120	15	106	4.39e-43	147
Dm_00007779-RA	AT1G75450.1	N/A	61.856	582	151	13	3	583	9	520	0.0	694
Dm_00007238-RA	AT4G34810.1	N/A	55.340	103	37	3	78	172	15	116	4.23e-30	107
Dm_00007319-RA	AT4G30440.1	N/A	84.561	421	62	1	7	427	4	421	0.0	736
Dm_00006932-RA	AT3G49940.1	N/A	63.285	207	45	6	1	191	1	192	1.04e-77	235
Dm_00008322-RA	AT2G26250.1	N/A	74.322	553	133	5	1	547	1	550	0.0	870
Dm_00015386-RA	AT2G23790.1	N/A	48.266	346	142	9	1	327	1	328	2.04e-104	311
Dm_00017323-RA	AT5G45890.1	N/A	48.083	339	164	6	16	344	10	346	1.41e-108	321
Dm_00015375-RA	AT1G64940.1	N/A	48.496	532	247	10	1	529	1	508	4.59e-169	488
Dm_00011839-RA	AT3G07870.1	N/A	26.368	402	221	12	68	435	28	388	3.77e-27	113
Dm_00002551-RA	AT3G23750.1	N/A	61.381	927	321	15	31	942	24	928	0.0	1073
Dm_00002592-RA	AT1G70420.1	N/A	36.948	249	112	8	82	320	58	271	4.76e-38	136
Dm_00017595-RA	AT2G14960.1	N/A	78.852	610	107	4	1	609	1	589	0.0	994
Dm_00017384-RA	AT2G39720.1	N/A	51.524	328	133	9	11	318	3	324	3.97e-98	298
Dm_00010587-RA	AT1G58290.1	N/A	73.333	570	119	6	1	564	1	543	0.0	817
Dm_00002759-RA	AT5G66920.1	N/A	68.946	541	144	1	22	562	30	546	0.0	798
Dm_00002831-RA	AT1G15100.1	N/A	48.851	174	67	3	1	173	1	153	1.44e-47	152
Dm_00017908-RA	AT2G03200.1	N/A	47.664	428	209	7	30	448	34	455	1.38e-134	395
Dm_00018833-RA	AT1G27730.1	N/A	38.491	265	114	10	1	262	1	219	2.30e-44	150
Dm_00015327-RA	AT4G37260.1	N/A	49.346	306	106	9	15	305	6	277	4.51e-86	262
Dm_00003075-RA	AT2G38250.1	N/A	54.417	283	114	3	7	289	16	283	5.98e-73	226
Dm_00017219-RA	AT3G57120.1	N/A	57.812	384	133	7	92	460	87	456	4.64e-145	422
Dm_00004394-RA	AT2G31050.1	N/A	36.538	156	81	3	39	178	26	179	3.90e-22	91.3
Dm_00010003-RA	AT5G21170.1	N/A	54.783	230	87	3	42	268	66	281	5.77e-89	266
Dm_00005912-RA	AT3G24090.1	N/A	82.617	512	85	3	4	513	168	677	0.0	851
Dm_00005144-RA	AT2G28780.1	N/A	37.388	781	456	11	5	774	6	764	9.18e-166	503
Dm_00010147-RA	AT2G20700.1	N/A	55.000	140	56	2	30	169	27	159	3.20e-49	156
Dm_00002642-RA	AT2G33710.1	N/A	61.111	90	27	2	86	171	41	126	1.36e-29	111
Dm_00002654-RA	AT4G36950.1	N/A	47.826	368	157	9	3	368	2	336	1.65e-103	308
Dm_00003237-RA	AT2G46510.1	N/A	40.480	583	230	17	5	514	6	544	7.98e-116	353
Dm_00014046-RA	AT3G02380.1	N/A	49.883	427	127	19	2	421	1	347	5.38e-114	338
Dm_00008658-RA	AT1G08280.1	N/A	47.368	437	180	9	43	468	1	398	5.57e-131	385
Dm_00015487-RA	AT3G55090.1	N/A	65.793	763	207	8	1	737	1	735	0.0	971
Dm_00002369-RA	AT4G37260.1	N/A	50.645	310	90	8	1	283	1	274	7.67e-89	268
Dm_00003204-RA	AT1G15000.1	N/A	57.212	416	163	7	33	445	28	431	5.30e-166	475
Dm_00006513-RA	AT4G01250.1	N/A	50.000	246	83	10	186	418	80	298	5.46e-62	202
Dm_00013145-RA	AT2G23340.1	N/A	61.392	158	45	4	6	155	20	169	3.85e-53	166
Dm_00006187-RA	AT4G13420.1	N/A	57.050	766	307	4	33	788	32	785	0.0	895
Dm_00005898-RA	AT3G62260.1	N/A	58.808	386	124	8	1	355	1	382	3.79e-152	434
Dm_00006125-RA	AT3G28630.1	N/A	53.115	305	119	6	365	657	37	329	1.44e-91	287
Dm_00013079-RA	AT5G42050.1	N/A	54.670	364	127	6	4	350	6	348	7.71e-114	335
Dm_00014799-RA	AT4G39980.1	N/A	76.527	524	114	2	4	524	7	524	0.0	842
Dm_00010742-RA	AT1G23870.1	N/A	67.460	882	265	4	1	876	1	866	0.0	1244
Dm_00016884-RA	AT3G25700.1	N/A	57.500	440	173	4	20	451	18	451	4.33e-178	506
Dm_00003754-RA	AT3G15210.1	N/A	73.077	78	15	1	8	85	9	80	8.58e-33	120
Dm_00003312-RA	AT1G25450.1	N/A	56.795	493	207	4	12	503	5	492	0.0	598
Dm_00017881-RA	AT4G03390.2	N/A	52.219	766	313	9	23	769	34	765	0.0	743
Dm_00013313-RA	AT3G12630.1	N/A	81.818	66	12	0	78	143	95	160	3.67e-37	125
Dm_00010489-RA	AT4G35070.2	N/A	42.424	198	106	2	126	322	19	209	2.78e-47	159
Dm_00003277-RA	AT1G70780.1	N/A	56.061	132	57	1	5	135	9	140	2.65e-51	159
Dm_00014056-RA	AT4G11650.1	N/A	49.130	230	100	7	6	225	1	223	2.04e-68	211
Dm_00015199-RA	AT2G04780.2	N/A	62.121	198	72	2	1	197	1	196	4.21e-76	231
Dm_00015203-RA	AT4G36010.1	N/A	60.000	235	85	2	28	256	20	251	1.51e-98	290
Dm_00007048-RA	AT5G57500.1	N/A	67.647	306	82	4	23	322	23	317	3.21e-151	427
Dm_00006445-RA	AT1G61800.2	N/A	73.003	363	56	3	67	429	49	369	0.0	512
Dm_00017863-RA	AT1G08280.1	N/A	50.483	414	182	6	43	449	1	398	2.85e-137	400
Dm_00012692-RA	AT5G13700.1	N/A	70.917	447	120	3	23	463	20	462	0.0	655
Dm_00013892-RA	AT5G51990.1	N/A	54.587	218	83	5	288	499	14	221	3.25e-64	208
Dm_00004650-RA	AT3G61040.1	N/A	46.737	475	237	5	32	502	32	494	1.23e-156	455
Dm_00006082-RA	AT2G46210.1	N/A	70.946	444	129	0	9	452	6	449	0.0	698
Dm_00019935-RA	AT2G14580.1	N/A	55.414	157	66	3	13	169	9	161	2.34e-59	182
Dm_00007558-RA	AT4G31140.1	N/A	59.420	483	186	4	5	482	6	483	0.0	609
Dm_00007734-RA	AT2G26640.1	N/A	82.556	493	86	0	18	510	17	509	0.0	885
Dm_00017809-RA	AT3G14690.1	N/A	47.180	532	239	4	7	536	20	511	0.0	531
Dm_00017675-RA	AT1G78570.1	N/A	85.693	671	94	2	74	744	1	669	0.0	1229
Dm_00013065-RA	AT1G09070.1	N/A	40.364	275	121	8	1	253	1	254	8.51e-48	163
Dm_00002852-RA	AT1G70090.2	N/A	70.732	369	104	3	8	373	6	373	0.0	548
Dm_00002855-RA	AT1G70140.1	N/A	51.008	496	202	10	368	862	292	747	4.14e-161	489
Dm_00002923-RA	AT5G20190.1	N/A	41.924	291	127	6	1	285	1	255	2.42e-48	164
Dm_00007431-RA	AT4G38660.1	N/A	68.201	239	73	2	14	252	13	248	6.64e-115	333
Dm_00003547-RA	AT3G04720.1	N/A	71.681	113	26	1	33	145	33	139	7.18e-53	166
Dm_00003807-RA	AT1G57680.1	N/A	47.266	256	130	4	64	318	69	320	8.13e-61	201
Dm_00004157-RA	AT5G11260.1	N/A	72.593	135	35	2	1	134	34	167	1.72e-55	171
Dm_00000436-RA	AT5G13930.1	N/A	66.838	389	128	1	11	398	7	395	0.0	563
Dm_00004705-RA	AT4G35630.1	N/A	76.709	395	83	4	48	440	42	429	0.0	638
Dm_00004813-RA	AT2G26710.1	N/A	60.821	536	182	8	20	554	7	515	0.0	650
Dm_00001931-RA	AT5G37490.1	N/A	38.280	465	230	13	35	492	21	435	3.39e-92	287
Dm_00002614-RA	AT1G05260.1	N/A	44.037	327	169	7	10	327	4	325	4.15e-83	254
Dm_00019497-RA	AT3G11820.2	N/A	72.835	254	69	0	26	279	4	257	2.10e-133	381
Dm_00002159-RA	AT5G54830.1	N/A	61.591	880	321	9	1	877	42	907	0.0	1107
Dm_00014758-RA	AT1G35140.1	N/A	72.727	66	18	0	94	159	244	309	4.84e-29	108
Dm_00011404-RA	AT4G08950.1	N/A	74.342	152	36	1	1	149	163	314	9.88e-84	248
Dm_00011665-RA	AT5G22020.1	N/A	69.643	392	118	1	1	392	5	395	0.0	560
Dm_00009997-RA	AT5G46330.2	N/A	36.174	575	341	10	2	572	41	593	2.58e-86	291
Dm_00001090-RA	AT2G18630.1	N/A	46.212	396	195	5	1	393	2	382	9.57e-110	327
Dm_00001915-RA	AT1G57680.1	N/A	46.471	340	155	8	135	469	45	362	8.28e-79	250
Dm_00001597-RA	AT1G19180.1	N/A	33.058	242	95	10	8	192	19	250	2.37e-23	94.4
Dm_00000033-RA	AT5G01830.1	N/A	53.383	665	286	10	1	657	1	649	0.0	622
Dm_00000048-RA	AT5G05350.1	N/A	41.935	310	164	3	31	336	148	445	2.85e-73	238
Dm_00017695-RA	AT1G13680.1	N/A	61.837	283	101	1	3	285	71	346	1.06e-131	377
Dm_00004018-RA	AT4G08950.1	N/A	68.372	215	62	3	45	257	35	245	1.76e-102	301
Dm_00001320-RA	AT2G43020.1	N/A	78.947	475	96	2	2	472	16	490	0.0	770
Dm_00005301-RA	AT4G19460.1	N/A	64.024	492	168	5	1	483	24	515	0.0	654
Dm_00005399-RA	AT2G25060.1	N/A	36.986	146	88	3	18	159	19	164	1.77e-23	93.2
Dm_00001769-RA	AT5G42570.1	N/A	60.648	216	85	0	2	217	1	216	4.57e-95	277
Dm_00021072-RA	AT5G45890.1	N/A	47.788	339	164	6	16	343	10	346	3.71e-110	325
Dm_00009021-RA	AT4G20840.1	N/A	56.548	504	211	5	55	553	35	535	0.0	554
Dm_00010291-RA	AT1G22640.1	N/A	71.552	116	33	0	1	116	1	116	2.22e-59	191
Dm_00001554-RA	AT4G20780.1	N/A	56.132	212	67	3	13	224	6	191	2.59e-73	221
Dm_00018126-RA	AT5G54370.1	N/A	56.034	348	142	4	1	348	1	337	8.50e-146	415
Dm_00017932-RA	AT4G13420.1	N/A	51.454	791	371	6	1	784	1	785	0.0	813
Dm_00013565-RA	AT4G23030.1	N/A	68.737	483	142	4	24	504	10	485	0.0	598
Dm_00013980-RA	AT3G46510.1	N/A	60.610	688	225	5	1	683	1	647	0.0	810
Dm_00005277-RA	AT5G13090.1	N/A	42.188	256	125	8	48	302	35	268	1.90e-48	163
Dm_00009307-RA	AT1G64280.1	N/A	48.542	583	262	9	5	576	8	563	0.0	539
Dm_00012597-RA	AT1G14870.1	N/A	61.702	141	53	1	29	168	12	152	4.79e-61	186
Dm_00001342-RA	AT2G27920.1	N/A	64.269	431	150	2	33	459	29	459	0.0	573
Dm_00001995-RA	AT1G26800.1	N/A	45.045	222	75	7	7	227	10	185	8.78e-53	170
Dm_00001627-RA	AT3G62630.1	N/A	47.482	417	164	17	23	425	4	379	4.47e-85	265
Dm_00018769-RA	AT2G33580.1	N/A	50.000	680	280	17	27	683	12	654	0.0	564
Dm_00001746-RA	AT3G18830.1	N/A	70.307	522	144	5	9	526	1	515	0.0	730
Dm_00001350-RA	AT1G27730.1	N/A	35.613	351	91	13	1	344	1	223	1.07e-42	148
Dm_00019697-RA	AT3G12500.1	N/A	62.937	286	88	4	1	280	53	326	3.96e-120	347
Dm_00017058-RA	AT5G13200.1	N/A	61.328	256	93	2	7	261	16	266	4.69e-120	345
Dm_00004346-RA	AT5G64260.1	N/A	60.797	301	112	4	15	313	9	305	5.15e-129	370
Dm_00003435-RA	AT4G34710.1	N/A	68.213	733	175	11	1	711	1	697	0.0	983
Dm_00005783-RA	AT1G64980.2	N/A	71.956	271	64	2	5	273	12	272	9.22e-151	422
Dm_00009176-RA	AT4G01575.1	N/A	54.762	126	52	3	21	145	23	144	1.02e-41	136
Dm_00001846-RA	AT5G50400.2	N/A	78.802	217	46	0	1	217	323	539	8.78e-130	376
Dm_00003862-RA	AT5G12010.1	N/A	70.509	373	98	5	138	509	141	502	0.0	555
Dm_00000344-RA	AT5G46230.1	N/A	43.885	139	71	2	9	147	10	141	2.30e-40	133
Dm_00004196-RA	AT1G01260.1	N/A	44.103	619	214	17	1	528	3	580	1.10e-147	437
Dm_00004133-RA	AT4G26700.1	N/A	72.287	682	184	4	1	678	1	681	0.0	1010
Dm_00012655-RA	AT1G64940.1	N/A	56.513	522	205	7	1	519	1	503	0.0	595
Dm_00011848-RA	AT3G44260.1	N/A	71.841	277	62	3	10	283	17	280	1.06e-140	397
Dm_00007129-RA	AT5G04760.1	N/A	68.391	174	44	3	19	192	5	167	4.14e-73	222
Dm_00006920-RA	AT2G26710.1	N/A	60.821	536	182	8	20	554	7	515	0.0	650
Dm_00003959-RA	AT2G45550.1	N/A	48.033	483	241	3	32	510	31	507	2.08e-159	463
Dm_00000869-RA	AT5G47230.1	N/A	55.224	201	72	5	178	378	118	300	8.48e-58	190
Dm_00015937-RA	AT3G15210.1	N/A	60.317	126	38	3	12	128	9	131	1.16e-39	136
Dm_00018080-RA	AT5G67480.1	N/A	61.186	371	134	2	5	375	6	366	1.74e-168	476
Dm_00016891-RA	AT3G12620.1	N/A	71.538	390	94	4	3	391	4	377	0.0	573
Dm_00000779-RA	AT2G36320.1	N/A	50.000	178	68	3	1	174	1	161	8.79e-56	173
Dm_00001115-RA	AT3G25250.1	N/A	52.668	431	172	9	34	463	10	409	1.11e-143	418
Dm_00013008-RA	AT3G10410.1	N/A	53.106	499	168	9	6	444	4	496	4.92e-179	510
Dm_00013069-RA	AT5G13930.1	N/A	69.048	294	90	1	1	293	102	395	3.19e-150	426
Dm_00013070-RA	AT1G60690.1	N/A	71.848	341	93	3	12	352	7	344	0.0	520
Dm_00011438-RA	AT3G28630.2	N/A	53.488	172	70	6	1	172	33	194	8.81e-53	181
