Dm_00007095-RA	sp|C0LGK4.1|	RecName: Full=Probable LRR receptor-like serine/threonine-protein kinase At2g16250; Flags: Precursor [Arabidopsis thaliana]	56.009	857	337	13	41	892	32	853	0.0	880
Dm_00007071-RA	sp|Q9M9M4.1|	RecName: Full=Cellulose synthase-like protein D3; Short=AtCslD3; AltName: Full=Protein KOJAK [Arabidopsis thaliana]	80.087	1155	209	9	5	1154	7	1145	0.0	1927
Dm_00007459-RA	sp|Q02283.1|	RecName: Full=Homeobox-leucine zipper protein HAT5; AltName: Full=HD-ZIP protein ATHB-1; AltName: Full=Homeodomain transcription factor ATHB-1; AltName: Full=Homeodomain-leucine zipper protein HAT5; Short=HD-ZIP protein 5 [Arabidopsis thaliana]	54.362	149	62	3	57	204	67	210	3.65e-42	150
Dm_00007394-RA	sp|F4HW02.1|	RecName: Full=GABA transporter 1; Short=AtGAT1; AltName: Full=Bidirectional amino acid transporter 1 [Arabidopsis thaliana]	64.013	314	112	1	4	316	138	451	7.73e-136	395
Dm_00007395-RA	sp|F4HW02.1|	RecName: Full=GABA transporter 1; Short=AtGAT1; AltName: Full=Bidirectional amino acid transporter 1 [Arabidopsis thaliana]	71.739	92	26	0	29	120	15	106	3.83e-42	147
Dm_00008210-RA	sp|Q9CA83.1|	RecName: Full=NADP-dependent malic enzyme 4, chloroplastic; Short=AtNADP-ME4; Short=NADP-malic enzyme 4; Flags: Precursor [Arabidopsis thaliana]	65.527	673	123	7	4	666	2	575	0.0	862
Dm_00019310-RA	sp|Q944R1.1|	RecName: Full=Probable pectate lyase 15; AltName: Full=Pectate lyase A11; Flags: Precursor [Arabidopsis thaliana]	71.076	446	111	5	74	518	42	470	0.0	672
Dm_00020781-RA	sp|O22932.1|	RecName: Full=CBL-interacting serine/threonine-protein kinase 11; AltName: Full=SNF1-related kinase 3.22; AltName: Full=SOS2-like protein kinase PKS5; AltName: Full=SOS3-interacting protein 4 [Arabidopsis thaliana]	60.633	442	147	7	11	447	2	421	0.0	535
Dm_00007238-RA	sp|Q9FJF9.1|	RecName: Full=Auxin-responsive protein SAUR21; AltName: Full=Protein SMALL AUXIN UP RNA 21 [Arabidopsis thaliana]	52.703	74	35	0	98	171	13	86	1.15e-25	97.1
Dm_00006773-RA	sp|Q9LXD9.1|	RecName: Full=Probable pectinesterase/pectinesterase inhibitor 51; Includes: RecName: Full=Pectinesterase inhibitor 51; AltName: Full=Pectin methylesterase inhibitor 51; Includes: RecName: Full=Pectinesterase 51; Short=PE 51; AltName: Full=Pectin methylesterase 51; Short=AtPME51; Flags: Precursor [Arabidopsis thaliana]	76.786	112	26	0	190	301	276	387	3.15e-55	191
Dm_00007319-RA	sp|Q9M0B6.1|	RecName: Full=UDP-glucuronate 4-epimerase 1; AltName: Full=UDP-glucuronic acid epimerase 1; Short=AtUGlcAE3 [Arabidopsis thaliana]	84.561	421	62	1	7	427	4	421	0.0	736
Dm_00006932-RA	sp|Q9SN23.1|	RecName: Full=LOB domain-containing protein 38; AltName: Full=ASYMMETRIC LEAVES 2-like protein 40; Short=AS2-like protein 40 [Arabidopsis thaliana]	63.285	207	45	6	1	191	1	192	9.08e-77	235
Dm_00008810-RA	sp|Q06548.1|	RecName: Full=Probable serine/threonine-protein kinase PBL9; AltName: Full=PBS1-like protein 9; AltName: Full=Protein kinase 1A [Arabidopsis thaliana]	62.281	342	127	1	108	447	13	354	3.56e-158	456
Dm_00008322-RA	sp|Q570B4.2|	RecName: Full=3-ketoacyl-CoA synthase 10; Short=KCS-10; AltName: Full=Protein FIDDLEHEAD; AltName: Full=Very long-chain fatty acid condensing enzyme 10; Short=VLCFA condensing enzyme 10 [Arabidopsis thaliana]	74.322	553	133	5	1	547	1	550	0.0	870
Dm_00015386-RA	sp|O64823.1|	RecName: Full=Calcium uniporter protein 2, mitochondrial; Flags: Precursor [Arabidopsis thaliana]	48.266	346	142	9	1	327	1	328	1.78e-103	311
Dm_00020813-RA	sp|Q9SB52.1|	RecName: Full=Mitochondrial uncoupling protein 4; Short=AtPUMP4; AltName: Full=Mitochondrial dicarboxylate carrier 2 [Arabidopsis thaliana]	69.350	323	89	3	1	323	1	313	2.20e-159	450
Dm_00015375-RA	sp|Q42602.2|	RecName: Full=Cytochrome P450 89A2; AltName: Full=ATH 6-1; AltName: Full=CYPLXXXIX [Arabidopsis thaliana]	50.413	484	214	9	51	529	41	503	1.18e-147	436
Dm_00011839-RA	sp|Q9SFC7.1|	RecName: Full=F-box protein At3g07870 [Arabidopsis thaliana]	26.368	402	221	12	68	435	28	388	3.29e-26	113
Dm_00019115-RA	sp|O80582.2|	RecName: Full=F-box/kelch-repeat protein At2g44130 [Arabidopsis thaliana]	44.857	350	176	5	41	385	19	356	2.79e-95	295
Dm_00002551-RA	sp|Q9LK43.1|	RecName: Full=Receptor-like kinase TMK4; AltName: Full=BAK1-associating receptor-like kinase 1; AltName: Full=Leucine-rich repeat receptor-like kinases TMK4; AltName: Full=Transmembrane kinase 4; Flags: Precursor [Arabidopsis thaliana]	61.381	927	321	15	31	942	24	928	0.0	1073
Dm_00018144-RA	sp|P81392.1|	RecName: Full=Myb-related protein 306 [Antirrhinum majus]	56.213	338	114	8	1	338	1	304	2.60e-110	327
Dm_00002488-RA	sp|P93111.1|	RecName: Full=Glutamyl-tRNA reductase 1, chloroplastic; Short=GluTR; Flags: Precursor [Cucumis sativus]	81.574	521	87	2	36	556	41	552	0.0	854
Dm_00002548-RA	sp|Q94K49.1|	RecName: Full=Protein ANTAGONIST OF LIKE HETEROCHROMATIN PROTEIN 1 [Arabidopsis thaliana]	32.166	314	180	8	185	472	43	349	2.93e-40	153
Dm_00021120-RA	sp|Q9ZVD2.1|	RecName: Full=NDR1/HIN1-like protein 13 [Arabidopsis thaliana]	43.673	245	131	3	64	306	21	260	3.04e-66	211
Dm_00017595-RA	sp|O82333.1|	RecName: Full=Probable indole-3-acetic acid-amido synthetase GH3.1; AltName: Full=Auxin-responsive GH3-like protein 1; Short=AtGH3-1 [Arabidopsis thaliana]	78.852	610	107	4	1	609	1	589	0.0	994
Dm_00016541-RA	sp|Q8L9T5.2|	RecName: Full=RING-H2 finger protein ATL2; AltName: Full=Protein ARABIDOPSIS TOXICOS EN LEVADURA 2; Short=Protein ATL2; AltName: Full=RING-type E3 ubiquitin transferase ATL2 [Arabidopsis thaliana]	39.881	336	146	10	1	313	1	303	4.46e-51	174
Dm_00017384-RA	sp|O22283.1|	RecName: Full=Probable E3 ubiquitin-protein ligase RHC2A; AltName: Full=RING-H2 finger C2a; AltName: Full=RING-H2 zinc finger protein RHC2a; AltName: Full=RING-type E3 ubiquitin transferase RHC2A [Arabidopsis thaliana]	51.524	328	133	9	11	318	3	324	3.47e-97	298
Dm_00008505-RA	sp|A0A314KSQ4.2|	RecName: Full=Jasmonoyl--L-amino acid synthetase JAR6; AltName: Full=Jasmonate-amino acid synthetase JAR6; AltName: Full=Jasmonic acid-amido synthetase JAR6; AltName: Full=Protein JASMONATE RESISTANT 6 [Nicotiana attenuata]	72.089	584	157	4	1	583	1	579	0.0	874
Dm_00010587-RA	sp|P93111.1|	RecName: Full=Glutamyl-tRNA reductase 1, chloroplastic; Short=GluTR; Flags: Precursor [Cucumis sativus]	76.460	565	119	3	1	564	1	552	0.0	863
Dm_00002759-RA	sp|P29162.1|	RecName: Full=L-ascorbate oxidase homolog; AltName: Full=Pollen-specific protein NTP303; Flags: Precursor [Nicotiana tabacum]	51.159	561	236	7	13	559	9	545	0.0	575
Dm_00002831-RA	sp|Q9ZT50.1|	RecName: Full=E3 ubiquitin-protein ligase RHA2A; AltName: Full=RING-H2 finger A2a; AltName: Full=RING-H2 zinc finger protein RHA2a; AltName: Full=RING-type E3 ubiquitin transferase RHA2A [Arabidopsis thaliana]	48.851	174	67	3	1	173	1	153	1.26e-46	152
Dm_00006285-RA	sp|Q9C5Q2.1|	RecName: Full=ABSCISIC ACID-INSENSITIVE 5-like protein 3; AltName: Full=Dc3 promoter-binding factor 4; Short=AtDPBF4; AltName: Full=Protein ENHANCED EM LEVEL; AltName: Full=bZIP transcription factor 12; Short=AtbZIP12 [Arabidopsis thaliana]	41.935	186	80	5	31	197	60	236	6.48e-29	112
Dm_00018833-RA	sp|Q96289.1|	RecName: Full=Zinc finger protein ZAT10; AltName: Full=Salt-tolerance zinc finger [Arabidopsis thaliana]	38.491	265	114	10	1	262	1	219	2.01e-43	150
Dm_00006619-RA	sp|O22193.3|	RecName: Full=U-box domain-containing protein 4; AltName: Full=Plant U-box protein 4; AltName: Full=RING-type E3 ubiquitin transferase PUB4 [Arabidopsis thaliana]	61.212	330	114	5	1	325	504	824	1.69e-121	371
Dm_00019103-RA	sp|Q9ZQ31.2|	RecName: Full=Serine/threonine-protein kinase STY13; AltName: Full=AtSTYPK; AltName: Full=Serine/threonine/tyrosine-protein kinase 13 [Arabidopsis thaliana]	45.818	275	131	7	18	286	122	384	2.70e-73	235
Dm_00019216-RA	sp|Q8GZ17.2|	RecName: Full=COBRA-like protein 7; Flags: Precursor [Arabidopsis thaliana]	66.332	597	193	4	52	643	46	639	0.0	856
Dm_00015327-RA	sp|O23160.1|	RecName: Full=Transcription factor MYB73; AltName: Full=Myb-related protein 73; Short=AtMYB73 [Arabidopsis thaliana]	49.346	306	106	9	15	305	6	277	3.94e-85	262
Dm_00003067-RA	sp|Q9M0L0.2|	RecName: Full=Dehydration-responsive element-binding protein 1A; Short=Protein DREB1A; AltName: Full=C-repeat/dehydration-responsive element-binding factor 3; Short=C-repeat-binding factor 3; Short=CRT/DRE-binding factor 3; AltName: Full=Cold resistance-related AP2 transcription factor [Arabidopsis thaliana]	49.372	239	93	7	26	259	1	216	4.73e-59	189
Dm_00003075-RA	sp|O80450.1|	RecName: Full=Trihelix transcription factor GT-3b; AltName: Full=Transcription factor GT-1-like; AltName: Full=Trihelix DNA-binding protein GT-3b [Arabidopsis thaliana]	54.417	283	114	3	7	289	16	283	5.22e-72	226
Dm_00017219-RA	sp|F4IB81.1|	RecName: Full=LysM domain receptor-like kinase 3; Short=LysM-containing receptor-like kinase 3; Flags: Precursor [Arabidopsis thaliana]	30.814	344	200	10	104	443	324	633	1.22e-33	137
Dm_00005014-RA	sp|Q9SD33.2|	RecName: Full=PHAF1 protein At3g51130 [Arabidopsis thaliana]	81.186	388	70	1	2	389	11	395	0.0	677
Dm_00010003-RA	sp|Q84VQ1.1|	RecName: Full=SNF1-related protein kinase regulatory subunit beta-1; Short=AKIN subunit beta-1; Short=AKINB1; Short=AKINbeta1 [Arabidopsis thaliana]	54.783	230	87	3	42	268	66	281	5.04e-88	266
Dm_00016769-RA	sp|Q9LUC3.2|	RecName: Full=Mitogen-activated protein kinase 19; Short=AtMPK19; Short=MAP kinase 19 [Arabidopsis thaliana]	67.967	615	167	10	53	661	8	598	0.0	792
Dm_00005912-RA	sp|Q9LIP9.1|	RecName: Full=Glutamine--fructose-6-phosphate aminotransferase [isomerizing] 1; Short=AtGFAT; Short=AtGFAT1; Short=Glutamine:fructose-6-phosphate amidotransferase 1; AltName: Full=D-fructose-6-phosphate amidotransferase GFAT1; AltName: Full=Hexosephosphate aminotransferase GFAT1 [Arabidopsis thaliana]	82.617	512	85	3	4	513	168	677	0.0	851
Dm_00016803-RA	sp|Q9LYN8.1|	RecName: Full=Leucine-rich repeat receptor protein kinase EMS1; AltName: Full=Protein EXCESS MICROSPOROCYTES 1; AltName: Full=Protein EXTRA SPOROGENOUS CELLS; Flags: Precursor [Arabidopsis thaliana]	46.273	322	143	8	67	386	896	1189	6.14e-76	258
Dm_00010047-RA	sp|F4HW79.1|	RecName: Full=Mitochondrial carrier protein CoAc1; AltName: Full=AtCoAc1; AltName: Full=Mitochondrial coenzyme A transporter CoAc1 [Arabidopsis thaliana]	63.848	343	107	2	1	338	1	331	4.42e-146	418
Dm_00002642-RA	sp|P93007.1|	RecName: Full=Ethylene-responsive transcription factor ERF112 [Arabidopsis thaliana]	61.111	90	27	2	86	171	41	126	1.18e-28	111
Dm_00002654-RA	sp|Q9SND6.1|	RecName: Full=Mitogen-activated protein kinase kinase kinase 20; Short=MAPKK kinase 20; AltName: Full=Protein ABA-INSENSITIVE PROTEIN KINASE 1 [Arabidopsis thaliana]	44.054	370	174	7	3	368	2	342	5.48e-94	287
Dm_00003237-RA	sp|Q9ZPY8.2|	RecName: Full=Transcription factor ABA-INDUCIBLE bHLH-TYPE; Short=AtAIB; AltName: Full=Basic helix-loop-helix protein 17; Short=AtbHLH17; Short=bHLH 17; AltName: Full=Transcription factor EN 35; AltName: Full=bHLH transcription factor bHLH017 [Arabidopsis thaliana]	40.480	583	230	17	5	514	6	544	6.96e-115	353
Dm_00014046-RA	sp|Q96502.1|	RecName: Full=Zinc finger protein CONSTANS-LIKE 2 [Arabidopsis thaliana]	49.883	427	127	19	2	421	1	347	4.70e-113	338
Dm_00008528-RA	sp|A0A3Q7H216.1|	RecName: Full=Transcription factor MTB3; AltName: Full=Basic helix-loop-helix protein 138; AltName: Full=Protein MYC2-TARGETED BHLH 3; AltName: Full=Transcription factor bHLH138; AltName: Full=bHLH transcription factor bHLH138 [Solanum lycopersicum]	50.200	500	218	13	1	495	1	474	3.61e-139	413
Dm_00015487-RA	sp|Q9M2V7.2|	RecName: Full=ABC transporter G family member 16; Short=ABC transporter ABCG.16; Short=AtABCG16; AltName: Full=Probable white-brown complex homolog protein 16; Short=AtWBC16 [Arabidopsis thaliana]	65.793	763	207	8	1	737	1	735	0.0	971
Dm_00002369-RA	sp|O23160.1|	RecName: Full=Transcription factor MYB73; AltName: Full=Myb-related protein 73; Short=AtMYB73 [Arabidopsis thaliana]	50.645	310	90	8	1	283	1	274	6.69e-88	268
Dm_00003204-RA	sp|Q9M9Q6.1|	RecName: Full=Serine carboxypeptidase-like 50; Flags: Precursor [Arabidopsis thaliana]	57.212	416	163	7	33	445	28	431	4.63e-165	475
Dm_00006513-RA	sp|O04609.1|	RecName: Full=WRKY transcription factor 22; AltName: Full=WRKY DNA-binding protein 22 [Arabidopsis thaliana]	50.000	246	83	10	186	418	80	298	4.77e-61	202
Dm_00013145-RA	sp|O22174.1|	RecName: Full=Ethylene-responsive transcription factor ERF008 [Arabidopsis thaliana]	61.392	158	45	4	6	155	20	169	3.36e-52	166
Dm_00006187-RA	sp|Q9M7K4.1|	RecName: Full=Potassium transporter 5; Short=AtHAK1; Short=AtHAK5; Short=AtPOT5 [Arabidopsis thaliana]	57.050	766	307	4	33	788	32	785	0.0	895
Dm_00005898-RA	sp|Q3EAF9.1|	RecName: Full=Probable protein phosphatase 2C 49; Short=AtPP2C49 [Arabidopsis thaliana]	58.656	387	124	8	1	355	1	383	5.25e-151	433
Dm_00006125-RA	sp|Q9FNK5.1|	RecName: Full=F-box protein At5g46170 [Arabidopsis thaliana]	33.141	347	184	8	11	322	22	355	1.38e-39	153
Dm_00013079-RA	sp|Q8RXN8.1|	RecName: Full=DCD domain-containing protein NRP; AltName: Full=Asparagine-rich protein; Short=N-rich protein; AltName: Full=GDA1-like protein [Arabidopsis thaliana]	54.670	364	127	6	4	350	6	348	6.73e-113	335
Dm_00016184-RA	sp|Q9LTC0.1|	RecName: Full=Probable serine/threonine-protein kinase PBL19; AltName: Full=PBS1-like protein 19 [Arabidopsis thaliana]	63.231	359	124	5	7	364	23	374	1.12e-153	441
Dm_00014799-RA	sp|P37822.1|	RecName: Full=Phospho-2-dehydro-3-deoxyheptonate aldolase 2, chloroplastic; AltName: Full=3-deoxy-D-arabino-heptulosonate 7-phosphate synthase 2; AltName: Full=DAHP synthase 2; AltName: Full=Phospho-2-keto-3-deoxyheptonate aldolase 2; Flags: Precursor [Solanum tuberosum]	81.275	502	75	2	23	524	29	511	0.0	857
Dm_00009477-RA	sp|Q9FN92.1|	RecName: Full=Probable receptor-like protein kinase At5g59700; Flags: Precursor [Arabidopsis thaliana]	52.415	828	322	17	68	850	27	827	0.0	775
Dm_00018051-RA	sp|Q9LE22.1|	RecName: Full=Probable calcium-binding protein CML27; AltName: Full=Calmodulin-like protein 27 [Arabidopsis thaliana]	59.184	147	58	2	4	149	8	153	1.29e-59	185
Dm_00016884-RA	sp|Q766C3.1|	RecName: Full=Aspartic proteinase nepenthesin-1; AltName: Full=Nepenthesin-I; Flags: Precursor [Nepenthes gracilis]	31.957	460	268	15	4	450	8	435	8.60e-63	212
Dm_00018387-RA	sp|Q9LH89.1|	RecName: Full=Uncharacterized protein At3g28850 [Arabidopsis thaliana]	43.574	498	176	17	1	463	1	428	2.14e-101	312
Dm_00003754-RA	sp|O80340.1|	RecName: Full=Ethylene-responsive transcription factor 4; Short=AtERF4; AltName: Full=Ethylene-responsive element-binding factor 4; Short=EREBP-4; AltName: Full=Protein RELATED TO APETALA2 5 [Arabidopsis thaliana]	73.077	78	15	1	8	85	9	80	7.48e-32	120
Dm_00020511-RA	sp|A2XUW1.1|	RecName: Full=Cyclin-dependent kinase G-2; Short=CDKG;2 [Oryza sativa Indica Group]	52.417	786	282	18	1	770	1	710	0.0	673
Dm_00013313-RA	sp|Q9LHJ8.1|	RecName: Full=Zinc finger A20 and AN1 domain-containing stress-associated protein 5; Short=AtSAP5 [Arabidopsis thaliana]	81.818	66	12	0	78	143	95	160	3.20e-36	125
Dm_00005067-RA	sp|Q9SUW0.1|	RecName: Full=Probable trehalose-phosphate phosphatase G; Short=AtTPPG; AltName: Full=Trehalose 6-phosphate phosphatase; AltName: Full=Trehalose-phosphate phosphatase 6 [Arabidopsis thaliana]	67.089	395	98	6	1	393	1	365	0.0	518
Dm_00016099-RA	sp|O81445.3|	RecName: Full=Calcineurin B-like protein 1; AltName: Full=SOS3-like calcium-binding protein 5 [Arabidopsis thaliana]	80.282	213	42	0	1	213	1	213	2.66e-127	360
Dm_00010489-RA	sp|Q9LDD1.1|	RecName: Full=Probable BOI-related E3 ubiquitin-protein ligase 3; AltName: Full=RING-type E3 ubiquitin transferase BRG3 [Arabidopsis thaliana]	34.579	214	123	4	122	323	126	334	1.11e-30	121
Dm_00005123-RA	sp|A2YNP2.1|	RecName: Full=Protein TIFY 10b [Oryza sativa Indica Group]	36.869	198	99	3	1	198	60	231	8.53e-29	110
Dm_00007997-RA	sp|Q9SYM5.1|	RecName: Full=Trifunctional UDP-glucose 4,6-dehydratase/UDP-4-keto-6-deoxy-D-glucose 3,5-epimerase/UDP-4-keto-L-rhamnose-reductase RHM1; AltName: Full=Protein REPRESSOR OF LRX1 1; AltName: Full=Rhamnose biosynthetic enzyme 1; Short=AtRHM1; Includes: RecName: Full=UDP-glucose 4,6-dehydratase; Includes: RecName: Full=UDP-4-keto-6-deoxy-D-glucose 3,5-epimerase/UDP-4-keto-L-rhamnose 4-keto-reductase [Arabidopsis thaliana]	86.012	672	90	4	1	671	1	669	0.0	1221
Dm_00003262-RA	sp|O23344.1|	RecName: Full=Ferredoxin C 1, chloroplastic; Short=AtFdC1; Flags: Precursor [Arabidopsis thaliana]	65.354	127	40	1	37	159	28	154	8.50e-55	172
Dm_00015098-RA	sp|O80888.1|	RecName: Full=Mitogen-activated protein kinase kinase kinase 17 [Arabidopsis thaliana]	42.953	298	137	9	23	302	3	285	2.17e-63	213
Dm_00015199-RA	sp|Q9SJ81.1|	RecName: Full=Fasciclin-like arabinogalactan protein 7; Flags: Precursor [Arabidopsis thaliana]	62.121	198	72	2	1	197	1	196	3.67e-75	231
Dm_00015203-RA	sp|A0A1P8B554.1|	RecName: Full=Thaumatin-like protein 1; Short=AtTLP1; Flags: Precursor [Arabidopsis thaliana]	54.086	257	103	4	8	256	8	257	1.13e-90	271
Dm_00020642-RA	sp|Q0DJV6.1|	RecName: Full=Probable calcium-binding protein CML18; AltName: Full=Calmodulin-like protein 18 [Oryza sativa Japonica Group]	58.389	149	51	2	16	155	1	147	1.14e-52	167
Dm_00003116-RA	sp|Q7Y220.1|	RecName: Full=Phospholipase A1 PLIP1, chloroplastic; AltName: Full=Galactolipase PLIP1; AltName: Full=Protein PLASTID LIPASE 1; Flags: Precursor [Arabidopsis thaliana]	50.832	661	268	11	15	647	18	649	0.0	612
Dm_00006445-RA	sp|Q94B38.2|	RecName: Full=Glucose-6-phosphate/phosphate translocator 2, chloroplastic; Short=AtGPT2; Flags: Precursor [Arabidopsis thaliana]	73.003	363	56	3	67	429	49	369	3.03e-180	512
Dm_00017863-RA	sp|Q9SGD2.1|	RecName: Full=Beta-1,6-galactosyltransferase GALT29A; AltName: Full=GT29 family galactosyltransferase 1; Short=AtGALT29A; AltName: Full=Sialyltransferase-like protein GT29A [Arabidopsis thaliana]	50.483	414	182	6	43	449	1	398	2.49e-136	400
Dm_00009298-RA	sp|Q8VZ42.1|	RecName: Full=Zinc finger AN1 and C2H2 domain-containing stress-associated protein 11; Short=AtSAP11 [Arabidopsis thaliana]	55.442	294	97	6	1	275	1	279	1.89e-107	315
Dm_00012692-RA	sp|Q9FNA2.1|	RecName: Full=Polyamine oxidase 1; Short=AtPAO1; AltName: Full=N(1)-acetylpolyamine oxidase; AltName: Full=Spermine oxidase [Arabidopsis thaliana]	70.917	447	120	3	23	463	20	462	0.0	655
Dm_00013892-RA	sp|Q9FJ93.1|	RecName: Full=Dehydration-responsive element-binding protein 1D; Short=Protein DREB1D; AltName: Full=C-repeat/dehydration-responsive element-binding factor 4; Short=C-repeat-binding factor 4; Short=CRT/DRE-binding factor 4 [Arabidopsis thaliana]	54.587	218	83	5	288	499	14	221	2.84e-63	208
Dm_00004650-RA	sp|Q8VWZ7.1|	RecName: Full=Geraniol 8-hydroxylase; AltName: Full=Cytochrome P450 76B6; AltName: Full=Geraniol 10-hydroxylase; Short=CrG10H [Catharanthus roseus]	49.701	501	238	6	3	501	2	490	0.0	521
Dm_00005200-RA	sp|P56330.1|	RecName: Full=Protein translation factor SUI1 homolog; AltName: Full=Protein GOS2 [Zea mays]	79.130	115	21	1	1	112	1	115	3.76e-63	190
Dm_00006082-RA	sp|Q3EBF7.1|	RecName: Full=Delta(8)-fatty-acid desaturase 2; AltName: Full=Delta(8)-sphingolipid desaturase 2; AltName: Full=Sphingoid long-chain base desaturase 2; Short=Sphingoid LCB desaturase 2; AltName: Full=Sphingolipid 8-(E/Z)-desaturase 2 [Arabidopsis thaliana]	70.946	444	129	0	9	452	6	449	0.0	698
Dm_00016611-RA	sp|Q93V51.1|	RecName: Full=Protein LEAD-SENSITIVE 1; Short=Protein Pb-SENSITIVE 1 [Arabidopsis thaliana]	55.794	233	101	2	1	232	1	232	5.61e-87	261
Dm_00006863-RA	sp|Q9SYH1.1|	RecName: Full=Probable GTP diphosphokinase RSH3, chloroplastic; AltName: Full=RelA/SpoT homolog 3; Short=AtRSH3; AltName: Full=ppGpp synthetase RSH3; Flags: Precursor [Arabidopsis thaliana]	62.450	743	216	16	7	728	15	715	0.0	834
Dm_00007558-RA	sp|Q9M088.1|	RecName: Full=Glucan endo-1,3-beta-glucosidase 5; AltName: Full=(1->3)-beta-glucan endohydrolase 5; Short=(1->3)-beta-glucanase 5; AltName: Full=Beta-1,3-endoglucanase 5; Short=Beta-1,3-glucanase 5; Flags: Precursor [Arabidopsis thaliana]	59.420	483	186	4	5	482	6	483	0.0	609
Dm_00007734-RA	sp|O48780.1|	RecName: Full=3-ketoacyl-CoA synthase 11; Short=KCS-11; AltName: Full=Very long-chain fatty acid condensing enzyme 11; Short=VLCFA condensing enzyme 11 [Arabidopsis thaliana]	82.556	493	86	0	18	510	17	509	0.0	885
Dm_00014819-RA	sp|Q9LRW7.1|	RecName: Full=Protein indeterminate-domain 11 [Arabidopsis thaliana]	79.186	221	40	2	34	248	17	237	7.01e-120	370
Dm_00017809-RA	sp|H2DH21.1|	RecName: Full=Cytochrome P450 CYP72A219; AltName: Full=Cytochrome P450 CYP72A129 [Panax ginseng]	53.672	531	211	3	5	534	18	514	0.0	565
Dm_00019279-RA	sp|Q94F39.1|	RecName: Full=Ninja-family protein AFP3; AltName: Full=ABI five-binding protein 3; Short=ABI5-binding protein 3 [Arabidopsis thaliana]	46.454	282	92	7	40	318	5	230	5.74e-63	202
Dm_00013065-RA	sp|O04023.1|	RecName: Full=Protein SRC2 homolog; Short=AtSRC2 [Arabidopsis thaliana]	40.364	275	121	8	1	253	1	254	7.43e-47	163
Dm_00011216-RA	sp|Q9LHN9.1|	RecName: Full=IQ domain-containing protein IQM2; AltName: Full=IQ motif-containing protein 2 [Arabidopsis thaliana]	74.603	63	16	0	86	148	508	570	1.10e-25	107
Dm_00002852-RA	sp|O04536.1|	RecName: Full=Probable galacturonosyltransferase-like 9; AltName: Full=Like glycosyl transferase 8 [Arabidopsis thaliana]	70.732	369	104	3	8	373	6	373	0.0	548
Dm_00002855-RA	sp|O04532.1|	RecName: Full=Formin-like protein 8; Short=AtFH8; Short=AtFORMIN-1; Flags: Precursor [Arabidopsis thaliana]	51.008	496	202	10	368	862	292	747	3.61e-160	489
Dm_00007431-RA	sp|A0A1P8B554.1|	RecName: Full=Thaumatin-like protein 1; Short=AtTLP1; Flags: Precursor [Arabidopsis thaliana]	63.672	256	85	4	6	253	5	260	9.20e-113	327
Dm_00007697-RA	sp|Q9XEE6.1|	RecName: Full=Zinc finger CCCH domain-containing protein 29; Short=AtC3H29; AltName: Full=AtSZF2 [Arabidopsis thaliana]	46.237	651	255	21	11	638	19	597	1.88e-178	522
Dm_00004157-RA	sp|O24646.1|	RecName: Full=Transcription factor HY5; AltName: Full=Protein LONG HYPOCOTYL 5; AltName: Full=bZIP transcription factor 56; Short=AtbZIP56 [Arabidopsis thaliana]	72.593	135	35	2	1	134	34	167	1.50e-54	171
Dm_00000436-RA	sp|A2ZEX7.1|	RecName: Full=Chalcone synthase 1; Short=OsCHS1; AltName: Full=Naregenin-chalcone synthase [Oryza sativa Indica Group]	67.347	392	128	0	7	398	1	392	0.0	588
Dm_00000624-RA	sp|Q38910.1|	RecName: Full=Probable xyloglucan endotransglucosylase/hydrolase protein 23; Short=At-XTH23; Short=XTH-23; Flags: Precursor [Arabidopsis thaliana]	68.683	281	81	5	29	309	10	283	6.01e-142	404
Dm_00015419-RA	sp|F4JN00.1|	RecName: Full=CMP-sialic acid transporter 4; Short=CMP-SA-Tr 4; Short=CMP-Sia-Tr 4 [Arabidopsis thaliana]	73.941	307	40	2	1	269	1	305	6.06e-162	456
Dm_00009768-RA	sp|F4IB81.1|	RecName: Full=LysM domain receptor-like kinase 3; Short=LysM-containing receptor-like kinase 3; Flags: Precursor [Arabidopsis thaliana]	29.915	351	212	10	74	417	324	647	1.80e-36	144
Dm_00015956-RA	sp|O82161.1|	RecName: Full=Protein PHOSPHATE-INDUCED 1; Flags: Precursor [Nicotiana tabacum]	62.500	328	103	6	1	323	1	313	3.66e-138	396
Dm_00001629-RA	sp|A0A1U8IPT1.1|	RecName: Full=Calmodulin-binding protein 60 B; AltName: Full=GhCBP60B [Gossypium hirsutum]	39.899	396	181	3	37	431	44	383	2.50e-86	285
Dm_00012260-RA	sp|Q9FJ93.1|	RecName: Full=Dehydration-responsive element-binding protein 1D; Short=Protein DREB1D; AltName: Full=C-repeat/dehydration-responsive element-binding factor 4; Short=C-repeat-binding factor 4; Short=CRT/DRE-binding factor 4 [Arabidopsis thaliana]	54.884	215	83	3	39	251	20	222	3.27e-69	215
Dm_00001931-RA	sp|Q5PNY6.1|	RecName: Full=U-box domain-containing protein 21; AltName: Full=Plant U-box protein 21; AltName: Full=RING-type E3 ubiquitin transferase PUB21 [Arabidopsis thaliana]	38.280	465	230	13	35	492	21	435	2.96e-91	287
Dm_00002614-RA	sp|Q9FEQ8.1|	RecName: Full=Peroxidase 2; AltName: Full=Plasma membrane-bound peroxidase 2; Short=pmPOX2; Flags: Precursor [Zea mays]	48.534	307	149	5	26	327	31	333	1.94e-90	276
Dm_00003655-RA	sp|Q9LMR5.1|	RecName: Full=F-box/kelch-repeat protein At1g15670 [Arabidopsis thaliana]	44.828	377	189	9	1	376	1	359	2.00e-96	294
Dm_00019497-RA	sp|Q9ZSD4.1|	RecName: Full=Syntaxin-121; Short=AtSYP121; AltName: Full=Protein SYNTAXIN OF PLANTS 121; AltName: Full=Syntaxin-related protein At-Syr1 [Arabidopsis thaliana]	68.403	288	82	2	1	279	1	288	3.27e-132	382
Dm_00002159-RA	sp|Q9FFU6.1|	RecName: Full=Cytochrome b561, DM13 and DOMON domain-containing protein At5g54830; AltName: Full=Protein b561A.tha1; Flags: Precursor [Arabidopsis thaliana]	61.591	880	321	9	1	877	42	907	0.0	1107
Dm_00007183-RA	sp|O82155.1|	RecName: Full=Dof zinc finger protein DOF1.7; Short=AtDOF1.7 [Arabidopsis thaliana]	48.795	166	64	3	9	166	22	174	2.81e-43	147
Dm_00013162-RA	sp|Q2NNE0.1|	RecName: Full=Protein IQ-DOMAIN 22; Short=AtIQD22 [Arabidopsis thaliana]	54.615	130	39	8	244	363	361	480	1.99e-24	107
Dm_00014758-RA	sp|O82161.1|	RecName: Full=Protein PHOSPHATE-INDUCED 1; Flags: Precursor [Nicotiana tabacum]	74.242	66	17	0	94	159	248	313	3.99e-28	108
Dm_00011404-RA	sp|O82161.1|	RecName: Full=Protein PHOSPHATE-INDUCED 1; Flags: Precursor [Nicotiana tabacum]	75.325	154	33	1	1	149	160	313	3.73e-83	249
Dm_00011665-RA	sp|Q8VWF6.1|	RecName: Full=Protein STRICTOSIDINE SYNTHASE-LIKE 3; Short=AtSSL3; AltName: Full=Strictosidine synthase 9; Short=AtSS9; Flags: Precursor [Arabidopsis thaliana]	65.464	388	133	1	5	392	3	389	0.0	548
Dm_00009997-RA	sp|Q9FL28.1|	RecName: Full=LRR receptor-like serine/threonine-protein kinase FLS2; AltName: Full=Protein FLAGELLIN-SENSING 2; AltName: Full=Protein FLAGELLIN-SENSITIVE 2; Flags: Precursor [Arabidopsis thaliana]	36.174	575	341	10	2	572	41	593	2.25e-85	291
Dm_00001597-RA	sp|Q84R94.1|	RecName: Full=Protein TIFY 10a; Short=OsTIFY10a; AltName: Full=Jasmonate ZIM domain-containing protein 6; Short=OsJAZ6; AltName: Full=OsJAZ5 [Oryza sativa Japonica Group]	34.615	234	102	10	2	200	3	220	7.64e-27	105
Dm_00010333-RA	sp|K4CI52.1|	RecName: Full=Abscisic acid 8'-hydroxylase CYP707A2; Short=ABA 8'-hydroxylase CYP707A2; Short=SlCYP707A2; AltName: Full=Cytochrome P450 707A2 [Solanum lycopersicum]	71.670	473	110	6	3	464	6	465	0.0	698
Dm_00000052-RA	sp|Q8S8P5.2|	RecName: Full=Probable WRKY transcription factor 33; AltName: Full=WRKY DNA-binding protein 33 [Arabidopsis thaliana]	62.452	261	60	4	254	488	178	426	2.12e-96	320
Dm_00017695-RA	sp|Q93XX5.1|	RecName: Full=PI-PLC X domain-containing protein At5g67130; Flags: Precursor [Arabidopsis thaliana]	57.801	282	119	0	4	285	78	359	1.10e-119	352
Dm_00017651-RA	sp|Q9LQU5.1|	RecName: Full=Nudix hydrolase 18, mitochondrial; Short=AtNUDT18; Flags: Precursor [Arabidopsis thaliana]	61.212	165	57	2	8	171	1	159	1.64e-63	197
Dm_00016479-RA	sp|Q9NCL8.1|	RecName: Full=Phosphatidylinositol transfer protein 1; Short=PtdIns transfer protein 1; AltName: Full=DdPITP1 [Dictyostelium discoideum]	38.431	255	139	6	4	255	3	242	1.65e-58	191
Dm_00004018-RA	sp|O82161.1|	RecName: Full=Protein PHOSPHATE-INDUCED 1; Flags: Precursor [Nicotiana tabacum]	64.427	253	76	7	6	257	5	244	1.04e-104	309
Dm_00003515-RA	sp|C0SV51.1|	RecName: Full=Calmodulin-binding protein 60 C [Arabidopsis thaliana]	53.499	686	234	15	1	668	1	619	0.0	679
Dm_00001319-RA	sp|Q38907.2|	RecName: Full=Probable xyloglucan endotransglucosylase/hydrolase protein 25; Short=At-XTH25; Short=XTH-25; Flags: Precursor [Arabidopsis thaliana]	69.149	282	80	4	12	290	5	282	1.12e-144	410
Dm_00001320-RA	sp|Q9SKX5.1|	RecName: Full=Polyamine oxidase 2; Short=AtPAO2; AltName: Full=Amine oxidase 1 [Arabidopsis thaliana]	78.947	475	96	2	2	472	16	490	0.0	770
Dm_00005597-RA	sp|Q9LMI0.1|	RecName: Full=Probable alpha,alpha-trehalose-phosphate synthase [UDP-forming] 7; AltName: Full=Trehalose-6-phosphate synthase 7; Short=AtTPS7 [Arabidopsis thaliana]	72.071	845	231	3	1	845	1	840	0.0	1289
Dm_00005189-RA	sp|Q55BK0.1|	RecName: Full=Ubiquitin fusion degradation protein 1 homolog [Dictyostelium discoideum]	38.596	171	86	4	91	261	47	198	2.30e-24	107
Dm_00009478-RA	sp|Q9SH89.1|	RecName: Full=O-fucosyltransferase 19; Short=O-FucT-19; AltName: Full=O-fucosyltransferase family protein [Arabidopsis thaliana]	76.906	446	99	3	22	465	195	638	0.0	725
Dm_00005399-RA	sp|P29602.3|	RecName: Full=Cucumber peeling cupredoxin; Short=CPC; AltName: Full=Stellacyanin [Cucumis sativus]	45.794	107	55	3	29	132	3	109	2.45e-24	96.7
Dm_00020586-RA	sp|Q43147.1|	RecName: Full=Cytochrome P450 85A1; AltName: Full=C6-oxidase; AltName: Full=Dwarf protein [Solanum lycopersicum]	74.686	478	104	2	53	530	1	461	0.0	761
Dm_00007247-RA	sp|Q9LS46.1|	RecName: Full=Aluminum-activated malate transporter 9; Short=AtALMT9 [Arabidopsis thaliana]	54.096	586	227	11	1	561	1	569	0.0	589
Dm_00021005-RA	sp|Q9LXD9.1|	RecName: Full=Probable pectinesterase/pectinesterase inhibitor 51; Includes: RecName: Full=Pectinesterase inhibitor 51; AltName: Full=Pectin methylesterase inhibitor 51; Includes: RecName: Full=Pectinesterase 51; Short=PE 51; AltName: Full=Pectin methylesterase 51; Short=AtPME51; Flags: Precursor [Arabidopsis thaliana]	69.841	315	94	1	1	315	237	550	5.50e-166	476
Dm_00009021-RA	sp|Q9SVG3.1|	RecName: Full=Berberine bridge enzyme-like 21; Short=AtBBE-like 21; Flags: Precursor [Arabidopsis thaliana]	56.548	504	211	5	55	553	35	535	0.0	554
Dm_00001554-RA	sp|Q9SVG9.1|	RecName: Full=Calcium-binding protein CML42; AltName: Full=Calmodulin-like protein 42 [Arabidopsis thaliana]	56.132	212	67	3	13	224	6	191	2.26e-72	221
Dm_00001438-RA	sp|Q94BN0.1|	RecName: Full=BTB/POZ and TAZ domain-containing protein 2; AltName: Full=BTB and TAZ domain protein 2 [Arabidopsis thaliana]	49.655	145	64	3	13	148	213	357	1.12e-41	144
Dm_00017932-RA	sp|Q6H4M2.1|	RecName: Full=Potassium transporter 19; AltName: Full=OsHAK19 [Oryza sativa Japonica Group]	52.666	769	322	3	20	784	12	742	0.0	827
Dm_00017787-RA	sp|O80742.1|	RecName: Full=U-box domain-containing protein 19; AltName: Full=Plant U-box protein 19; AltName: Full=RING-type E3 ubiquitin transferase PUB19 [Arabidopsis thaliana]	40.883	702	387	12	1	692	1	684	1.81e-159	478
Dm_00013565-RA	sp|O82752.1|	RecName: Full=Protein DETOXIFICATION 49; Short=AtDTX49; AltName: Full=Multidrug and toxic compound extrusion protein 49; Short=MATE protein 49; AltName: Full=Protein NOVEL ION CARRIER 1; Short=Protein NIC1 [Arabidopsis thaliana]	68.737	483	142	4	24	504	10	485	0.0	598
Dm_00013980-RA	sp|Q9SNC6.1|	RecName: Full=U-box domain-containing protein 13; AltName: Full=Plant U-box protein 13; AltName: Full=RING-type E3 ubiquitin transferase PUB13 [Arabidopsis thaliana]	60.610	688	225	5	1	683	1	647	0.0	810
Dm_00005880-RA	sp|Q9SAH7.1|	RecName: Full=Probable WRKY transcription factor 40; AltName: Full=WRKY DNA-binding protein 40 [Arabidopsis thaliana]	47.692	325	114	12	1	296	1	298	1.15e-80	249
Dm_00006739-RA	sp|Q9CA27.1|	RecName: Full=Ethylene-responsive transcription factor ERF118 [Arabidopsis thaliana]	32.822	326	146	15	29	326	36	316	1.84e-33	128
Dm_00009307-RA	sp|Q9FDY4.1|	RecName: Full=BTB/POZ domain and ankyrin repeat-containing protein NPR1; Short=OsNPR1; AltName: Full=NPR1 homolog 1; Short=OsNH1 [Oryza sativa Japonica Group]	55.216	556	216	6	35	577	27	562	0.0	570
Dm_00012597-RA	sp|Q9LQU4.1|	RecName: Full=Protein PLANT CADMIUM RESISTANCE 2; Short=AtPCR2 [Arabidopsis thaliana]	61.702	141	53	1	29	168	12	152	4.18e-60	186
Dm_00001335-RA	sp|Q9LMI0.1|	RecName: Full=Probable alpha,alpha-trehalose-phosphate synthase [UDP-forming] 7; AltName: Full=Trehalose-6-phosphate synthase 7; Short=AtTPS7 [Arabidopsis thaliana]	69.651	860	231	12	1	850	1	840	0.0	1234
Dm_00001995-RA	sp|Q9LQX2.1|	RecName: Full=E3 ubiquitin-protein ligase MPSR1; AltName: Full=Protein MISFOLDED PROTEIN SENSING RING E3 LIGASE 1; AltName: Full=RING-type E3 ubiquitin transferase MPSR1 [Arabidopsis thaliana]	45.045	222	75	7	7	227	10	185	7.66e-52	170
Dm_00015464-RA	sp|Q9LZJ3.1|	RecName: Full=Xyloglucan 6-xylosyltransferase 1; Short=AtXT1 [Arabidopsis thaliana]	75.870	460	96	4	1	452	1	453	0.0	735
Dm_00019763-RA	sp|Q96558.1|	RecName: Full=UDP-glucose 6-dehydrogenase 1; Short=UDP-Glc dehydrogenase 1; Short=UDP-GlcDH 1; Short=UDPGDH 1; AltName: Full=Gm-UGD1 [Glycine max]	91.268	481	41	1	1	481	1	480	0.0	912
Dm_00019560-RA	sp|O80871.1|	RecName: Full=Probable protein phosphatase 2C 25; Short=AtPP2C25; AltName: Full=Protein phosphatase AP2C1 [Arabidopsis thaliana]	58.081	396	142	6	1	373	1	395	8.91e-148	426
Dm_00001746-RA	sp|Q8VZ80.2|	RecName: Full=Polyol transporter 5; AltName: Full=Protein POLYOL TRANSPORTER 5; Short=AtPLT5; AltName: Full=Sugar-proton symporter PLT5 [Arabidopsis thaliana]	70.307	522	144	5	9	526	1	515	0.0	730
Dm_00001350-RA	sp|Q96289.1|	RecName: Full=Zinc finger protein ZAT10; AltName: Full=Salt-tolerance zinc finger [Arabidopsis thaliana]	35.613	351	91	13	1	344	1	223	9.38e-42	148
Dm_00001873-RA	sp|Q9FFN7.1|	RecName: Full=Diacylglycerol kinase 2; Short=AtDGK2; Short=DAG kinase 2; AltName: Full=Diglyceride kinase 2; Short=DGK 2 [Arabidopsis thaliana]	68.247	696	215	5	22	716	22	712	0.0	986
Dm_00020427-RA	sp|P42736.2|	RecName: Full=Ethylene-responsive transcription factor RAP2-3; AltName: Full=Cadmium-induced protein AS30; AltName: Full=Ethylene response factor 72; Short=ERF72; AltName: Full=Ethylene-responsive element binding protein; Short=AtEBP; AltName: Full=Protein RELATED TO APETALA2 3; Short=Related to AP2 3 [Arabidopsis thaliana]	50.365	137	56	4	1	126	1	136	5.47e-36	132
Dm_00017058-RA	sp|Q9LYV6.1|	RecName: Full=GEM-like protein 5 [Arabidopsis thaliana]	61.328	256	93	2	7	261	16	266	4.09e-119	345
Dm_00004346-RA	sp|Q9FE06.1|	RecName: Full=Protein EXORDIUM-like 2; Flags: Precursor [Arabidopsis thaliana]	60.797	301	112	4	15	313	9	305	4.50e-128	370
Dm_00003435-RA	sp|Q43075.1|	RecName: Full=Arginine decarboxylase; Short=ADC; Short=ARGDC [Pisum sativum]	67.285	755	208	11	1	743	1	728	0.0	1020
Dm_00000501-RA	sp|Q9LNJ3.1|	RecName: Full=Aspartyl protease family protein 2; Flags: Precursor [Arabidopsis thaliana]	38.952	439	226	15	131	564	84	485	1.03e-71	240
Dm_00005783-RA	sp|Q9XIP8.1|	RecName: Full=Protein CDI; AltName: Full=Protein CADMIUM INDUCED [Arabidopsis thaliana]	80.172	232	46	0	42	273	21	252	6.15e-149	420
Dm_00001397-RA	sp|Q9SIH5.1|	RecName: Full=Probable F-box protein At2g36090 [Arabidopsis thaliana]	40.741	351	154	6	20	370	14	310	6.64e-72	229
Dm_00003862-RA	sp|Q9M2U3.1|	RecName: Full=Protein ALP1-like [Arabidopsis thaliana]	31.288	326	184	12	164	463	53	364	3.06e-37	144
Dm_00003855-RA	sp|O82645.1|	RecName: Full=IQ domain-containing protein IQM1; AltName: Full=IQ motif-containing protein 1 [Arabidopsis thaliana]	55.515	553	170	7	38	583	2	485	0.0	561
Dm_00000564-RA	sp|Q9MAA2.1|	RecName: Full=Phosphoglycerate mutase-like protein AT74; Short=At-74 [Arabidopsis thaliana]	77.372	274	59	2	16	288	3	274	5.06e-157	444
Dm_00012073-RA	sp|Q9SYJ2.1|	RecName: Full=Probable glycerol-3-phosphate acyltransferase 3; Short=AtGPAT3 [Arabidopsis thaliana]	49.071	538	233	10	33	564	17	519	3.31e-171	498
Dm_00018647-RA	sp|O81831.1|	RecName: Full=Calcium-binding protein KRP1; AltName: Full=KIC-related protein 1 [Arabidopsis thaliana]	69.298	114	35	0	4	117	13	126	1.31e-51	162
Dm_00004196-RA	sp|Q9LNJ5.1|	RecName: Full=Transcription factor bHLH13; AltName: Full=Basic helix-loop-helix protein 13; Short=AtbHLH13; Short=bHLH 13; AltName: Full=Transcription factor EN 39; AltName: Full=bHLH transcription factor bHLH013 [Arabidopsis thaliana]	44.103	619	214	17	1	528	3	580	9.58e-147	437
Dm_00004133-RA	sp|Q7G188.2|	RecName: Full=Fimbrin-1; Short=AtFIM1; AltName: Full=Fimbrin1 [Arabidopsis thaliana]	72.287	682	184	4	1	678	1	681	0.0	1010
Dm_00012655-RA	sp|Q42602.2|	RecName: Full=Cytochrome P450 89A2; AltName: Full=ATH 6-1; AltName: Full=CYPLXXXIX [Arabidopsis thaliana]	57.950	478	182	7	44	519	38	498	0.0	532
Dm_00011848-RA	sp|Q9LXM2.1|	RecName: Full=Probable CCR4-associated factor 1 homolog 9 [Arabidopsis thaliana]	71.841	277	62	3	10	283	17	280	9.28e-140	397
Dm_00000296-RA	sp|F4JRR5.1|	RecName: Full=TITAN-like protein [Arabidopsis thaliana]	43.510	416	162	13	6	351	2	414	3.40e-94	293
Dm_00019080-RA	sp|P52409.1|	RecName: Full=Glucan endo-1,3-beta-glucosidase; AltName: Full=(1->3)-beta-glucan endohydrolase; Short=(1->3)-beta-glucanase; AltName: Full=Beta-1,3-endoglucanase; Flags: Precursor [Triticum aestivum]	51.402	428	192	4	41	453	26	452	8.91e-141	414
Dm_00014164-RA	sp|Q9FMR1.1|	RecName: Full=Rho GTPase-activating protein 1; AltName: Full=Rho-type GTPase-activating protein 1 [Arabidopsis thaliana]	62.408	407	123	5	68	471	87	466	2.43e-168	485
Dm_00007448-RA	sp|P25766.2|	RecName: Full=Ras-related protein RGP1; AltName: Full=GTP-binding regulatory protein RGP1 [Oryza sativa Japonica Group]	76.712	219	49	2	5	223	8	224	1.86e-122	349
Dm_00007129-RA	sp|Q9FNN6.1|	RecName: Full=Transcription factor SRM1; AltName: Full=Myb-related protein SRM1; AltName: Full=Protein SALT-RELATED MYB 1 [Arabidopsis thaliana]	53.846	182	82	1	17	196	9	190	3.03e-58	189
Dm_00012129-RA	sp|Q94B77.2|	RecName: Full=Formin-like protein 5; Short=AtFH5; Short=AtFORMIN-5; AltName: Full=Formin homology 2 domain-containing protein 5 [Arabidopsis thaliana]	65.369	488	153	5	420	898	420	900	0.0	621
Dm_00005528-RA	sp|Q6NQB7.1|	RecName: Full=Beta-1,3-galactosyltransferase 7 [Arabidopsis thaliana]	73.003	363	81	5	12	365	39	393	0.0	550
Dm_00000869-RA	sp|O80341.1|	RecName: Full=Ethylene-responsive transcription factor 5; Short=AtERF5; AltName: Full=Ethylene-responsive element-binding factor 5; Short=EREBP-5 [Arabidopsis thaliana]	55.224	201	72	5	178	378	118	300	7.40e-57	190
Dm_00000418-RA	sp|O81916.2|	RecName: Full=Uncharacterized calcium-binding protein At1g02270 [Arabidopsis thaliana]	58.065	465	147	3	27	485	62	484	0.0	545
Dm_00000419-RA	sp|B5X570.1|	RecName: Full=NAC domain-containing protein 14; Short=ANAC014; AltName: Full=Protein NTM1-like 2 [Arabidopsis thaliana]	35.727	543	268	18	1	478	19	545	1.61e-76	258
Dm_00018077-RA	sp|O65554.1|	RecName: Full=CBL-interacting serine/threonine-protein kinase 6; AltName: Full=SNF1-related kinase 3.14; AltName: Full=SOS2-like protein kinase PKS4; AltName: Full=SOS3-interacting protein 3 [Arabidopsis thaliana]	73.050	423	109	2	11	428	17	439	0.0	621
Dm_00015937-RA	sp|O80340.1|	RecName: Full=Ethylene-responsive transcription factor 4; Short=AtERF4; AltName: Full=Ethylene-responsive element-binding factor 4; Short=EREBP-4; AltName: Full=Protein RELATED TO APETALA2 5 [Arabidopsis thaliana]	60.317	126	38	3	12	128	9	131	1.01e-38	136
Dm_00018080-RA	sp|Q9FJX5.1|	RecName: Full=BTB/POZ and TAZ domain-containing protein 4; AltName: Full=BTB and TAZ domain protein 4 [Arabidopsis thaliana]	61.186	371	134	2	5	375	6	366	1.52e-167	476
Dm_00017485-RA	sp|F4IWA8.1|	RecName: Full=Protein trichome birefringence-like 41 [Arabidopsis thaliana]	58.841	328	127	3	38	361	32	355	9.71e-143	411
Dm_00018068-RA	sp|Q69VG1.1|	RecName: Full=Chitin-inducible gibberellin-responsive protein 1 [Oryza sativa Japonica Group]	58.845	554	206	6	76	625	36	571	0.0	628
Dm_00016891-RA	sp|Q9LHJ9.1|	RecName: Full=Probable protein phosphatase 2C 38; Short=AtPP2C38 [Arabidopsis thaliana]	71.538	390	94	4	3	391	4	377	0.0	573
Dm_00000779-RA	sp|Q9SJM6.1|	RecName: Full=Zinc finger A20 and AN1 domain-containing stress-associated protein 4; Short=AtSAP4 [Arabidopsis thaliana]	50.000	178	68	3	1	174	1	161	7.68e-55	173
Dm_00001115-RA	sp|Q9LSF1.1|	RecName: Full=Serine/threonine-protein kinase OXI1; AltName: Full=AGC serine/threonine-protein kinase subfamily 2 member 1; AltName: Full=Protein OXIDATIVE SIGNAL-INDUCIBLE 1 [Arabidopsis thaliana]	52.668	431	172	9	34	463	10	409	9.72e-143	418
Dm_00012773-RA	sp|P43289.1|	RecName: Full=Shaggy-related protein kinase gamma; AltName: Full=ASK-gamma; AltName: Full=Shaggy-related protein kinase 12; Short=AtSK12 [Arabidopsis thaliana]	77.419	403	65	2	1	377	1	403	0.0	653
Dm_00013069-RA	sp|Q9FSB9.1|	RecName: Full=Chalcone synthase 1; AltName: Full=Naringenin-chalcone synthase 1 [Ruta graveolens]	69.966	293	88	0	1	293	99	391	4.73e-155	441
Dm_00013070-RA	sp|Q7XT99.2|	RecName: Full=Probable aldo-keto reductase 2 [Oryza sativa Japonica Group]	74.052	343	86	3	12	353	11	351	0.0	531
