Dm_00009382-RA	AT1G02520.2	N/A	71.371	1247	348	4	42	1286	39	1278	0.0	1808
Dm_00016345-RA	AT3G54960.1	N/A	64.240	467	159	3	76	541	94	553	0.0	627
Dm_00002744-RA	AT1G75280.1	N/A	66.667	309	98	3	3	309	4	309	3.94e-153	431
Dm_00018593-RA	AT1G64940.1	N/A	50.099	507	215	15	43	534	20	503	5.53e-166	481
Dm_00002472-RA	AT2G31160.1	N/A	76.506	166	33	1	40	199	19	184	1.54e-81	243
Dm_00006483-RA	AT1G52590.1	N/A	61.688	154	18	1	8	161	60	172	1.38e-59	182
Dm_00013646-RA	AT2G46150.1	N/A	38.095	231	128	6	1	226	1	221	6.71e-47	154
Dm_00002371-RA	AT3G16150.1	N/A	80.368	326	63	1	1	326	1	325	0.0	541
Dm_00016295-RA	AT1G72830.1	N/A	40.068	292	143	10	24	305	41	310	1.47e-48	166
Dm_00015826-RA	AT1G59740.1	N/A	70.598	585	141	8	2	569	3	573	0.0	834
Dm_00007934-RA	AT3G15030.2	N/A	43.373	415	177	16	12	389	23	416	1.08e-74	238
Dm_00017791-RA	AT4G05200.1	N/A	46.995	649	305	13	47	685	15	634	0.0	570
Dm_00011375-RA	AT3G15030.2	N/A	45.140	463	196	17	150	597	1	420	5.57e-83	266
Dm_00013328-RA	AT2G02850.1	N/A	58.268	127	50	2	4	128	3	128	1.31e-49	154
Dm_00012951-RA	AT4G24540.1	N/A	78.689	61	13	0	57	117	1	61	4.04e-28	102
Dm_00012019-RA	AT1G47960.2	N/A	37.736	159	86	3	48	206	21	166	1.55e-27	102
Dm_00000466-RA	AT5G60540.1	N/A	71.103	263	61	5	1	257	1	254	5.52e-129	366
Dm_00014939-RA	AT5G60970.1	N/A	87.952	83	10	0	57	139	47	129	1.18e-45	160
Dm_00000687-RA	AT1G29070.1	N/A	70.455	88	21	1	4	91	73	155	9.13e-31	106
Dm_00001816-RA	AT1G56500.1	N/A	67.554	601	168	5	1	583	1	592	0.0	827
Dm_00001895-RA	AT1G55810.1	N/A	82.863	461	73	2	4	463	1	456	0.0	795
Dm_00005187-RA	AT4G15440.1	N/A	53.202	406	167	4	126	531	1	383	8.56e-155	447
Dm_00006682-RA	AT1G63690.1	N/A	73.855	524	110	3	26	540	25	530	0.0	786
Dm_00001698-RA	AT3G26310.1	N/A	45.090	499	257	7	5	499	7	492	1.16e-149	437
Dm_00020618-RA	AT1G15520.2	N/A	61.803	610	195	3	181	785	542	1118	0.0	781
Dm_00001479-RA	AT4G24150.3	N/A	37.604	359	155	15	21	360	105	413	2.22e-45	162
Dm_00011949-RA	AT4G18910.1	N/A	61.728	243	84	2	1	236	54	294	3.73e-104	303
Dm_00000176-RA	AT5G53580.1	N/A	74.194	341	88	0	34	374	24	364	0.0	548
Dm_00020465-RA	AT1G73590.1	N/A	63.091	634	148	17	1	581	1	601	0.0	712
Dm_00007339-RA	AT3G55640.1	N/A	68.340	259	82	0	62	320	64	322	7.71e-130	375
Dm_00000978-RA	AT5G13080.1	N/A	81.111	90	17	0	97	186	53	142	9.45e-52	163
Dm_00014822-RA	AT3G15030.2	N/A	49.762	420	165	15	104	501	25	420	5.76e-96	297
Dm_00018757-RA	AT1G53210.1	N/A	45.918	294	150	6	44	333	239	527	4.70e-66	218
Dm_00006157-RA	AT1G58410.1	N/A	33.546	942	520	27	15	946	15	860	3.65e-130	415
Dm_00012614-RA	AT5G22930.1	N/A	48.558	208	93	5	9	213	11	207	1.28e-50	165
Dm_00006997-RA	AT2G37210.1	N/A	78.469	209	32	1	3	198	4	212	6.82e-120	339
